[0.420s] DEBUG:colcon:Command line arguments: ['/usr/bin/colcon', 'build', '--packages-select', 'balance_hw']
[0.420s] DEBUG:colcon:Parsed command line arguments: Namespace(log_base=None, log_level=None, verb_name='build', build_base='build', install_base='install', merge_install=False, symlink_install=False, test_result_base=None, continue_on_error=False, executor='parallel', parallel_workers=4, event_handlers=None, ignore_user_meta=False, metas=['./colcon.meta'], base_paths=['.'], packages_ignore=None, packages_ignore_regex=None, paths=None, packages_up_to=None, packages_up_to_regex=None, packages_above=None, packages_above_and_dependencies=None, packages_above_depth=None, packages_select_by_dep=None, packages_skip_by_dep=None, packages_skip_up_to=None, packages_select_build_failed=False, packages_skip_build_finished=False, packages_select_test_failures=False, packages_skip_test_passed=False, packages_select=['balance_hw'], packages_skip=None, packages_select_regex=None, packages_skip_regex=None, packages_start=None, packages_end=None, allow_overriding=[], cmake_args=None, cmake_target=None, cmake_target_skip_unavailable=False, cmake_clean_cache=False, cmake_clean_first=False, cmake_force_configure=False, ament_cmake_args=None, catkin_cmake_args=None, catkin_skip_building_tests=False, verb_parser=<colcon_defaults.argument_parser.defaults.DefaultArgumentsDecorator object at 0xffff93383ec0>, verb_extension=<colcon_core.verb.build.BuildVerb object at 0xffff93554890>, main=<bound method BuildVerb.main of <colcon_core.verb.build.BuildVerb object at 0xffff93554890>>)
[0.591s] Level 1:colcon.colcon_core.package_discovery:discover_packages(colcon_meta) check parameters
[0.591s] Level 1:colcon.colcon_core.package_discovery:discover_packages(recursive) check parameters
[0.592s] Level 1:colcon.colcon_core.package_discovery:discover_packages(ignore) check parameters
[0.592s] Level 1:colcon.colcon_core.package_discovery:discover_packages(path) check parameters
[0.592s] Level 1:colcon.colcon_core.package_discovery:discover_packages(colcon_meta) discover
[0.592s] Level 1:colcon.colcon_core.package_discovery:discover_packages(recursive) discover
[0.592s] INFO:colcon.colcon_core.package_discovery:Crawling recursively for packages in '/home/mmcgraw/Projects/balance_bot'
[0.593s] Level 1:colcon.colcon_core.package_identification:_identify(.) by extensions ['ignore', 'ignore_ament_install']
[0.593s] Level 1:colcon.colcon_core.package_identification:_identify(.) by extension 'ignore'
[0.593s] Level 1:colcon.colcon_core.package_identification:_identify(.) by extension 'ignore_ament_install'
[0.593s] Level 1:colcon.colcon_core.package_identification:_identify(.) by extensions ['colcon_pkg']
[0.594s] Level 1:colcon.colcon_core.package_identification:_identify(.) by extension 'colcon_pkg'
[0.594s] Level 1:colcon.colcon_core.package_identification:_identify(.) by extensions ['colcon_meta']
[0.594s] Level 1:colcon.colcon_core.package_identification:_identify(.) by extension 'colcon_meta'
[0.594s] Level 1:colcon.colcon_core.package_identification:_identify(.) by extensions ['ros']
[0.594s] Level 1:colcon.colcon_core.package_identification:_identify(.) by extension 'ros'
[0.703s] Level 1:colcon.colcon_core.package_identification:_identify(.) by extensions ['cmake', 'python']
[0.704s] Level 1:colcon.colcon_core.package_identification:_identify(.) by extension 'cmake'
[0.704s] Level 1:colcon.colcon_core.package_identification:_identify(.) by extension 'python'
[0.704s] Level 1:colcon.colcon_core.package_identification:_identify(.) by extensions ['python_setup_py']
[0.704s] Level 1:colcon.colcon_core.package_identification:_identify(.) by extension 'python_setup_py'
[0.705s] Level 1:colcon.colcon_core.package_identification:_identify(build) by extensions ['ignore', 'ignore_ament_install']
[0.705s] Level 1:colcon.colcon_core.package_identification:_identify(build) by extension 'ignore'
[0.705s] Level 1:colcon.colcon_core.package_identification:_identify(build) ignored
[0.706s] Level 1:colcon.colcon_core.package_identification:_identify(install) by extensions ['ignore', 'ignore_ament_install']
[0.707s] Level 1:colcon.colcon_core.package_identification:_identify(install) by extension 'ignore'
[0.707s] Level 1:colcon.colcon_core.package_identification:_identify(install) ignored
[0.707s] Level 1:colcon.colcon_core.package_identification:_identify(log) by extensions ['ignore', 'ignore_ament_install']
[0.708s] Level 1:colcon.colcon_core.package_identification:_identify(log) by extension 'ignore'
[0.708s] Level 1:colcon.colcon_core.package_identification:_identify(log) ignored
[0.708s] Level 1:colcon.colcon_core.package_identification:_identify(src) by extensions ['ignore', 'ignore_ament_install']
[0.708s] Level 1:colcon.colcon_core.package_identification:_identify(src) by extension 'ignore'
[0.709s] Level 1:colcon.colcon_core.package_identification:_identify(src) by extension 'ignore_ament_install'
[0.709s] Level 1:colcon.colcon_core.package_identification:_identify(src) by extensions ['colcon_pkg']
[0.709s] Level 1:colcon.colcon_core.package_identification:_identify(src) by extension 'colcon_pkg'
[0.709s] Level 1:colcon.colcon_core.package_identification:_identify(src) by extensions ['colcon_meta']
[0.709s] Level 1:colcon.colcon_core.package_identification:_identify(src) by extension 'colcon_meta'
[0.710s] Level 1:colcon.colcon_core.package_identification:_identify(src) by extensions ['ros']
[0.710s] Level 1:colcon.colcon_core.package_identification:_identify(src) by extension 'ros'
[0.710s] Level 1:colcon.colcon_core.package_identification:_identify(src) by extensions ['cmake', 'python']
[0.710s] Level 1:colcon.colcon_core.package_identification:_identify(src) by extension 'cmake'
[0.710s] Level 1:colcon.colcon_core.package_identification:_identify(src) by extension 'python'
[0.710s] Level 1:colcon.colcon_core.package_identification:_identify(src) by extensions ['python_setup_py']
[0.711s] Level 1:colcon.colcon_core.package_identification:_identify(src) by extension 'python_setup_py'
[0.711s] Level 1:colcon.colcon_core.package_identification:_identify(src/balance_hw) by extensions ['ignore', 'ignore_ament_install']
[0.711s] Level 1:colcon.colcon_core.package_identification:_identify(src/balance_hw) by extension 'ignore'
[0.712s] Level 1:colcon.colcon_core.package_identification:_identify(src/balance_hw) by extension 'ignore_ament_install'
[0.712s] Level 1:colcon.colcon_core.package_identification:_identify(src/balance_hw) by extensions ['colcon_pkg']
[0.712s] Level 1:colcon.colcon_core.package_identification:_identify(src/balance_hw) by extension 'colcon_pkg'
[0.712s] Level 1:colcon.colcon_core.package_identification:_identify(src/balance_hw) by extensions ['colcon_meta']
[0.712s] Level 1:colcon.colcon_core.package_identification:_identify(src/balance_hw) by extension 'colcon_meta'
[0.712s] Level 1:colcon.colcon_core.package_identification:_identify(src/balance_hw) by extensions ['ros']
[0.712s] Level 1:colcon.colcon_core.package_identification:_identify(src/balance_hw) by extension 'ros'
[0.726s] DEBUG:colcon.colcon_core.package_identification:Package 'src/balance_hw' with type 'ros.ament_cmake' and name 'balance_hw'
[0.726s] Level 1:colcon.colcon_core.package_discovery:discover_packages(recursive) using defaults
[0.726s] Level 1:colcon.colcon_core.package_discovery:discover_packages(ignore) discover
[0.726s] Level 1:colcon.colcon_core.package_discovery:discover_packages(ignore) using defaults
[0.726s] Level 1:colcon.colcon_core.package_discovery:discover_packages(path) discover
[0.726s] Level 1:colcon.colcon_core.package_discovery:discover_packages(path) using defaults
[0.794s] Level 1:colcon.colcon_core.package_discovery:discover_packages(prefix_path) check parameters
[0.794s] Level 1:colcon.colcon_core.package_discovery:discover_packages(prefix_path) discover
[0.802s] DEBUG:colcon.colcon_installed_package_information.package_discovery:Found 1 installed packages in /home/mmcgraw/Projects/balance_bot/install
[0.809s] DEBUG:colcon.colcon_installed_package_information.package_discovery:Found 195 installed packages in /opt/ros/jazzy
[0.812s] Level 1:colcon.colcon_core.package_discovery:discover_packages(prefix_path) using defaults
[0.945s] Level 5:colcon.colcon_core.verb:set package 'balance_hw' build argument 'cmake_args' from command line to 'None'
[0.945s] Level 5:colcon.colcon_core.verb:set package 'balance_hw' build argument 'cmake_target' from command line to 'None'
[0.945s] Level 5:colcon.colcon_core.verb:set package 'balance_hw' build argument 'cmake_target_skip_unavailable' from command line to 'False'
[0.945s] Level 5:colcon.colcon_core.verb:set package 'balance_hw' build argument 'cmake_clean_cache' from command line to 'False'
[0.946s] Level 5:colcon.colcon_core.verb:set package 'balance_hw' build argument 'cmake_clean_first' from command line to 'False'
[0.946s] Level 5:colcon.colcon_core.verb:set package 'balance_hw' build argument 'cmake_force_configure' from command line to 'False'
[0.946s] Level 5:colcon.colcon_core.verb:set package 'balance_hw' build argument 'ament_cmake_args' from command line to 'None'
[0.946s] Level 5:colcon.colcon_core.verb:set package 'balance_hw' build argument 'catkin_cmake_args' from command line to 'None'
[0.946s] Level 5:colcon.colcon_core.verb:set package 'balance_hw' build argument 'catkin_skip_building_tests' from command line to 'False'
[0.946s] DEBUG:colcon.colcon_core.verb:Building package 'balance_hw' with the following arguments: {'ament_cmake_args': None, 'build_base': '/home/mmcgraw/Projects/balance_bot/build/balance_hw', 'catkin_cmake_args': None, 'catkin_skip_building_tests': False, 'cmake_args': None, 'cmake_clean_cache': False, 'cmake_clean_first': False, 'cmake_force_configure': False, 'cmake_target': None, 'cmake_target_skip_unavailable': False, 'install_base': '/home/mmcgraw/Projects/balance_bot/install/balance_hw', 'merge_install': False, 'path': '/home/mmcgraw/Projects/balance_bot/src/balance_hw', 'symlink_install': False, 'test_result_base': None}
[0.947s] INFO:colcon.colcon_core.executor:Executing jobs using 'parallel' executor
[0.950s] DEBUG:colcon.colcon_parallel_executor.executor.parallel:run_until_complete
[0.951s] INFO:colcon.colcon_ros.task.ament_cmake.build:Building ROS package in '/home/mmcgraw/Projects/balance_bot/src/balance_hw' with build type 'ament_cmake'
[0.951s] INFO:colcon.colcon_cmake.task.cmake.build:Building CMake package in '/home/mmcgraw/Projects/balance_bot/src/balance_hw'
[0.959s] INFO:colcon.colcon_core.plugin_system:Skipping extension 'colcon_core.shell.bat': Not used on non-Windows systems
[0.959s] INFO:colcon.colcon_core.shell:Skip shell extension 'powershell' for command environment: Not usable outside of PowerShell
[0.960s] DEBUG:colcon.colcon_core.shell:Skip shell extension 'dsv' for command environment
[1.008s] DEBUG:colcon.colcon_core.event_handler.log_command:Invoking command in '/home/mmcgraw/Projects/balance_bot/build/balance_hw': CMAKE_PREFIX_PATH=${CMAKE_PREFIX_PATH}:/opt/ros/jazzy /usr/bin/cmake --build /home/mmcgraw/Projects/balance_bot/build/balance_hw -- -j4 -l4
[14.789s] DEBUG:colcon.colcon_core.event_handler.log_command:Invoked command in '/home/mmcgraw/Projects/balance_bot/build/balance_hw' returned '0': CMAKE_PREFIX_PATH=${CMAKE_PREFIX_PATH}:/opt/ros/jazzy /usr/bin/cmake --build /home/mmcgraw/Projects/balance_bot/build/balance_hw -- -j4 -l4
[14.837s] DEBUG:colcon.colcon_core.event_handler.log_command:Invoking command in '/home/mmcgraw/Projects/balance_bot/build/balance_hw': CMAKE_PREFIX_PATH=${CMAKE_PREFIX_PATH}:/opt/ros/jazzy /usr/bin/cmake --install /home/mmcgraw/Projects/balance_bot/build/balance_hw
[14.891s] Level 1:colcon.colcon_core.environment:create_environment_scripts_only(balance_hw)
[14.893s] DEBUG:colcon.colcon_core.event_handler.log_command:Invoked command in '/home/mmcgraw/Projects/balance_bot/build/balance_hw' returned '0': CMAKE_PREFIX_PATH=${CMAKE_PREFIX_PATH}:/opt/ros/jazzy /usr/bin/cmake --install /home/mmcgraw/Projects/balance_bot/build/balance_hw
[14.902s] Level 1:colcon.colcon_core.environment:checking '/home/mmcgraw/Projects/balance_bot/install/balance_hw' for CMake module files
[14.906s] Level 1:colcon.colcon_core.environment:checking '/home/mmcgraw/Projects/balance_bot/install/balance_hw' for CMake config files
[14.908s] Level 1:colcon.colcon_core.shell:create_environment_hook('balance_hw', 'cmake_prefix_path')
[14.909s] INFO:colcon.colcon_core.shell:Creating environment hook '/home/mmcgraw/Projects/balance_bot/install/balance_hw/share/balance_hw/hook/cmake_prefix_path.ps1'
[14.912s] INFO:colcon.colcon_core.shell:Creating environment descriptor '/home/mmcgraw/Projects/balance_bot/install/balance_hw/share/balance_hw/hook/cmake_prefix_path.dsv'
[14.915s] INFO:colcon.colcon_core.shell:Creating environment hook '/home/mmcgraw/Projects/balance_bot/install/balance_hw/share/balance_hw/hook/cmake_prefix_path.sh'
[14.919s] Level 1:colcon.colcon_core.environment:checking '/home/mmcgraw/Projects/balance_bot/install/balance_hw/lib'
[14.920s] Level 1:colcon.colcon_core.environment:checking '/home/mmcgraw/Projects/balance_bot/install/balance_hw/bin'
[14.920s] Level 1:colcon.colcon_core.environment:checking '/home/mmcgraw/Projects/balance_bot/install/balance_hw/lib/pkgconfig/balance_hw.pc'
[14.921s] Level 1:colcon.colcon_core.environment:checking '/home/mmcgraw/Projects/balance_bot/install/balance_hw/lib/python3.12/site-packages'
[14.922s] Level 1:colcon.colcon_core.environment:checking '/home/mmcgraw/Projects/balance_bot/install/balance_hw/bin'
[14.923s] INFO:colcon.colcon_core.shell:Creating package script '/home/mmcgraw/Projects/balance_bot/install/balance_hw/share/balance_hw/package.ps1'
[14.926s] INFO:colcon.colcon_core.shell:Creating package descriptor '/home/mmcgraw/Projects/balance_bot/install/balance_hw/share/balance_hw/package.dsv'
[14.928s] INFO:colcon.colcon_core.shell:Creating package script '/home/mmcgraw/Projects/balance_bot/install/balance_hw/share/balance_hw/package.sh'
[14.931s] INFO:colcon.colcon_core.shell:Creating package script '/home/mmcgraw/Projects/balance_bot/install/balance_hw/share/balance_hw/package.bash'
[14.934s] INFO:colcon.colcon_core.shell:Creating package script '/home/mmcgraw/Projects/balance_bot/install/balance_hw/share/balance_hw/package.zsh'
[14.937s] Level 1:colcon.colcon_core.environment:create_file_with_runtime_dependencies(/home/mmcgraw/Projects/balance_bot/install/balance_hw/share/colcon-core/packages/balance_hw)
[14.939s] Level 1:colcon.colcon_core.environment:create_environment_scripts_only(balance_hw)
[14.940s] Level 1:colcon.colcon_core.environment:checking '/home/mmcgraw/Projects/balance_bot/install/balance_hw' for CMake module files
[14.943s] Level 1:colcon.colcon_core.environment:checking '/home/mmcgraw/Projects/balance_bot/install/balance_hw' for CMake config files
[14.945s] Level 1:colcon.colcon_core.shell:create_environment_hook('balance_hw', 'cmake_prefix_path')
[14.946s] INFO:colcon.colcon_core.shell:Creating environment hook '/home/mmcgraw/Projects/balance_bot/install/balance_hw/share/balance_hw/hook/cmake_prefix_path.ps1'
[14.947s] INFO:colcon.colcon_core.shell:Creating environment descriptor '/home/mmcgraw/Projects/balance_bot/install/balance_hw/share/balance_hw/hook/cmake_prefix_path.dsv'
[14.951s] INFO:colcon.colcon_core.shell:Creating environment hook '/home/mmcgraw/Projects/balance_bot/install/balance_hw/share/balance_hw/hook/cmake_prefix_path.sh'
[14.954s] Level 1:colcon.colcon_core.environment:checking '/home/mmcgraw/Projects/balance_bot/install/balance_hw/lib'
[14.955s] Level 1:colcon.colcon_core.environment:checking '/home/mmcgraw/Projects/balance_bot/install/balance_hw/bin'
[14.955s] Level 1:colcon.colcon_core.environment:checking '/home/mmcgraw/Projects/balance_bot/install/balance_hw/lib/pkgconfig/balance_hw.pc'
[14.956s] Level 1:colcon.colcon_core.environment:checking '/home/mmcgraw/Projects/balance_bot/install/balance_hw/lib/python3.12/site-packages'
[14.958s] Level 1:colcon.colcon_core.environment:checking '/home/mmcgraw/Projects/balance_bot/install/balance_hw/bin'
[14.959s] INFO:colcon.colcon_core.shell:Creating package script '/home/mmcgraw/Projects/balance_bot/install/balance_hw/share/balance_hw/package.ps1'
[14.961s] INFO:colcon.colcon_core.shell:Creating package descriptor '/home/mmcgraw/Projects/balance_bot/install/balance_hw/share/balance_hw/package.dsv'
[14.964s] INFO:colcon.colcon_core.shell:Creating package script '/home/mmcgraw/Projects/balance_bot/install/balance_hw/share/balance_hw/package.sh'
[14.966s] INFO:colcon.colcon_core.shell:Creating package script '/home/mmcgraw/Projects/balance_bot/install/balance_hw/share/balance_hw/package.bash'
[14.968s] INFO:colcon.colcon_core.shell:Creating package script '/home/mmcgraw/Projects/balance_bot/install/balance_hw/share/balance_hw/package.zsh'
[14.970s] Level 1:colcon.colcon_core.environment:create_file_with_runtime_dependencies(/home/mmcgraw/Projects/balance_bot/install/balance_hw/share/colcon-core/packages/balance_hw)
[14.972s] DEBUG:colcon.colcon_parallel_executor.executor.parallel:closing loop
[14.973s] DEBUG:colcon.colcon_parallel_executor.executor.parallel:loop closed
[14.974s] DEBUG:colcon.colcon_parallel_executor.executor.parallel:run_until_complete finished with '0'
[14.974s] DEBUG:colcon.colcon_core.event_reactor:joining thread
[14.994s] INFO:colcon.colcon_core.plugin_system:Skipping extension 'colcon_notification.desktop_notification.notify_send': Could not find 'notify-send'
[14.995s] INFO:colcon.colcon_core.plugin_system:Skipping extension 'colcon_notification.desktop_notification.terminal_notifier': Not used on non-Darwin systems
[14.995s] INFO:colcon.colcon_core.plugin_system:Skipping extension 'colcon_notification.desktop_notification.win32': Not used on non-Windows systems
[14.995s] INFO:colcon.colcon_notification.desktop_notification:Sending desktop notification using 'notify2'
[14.998s] DEBUG:colcon.colcon_notification.desktop_notification.notify2:Failed to initialize notify2: org.freedesktop.DBus.Error.ServiceUnknown: The name org.freedesktop.Notifications was not provided by any .service files
[14.999s] DEBUG:colcon.colcon_core.event_reactor:joined thread
[14.999s] INFO:colcon.colcon_core.shell:Creating prefix script '/home/mmcgraw/Projects/balance_bot/install/local_setup.ps1'
[15.002s] INFO:colcon.colcon_core.shell:Creating prefix util module '/home/mmcgraw/Projects/balance_bot/install/_local_setup_util_ps1.py'
[15.008s] INFO:colcon.colcon_core.shell:Creating prefix chain script '/home/mmcgraw/Projects/balance_bot/install/setup.ps1'
[15.012s] INFO:colcon.colcon_core.shell:Creating prefix script '/home/mmcgraw/Projects/balance_bot/install/local_setup.sh'
[15.015s] INFO:colcon.colcon_core.shell:Creating prefix util module '/home/mmcgraw/Projects/balance_bot/install/_local_setup_util_sh.py'
[15.018s] INFO:colcon.colcon_core.shell:Creating prefix chain script '/home/mmcgraw/Projects/balance_bot/install/setup.sh'
[15.022s] INFO:colcon.colcon_core.shell:Creating prefix script '/home/mmcgraw/Projects/balance_bot/install/local_setup.bash'
[15.024s] INFO:colcon.colcon_core.shell:Creating prefix chain script '/home/mmcgraw/Projects/balance_bot/install/setup.bash'
[15.027s] INFO:colcon.colcon_core.shell:Creating prefix script '/home/mmcgraw/Projects/balance_bot/install/local_setup.zsh'
[15.030s] INFO:colcon.colcon_core.shell:Creating prefix chain script '/home/mmcgraw/Projects/balance_bot/install/setup.zsh'
