[0.047s] Invoking command in '/home/mmcgraw/Projects/balance_bot/build/balance_hw': CMAKE_PREFIX_PATH=/opt/ros/jazzy /usr/bin/cmake /home/mmcgraw/Projects/balance_bot/src/balance_hw -DCMAKE_INSTALL_PREFIX=/home/mmcgraw/Projects/balance_bot/install/balance_hw
[0.457s] -- The C compiler identification is GNU 13.3.0
[0.745s] -- The CXX compiler identification is GNU 13.3.0
[0.832s] -- Detecting C compiler ABI info
[1.292s] -- Detecting C compiler ABI info - done
[1.329s] -- Check for working C compiler: /usr/bin/cc - skipped
[1.330s] -- Detecting C compile features
[1.332s] -- Detecting C compile features - done
[1.381s] -- Detecting CXX compiler ABI info
[1.935s] -- Detecting CXX compiler ABI info - done
[1.971s] -- Check for working CXX compiler: /usr/bin/c++ - skipped
[1.972s] -- Detecting CXX compile features
[1.974s] -- Detecting CXX compile features - done
[1.994s] -- Found ament_cmake: 2.5.4 (/opt/ros/jazzy/share/ament_cmake/cmake)
[2.668s] -- Found Python3: /usr/bin/python3 (found version "3.12.3") found components: Interpreter 
[3.211s] -- Found rclcpp: 28.1.13 (/opt/ros/jazzy/share/rclcpp/cmake)
[3.446s] -- Found rosidl_generator_c: 4.6.6 (/opt/ros/jazzy/share/rosidl_generator_c/cmake)
[3.522s] -- Found rosidl_generator_cpp: 4.6.6 (/opt/ros/jazzy/share/rosidl_generator_cpp/cmake)
[3.617s] -- Using all available rosidl_typesupport_c: rosidl_typesupport_fastrtps_c;rosidl_typesupport_introspection_c
[3.712s] -- Using all available rosidl_typesupport_cpp: rosidl_typesupport_fastrtps_cpp;rosidl_typesupport_introspection_cpp
[4.075s] -- Found rmw_implementation_cmake: 7.3.2 (/opt/ros/jazzy/share/rmw_implementation_cmake/cmake)
[4.094s] -- Found rmw_fastrtps_cpp: 8.4.3 (/opt/ros/jazzy/share/rmw_fastrtps_cpp/cmake)
[4.515s] -- Found OpenSSL: /usr/lib/aarch64-linux-gnu/libcrypto.so (found version "3.0.13")  
[4.581s] -- Found FastRTPS: /opt/ros/jazzy/include (Required is at least version "2.13") 
[4.669s] -- Using RMW implementation 'rmw_fastrtps_cpp' as default
[4.978s] -- Found std_msgs: 5.3.6 (/opt/ros/jazzy/share/std_msgs/cmake)
[5.040s] -- Found ament_lint_auto: 0.17.3 (/opt/ros/jazzy/share/ament_lint_auto/cmake)
[5.562s] -- Added test 'cppcheck' to perform static code analysis on C / C++ code
[5.562s] -- Configured cppcheck include dirs: 
[5.563s] -- Configured cppcheck exclude dirs and/or files: 
[5.567s] -- Added test 'lint_cmake' to check CMake code style
[5.575s] -- Added test 'uncrustify' to check C / C++ code style
[5.575s] -- Configured uncrustify additional arguments: 
[5.578s] -- Added test 'xmllint' to check XML markup files
[5.585s] -- Configuring done (5.5s)
[5.648s] -- Generating done (0.0s)
[5.665s] -- Build files have been written to: /home/mmcgraw/Projects/balance_bot/build/balance_hw
[5.702s] Invoked command in '/home/mmcgraw/Projects/balance_bot/build/balance_hw' returned '0': CMAKE_PREFIX_PATH=/opt/ros/jazzy /usr/bin/cmake /home/mmcgraw/Projects/balance_bot/src/balance_hw -DCMAKE_INSTALL_PREFIX=/home/mmcgraw/Projects/balance_bot/install/balance_hw
[5.709s] Invoking command in '/home/mmcgraw/Projects/balance_bot/build/balance_hw': CMAKE_PREFIX_PATH=/opt/ros/jazzy /usr/bin/cmake --build /home/mmcgraw/Projects/balance_bot/build/balance_hw -- -j4 -l4
[5.954s] [ 50%] [32mBuilding CXX object CMakeFiles/motor_enable_node.dir/src/motor_enable_node.cpp.o[0m
[18.683s] [100%] [32m[1mLinking CXX executable motor_enable_node[0m
[19.349s] [100%] Built target motor_enable_node
[19.402s] Invoked command in '/home/mmcgraw/Projects/balance_bot/build/balance_hw' returned '0': CMAKE_PREFIX_PATH=/opt/ros/jazzy /usr/bin/cmake --build /home/mmcgraw/Projects/balance_bot/build/balance_hw -- -j4 -l4
[19.450s] Invoking command in '/home/mmcgraw/Projects/balance_bot/build/balance_hw': CMAKE_PREFIX_PATH=/opt/ros/jazzy /usr/bin/cmake --install /home/mmcgraw/Projects/balance_bot/build/balance_hw
[19.485s] -- Install configuration: ""
[19.486s] -- Installing: /home/mmcgraw/Projects/balance_bot/install/balance_hw/lib/balance_hw/motor_enable_node
[19.490s] -- Set non-toolchain portion of runtime path of "/home/mmcgraw/Projects/balance_bot/install/balance_hw/lib/balance_hw/motor_enable_node" to ""
[19.491s] -- Installing: /home/mmcgraw/Projects/balance_bot/install/balance_hw/share/balance_hw/config
[19.492s] -- Installing: /home/mmcgraw/Projects/balance_bot/install/balance_hw/share/balance_hw/config/robot.yaml
[19.493s] -- Installing: /home/mmcgraw/Projects/balance_bot/install/balance_hw/share/ament_index/resource_index/package_run_dependencies/balance_hw
[19.495s] -- Installing: /home/mmcgraw/Projects/balance_bot/install/balance_hw/share/ament_index/resource_index/parent_prefix_path/balance_hw
[19.496s] -- Installing: /home/mmcgraw/Projects/balance_bot/install/balance_hw/share/balance_hw/environment/ament_prefix_path.sh
[19.498s] -- Installing: /home/mmcgraw/Projects/balance_bot/install/balance_hw/share/balance_hw/environment/ament_prefix_path.dsv
[19.499s] -- Installing: /home/mmcgraw/Projects/balance_bot/install/balance_hw/share/balance_hw/environment/path.sh
[19.500s] -- Installing: /home/mmcgraw/Projects/balance_bot/install/balance_hw/share/balance_hw/environment/path.dsv
[19.501s] -- Installing: /home/mmcgraw/Projects/balance_bot/install/balance_hw/share/balance_hw/local_setup.bash
[19.502s] -- Installing: /home/mmcgraw/Projects/balance_bot/install/balance_hw/share/balance_hw/local_setup.sh
[19.504s] -- Installing: /home/mmcgraw/Projects/balance_bot/install/balance_hw/share/balance_hw/local_setup.zsh
[19.505s] -- Installing: /home/mmcgraw/Projects/balance_bot/install/balance_hw/share/balance_hw/local_setup.dsv
[19.506s] -- Installing: /home/mmcgraw/Projects/balance_bot/install/balance_hw/share/balance_hw/package.dsv
[19.508s] -- Installing: /home/mmcgraw/Projects/balance_bot/install/balance_hw/share/ament_index/resource_index/packages/balance_hw
[19.509s] -- Installing: /home/mmcgraw/Projects/balance_bot/install/balance_hw/share/balance_hw/cmake/balance_hwConfig.cmake
[19.510s] -- Installing: /home/mmcgraw/Projects/balance_bot/install/balance_hw/share/balance_hw/cmake/balance_hwConfig-version.cmake
[19.511s] -- Installing: /home/mmcgraw/Projects/balance_bot/install/balance_hw/share/balance_hw/package.xml
[19.519s] Invoked command in '/home/mmcgraw/Projects/balance_bot/build/balance_hw' returned '0': CMAKE_PREFIX_PATH=/opt/ros/jazzy /usr/bin/cmake --install /home/mmcgraw/Projects/balance_bot/build/balance_hw
