[0.085s] Invoking command in '/home/mmcgraw/Projects/balance_bot/build/balance_hw_interfaces': CMAKE_PREFIX_PATH=/opt/ros/jazzy /usr/bin/cmake --build /home/mmcgraw/Projects/balance_bot/build/balance_hw_interfaces -- -j4 -l4
[0.350s] -- Found ament_cmake: 2.5.5 (/opt/ros/jazzy/share/ament_cmake/cmake)
[0.486s] -- Found Python3: /usr/bin/python3 (found version "3.12.3") found components: Interpreter 
[0.936s] -- Found rosidl_default_generators: 1.6.0 (/opt/ros/jazzy/share/rosidl_default_generators/cmake)
[0.959s] -- Using all available rosidl_typesupport_c: rosidl_typesupport_fastrtps_c;rosidl_typesupport_introspection_c
[1.199s] -- Using all available rosidl_typesupport_cpp: rosidl_typesupport_fastrtps_cpp;rosidl_typesupport_introspection_cpp
[1.403s] -- Found rosidl_adapter: 4.6.7 (/opt/ros/jazzy/share/rosidl_adapter/cmake)
[2.769s] -- Found ament_cmake_ros: 0.12.0 (/opt/ros/jazzy/share/ament_cmake_ros/cmake)
[3.238s] -- Using all available rosidl_typesupport_c: rosidl_typesupport_fastrtps_c;rosidl_typesupport_introspection_c
[3.912s] -- Using all available rosidl_typesupport_cpp: rosidl_typesupport_fastrtps_cpp;rosidl_typesupport_introspection_cpp
[3.922s] -- Found python_cmake_module: 0.11.1 (/opt/ros/jazzy/share/python_cmake_module/cmake)
[5.619s] -- Found Python3: /usr/bin/python3 (found version "3.12.3") found components: Interpreter Development NumPy Development.Module Development.Embed 
[5.679s] -- Found ament_lint_auto: 0.17.4 (/opt/ros/jazzy/share/ament_lint_auto/cmake)
[5.788s] -- Added test 'lint_cmake' to check CMake code style
[5.802s] -- Added test 'xmllint' to check XML markup files
[5.828s] -- Configuring done (5.5s)
[6.835s] -- Generating done (0.9s)
[7.027s] -- Build files have been written to: /home/mmcgraw/Projects/balance_bot/build/balance_hw_interfaces
[7.196s] [  2%] [34m[1mGenerating type hashes for ROS interfaces[0m
[7.273s] [  2%] Built target ament_cmake_python_copy_balance_hw_interfaces
[8.488s] [  2%] Built target balance_hw_interfaces__rosidl_generator_type_description
[8.526s] running egg_info
[8.612s] [  4%] [34m[1mGenerating C code for ROS interfaces[0m
[8.691s] writing balance_hw_interfaces.egg-info/PKG-INFO
[8.694s] writing dependency_links to balance_hw_interfaces.egg-info/dependency_links.txt
[8.702s] writing top-level names to balance_hw_interfaces.egg-info/top_level.txt
[8.719s] [  6%] [34m[1mGenerating C++ code for ROS interfaces[0m
[9.185s] reading manifest file 'balance_hw_interfaces.egg-info/SOURCES.txt'
[9.195s] writing manifest file 'balance_hw_interfaces.egg-info/SOURCES.txt'
[9.390s] [  6%] Built target ament_cmake_python_build_balance_hw_interfaces_egg
[10.921s] [  6%] Built target balance_hw_interfaces__cpp
[11.169s] [  9%] [32mBuilding C object CMakeFiles/balance_hw_interfaces__rosidl_generator_c.dir/rosidl_generator_c/balance_hw_interfaces/srv/detail/set_direction__functions.c.o[0m
[11.177s] [ 11%] [32mBuilding C object CMakeFiles/balance_hw_interfaces__rosidl_generator_c.dir/rosidl_generator_c/balance_hw_interfaces/srv/detail/set_pwm__description.c.o[0m
[11.201s] [ 13%] [32mBuilding C object CMakeFiles/balance_hw_interfaces__rosidl_generator_c.dir/rosidl_generator_c/balance_hw_interfaces/srv/detail/set_direction__description.c.o[0m
[11.219s] [ 15%] [32mBuilding C object CMakeFiles/balance_hw_interfaces__rosidl_generator_c.dir/rosidl_generator_c/balance_hw_interfaces/srv/detail/set_direction__type_support.c.o[0m
[11.835s] [ 18%] [32mBuilding C object CMakeFiles/balance_hw_interfaces__rosidl_generator_c.dir/rosidl_generator_c/balance_hw_interfaces/srv/detail/set_pwm__functions.c.o[0m
[11.842s] [ 20%] [32mBuilding C object CMakeFiles/balance_hw_interfaces__rosidl_generator_c.dir/rosidl_generator_c/balance_hw_interfaces/srv/detail/set_pwm__type_support.c.o[0m
[12.245s] [ 22%] [32m[1mLinking C shared library libbalance_hw_interfaces__rosidl_generator_c.so[0m
[12.543s] [ 22%] Built target balance_hw_interfaces__rosidl_generator_c
[12.606s] [ 25%] [34m[1mGenerating C type support dispatch for ROS interfaces[0m
[12.620s] [ 27%] [34m[1mGenerating C++ type support for eProsima Fast-RTPS[0m
[12.638s] [ 29%] [34m[1mGenerating C introspection for ROS interfaces[0m
[12.658s] [ 31%] [34m[1mGenerating C++ introspection for ROS interfaces[0m
[14.880s] [ 34%] [32mBuilding CXX object CMakeFiles/balance_hw_interfaces__rosidl_typesupport_c.dir/rosidl_typesupport_c/balance_hw_interfaces/srv/set_direction__type_support.cpp.o[0m
[14.907s] [ 36%] [32mBuilding CXX object CMakeFiles/balance_hw_interfaces__rosidl_typesupport_introspection_cpp.dir/rosidl_typesupport_introspection_cpp/balance_hw_interfaces/srv/detail/set_direction__type_support.cpp.o[0m
[15.606s] [ 38%] [32mBuilding C object CMakeFiles/balance_hw_interfaces__rosidl_typesupport_introspection_c.dir/rosidl_typesupport_introspection_c/balance_hw_interfaces/srv/detail/set_direction__type_support.c.o[0m
[15.709s] [ 40%] [32mBuilding CXX object CMakeFiles/balance_hw_interfaces__rosidl_typesupport_fastrtps_cpp.dir/rosidl_typesupport_fastrtps_cpp/balance_hw_interfaces/srv/detail/dds_fastrtps/set_direction__type_support.cpp.o[0m
[15.924s] [ 43%] [32mBuilding C object CMakeFiles/balance_hw_interfaces__rosidl_typesupport_introspection_c.dir/rosidl_typesupport_introspection_c/balance_hw_interfaces/srv/detail/set_pwm__type_support.c.o[0m
[16.038s] [ 45%] [32mBuilding CXX object CMakeFiles/balance_hw_interfaces__rosidl_typesupport_c.dir/rosidl_typesupport_c/balance_hw_interfaces/srv/set_pwm__type_support.cpp.o[0m
[16.259s] [ 47%] [32m[1mLinking C shared library libbalance_hw_interfaces__rosidl_typesupport_introspection_c.so[0m
[16.366s] [ 50%] [32m[1mLinking CXX shared library libbalance_hw_interfaces__rosidl_typesupport_c.so[0m
[16.612s] [ 50%] Built target balance_hw_interfaces__rosidl_typesupport_introspection_c
[16.695s] [ 50%] Built target balance_hw_interfaces__rosidl_typesupport_c
[16.713s] [ 52%] [34m[1mGenerating C++ type support dispatch for ROS interfaces[0m
[16.765s] [ 54%] [34m[1mGenerating C type support for eProsima Fast-RTPS[0m
[19.387s] [ 56%] [32mBuilding CXX object CMakeFiles/balance_hw_interfaces__rosidl_typesupport_cpp.dir/rosidl_typesupport_cpp/balance_hw_interfaces/srv/set_direction__type_support.cpp.o[0m
[20.312s] [ 59%] [32mBuilding CXX object CMakeFiles/balance_hw_interfaces__rosidl_typesupport_fastrtps_c.dir/rosidl_typesupport_fastrtps_c/balance_hw_interfaces/srv/detail/set_direction__type_support_c.cpp.o[0m
[20.458s] [ 61%] [32mBuilding CXX object CMakeFiles/balance_hw_interfaces__rosidl_typesupport_introspection_cpp.dir/rosidl_typesupport_introspection_cpp/balance_hw_interfaces/srv/detail/set_pwm__type_support.cpp.o[0m
[21.340s] [ 63%] [32mBuilding CXX object CMakeFiles/balance_hw_interfaces__rosidl_typesupport_fastrtps_cpp.dir/rosidl_typesupport_fastrtps_cpp/balance_hw_interfaces/srv/detail/dds_fastrtps/set_pwm__type_support.cpp.o[0m
[23.520s] [ 65%] [32mBuilding CXX object CMakeFiles/balance_hw_interfaces__rosidl_typesupport_cpp.dir/rosidl_typesupport_cpp/balance_hw_interfaces/srv/set_pwm__type_support.cpp.o[0m
[23.984s] [ 68%] [32mBuilding CXX object CMakeFiles/balance_hw_interfaces__rosidl_typesupport_fastrtps_c.dir/rosidl_typesupport_fastrtps_c/balance_hw_interfaces/srv/detail/set_pwm__type_support_c.cpp.o[0m
[24.233s] [ 70%] [32m[1mLinking CXX shared library libbalance_hw_interfaces__rosidl_typesupport_introspection_cpp.so[0m
[24.737s] [ 70%] Built target balance_hw_interfaces__rosidl_typesupport_introspection_cpp
[26.044s] [ 72%] [32m[1mLinking CXX shared library libbalance_hw_interfaces__rosidl_typesupport_cpp.so[0m
[26.264s] [ 75%] [32m[1mLinking CXX shared library libbalance_hw_interfaces__rosidl_typesupport_fastrtps_cpp.so[0m
[26.475s] [ 75%] Built target balance_hw_interfaces__rosidl_typesupport_cpp
[26.710s] [ 75%] Built target balance_hw_interfaces__rosidl_typesupport_fastrtps_cpp
[27.052s] [ 77%] [32m[1mLinking CXX shared library libbalance_hw_interfaces__rosidl_typesupport_fastrtps_c.so[0m
[27.413s] [ 77%] Built target balance_hw_interfaces__rosidl_typesupport_fastrtps_c
[27.514s] [ 77%] Built target balance_hw_interfaces
[27.619s] [ 79%] [34m[1mGenerating Python code for ROS interfaces[0m
[30.033s] [ 79%] Built target balance_hw_interfaces__py
[30.161s] [ 84%] [32mBuilding C object CMakeFiles/balance_hw_interfaces__rosidl_generator_py.dir/rosidl_generator_py/balance_hw_interfaces/srv/_set_direction_s.c.o[0m
[30.162s] [ 84%] [32mBuilding C object CMakeFiles/balance_hw_interfaces__rosidl_generator_py.dir/rosidl_generator_py/balance_hw_interfaces/srv/_set_pwm_s.c.o[0m
[31.157s] [ 86%] [32m[1mLinking C shared library libbalance_hw_interfaces__rosidl_generator_py.so[0m
[31.856s] [ 86%] Built target balance_hw_interfaces__rosidl_generator_py
[32.003s] [ 88%] [32mBuilding C object CMakeFiles/balance_hw_interfaces_s__rosidl_typesupport_c.dir/rosidl_generator_py/balance_hw_interfaces/_balance_hw_interfaces_s.ep.rosidl_typesupport_c.c.o[0m
[32.038s] [ 90%] [32mBuilding C object CMakeFiles/balance_hw_interfaces_s__rosidl_typesupport_fastrtps_c.dir/rosidl_generator_py/balance_hw_interfaces/_balance_hw_interfaces_s.ep.rosidl_typesupport_fastrtps_c.c.o[0m
[32.052s] [ 93%] [32mBuilding C object CMakeFiles/balance_hw_interfaces_s__rosidl_typesupport_introspection_c.dir/rosidl_generator_py/balance_hw_interfaces/_balance_hw_interfaces_s.ep.rosidl_typesupport_introspection_c.c.o[0m
[32.733s] [ 95%] [32m[1mLinking C shared module rosidl_generator_py/balance_hw_interfaces/balance_hw_interfaces_s__rosidl_typesupport_introspection_c.so[0m
[32.752s] [ 97%] [32m[1mLinking C shared module rosidl_generator_py/balance_hw_interfaces/balance_hw_interfaces_s__rosidl_typesupport_fastrtps_c.so[0m
[32.783s] [100%] [32m[1mLinking C shared module rosidl_generator_py/balance_hw_interfaces/balance_hw_interfaces_s__rosidl_typesupport_c.so[0m
[32.922s] [100%] Built target balance_hw_interfaces_s__rosidl_typesupport_introspection_c
[32.941s] [100%] Built target balance_hw_interfaces_s__rosidl_typesupport_fastrtps_c
[32.957s] [100%] Built target balance_hw_interfaces_s__rosidl_typesupport_c
[33.032s] Invoked command in '/home/mmcgraw/Projects/balance_bot/build/balance_hw_interfaces' returned '0': CMAKE_PREFIX_PATH=/opt/ros/jazzy /usr/bin/cmake --build /home/mmcgraw/Projects/balance_bot/build/balance_hw_interfaces -- -j4 -l4
[33.078s] Invoking command in '/home/mmcgraw/Projects/balance_bot/build/balance_hw_interfaces': CMAKE_PREFIX_PATH=/opt/ros/jazzy /usr/bin/cmake --install /home/mmcgraw/Projects/balance_bot/build/balance_hw_interfaces
[33.113s] -- Install configuration: ""
[33.113s] -- Installing: /home/mmcgraw/Projects/balance_bot/install/balance_hw_interfaces/share/ament_index/resource_index/rosidl_interfaces/balance_hw_interfaces
[33.115s] -- Installing: /home/mmcgraw/Projects/balance_bot/install/balance_hw_interfaces/share/balance_hw_interfaces/srv/SetDirection.json
[33.117s] -- Installing: /home/mmcgraw/Projects/balance_bot/install/balance_hw_interfaces/share/balance_hw_interfaces/srv/SetPwm.json
[33.118s] -- Up-to-date: /home/mmcgraw/Projects/balance_bot/install/balance_hw_interfaces/include/balance_hw_interfaces/balance_hw_interfaces
[33.119s] -- Up-to-date: /home/mmcgraw/Projects/balance_bot/install/balance_hw_interfaces/include/balance_hw_interfaces/balance_hw_interfaces/srv
[33.119s] -- Installing: /home/mmcgraw/Projects/balance_bot/install/balance_hw_interfaces/include/balance_hw_interfaces/balance_hw_interfaces/srv/set_pwm.h
[33.120s] -- Installing: /home/mmcgraw/Projects/balance_bot/install/balance_hw_interfaces/include/balance_hw_interfaces/balance_hw_interfaces/srv/set_direction.h
[33.122s] -- Up-to-date: /home/mmcgraw/Projects/balance_bot/install/balance_hw_interfaces/include/balance_hw_interfaces/balance_hw_interfaces/srv/detail
[33.122s] -- Installing: /home/mmcgraw/Projects/balance_bot/install/balance_hw_interfaces/include/balance_hw_interfaces/balance_hw_interfaces/srv/detail/set_direction__type_support.c
[33.124s] -- Installing: /home/mmcgraw/Projects/balance_bot/install/balance_hw_interfaces/include/balance_hw_interfaces/balance_hw_interfaces/srv/detail/set_direction__description.c
[33.125s] -- Installing: /home/mmcgraw/Projects/balance_bot/install/balance_hw_interfaces/include/balance_hw_interfaces/balance_hw_interfaces/srv/detail/set_pwm__struct.h
[33.127s] -- Installing: /home/mmcgraw/Projects/balance_bot/install/balance_hw_interfaces/include/balance_hw_interfaces/balance_hw_interfaces/srv/detail/set_pwm__functions.c
[33.128s] -- Installing: /home/mmcgraw/Projects/balance_bot/install/balance_hw_interfaces/include/balance_hw_interfaces/balance_hw_interfaces/srv/detail/set_direction__type_support.h
[33.129s] -- Installing: /home/mmcgraw/Projects/balance_bot/install/balance_hw_interfaces/include/balance_hw_interfaces/balance_hw_interfaces/srv/detail/set_pwm__functions.h
[33.131s] -- Installing: /home/mmcgraw/Projects/balance_bot/install/balance_hw_interfaces/include/balance_hw_interfaces/balance_hw_interfaces/srv/detail/set_pwm__type_support.c
[33.132s] -- Installing: /home/mmcgraw/Projects/balance_bot/install/balance_hw_interfaces/include/balance_hw_interfaces/balance_hw_interfaces/srv/detail/set_direction__struct.h
[33.134s] -- Installing: /home/mmcgraw/Projects/balance_bot/install/balance_hw_interfaces/include/balance_hw_interfaces/balance_hw_interfaces/srv/detail/set_direction__functions.c
[33.135s] -- Installing: /home/mmcgraw/Projects/balance_bot/install/balance_hw_interfaces/include/balance_hw_interfaces/balance_hw_interfaces/srv/detail/set_direction__functions.h
[33.137s] -- Installing: /home/mmcgraw/Projects/balance_bot/install/balance_hw_interfaces/include/balance_hw_interfaces/balance_hw_interfaces/srv/detail/set_pwm__description.c
[33.138s] -- Installing: /home/mmcgraw/Projects/balance_bot/install/balance_hw_interfaces/include/balance_hw_interfaces/balance_hw_interfaces/srv/detail/set_pwm__type_support.h
[33.140s] -- Up-to-date: /home/mmcgraw/Projects/balance_bot/install/balance_hw_interfaces/include/balance_hw_interfaces/balance_hw_interfaces/msg
[33.140s] -- Up-to-date: /home/mmcgraw/Projects/balance_bot/install/balance_hw_interfaces/include/balance_hw_interfaces/balance_hw_interfaces/msg/rosidl_generator_c__visibility_control.h
[33.141s] -- Up-to-date: /home/mmcgraw/Projects/balance_bot/install/balance_hw_interfaces/share/balance_hw_interfaces/environment/library_path.sh
[33.141s] -- Up-to-date: /home/mmcgraw/Projects/balance_bot/install/balance_hw_interfaces/share/balance_hw_interfaces/environment/library_path.dsv
[33.147s] -- Installing: /home/mmcgraw/Projects/balance_bot/install/balance_hw_interfaces/lib/libbalance_hw_interfaces__rosidl_generator_c.so
[33.151s] -- Set non-toolchain portion of runtime path of "/home/mmcgraw/Projects/balance_bot/install/balance_hw_interfaces/lib/libbalance_hw_interfaces__rosidl_generator_c.so" to ""
[33.151s] -- Up-to-date: /home/mmcgraw/Projects/balance_bot/install/balance_hw_interfaces/include/balance_hw_interfaces/balance_hw_interfaces
[33.152s] -- Up-to-date: /home/mmcgraw/Projects/balance_bot/install/balance_hw_interfaces/include/balance_hw_interfaces/balance_hw_interfaces/srv
[33.152s] -- Up-to-date: /home/mmcgraw/Projects/balance_bot/install/balance_hw_interfaces/include/balance_hw_interfaces/balance_hw_interfaces/srv/detail
[33.153s] -- Installing: /home/mmcgraw/Projects/balance_bot/install/balance_hw_interfaces/include/balance_hw_interfaces/balance_hw_interfaces/srv/detail/set_direction__rosidl_typesupport_fastrtps_c.h
[33.154s] -- Installing: /home/mmcgraw/Projects/balance_bot/install/balance_hw_interfaces/include/balance_hw_interfaces/balance_hw_interfaces/srv/detail/set_pwm__rosidl_typesupport_fastrtps_c.h
[33.156s] -- Up-to-date: /home/mmcgraw/Projects/balance_bot/install/balance_hw_interfaces/include/balance_hw_interfaces/balance_hw_interfaces/msg
[33.156s] -- Up-to-date: /home/mmcgraw/Projects/balance_bot/install/balance_hw_interfaces/include/balance_hw_interfaces/balance_hw_interfaces/msg/rosidl_typesupport_fastrtps_c__visibility_control.h
[33.162s] -- Installing: /home/mmcgraw/Projects/balance_bot/install/balance_hw_interfaces/lib/libbalance_hw_interfaces__rosidl_typesupport_fastrtps_c.so
[33.166s] -- Set non-toolchain portion of runtime path of "/home/mmcgraw/Projects/balance_bot/install/balance_hw_interfaces/lib/libbalance_hw_interfaces__rosidl_typesupport_fastrtps_c.so" to ""
[33.167s] -- Up-to-date: /home/mmcgraw/Projects/balance_bot/install/balance_hw_interfaces/include/balance_hw_interfaces/balance_hw_interfaces
[33.167s] -- Up-to-date: /home/mmcgraw/Projects/balance_bot/install/balance_hw_interfaces/include/balance_hw_interfaces/balance_hw_interfaces/srv
[33.168s] -- Up-to-date: /home/mmcgraw/Projects/balance_bot/install/balance_hw_interfaces/include/balance_hw_interfaces/balance_hw_interfaces/srv/detail
[33.168s] -- Installing: /home/mmcgraw/Projects/balance_bot/install/balance_hw_interfaces/include/balance_hw_interfaces/balance_hw_interfaces/srv/detail/set_direction__type_support.c
[33.170s] -- Installing: /home/mmcgraw/Projects/balance_bot/install/balance_hw_interfaces/include/balance_hw_interfaces/balance_hw_interfaces/srv/detail/set_pwm__rosidl_typesupport_introspection_c.h
[33.171s] -- Installing: /home/mmcgraw/Projects/balance_bot/install/balance_hw_interfaces/include/balance_hw_interfaces/balance_hw_interfaces/srv/detail/set_pwm__type_support.c
[33.173s] -- Installing: /home/mmcgraw/Projects/balance_bot/install/balance_hw_interfaces/include/balance_hw_interfaces/balance_hw_interfaces/srv/detail/set_direction__rosidl_typesupport_introspection_c.h
[33.174s] -- Up-to-date: /home/mmcgraw/Projects/balance_bot/install/balance_hw_interfaces/include/balance_hw_interfaces/balance_hw_interfaces/msg
[33.175s] -- Up-to-date: /home/mmcgraw/Projects/balance_bot/install/balance_hw_interfaces/include/balance_hw_interfaces/balance_hw_interfaces/msg/rosidl_typesupport_introspection_c__visibility_control.h
[33.182s] -- Installing: /home/mmcgraw/Projects/balance_bot/install/balance_hw_interfaces/lib/libbalance_hw_interfaces__rosidl_typesupport_introspection_c.so
[33.185s] -- Set non-toolchain portion of runtime path of "/home/mmcgraw/Projects/balance_bot/install/balance_hw_interfaces/lib/libbalance_hw_interfaces__rosidl_typesupport_introspection_c.so" to ""
[33.188s] -- Installing: /home/mmcgraw/Projects/balance_bot/install/balance_hw_interfaces/lib/libbalance_hw_interfaces__rosidl_typesupport_c.so
[33.192s] -- Set non-toolchain portion of runtime path of "/home/mmcgraw/Projects/balance_bot/install/balance_hw_interfaces/lib/libbalance_hw_interfaces__rosidl_typesupport_c.so" to ""
[33.192s] -- Up-to-date: /home/mmcgraw/Projects/balance_bot/install/balance_hw_interfaces/include/balance_hw_interfaces/balance_hw_interfaces
[33.193s] -- Up-to-date: /home/mmcgraw/Projects/balance_bot/install/balance_hw_interfaces/include/balance_hw_interfaces/balance_hw_interfaces/srv
[33.193s] -- Installing: /home/mmcgraw/Projects/balance_bot/install/balance_hw_interfaces/include/balance_hw_interfaces/balance_hw_interfaces/srv/set_direction.hpp
[33.195s] -- Up-to-date: /home/mmcgraw/Projects/balance_bot/install/balance_hw_interfaces/include/balance_hw_interfaces/balance_hw_interfaces/srv/detail
[33.196s] -- Installing: /home/mmcgraw/Projects/balance_bot/install/balance_hw_interfaces/include/balance_hw_interfaces/balance_hw_interfaces/srv/detail/set_pwm__struct.hpp
[33.198s] -- Installing: /home/mmcgraw/Projects/balance_bot/install/balance_hw_interfaces/include/balance_hw_interfaces/balance_hw_interfaces/srv/detail/set_direction__traits.hpp
[33.199s] -- Installing: /home/mmcgraw/Projects/balance_bot/install/balance_hw_interfaces/include/balance_hw_interfaces/balance_hw_interfaces/srv/detail/set_pwm__builder.hpp
[33.201s] -- Installing: /home/mmcgraw/Projects/balance_bot/install/balance_hw_interfaces/include/balance_hw_interfaces/balance_hw_interfaces/srv/detail/set_pwm__traits.hpp
[33.202s] -- Installing: /home/mmcgraw/Projects/balance_bot/install/balance_hw_interfaces/include/balance_hw_interfaces/balance_hw_interfaces/srv/detail/set_direction__type_support.hpp
[33.203s] -- Installing: /home/mmcgraw/Projects/balance_bot/install/balance_hw_interfaces/include/balance_hw_interfaces/balance_hw_interfaces/srv/detail/set_direction__builder.hpp
[33.205s] -- Installing: /home/mmcgraw/Projects/balance_bot/install/balance_hw_interfaces/include/balance_hw_interfaces/balance_hw_interfaces/srv/detail/set_pwm__type_support.hpp
[33.206s] -- Installing: /home/mmcgraw/Projects/balance_bot/install/balance_hw_interfaces/include/balance_hw_interfaces/balance_hw_interfaces/srv/detail/set_direction__struct.hpp
[33.208s] -- Installing: /home/mmcgraw/Projects/balance_bot/install/balance_hw_interfaces/include/balance_hw_interfaces/balance_hw_interfaces/srv/set_pwm.hpp
[33.209s] -- Up-to-date: /home/mmcgraw/Projects/balance_bot/install/balance_hw_interfaces/include/balance_hw_interfaces/balance_hw_interfaces/msg
[33.209s] -- Installing: /home/mmcgraw/Projects/balance_bot/install/balance_hw_interfaces/include/balance_hw_interfaces/balance_hw_interfaces/msg/rosidl_generator_cpp__visibility_control.hpp
[33.211s] -- Up-to-date: /home/mmcgraw/Projects/balance_bot/install/balance_hw_interfaces/include/balance_hw_interfaces/balance_hw_interfaces
[33.212s] -- Up-to-date: /home/mmcgraw/Projects/balance_bot/install/balance_hw_interfaces/include/balance_hw_interfaces/balance_hw_interfaces/srv
[33.212s] -- Up-to-date: /home/mmcgraw/Projects/balance_bot/install/balance_hw_interfaces/include/balance_hw_interfaces/balance_hw_interfaces/srv/detail
[33.213s] -- Installing: /home/mmcgraw/Projects/balance_bot/install/balance_hw_interfaces/include/balance_hw_interfaces/balance_hw_interfaces/srv/detail/set_direction__rosidl_typesupport_fastrtps_cpp.hpp
[33.214s] -- Installing: /home/mmcgraw/Projects/balance_bot/install/balance_hw_interfaces/include/balance_hw_interfaces/balance_hw_interfaces/srv/detail/set_pwm__rosidl_typesupport_fastrtps_cpp.hpp
[33.216s] -- Up-to-date: /home/mmcgraw/Projects/balance_bot/install/balance_hw_interfaces/include/balance_hw_interfaces/balance_hw_interfaces/srv/detail/dds_fastrtps
[33.216s] -- Up-to-date: /home/mmcgraw/Projects/balance_bot/install/balance_hw_interfaces/include/balance_hw_interfaces/balance_hw_interfaces/msg
[33.217s] -- Up-to-date: /home/mmcgraw/Projects/balance_bot/install/balance_hw_interfaces/include/balance_hw_interfaces/balance_hw_interfaces/msg/rosidl_typesupport_fastrtps_cpp__visibility_control.h
[33.223s] -- Installing: /home/mmcgraw/Projects/balance_bot/install/balance_hw_interfaces/lib/libbalance_hw_interfaces__rosidl_typesupport_fastrtps_cpp.so
[33.228s] -- Set non-toolchain portion of runtime path of "/home/mmcgraw/Projects/balance_bot/install/balance_hw_interfaces/lib/libbalance_hw_interfaces__rosidl_typesupport_fastrtps_cpp.so" to ""
[33.229s] -- Up-to-date: /home/mmcgraw/Projects/balance_bot/install/balance_hw_interfaces/include/balance_hw_interfaces/balance_hw_interfaces
[33.229s] -- Up-to-date: /home/mmcgraw/Projects/balance_bot/install/balance_hw_interfaces/include/balance_hw_interfaces/balance_hw_interfaces/srv
[33.230s] -- Up-to-date: /home/mmcgraw/Projects/balance_bot/install/balance_hw_interfaces/include/balance_hw_interfaces/balance_hw_interfaces/srv/detail
[33.230s] -- Installing: /home/mmcgraw/Projects/balance_bot/install/balance_hw_interfaces/include/balance_hw_interfaces/balance_hw_interfaces/srv/detail/set_direction__type_support.cpp
[33.232s] -- Installing: /home/mmcgraw/Projects/balance_bot/install/balance_hw_interfaces/include/balance_hw_interfaces/balance_hw_interfaces/srv/detail/set_direction__rosidl_typesupport_introspection_cpp.hpp
[33.233s] -- Installing: /home/mmcgraw/Projects/balance_bot/install/balance_hw_interfaces/include/balance_hw_interfaces/balance_hw_interfaces/srv/detail/set_pwm__type_support.cpp
[33.235s] -- Installing: /home/mmcgraw/Projects/balance_bot/install/balance_hw_interfaces/include/balance_hw_interfaces/balance_hw_interfaces/srv/detail/set_pwm__rosidl_typesupport_introspection_cpp.hpp
[33.243s] -- Installing: /home/mmcgraw/Projects/balance_bot/install/balance_hw_interfaces/lib/libbalance_hw_interfaces__rosidl_typesupport_introspection_cpp.so
[33.247s] -- Set non-toolchain portion of runtime path of "/home/mmcgraw/Projects/balance_bot/install/balance_hw_interfaces/lib/libbalance_hw_interfaces__rosidl_typesupport_introspection_cpp.so" to ""
[33.253s] -- Installing: /home/mmcgraw/Projects/balance_bot/install/balance_hw_interfaces/lib/libbalance_hw_interfaces__rosidl_typesupport_cpp.so
[33.257s] -- Set non-toolchain portion of runtime path of "/home/mmcgraw/Projects/balance_bot/install/balance_hw_interfaces/lib/libbalance_hw_interfaces__rosidl_typesupport_cpp.so" to ""
[33.258s] -- Up-to-date: /home/mmcgraw/Projects/balance_bot/install/balance_hw_interfaces/share/balance_hw_interfaces/environment/pythonpath.sh
[33.258s] -- Up-to-date: /home/mmcgraw/Projects/balance_bot/install/balance_hw_interfaces/share/balance_hw_interfaces/environment/pythonpath.dsv
[33.259s] -- Up-to-date: /home/mmcgraw/Projects/balance_bot/install/balance_hw_interfaces/lib/python3.12/site-packages/balance_hw_interfaces-0.0.0-py3.12.egg-info
[33.259s] -- Installing: /home/mmcgraw/Projects/balance_bot/install/balance_hw_interfaces/lib/python3.12/site-packages/balance_hw_interfaces-0.0.0-py3.12.egg-info/dependency_links.txt
[33.260s] -- Installing: /home/mmcgraw/Projects/balance_bot/install/balance_hw_interfaces/lib/python3.12/site-packages/balance_hw_interfaces-0.0.0-py3.12.egg-info/PKG-INFO
[33.262s] -- Installing: /home/mmcgraw/Projects/balance_bot/install/balance_hw_interfaces/lib/python3.12/site-packages/balance_hw_interfaces-0.0.0-py3.12.egg-info/top_level.txt
[33.263s] -- Installing: /home/mmcgraw/Projects/balance_bot/install/balance_hw_interfaces/lib/python3.12/site-packages/balance_hw_interfaces-0.0.0-py3.12.egg-info/SOURCES.txt
[33.265s] -- Up-to-date: /home/mmcgraw/Projects/balance_bot/install/balance_hw_interfaces/lib/python3.12/site-packages/balance_hw_interfaces
[33.265s] -- Up-to-date: /home/mmcgraw/Projects/balance_bot/install/balance_hw_interfaces/lib/python3.12/site-packages/balance_hw_interfaces/srv
[33.266s] -- Installing: /home/mmcgraw/Projects/balance_bot/install/balance_hw_interfaces/lib/python3.12/site-packages/balance_hw_interfaces/srv/_set_direction_s.c
[33.267s] -- Installing: /home/mmcgraw/Projects/balance_bot/install/balance_hw_interfaces/lib/python3.12/site-packages/balance_hw_interfaces/srv/_set_pwm.py
[33.269s] -- Installing: /home/mmcgraw/Projects/balance_bot/install/balance_hw_interfaces/lib/python3.12/site-packages/balance_hw_interfaces/srv/_set_direction.py
[33.270s] -- Installing: /home/mmcgraw/Projects/balance_bot/install/balance_hw_interfaces/lib/python3.12/site-packages/balance_hw_interfaces/srv/_set_pwm_s.c
[33.272s] -- Installing: /home/mmcgraw/Projects/balance_bot/install/balance_hw_interfaces/lib/python3.12/site-packages/balance_hw_interfaces/srv/__init__.py
[33.273s] -- Installing: /home/mmcgraw/Projects/balance_bot/install/balance_hw_interfaces/lib/python3.12/site-packages/balance_hw_interfaces/balance_hw_interfaces_s__rosidl_typesupport_fastrtps_c.so
[33.275s] -- Installing: /home/mmcgraw/Projects/balance_bot/install/balance_hw_interfaces/lib/python3.12/site-packages/balance_hw_interfaces/_balance_hw_interfaces_s.ep.rosidl_typesupport_fastrtps_c.c
[33.277s] -- Installing: /home/mmcgraw/Projects/balance_bot/install/balance_hw_interfaces/lib/python3.12/site-packages/balance_hw_interfaces/_balance_hw_interfaces_s.ep.rosidl_typesupport_c.c
[33.279s] -- Installing: /home/mmcgraw/Projects/balance_bot/install/balance_hw_interfaces/lib/python3.12/site-packages/balance_hw_interfaces/balance_hw_interfaces_s__rosidl_typesupport_introspection_c.so
[33.281s] -- Installing: /home/mmcgraw/Projects/balance_bot/install/balance_hw_interfaces/lib/python3.12/site-packages/balance_hw_interfaces/balance_hw_interfaces_s__rosidl_typesupport_c.so
[33.283s] -- Installing: /home/mmcgraw/Projects/balance_bot/install/balance_hw_interfaces/lib/python3.12/site-packages/balance_hw_interfaces/__init__.py
[33.284s] -- Installing: /home/mmcgraw/Projects/balance_bot/install/balance_hw_interfaces/lib/python3.12/site-packages/balance_hw_interfaces/_balance_hw_interfaces_s.ep.rosidl_typesupport_introspection_c.c
[33.501s] Listing '/home/mmcgraw/Projects/balance_bot/install/balance_hw_interfaces/lib/python3.12/site-packages/balance_hw_interfaces'...
[33.503s] Compiling '/home/mmcgraw/Projects/balance_bot/install/balance_hw_interfaces/lib/python3.12/site-packages/balance_hw_interfaces/__init__.py'...
[33.506s] Listing '/home/mmcgraw/Projects/balance_bot/install/balance_hw_interfaces/lib/python3.12/site-packages/balance_hw_interfaces/srv'...
[33.508s] Compiling '/home/mmcgraw/Projects/balance_bot/install/balance_hw_interfaces/lib/python3.12/site-packages/balance_hw_interfaces/srv/__init__.py'...
[33.510s] Compiling '/home/mmcgraw/Projects/balance_bot/install/balance_hw_interfaces/lib/python3.12/site-packages/balance_hw_interfaces/srv/_set_direction.py'...
[33.512s] Compiling '/home/mmcgraw/Projects/balance_bot/install/balance_hw_interfaces/lib/python3.12/site-packages/balance_hw_interfaces/srv/_set_pwm.py'...
[33.538s] -- Installing: /home/mmcgraw/Projects/balance_bot/install/balance_hw_interfaces/lib/python3.12/site-packages/balance_hw_interfaces/balance_hw_interfaces_s__rosidl_typesupport_fastrtps_c.so
[33.542s] -- Set non-toolchain portion of runtime path of "/home/mmcgraw/Projects/balance_bot/install/balance_hw_interfaces/lib/python3.12/site-packages/balance_hw_interfaces/balance_hw_interfaces_s__rosidl_typesupport_fastrtps_c.so" to ""
[33.545s] -- Installing: /home/mmcgraw/Projects/balance_bot/install/balance_hw_interfaces/lib/python3.12/site-packages/balance_hw_interfaces/balance_hw_interfaces_s__rosidl_typesupport_introspection_c.so
[33.550s] -- Set non-toolchain portion of runtime path of "/home/mmcgraw/Projects/balance_bot/install/balance_hw_interfaces/lib/python3.12/site-packages/balance_hw_interfaces/balance_hw_interfaces_s__rosidl_typesupport_introspection_c.so" to ""
[33.552s] -- Installing: /home/mmcgraw/Projects/balance_bot/install/balance_hw_interfaces/lib/python3.12/site-packages/balance_hw_interfaces/balance_hw_interfaces_s__rosidl_typesupport_c.so
[33.555s] -- Set non-toolchain portion of runtime path of "/home/mmcgraw/Projects/balance_bot/install/balance_hw_interfaces/lib/python3.12/site-packages/balance_hw_interfaces/balance_hw_interfaces_s__rosidl_typesupport_c.so" to ""
[33.562s] -- Installing: /home/mmcgraw/Projects/balance_bot/install/balance_hw_interfaces/lib/libbalance_hw_interfaces__rosidl_generator_py.so
[33.566s] -- Set non-toolchain portion of runtime path of "/home/mmcgraw/Projects/balance_bot/install/balance_hw_interfaces/lib/libbalance_hw_interfaces__rosidl_generator_py.so" to ""
[33.567s] -- Up-to-date: /home/mmcgraw/Projects/balance_bot/install/balance_hw_interfaces/share/balance_hw_interfaces/srv/SetDirection.idl
[33.567s] -- Installing: /home/mmcgraw/Projects/balance_bot/install/balance_hw_interfaces/share/balance_hw_interfaces/srv/SetPwm.idl
[33.569s] -- Up-to-date: /home/mmcgraw/Projects/balance_bot/install/balance_hw_interfaces/share/balance_hw_interfaces/srv/SetDirection.srv
[33.569s] -- Installing: /home/mmcgraw/Projects/balance_bot/install/balance_hw_interfaces/share/balance_hw_interfaces/srv/SetPwm.srv
[33.571s] -- Up-to-date: /home/mmcgraw/Projects/balance_bot/install/balance_hw_interfaces/share/ament_index/resource_index/package_run_dependencies/balance_hw_interfaces
[33.572s] -- Up-to-date: /home/mmcgraw/Projects/balance_bot/install/balance_hw_interfaces/share/ament_index/resource_index/parent_prefix_path/balance_hw_interfaces
[33.572s] -- Up-to-date: /home/mmcgraw/Projects/balance_bot/install/balance_hw_interfaces/share/balance_hw_interfaces/environment/ament_prefix_path.sh
[33.574s] -- Up-to-date: /home/mmcgraw/Projects/balance_bot/install/balance_hw_interfaces/share/balance_hw_interfaces/environment/ament_prefix_path.dsv
[33.575s] -- Up-to-date: /home/mmcgraw/Projects/balance_bot/install/balance_hw_interfaces/share/balance_hw_interfaces/environment/path.sh
[33.576s] -- Up-to-date: /home/mmcgraw/Projects/balance_bot/install/balance_hw_interfaces/share/balance_hw_interfaces/environment/path.dsv
[33.577s] -- Up-to-date: /home/mmcgraw/Projects/balance_bot/install/balance_hw_interfaces/share/balance_hw_interfaces/local_setup.bash
[33.577s] -- Up-to-date: /home/mmcgraw/Projects/balance_bot/install/balance_hw_interfaces/share/balance_hw_interfaces/local_setup.sh
[33.579s] -- Up-to-date: /home/mmcgraw/Projects/balance_bot/install/balance_hw_interfaces/share/balance_hw_interfaces/local_setup.zsh
[33.579s] -- Up-to-date: /home/mmcgraw/Projects/balance_bot/install/balance_hw_interfaces/share/balance_hw_interfaces/local_setup.dsv
[33.580s] -- Installing: /home/mmcgraw/Projects/balance_bot/install/balance_hw_interfaces/share/balance_hw_interfaces/package.dsv
[33.580s] -- Up-to-date: /home/mmcgraw/Projects/balance_bot/install/balance_hw_interfaces/share/ament_index/resource_index/packages/balance_hw_interfaces
[33.584s] -- Up-to-date: /home/mmcgraw/Projects/balance_bot/install/balance_hw_interfaces/share/balance_hw_interfaces/cmake/export_balance_hw_interfaces__rosidl_generator_cExport.cmake
[33.586s] -- Up-to-date: /home/mmcgraw/Projects/balance_bot/install/balance_hw_interfaces/share/balance_hw_interfaces/cmake/export_balance_hw_interfaces__rosidl_generator_cExport-noconfig.cmake
[33.589s] -- Up-to-date: /home/mmcgraw/Projects/balance_bot/install/balance_hw_interfaces/share/balance_hw_interfaces/cmake/export_balance_hw_interfaces__rosidl_typesupport_fastrtps_cExport.cmake
[33.590s] -- Up-to-date: /home/mmcgraw/Projects/balance_bot/install/balance_hw_interfaces/share/balance_hw_interfaces/cmake/export_balance_hw_interfaces__rosidl_typesupport_fastrtps_cExport-noconfig.cmake
[33.591s] -- Up-to-date: /home/mmcgraw/Projects/balance_bot/install/balance_hw_interfaces/share/balance_hw_interfaces/cmake/balance_hw_interfaces__rosidl_typesupport_introspection_cExport.cmake
[33.592s] -- Up-to-date: /home/mmcgraw/Projects/balance_bot/install/balance_hw_interfaces/share/balance_hw_interfaces/cmake/balance_hw_interfaces__rosidl_typesupport_introspection_cExport-noconfig.cmake
[33.593s] -- Up-to-date: /home/mmcgraw/Projects/balance_bot/install/balance_hw_interfaces/share/balance_hw_interfaces/cmake/balance_hw_interfaces__rosidl_typesupport_cExport.cmake
[33.594s] -- Up-to-date: /home/mmcgraw/Projects/balance_bot/install/balance_hw_interfaces/share/balance_hw_interfaces/cmake/balance_hw_interfaces__rosidl_typesupport_cExport-noconfig.cmake
[33.595s] -- Up-to-date: /home/mmcgraw/Projects/balance_bot/install/balance_hw_interfaces/share/balance_hw_interfaces/cmake/export_balance_hw_interfaces__rosidl_generator_cppExport.cmake
[33.597s] -- Up-to-date: /home/mmcgraw/Projects/balance_bot/install/balance_hw_interfaces/share/balance_hw_interfaces/cmake/export_balance_hw_interfaces__rosidl_typesupport_fastrtps_cppExport.cmake
[33.598s] -- Up-to-date: /home/mmcgraw/Projects/balance_bot/install/balance_hw_interfaces/share/balance_hw_interfaces/cmake/export_balance_hw_interfaces__rosidl_typesupport_fastrtps_cppExport-noconfig.cmake
[33.600s] -- Up-to-date: /home/mmcgraw/Projects/balance_bot/install/balance_hw_interfaces/share/balance_hw_interfaces/cmake/balance_hw_interfaces__rosidl_typesupport_introspection_cppExport.cmake
[33.601s] -- Up-to-date: /home/mmcgraw/Projects/balance_bot/install/balance_hw_interfaces/share/balance_hw_interfaces/cmake/balance_hw_interfaces__rosidl_typesupport_introspection_cppExport-noconfig.cmake
[33.604s] -- Up-to-date: /home/mmcgraw/Projects/balance_bot/install/balance_hw_interfaces/share/balance_hw_interfaces/cmake/balance_hw_interfaces__rosidl_typesupport_cppExport.cmake
[33.605s] -- Up-to-date: /home/mmcgraw/Projects/balance_bot/install/balance_hw_interfaces/share/balance_hw_interfaces/cmake/balance_hw_interfaces__rosidl_typesupport_cppExport-noconfig.cmake
[33.606s] -- Up-to-date: /home/mmcgraw/Projects/balance_bot/install/balance_hw_interfaces/share/balance_hw_interfaces/cmake/export_balance_hw_interfaces__rosidl_generator_pyExport.cmake
[33.607s] -- Up-to-date: /home/mmcgraw/Projects/balance_bot/install/balance_hw_interfaces/share/balance_hw_interfaces/cmake/export_balance_hw_interfaces__rosidl_generator_pyExport-noconfig.cmake
[33.608s] -- Installing: /home/mmcgraw/Projects/balance_bot/install/balance_hw_interfaces/share/balance_hw_interfaces/cmake/rosidl_cmake-extras.cmake
[33.609s] -- Installing: /home/mmcgraw/Projects/balance_bot/install/balance_hw_interfaces/share/balance_hw_interfaces/cmake/ament_cmake_export_dependencies-extras.cmake
[33.611s] -- Up-to-date: /home/mmcgraw/Projects/balance_bot/install/balance_hw_interfaces/share/balance_hw_interfaces/cmake/ament_cmake_export_include_directories-extras.cmake
[33.612s] -- Up-to-date: /home/mmcgraw/Projects/balance_bot/install/balance_hw_interfaces/share/balance_hw_interfaces/cmake/ament_cmake_export_libraries-extras.cmake
[33.613s] -- Up-to-date: /home/mmcgraw/Projects/balance_bot/install/balance_hw_interfaces/share/balance_hw_interfaces/cmake/ament_cmake_export_targets-extras.cmake
[33.615s] -- Up-to-date: /home/mmcgraw/Projects/balance_bot/install/balance_hw_interfaces/share/balance_hw_interfaces/cmake/rosidl_cmake_export_typesupport_targets-extras.cmake
[33.615s] -- Up-to-date: /home/mmcgraw/Projects/balance_bot/install/balance_hw_interfaces/share/balance_hw_interfaces/cmake/rosidl_cmake_export_typesupport_libraries-extras.cmake
[33.616s] -- Up-to-date: /home/mmcgraw/Projects/balance_bot/install/balance_hw_interfaces/share/balance_hw_interfaces/cmake/balance_hw_interfacesConfig.cmake
[33.617s] -- Up-to-date: /home/mmcgraw/Projects/balance_bot/install/balance_hw_interfaces/share/balance_hw_interfaces/cmake/balance_hw_interfacesConfig-version.cmake
[33.617s] -- Up-to-date: /home/mmcgraw/Projects/balance_bot/install/balance_hw_interfaces/share/balance_hw_interfaces/package.xml
[33.625s] Invoked command in '/home/mmcgraw/Projects/balance_bot/build/balance_hw_interfaces' returned '0': CMAKE_PREFIX_PATH=/opt/ros/jazzy /usr/bin/cmake --install /home/mmcgraw/Projects/balance_bot/build/balance_hw_interfaces
