-- Found ament_cmake: 2.5.5 (/opt/ros/jazzy/share/ament_cmake/cmake)
-- Found rclcpp: 28.1.16 (/opt/ros/jazzy/share/rclcpp/cmake)
-- Found rosidl_generator_c: 4.6.7 (/opt/ros/jazzy/share/rosidl_generator_c/cmake)
-- Found rosidl_generator_cpp: 4.6.7 (/opt/ros/jazzy/share/rosidl_generator_cpp/cmake)
-- Using all available rosidl_typesupport_c: rosidl_typesupport_fastrtps_c;rosidl_typesupport_introspection_c
-- Using all available rosidl_typesupport_cpp: rosidl_typesupport_fastrtps_cpp;rosidl_typesupport_introspection_cpp
-- Found rmw_implementation_cmake: 7.3.3 (/opt/ros/jazzy/share/rmw_implementation_cmake/cmake)
-- Found rmw_fastrtps_cpp: 8.4.3 (/opt/ros/jazzy/share/rmw_fastrtps_cpp/cmake)
-- Using RMW implementation 'rmw_fastrtps_cpp' as default
-- Found std_msgs: 5.3.6 (/opt/ros/jazzy/share/std_msgs/cmake)
-- Found std_srvs: 5.3.6 (/opt/ros/jazzy/share/std_srvs/cmake)
-- Found balance_hw_interfaces: 0.0.0 (/home/mmcgraw/Projects/balance_bot/install/balance_hw_interfaces/share/balance_hw_interfaces/cmake)
-- Found geometry_msgs: 5.3.6 (/opt/ros/jazzy/share/geometry_msgs/cmake)
-- Found sensor_msgs: 5.3.6 (/opt/ros/jazzy/share/sensor_msgs/cmake)
-- Found ament_lint_auto: 0.17.4 (/opt/ros/jazzy/share/ament_lint_auto/cmake)
-- Added test 'cppcheck' to perform static code analysis on C / C++ code
-- Configured cppcheck include dirs: 
-- Configured cppcheck exclude dirs and/or files: 
-- Added test 'lint_cmake' to check CMake code style
-- Added test 'uncrustify' to check C / C++ code style
-- Configured uncrustify additional arguments: 
-- Added test 'xmllint' to check XML markup files
-- Configuring done (3.7s)
-- Generating done (0.1s)
-- Build files have been written to: /home/mmcgraw/Projects/balance_bot/build/balance_hw
[ 25%] [32mBuilding CXX object CMakeFiles/imu_node.dir/src/imu.cpp.o[0m
[ 75%] Built target motor_enable_node
[01m[K/home/mmcgraw/Projects/balance_bot/src/balance_hw/src/imu.cpp:31:2:[m[K [01;31m[Kerror: [m[Kexpected ‘[01m[K;[m[K’ after class definition
   31 | }
      |  [01;31m[K^[m[K
      |  [32m[K;[m[K
[01m[K/home/mmcgraw/Projects/balance_bot/src/balance_hw/src/imu.cpp:[m[K In constructor ‘[01m[KIMU_Node::[01;32m[KIMU_Node[m[K()[m[K’:
[01m[K/home/mmcgraw/Projects/balance_bot/src/balance_hw/src/imu.cpp:15:39:[m[K [01;31m[Kerror: [m[K‘[01m[Ki2c_addr[m[K’ was not declared in this scope; did you mean ‘[01m[Ki2c_addr_[m[K’?
   15 |             ioctl(i2c_fd_, I2C_SLAVE, [01;31m[Ki2c_addr[m[K);
      |                                       [01;31m[K^~~~~~~~[m[K
      |                                       [32m[Ki2c_addr_[m[K
gmake[2]: *** [CMakeFiles/imu_node.dir/build.make:76: CMakeFiles/imu_node.dir/src/imu.cpp.o] Error 1
gmake[1]: *** [CMakeFiles/Makefile2:165: CMakeFiles/imu_node.dir/all] Error 2
gmake: *** [Makefile:146: all] Error 2
