[0.077s] Invoking command in '/home/mmcgraw/Projects/balance_bot/build/balance_hw': CMAKE_PREFIX_PATH=/home/mmcgraw/Projects/balance_bot/install/balance_hw_interfaces:/home/mmcgraw/Projects/balance_bot/install/balance_hw:/opt/ros/jazzy /usr/bin/cmake --build /home/mmcgraw/Projects/balance_bot/build/balance_hw -- -j4 -l4
[0.377s] [ 50%] Built target motor_enable_node
[0.407s] [ 75%] [32mBuilding CXX object CMakeFiles/imu_node.dir/src/imu.cpp.o[0m
[14.044s] [100%] [32m[1mLinking CXX executable imu_node[0m
[14.765s] [100%] Built target imu_node
[14.820s] Invoked command in '/home/mmcgraw/Projects/balance_bot/build/balance_hw' returned '0': CMAKE_PREFIX_PATH=/home/mmcgraw/Projects/balance_bot/install/balance_hw_interfaces:/home/mmcgraw/Projects/balance_bot/install/balance_hw:/opt/ros/jazzy /usr/bin/cmake --build /home/mmcgraw/Projects/balance_bot/build/balance_hw -- -j4 -l4
[14.869s] Invoking command in '/home/mmcgraw/Projects/balance_bot/build/balance_hw': CMAKE_PREFIX_PATH=/home/mmcgraw/Projects/balance_bot/install/balance_hw_interfaces:/home/mmcgraw/Projects/balance_bot/install/balance_hw:/opt/ros/jazzy /usr/bin/cmake --install /home/mmcgraw/Projects/balance_bot/build/balance_hw
[14.906s] -- Install configuration: ""
[14.907s] -- Up-to-date: /home/mmcgraw/Projects/balance_bot/install/balance_hw/lib/balance_hw/motor_enable_node
[14.909s] -- Installing: /home/mmcgraw/Projects/balance_bot/install/balance_hw/lib/balance_hw/imu_node
[14.914s] -- Set non-toolchain portion of runtime path of "/home/mmcgraw/Projects/balance_bot/install/balance_hw/lib/balance_hw/imu_node" to ""
[14.914s] -- Up-to-date: /home/mmcgraw/Projects/balance_bot/install/balance_hw/share/balance_hw/config
[14.915s] -- Up-to-date: /home/mmcgraw/Projects/balance_bot/install/balance_hw/share/balance_hw/config/robot.yaml
[14.915s] -- Up-to-date: /home/mmcgraw/Projects/balance_bot/install/balance_hw/share/ament_index/resource_index/package_run_dependencies/balance_hw
[14.916s] -- Up-to-date: /home/mmcgraw/Projects/balance_bot/install/balance_hw/share/ament_index/resource_index/parent_prefix_path/balance_hw
[14.917s] -- Up-to-date: /home/mmcgraw/Projects/balance_bot/install/balance_hw/share/balance_hw/environment/ament_prefix_path.sh
[14.917s] -- Up-to-date: /home/mmcgraw/Projects/balance_bot/install/balance_hw/share/balance_hw/environment/ament_prefix_path.dsv
[14.918s] -- Up-to-date: /home/mmcgraw/Projects/balance_bot/install/balance_hw/share/balance_hw/environment/path.sh
[14.919s] -- Up-to-date: /home/mmcgraw/Projects/balance_bot/install/balance_hw/share/balance_hw/environment/path.dsv
[14.919s] -- Up-to-date: /home/mmcgraw/Projects/balance_bot/install/balance_hw/share/balance_hw/local_setup.bash
[14.920s] -- Up-to-date: /home/mmcgraw/Projects/balance_bot/install/balance_hw/share/balance_hw/local_setup.sh
[14.920s] -- Up-to-date: /home/mmcgraw/Projects/balance_bot/install/balance_hw/share/balance_hw/local_setup.zsh
[14.921s] -- Up-to-date: /home/mmcgraw/Projects/balance_bot/install/balance_hw/share/balance_hw/local_setup.dsv
[14.921s] -- Installing: /home/mmcgraw/Projects/balance_bot/install/balance_hw/share/balance_hw/package.dsv
[14.922s] -- Up-to-date: /home/mmcgraw/Projects/balance_bot/install/balance_hw/share/ament_index/resource_index/packages/balance_hw
[14.922s] -- Up-to-date: /home/mmcgraw/Projects/balance_bot/install/balance_hw/share/balance_hw/cmake/balance_hwConfig.cmake
[14.923s] -- Up-to-date: /home/mmcgraw/Projects/balance_bot/install/balance_hw/share/balance_hw/cmake/balance_hwConfig-version.cmake
[14.923s] -- Up-to-date: /home/mmcgraw/Projects/balance_bot/install/balance_hw/share/balance_hw/package.xml
[14.928s] Invoked command in '/home/mmcgraw/Projects/balance_bot/build/balance_hw' returned '0': CMAKE_PREFIX_PATH=/home/mmcgraw/Projects/balance_bot/install/balance_hw_interfaces:/home/mmcgraw/Projects/balance_bot/install/balance_hw:/opt/ros/jazzy /usr/bin/cmake --install /home/mmcgraw/Projects/balance_bot/build/balance_hw
