[1.060s] DEBUG:colcon:Command line arguments: ['/usr/bin/colcon', 'build', '--packages-select', 'balance_hw']
[1.060s] DEBUG:colcon:Parsed command line arguments: Namespace(log_base=None, log_level=None, verb_name='build', build_base='build', install_base='install', merge_install=False, symlink_install=False, test_result_base=None, continue_on_error=False, executor='parallel', parallel_workers=4, event_handlers=None, ignore_user_meta=False, metas=['./colcon.meta'], base_paths=['.'], packages_ignore=None, packages_ignore_regex=None, paths=None, packages_up_to=None, packages_up_to_regex=None, packages_above=None, packages_above_and_dependencies=None, packages_above_depth=None, packages_select_by_dep=None, packages_skip_by_dep=None, packages_skip_up_to=None, packages_select_build_failed=False, packages_skip_build_finished=False, packages_select_test_failures=False, packages_skip_test_passed=False, packages_select=['balance_hw'], packages_skip=None, packages_select_regex=None, packages_skip_regex=None, packages_start=None, packages_end=None, allow_overriding=[], cmake_args=None, cmake_target=None, cmake_target_skip_unavailable=False, cmake_clean_cache=False, cmake_clean_first=False, cmake_force_configure=False, ament_cmake_args=None, catkin_cmake_args=None, catkin_skip_building_tests=False, verb_parser=<colcon_defaults.argument_parser.defaults.DefaultArgumentsDecorator object at 0xffffaf1e82f0>, verb_extension=<colcon_core.verb.build.BuildVerb object at 0xffffaf3911f0>, main=<bound method BuildVerb.main of <colcon_core.verb.build.BuildVerb object at 0xffffaf3911f0>>)
[1.386s] Level 1:colcon.colcon_core.package_discovery:discover_packages(colcon_meta) check parameters
[1.386s] Level 1:colcon.colcon_core.package_discovery:discover_packages(recursive) check parameters
[1.386s] Level 1:colcon.colcon_core.package_discovery:discover_packages(ignore) check parameters
[1.386s] Level 1:colcon.colcon_core.package_discovery:discover_packages(path) check parameters
[1.387s] Level 1:colcon.colcon_core.package_discovery:discover_packages(colcon_meta) discover
[1.387s] Level 1:colcon.colcon_core.package_discovery:discover_packages(recursive) discover
[1.387s] INFO:colcon.colcon_core.package_discovery:Crawling recursively for packages in '/home/mmcgraw/Projects/balance_bot'
[1.387s] Level 1:colcon.colcon_core.package_identification:_identify(.) by extensions ['ignore', 'ignore_ament_install']
[1.388s] Level 1:colcon.colcon_core.package_identification:_identify(.) by extension 'ignore'
[1.388s] Level 1:colcon.colcon_core.package_identification:_identify(.) by extension 'ignore_ament_install'
[1.388s] Level 1:colcon.colcon_core.package_identification:_identify(.) by extensions ['colcon_pkg']
[1.389s] Level 1:colcon.colcon_core.package_identification:_identify(.) by extension 'colcon_pkg'
[1.389s] Level 1:colcon.colcon_core.package_identification:_identify(.) by extensions ['colcon_meta']
[1.389s] Level 1:colcon.colcon_core.package_identification:_identify(.) by extension 'colcon_meta'
[1.389s] Level 1:colcon.colcon_core.package_identification:_identify(.) by extensions ['ros']
[1.389s] Level 1:colcon.colcon_core.package_identification:_identify(.) by extension 'ros'
[1.552s] Level 1:colcon.colcon_core.package_identification:_identify(.) by extensions ['cmake', 'python']
[1.552s] Level 1:colcon.colcon_core.package_identification:_identify(.) by extension 'cmake'
[1.552s] Level 1:colcon.colcon_core.package_identification:_identify(.) by extension 'python'
[1.553s] Level 1:colcon.colcon_core.package_identification:_identify(.) by extensions ['python_setup_py']
[1.553s] Level 1:colcon.colcon_core.package_identification:_identify(.) by extension 'python_setup_py'
[1.553s] Level 1:colcon.colcon_core.package_identification:_identify(build) by extensions ['ignore', 'ignore_ament_install']
[1.554s] Level 1:colcon.colcon_core.package_identification:_identify(build) by extension 'ignore'
[1.554s] Level 1:colcon.colcon_core.package_identification:_identify(build) ignored
[1.554s] Level 1:colcon.colcon_core.package_identification:_identify(install) by extensions ['ignore', 'ignore_ament_install']
[1.555s] Level 1:colcon.colcon_core.package_identification:_identify(install) by extension 'ignore'
[1.555s] Level 1:colcon.colcon_core.package_identification:_identify(install) ignored
[1.556s] Level 1:colcon.colcon_core.package_identification:_identify(log) by extensions ['ignore', 'ignore_ament_install']
[1.556s] Level 1:colcon.colcon_core.package_identification:_identify(log) by extension 'ignore'
[1.556s] Level 1:colcon.colcon_core.package_identification:_identify(log) ignored
[1.560s] Level 1:colcon.colcon_core.package_identification:_identify(src) by extensions ['ignore', 'ignore_ament_install']
[1.560s] Level 1:colcon.colcon_core.package_identification:_identify(src) by extension 'ignore'
[1.561s] Level 1:colcon.colcon_core.package_identification:_identify(src) by extension 'ignore_ament_install'
[1.561s] Level 1:colcon.colcon_core.package_identification:_identify(src) by extensions ['colcon_pkg']
[1.561s] Level 1:colcon.colcon_core.package_identification:_identify(src) by extension 'colcon_pkg'
[1.561s] Level 1:colcon.colcon_core.package_identification:_identify(src) by extensions ['colcon_meta']
[1.561s] Level 1:colcon.colcon_core.package_identification:_identify(src) by extension 'colcon_meta'
[1.562s] Level 1:colcon.colcon_core.package_identification:_identify(src) by extensions ['ros']
[1.562s] Level 1:colcon.colcon_core.package_identification:_identify(src) by extension 'ros'
[1.562s] Level 1:colcon.colcon_core.package_identification:_identify(src) by extensions ['cmake', 'python']
[1.562s] Level 1:colcon.colcon_core.package_identification:_identify(src) by extension 'cmake'
[1.562s] Level 1:colcon.colcon_core.package_identification:_identify(src) by extension 'python'
[1.562s] Level 1:colcon.colcon_core.package_identification:_identify(src) by extensions ['python_setup_py']
[1.563s] Level 1:colcon.colcon_core.package_identification:_identify(src) by extension 'python_setup_py'
[1.564s] Level 1:colcon.colcon_core.package_identification:_identify(src/balance_hw) by extensions ['ignore', 'ignore_ament_install']
[1.564s] Level 1:colcon.colcon_core.package_identification:_identify(src/balance_hw) by extension 'ignore'
[1.564s] Level 1:colcon.colcon_core.package_identification:_identify(src/balance_hw) by extension 'ignore_ament_install'
[1.564s] Level 1:colcon.colcon_core.package_identification:_identify(src/balance_hw) by extensions ['colcon_pkg']
[1.565s] Level 1:colcon.colcon_core.package_identification:_identify(src/balance_hw) by extension 'colcon_pkg'
[1.565s] Level 1:colcon.colcon_core.package_identification:_identify(src/balance_hw) by extensions ['colcon_meta']
[1.565s] Level 1:colcon.colcon_core.package_identification:_identify(src/balance_hw) by extension 'colcon_meta'
[1.565s] Level 1:colcon.colcon_core.package_identification:_identify(src/balance_hw) by extensions ['ros']
[1.565s] Level 1:colcon.colcon_core.package_identification:_identify(src/balance_hw) by extension 'ros'
[1.587s] DEBUG:colcon.colcon_core.package_identification:Package 'src/balance_hw' with type 'ros.ament_cmake' and name 'balance_hw'
[1.589s] Level 1:colcon.colcon_core.package_identification:_identify(src/balance_hw_interfaces) by extensions ['ignore', 'ignore_ament_install']
[1.589s] Level 1:colcon.colcon_core.package_identification:_identify(src/balance_hw_interfaces) by extension 'ignore'
[1.590s] Level 1:colcon.colcon_core.package_identification:_identify(src/balance_hw_interfaces) by extension 'ignore_ament_install'
[1.590s] Level 1:colcon.colcon_core.package_identification:_identify(src/balance_hw_interfaces) by extensions ['colcon_pkg']
[1.590s] Level 1:colcon.colcon_core.package_identification:_identify(src/balance_hw_interfaces) by extension 'colcon_pkg'
[1.590s] Level 1:colcon.colcon_core.package_identification:_identify(src/balance_hw_interfaces) by extensions ['colcon_meta']
[1.591s] Level 1:colcon.colcon_core.package_identification:_identify(src/balance_hw_interfaces) by extension 'colcon_meta'
[1.591s] Level 1:colcon.colcon_core.package_identification:_identify(src/balance_hw_interfaces) by extensions ['ros']
[1.591s] Level 1:colcon.colcon_core.package_identification:_identify(src/balance_hw_interfaces) by extension 'ros'
[1.594s] DEBUG:colcon.colcon_core.package_identification:Package 'src/balance_hw_interfaces' with type 'ros.ament_cmake' and name 'balance_hw_interfaces'
[1.594s] Level 1:colcon.colcon_core.package_discovery:discover_packages(recursive) using defaults
[1.595s] Level 1:colcon.colcon_core.package_discovery:discover_packages(ignore) discover
[1.595s] Level 1:colcon.colcon_core.package_discovery:discover_packages(ignore) using defaults
[1.595s] Level 1:colcon.colcon_core.package_discovery:discover_packages(path) discover
[1.595s] Level 1:colcon.colcon_core.package_discovery:discover_packages(path) using defaults
[1.710s] INFO:colcon.colcon_core.package_selection:Skipping not selected package 'balance_hw_interfaces' in 'src/balance_hw_interfaces'
[1.713s] Level 1:colcon.colcon_core.package_discovery:discover_packages(prefix_path) check parameters
[1.713s] Level 1:colcon.colcon_core.package_discovery:discover_packages(prefix_path) discover
[1.728s] DEBUG:colcon.colcon_installed_package_information.package_discovery:Found 2 installed packages in /home/mmcgraw/Projects/balance_bot/install
[1.738s] DEBUG:colcon.colcon_installed_package_information.package_discovery:Found 196 installed packages in /opt/ros/jazzy
[1.741s] Level 1:colcon.colcon_core.package_discovery:discover_packages(prefix_path) using defaults
[1.898s] Level 5:colcon.colcon_core.verb:set package 'balance_hw' build argument 'cmake_args' from command line to 'None'
[1.898s] Level 5:colcon.colcon_core.verb:set package 'balance_hw' build argument 'cmake_target' from command line to 'None'
[1.898s] Level 5:colcon.colcon_core.verb:set package 'balance_hw' build argument 'cmake_target_skip_unavailable' from command line to 'False'
[1.898s] Level 5:colcon.colcon_core.verb:set package 'balance_hw' build argument 'cmake_clean_cache' from command line to 'False'
[1.898s] Level 5:colcon.colcon_core.verb:set package 'balance_hw' build argument 'cmake_clean_first' from command line to 'False'
[1.898s] Level 5:colcon.colcon_core.verb:set package 'balance_hw' build argument 'cmake_force_configure' from command line to 'False'
[1.898s] Level 5:colcon.colcon_core.verb:set package 'balance_hw' build argument 'ament_cmake_args' from command line to 'None'
[1.899s] Level 5:colcon.colcon_core.verb:set package 'balance_hw' build argument 'catkin_cmake_args' from command line to 'None'
[1.899s] Level 5:colcon.colcon_core.verb:set package 'balance_hw' build argument 'catkin_skip_building_tests' from command line to 'False'
[1.899s] DEBUG:colcon.colcon_core.verb:Building package 'balance_hw' with the following arguments: {'ament_cmake_args': None, 'build_base': '/home/mmcgraw/Projects/balance_bot/build/balance_hw', 'catkin_cmake_args': None, 'catkin_skip_building_tests': False, 'cmake_args': None, 'cmake_clean_cache': False, 'cmake_clean_first': False, 'cmake_force_configure': False, 'cmake_target': None, 'cmake_target_skip_unavailable': False, 'install_base': '/home/mmcgraw/Projects/balance_bot/install/balance_hw', 'merge_install': False, 'path': '/home/mmcgraw/Projects/balance_bot/src/balance_hw', 'symlink_install': False, 'test_result_base': None}
[1.899s] INFO:colcon.colcon_core.executor:Executing jobs using 'parallel' executor
[1.902s] DEBUG:colcon.colcon_parallel_executor.executor.parallel:run_until_complete
[1.903s] INFO:colcon.colcon_ros.task.ament_cmake.build:Building ROS package in '/home/mmcgraw/Projects/balance_bot/src/balance_hw' with build type 'ament_cmake'
[1.903s] INFO:colcon.colcon_cmake.task.cmake.build:Building CMake package in '/home/mmcgraw/Projects/balance_bot/src/balance_hw'
[1.927s] INFO:colcon.colcon_core.plugin_system:Skipping extension 'colcon_core.shell.bat': Not used on non-Windows systems
[1.928s] INFO:colcon.colcon_core.shell:Skip shell extension 'powershell' for command environment: Not usable outside of PowerShell
[1.929s] DEBUG:colcon.colcon_core.shell:Skip shell extension 'dsv' for command environment
[2.021s] DEBUG:colcon.colcon_core.event_handler.log_command:Invoking command in '/home/mmcgraw/Projects/balance_bot/build/balance_hw': CMAKE_PREFIX_PATH=/home/mmcgraw/Projects/balance_bot/install/balance_hw_interfaces:/home/mmcgraw/Projects/balance_bot/install/balance_hw:/opt/ros/jazzy /usr/bin/cmake --build /home/mmcgraw/Projects/balance_bot/build/balance_hw -- -j4 -l4
[3.104s] DEBUG:colcon.colcon_core.event_handler.log_command:Invoked command in '/home/mmcgraw/Projects/balance_bot/build/balance_hw' returned '0': CMAKE_PREFIX_PATH=/home/mmcgraw/Projects/balance_bot/install/balance_hw_interfaces:/home/mmcgraw/Projects/balance_bot/install/balance_hw:/opt/ros/jazzy /usr/bin/cmake --build /home/mmcgraw/Projects/balance_bot/build/balance_hw -- -j4 -l4
[3.171s] DEBUG:colcon.colcon_core.event_handler.log_command:Invoking command in '/home/mmcgraw/Projects/balance_bot/build/balance_hw': CMAKE_PREFIX_PATH=/home/mmcgraw/Projects/balance_bot/install/balance_hw_interfaces:/home/mmcgraw/Projects/balance_bot/install/balance_hw:/opt/ros/jazzy /usr/bin/cmake --install /home/mmcgraw/Projects/balance_bot/build/balance_hw
[3.249s] Level 1:colcon.colcon_core.environment:create_environment_scripts_only(balance_hw)
[3.251s] DEBUG:colcon.colcon_core.event_handler.log_command:Invoked command in '/home/mmcgraw/Projects/balance_bot/build/balance_hw' returned '0': CMAKE_PREFIX_PATH=/home/mmcgraw/Projects/balance_bot/install/balance_hw_interfaces:/home/mmcgraw/Projects/balance_bot/install/balance_hw:/opt/ros/jazzy /usr/bin/cmake --install /home/mmcgraw/Projects/balance_bot/build/balance_hw
[3.276s] Level 1:colcon.colcon_core.environment:checking '/home/mmcgraw/Projects/balance_bot/install/balance_hw' for CMake module files
[3.281s] Level 1:colcon.colcon_core.environment:checking '/home/mmcgraw/Projects/balance_bot/install/balance_hw' for CMake config files
[3.283s] Level 1:colcon.colcon_core.shell:create_environment_hook('balance_hw', 'cmake_prefix_path')
[3.284s] INFO:colcon.colcon_core.shell:Creating environment hook '/home/mmcgraw/Projects/balance_bot/install/balance_hw/share/balance_hw/hook/cmake_prefix_path.ps1'
[3.291s] INFO:colcon.colcon_core.shell:Creating environment descriptor '/home/mmcgraw/Projects/balance_bot/install/balance_hw/share/balance_hw/hook/cmake_prefix_path.dsv'
[3.300s] INFO:colcon.colcon_core.shell:Creating environment hook '/home/mmcgraw/Projects/balance_bot/install/balance_hw/share/balance_hw/hook/cmake_prefix_path.sh'
[3.313s] Level 1:colcon.colcon_core.environment:checking '/home/mmcgraw/Projects/balance_bot/install/balance_hw/lib'
[3.314s] Level 1:colcon.colcon_core.environment:checking '/home/mmcgraw/Projects/balance_bot/install/balance_hw/bin'
[3.314s] Level 1:colcon.colcon_core.environment:checking '/home/mmcgraw/Projects/balance_bot/install/balance_hw/lib/pkgconfig/balance_hw.pc'
[3.315s] Level 1:colcon.colcon_core.environment:checking '/home/mmcgraw/Projects/balance_bot/install/balance_hw/lib/python3.12/site-packages'
[3.317s] Level 1:colcon.colcon_core.environment:checking '/home/mmcgraw/Projects/balance_bot/install/balance_hw/bin'
[3.319s] INFO:colcon.colcon_core.shell:Creating package script '/home/mmcgraw/Projects/balance_bot/install/balance_hw/share/balance_hw/package.ps1'
[3.323s] INFO:colcon.colcon_core.shell:Creating package descriptor '/home/mmcgraw/Projects/balance_bot/install/balance_hw/share/balance_hw/package.dsv'
[3.333s] INFO:colcon.colcon_core.shell:Creating package script '/home/mmcgraw/Projects/balance_bot/install/balance_hw/share/balance_hw/package.sh'
[3.344s] INFO:colcon.colcon_core.shell:Creating package script '/home/mmcgraw/Projects/balance_bot/install/balance_hw/share/balance_hw/package.bash'
[3.355s] INFO:colcon.colcon_core.shell:Creating package script '/home/mmcgraw/Projects/balance_bot/install/balance_hw/share/balance_hw/package.zsh'
[3.366s] Level 1:colcon.colcon_core.environment:create_file_with_runtime_dependencies(/home/mmcgraw/Projects/balance_bot/install/balance_hw/share/colcon-core/packages/balance_hw)
[3.376s] Level 1:colcon.colcon_core.environment:create_environment_scripts_only(balance_hw)
[3.377s] Level 1:colcon.colcon_core.environment:checking '/home/mmcgraw/Projects/balance_bot/install/balance_hw' for CMake module files
[3.382s] Level 1:colcon.colcon_core.environment:checking '/home/mmcgraw/Projects/balance_bot/install/balance_hw' for CMake config files
[3.386s] Level 1:colcon.colcon_core.shell:create_environment_hook('balance_hw', 'cmake_prefix_path')
[3.387s] INFO:colcon.colcon_core.shell:Creating environment hook '/home/mmcgraw/Projects/balance_bot/install/balance_hw/share/balance_hw/hook/cmake_prefix_path.ps1'
[3.389s] INFO:colcon.colcon_core.shell:Creating environment descriptor '/home/mmcgraw/Projects/balance_bot/install/balance_hw/share/balance_hw/hook/cmake_prefix_path.dsv'
[3.396s] INFO:colcon.colcon_core.shell:Creating environment hook '/home/mmcgraw/Projects/balance_bot/install/balance_hw/share/balance_hw/hook/cmake_prefix_path.sh'
[3.404s] Level 1:colcon.colcon_core.environment:checking '/home/mmcgraw/Projects/balance_bot/install/balance_hw/lib'
[3.405s] Level 1:colcon.colcon_core.environment:checking '/home/mmcgraw/Projects/balance_bot/install/balance_hw/bin'
[3.405s] Level 1:colcon.colcon_core.environment:checking '/home/mmcgraw/Projects/balance_bot/install/balance_hw/lib/pkgconfig/balance_hw.pc'
[3.406s] Level 1:colcon.colcon_core.environment:checking '/home/mmcgraw/Projects/balance_bot/install/balance_hw/lib/python3.12/site-packages'
[3.408s] Level 1:colcon.colcon_core.environment:checking '/home/mmcgraw/Projects/balance_bot/install/balance_hw/bin'
[3.409s] INFO:colcon.colcon_core.shell:Creating package script '/home/mmcgraw/Projects/balance_bot/install/balance_hw/share/balance_hw/package.ps1'
[3.412s] INFO:colcon.colcon_core.shell:Creating package descriptor '/home/mmcgraw/Projects/balance_bot/install/balance_hw/share/balance_hw/package.dsv'
[3.421s] INFO:colcon.colcon_core.shell:Creating package script '/home/mmcgraw/Projects/balance_bot/install/balance_hw/share/balance_hw/package.sh'
[3.439s] INFO:colcon.colcon_core.shell:Creating package script '/home/mmcgraw/Projects/balance_bot/install/balance_hw/share/balance_hw/package.bash'
[3.544s] INFO:colcon.colcon_core.shell:Creating package script '/home/mmcgraw/Projects/balance_bot/install/balance_hw/share/balance_hw/package.zsh'
[3.581s] Level 1:colcon.colcon_core.environment:create_file_with_runtime_dependencies(/home/mmcgraw/Projects/balance_bot/install/balance_hw/share/colcon-core/packages/balance_hw)
[3.590s] DEBUG:colcon.colcon_parallel_executor.executor.parallel:closing loop
[3.591s] DEBUG:colcon.colcon_parallel_executor.executor.parallel:loop closed
[3.592s] DEBUG:colcon.colcon_parallel_executor.executor.parallel:run_until_complete finished with '0'
[3.592s] DEBUG:colcon.colcon_core.event_reactor:joining thread
[3.631s] INFO:colcon.colcon_core.plugin_system:Skipping extension 'colcon_notification.desktop_notification.notify_send': Could not find 'notify-send'
[3.631s] INFO:colcon.colcon_core.plugin_system:Skipping extension 'colcon_notification.desktop_notification.terminal_notifier': Not used on non-Darwin systems
[3.631s] INFO:colcon.colcon_core.plugin_system:Skipping extension 'colcon_notification.desktop_notification.win32': Not used on non-Windows systems
[3.631s] INFO:colcon.colcon_notification.desktop_notification:Sending desktop notification using 'notify2'
[3.687s] DEBUG:colcon.colcon_notification.desktop_notification.notify2:Failed to initialize notify2: org.freedesktop.DBus.Error.ServiceUnknown: The name org.freedesktop.Notifications was not provided by any .service files
[3.687s] DEBUG:colcon.colcon_core.event_reactor:joined thread
[3.688s] INFO:colcon.colcon_core.shell:Creating prefix script '/home/mmcgraw/Projects/balance_bot/install/local_setup.ps1'
[3.693s] INFO:colcon.colcon_core.shell:Creating prefix util module '/home/mmcgraw/Projects/balance_bot/install/_local_setup_util_ps1.py'
[3.712s] INFO:colcon.colcon_core.shell:Creating prefix chain script '/home/mmcgraw/Projects/balance_bot/install/setup.ps1'
[3.724s] INFO:colcon.colcon_core.shell:Creating prefix script '/home/mmcgraw/Projects/balance_bot/install/local_setup.sh'
[3.732s] INFO:colcon.colcon_core.shell:Creating prefix util module '/home/mmcgraw/Projects/balance_bot/install/_local_setup_util_sh.py'
[3.738s] INFO:colcon.colcon_core.shell:Creating prefix chain script '/home/mmcgraw/Projects/balance_bot/install/setup.sh'
[3.747s] INFO:colcon.colcon_core.shell:Creating prefix script '/home/mmcgraw/Projects/balance_bot/install/local_setup.bash'
[3.755s] INFO:colcon.colcon_core.shell:Creating prefix chain script '/home/mmcgraw/Projects/balance_bot/install/setup.bash'
[3.766s] INFO:colcon.colcon_core.shell:Creating prefix script '/home/mmcgraw/Projects/balance_bot/install/local_setup.zsh'
[3.775s] INFO:colcon.colcon_core.shell:Creating prefix chain script '/home/mmcgraw/Projects/balance_bot/install/setup.zsh'
