-- Found ament_cmake: 2.5.5 (/opt/ros/jazzy/share/ament_cmake/cmake)
-- Found rclcpp: 28.1.16 (/opt/ros/jazzy/share/rclcpp/cmake)
-- Found rosidl_generator_c: 4.6.7 (/opt/ros/jazzy/share/rosidl_generator_c/cmake)
-- Found rosidl_generator_cpp: 4.6.7 (/opt/ros/jazzy/share/rosidl_generator_cpp/cmake)
-- Using all available rosidl_typesupport_c: rosidl_typesupport_fastrtps_c;rosidl_typesupport_introspection_c
-- Using all available rosidl_typesupport_cpp: rosidl_typesupport_fastrtps_cpp;rosidl_typesupport_introspection_cpp
-- Found rmw_implementation_cmake: 7.3.3 (/opt/ros/jazzy/share/rmw_implementation_cmake/cmake)
-- Found rmw_fastrtps_cpp: 8.4.3 (/opt/ros/jazzy/share/rmw_fastrtps_cpp/cmake)
-- Using RMW implementation 'rmw_fastrtps_cpp' as default
-- Found std_msgs: 5.3.6 (/opt/ros/jazzy/share/std_msgs/cmake)
-- Found std_srvs: 5.3.6 (/opt/ros/jazzy/share/std_srvs/cmake)
-- Found balance_hw_interfaces: 0.0.0 (/home/mmcgraw/Projects/balance_bot/install/balance_hw_interfaces/share/balance_hw_interfaces/cmake)
-- Found ament_lint_auto: 0.17.4 (/opt/ros/jazzy/share/ament_lint_auto/cmake)
-- Added test 'cppcheck' to perform static code analysis on C / C++ code
-- Configured cppcheck include dirs: 
-- Configured cppcheck exclude dirs and/or files: 
-- Added test 'lint_cmake' to check CMake code style
-- Added test 'uncrustify' to check C / C++ code style
-- Configured uncrustify additional arguments: 
-- Added test 'xmllint' to check XML markup files
-- Configuring done (3.0s)
-- Generating done (0.1s)
-- Build files have been written to: /home/mmcgraw/Projects/balance_bot/build/balance_hw
[ 50%] [32mBuilding CXX object CMakeFiles/motor_enable_node.dir/src/motor_enable_node.cpp.o[0m
[01m[K/home/mmcgraw/Projects/balance_bot/src/balance_hw/src/motor_enable_node.cpp:181:9:[m[K [01;31m[Kerror: [m[K‘[01m[Krlccpp[m[K’ does not name a type
  181 |         [01;31m[Krlccpp[m[K::Service<SetPwm>::SharedPtr motors_pwm_srv_;
      |         [01;31m[K^~~~~~[m[K
[01m[K/home/mmcgraw/Projects/balance_bot/src/balance_hw/src/motor_enable_node.cpp:[m[K In constructor ‘[01m[KMotorEnableNode::[01;32m[KMotorEnableNode[m[K()[m[K’:
[01m[K/home/mmcgraw/Projects/balance_bot/src/balance_hw/src/motor_enable_node.cpp:145:13:[m[K [01;31m[Kerror: [m[K‘[01m[Kmotors_pwm_srv_[m[K’ was not declared in this scope; did you mean ‘[01m[Kmotors_enable_srv_[m[K’?
  145 |             [01;31m[Kmotors_pwm_srv_[m[K = this->create_service<SetPwm>>(
      |             [01;31m[K^~~~~~~~~~~~~~~[m[K
      |             [32m[Kmotors_enable_srv_[m[K
[01m[K/home/mmcgraw/Projects/balance_bot/src/balance_hw/src/motor_enable_node.cpp:146:17:[m[K [01;35m[Kwarning: [m[Kleft operand of comma operator has no effect [[01;35m[K]8;;https://gcc.gnu.org/onlinedocs/gcc/Warning-Options.html#index-Wunused-value-Wunused-value]8;;[m[K]
  146 |                 [01;35m[K"motors_pwm"[m[K,
      |                 [01;35m[K^~~~~~~~~~~~[m[K
[01m[K/home/mmcgraw/Projects/balance_bot/src/balance_hw/src/motor_enable_node.cpp:145:58:[m[K [01;31m[Kerror: [m[Kno match for ‘[01m[Koperator>[m[K’ (operand types are ‘[01m[K<unresolved overloaded function type>[m[K’ and ‘[01m[Kstd::_Bind_helper<false, void (MotorEnableNode::*)(std::shared_ptr<balance_hw_interfaces::srv::SetPwm_Request_<std::allocator<void> > >, std::shared_ptr<balance_hw_interfaces::srv::SetPwm_Response_<std::allocator<void> > >), MotorEnableNode*, const std::_Placeholder<1>&, const std::_Placeholder<2>&>::type[m[K’)
  145 |             motors_pwm_srv_ = [32m[Kthis->create_service<SetPwm[m[K[01;31m[K>>[m[K[34m[K([m[K
      |                               [32m[K~~~~~~~~~~~~~~~~~~~~~~~~~~~[m[K[01;31m[K^~[m[K[34m[K~[m[K
      |                                     [32m[K|[m[K
      |                                     [32m[K<unresolved overloaded function type>[m[K
  146 | [34m[K                "motors_pwm",[m[K
      |                 [34m[K~~~~~~~~~~~~~[m[K                             
      |                             [34m[K|[m[K
      |                             [34m[Kstd::_Bind_helper<false, void (MotorEnableNode::*)(std::shared_ptr<balance_hw_interfaces::srv::SetPwm_Request_<std::allocator<void> > >, std::shared_ptr<balance_hw_interfaces::srv::SetPwm_Response_<std::allocator<void> > >), MotorEnableNode*, const std::_Placeholder<1>&, const std::_Placeholder<2>&>::type[m[K
  147 | [34m[K                std::bind(&MotorEnableNode::on_motors_pwm, this, _1, _2)[m[K
      |                 [34m[K~~~~~~~~~~~~~~~~~~~~~~~~~~~~~~~~~~~~~~~~~~~~~~~~~~~~~~~~[m[K
  148 | [34m[K            )[m[K;
      |             [34m[K~[m[K                                             
In file included from [01m[K/usr/include/c++/13/bits/stl_tempbuf.h:62[m[K,
                 from [01m[K/usr/include/c++/13/memory:66[m[K,
                 from [01m[K/opt/ros/jazzy/include/rclcpp/rclcpp/rclcpp.hpp:169[m[K,
                 from [01m[K/home/mmcgraw/Projects/balance_bot/src/balance_hw/src/motor_enable_node.cpp:1[m[K:
[01m[K/usr/include/c++/13/bits/stl_pair.h:848:5:[m[K [01;36m[Knote: [m[Kcandidate: ‘[01m[Ktemplate<class _T1, class _T2> constexpr bool std::[01;32m[Koperator>[m[K(const pair<_T1, _T2>&, const pair<_T1, _T2>&)[m[K’
  848 |     [01;36m[Koperator[m[K>(const pair<_T1, _T2>& __x, const pair<_T1, _T2>& __y)
      |     [01;36m[K^~~~~~~~[m[K
[01m[K/usr/include/c++/13/bits/stl_pair.h:848:5:[m[K [01;36m[Knote: [m[K  template argument deduction/substitution failed:
[01m[K/home/mmcgraw/Projects/balance_bot/src/balance_hw/src/motor_enable_node.cpp:148:13:[m[K [01;36m[Knote: [m[K  ‘[01m[Kstd::_Bind_helper<false, void (MotorEnableNode::*)(std::shared_ptr<balance_hw_interfaces::srv::SetPwm_Request_<std::allocator<void> > >, std::shared_ptr<balance_hw_interfaces::srv::SetPwm_Response_<std::allocator<void> > >), MotorEnableNode*, const std::_Placeholder<1>&, const std::_Placeholder<2>&>::type[m[K’ is not derived from ‘[01m[Kconst std::pair<_T1, _T2>[m[K’
  148 |             [01;36m[K)[m[K;
      |             [01;36m[K^[m[K
In file included from [01m[K/usr/include/c++/13/bits/stl_algobase.h:67[m[K,
                 from [01m[K/usr/include/c++/13/bits/stl_uninitialized.h:63[m[K,
                 from [01m[K/usr/include/c++/13/memory:69[m[K:
[01m[K/usr/include/c++/13/bits/stl_iterator.h:469:5:[m[K [01;36m[Knote: [m[Kcandidate: ‘[01m[Ktemplate<class _Iterator> constexpr bool std::[01;32m[Koperator>[m[K(const reverse_iterator<_Iterator>&, const reverse_iterator<_Iterator>&)[m[K’
  469 |     [01;36m[Koperator[m[K>(const reverse_iterator<_Iterator>& __x,
      |     [01;36m[K^~~~~~~~[m[K
[01m[K/usr/include/c++/13/bits/stl_iterator.h:469:5:[m[K [01;36m[Knote: [m[K  template argument deduction/substitution failed:
[01m[K/home/mmcgraw/Projects/balance_bot/src/balance_hw/src/motor_enable_node.cpp:148:13:[m[K [01;36m[Knote: [m[K  ‘[01m[Kstd::_Bind_helper<false, void (MotorEnableNode::*)(std::shared_ptr<balance_hw_interfaces::srv::SetPwm_Request_<std::allocator<void> > >, std::shared_ptr<balance_hw_interfaces::srv::SetPwm_Response_<std::allocator<void> > >), MotorEnableNode*, const std::_Placeholder<1>&, const std::_Placeholder<2>&>::type[m[K’ is not derived from ‘[01m[Kconst std::reverse_iterator<_Iterator>[m[K’
  148 |             [01;36m[K)[m[K;
      |             [01;36m[K^[m[K
[01m[K/usr/include/c++/13/bits/stl_iterator.h:514:5:[m[K [01;36m[Knote: [m[Kcandidate: ‘[01m[Ktemplate<class _IteratorL, class _IteratorR> constexpr bool std::[01;32m[Koperator>[m[K(const reverse_iterator<_Iterator>&, const reverse_iterator<_IteratorR>&)[m[K’
  514 |     [01;36m[Koperator[m[K>(const reverse_iterator<_IteratorL>& __x,
      |     [01;36m[K^~~~~~~~[m[K
[01m[K/usr/include/c++/13/bits/stl_iterator.h:514:5:[m[K [01;36m[Knote: [m[K  template argument deduction/substitution failed:
[01m[K/home/mmcgraw/Projects/balance_bot/src/balance_hw/src/motor_enable_node.cpp:148:13:[m[K [01;36m[Knote: [m[K  ‘[01m[Kstd::_Bind_helper<false, void (MotorEnableNode::*)(std::shared_ptr<balance_hw_interfaces::srv::SetPwm_Request_<std::allocator<void> > >, std::shared_ptr<balance_hw_interfaces::srv::SetPwm_Response_<std::allocator<void> > >), MotorEnableNode*, const std::_Placeholder<1>&, const std::_Placeholder<2>&>::type[m[K’ is not derived from ‘[01m[Kconst std::reverse_iterator<_IteratorR>[m[K’
  148 |             [01;36m[K)[m[K;
      |             [01;36m[K^[m[K
[01m[K/usr/include/c++/13/bits/stl_iterator.h:1725:5:[m[K [01;36m[Knote: [m[Kcandidate: ‘[01m[Ktemplate<class _IteratorL, class _IteratorR> constexpr bool std::[01;32m[Koperator>[m[K(const move_iterator<_IteratorL>&, const move_iterator<_IteratorR>&)[m[K’
 1725 |     [01;36m[Koperator[m[K>(const move_iterator<_IteratorL>& __x,
      |     [01;36m[K^~~~~~~~[m[K
[01m[K/usr/include/c++/13/bits/stl_iterator.h:1725:5:[m[K [01;36m[Knote: [m[K  template argument deduction/substitution failed:
[01m[K/home/mmcgraw/Projects/balance_bot/src/balance_hw/src/motor_enable_node.cpp:148:13:[m[K [01;36m[Knote: [m[K  ‘[01m[Kstd::_Bind_helper<false, void (MotorEnableNode::*)(std::shared_ptr<balance_hw_interfaces::srv::SetPwm_Request_<std::allocator<void> > >, std::shared_ptr<balance_hw_interfaces::srv::SetPwm_Response_<std::allocator<void> > >), MotorEnableNode*, const std::_Placeholder<1>&, const std::_Placeholder<2>&>::type[m[K’ is not derived from ‘[01m[Kconst std::move_iterator<_IteratorR>[m[K’
  148 |             [01;36m[K)[m[K;
      |             [01;36m[K^[m[K
[01m[K/usr/include/c++/13/bits/stl_iterator.h:1784:5:[m[K [01;36m[Knote: [m[Kcandidate: ‘[01m[Ktemplate<class _Iterator> constexpr bool std::[01;32m[Koperator>[m[K(const move_iterator<_IteratorL>&, const move_iterator<_IteratorL>&)[m[K’
 1784 |     [01;36m[Koperator[m[K>(const move_iterator<_Iterator>& __x,
      |     [01;36m[K^~~~~~~~[m[K
[01m[K/usr/include/c++/13/bits/stl_iterator.h:1784:5:[m[K [01;36m[Knote: [m[K  template argument deduction/substitution failed:
[01m[K/home/mmcgraw/Projects/balance_bot/src/balance_hw/src/motor_enable_node.cpp:148:13:[m[K [01;36m[Knote: [m[K  ‘[01m[Kstd::_Bind_helper<false, void (MotorEnableNode::*)(std::shared_ptr<balance_hw_interfaces::srv::SetPwm_Request_<std::allocator<void> > >, std::shared_ptr<balance_hw_interfaces::srv::SetPwm_Response_<std::allocator<void> > >), MotorEnableNode*, const std::_Placeholder<1>&, const std::_Placeholder<2>&>::type[m[K’ is not derived from ‘[01m[Kconst std::move_iterator<_IteratorL>[m[K’
  148 |             [01;36m[K)[m[K;
      |             [01;36m[K^[m[K
In file included from [01m[K/usr/include/c++/13/bits/unique_ptr.h:36[m[K,
                 from [01m[K/usr/include/c++/13/memory:78[m[K:
[01m[K/usr/include/c++/13/tuple:1980:5:[m[K [01;36m[Knote: [m[Kcandidate: ‘[01m[Ktemplate<class ... _TElements, class ... _UElements> constexpr bool std::[01;32m[Koperator>[m[K(const tuple<_UTypes ...>&, const tuple<_UTypes ...>&)[m[K’
 1980 |     [01;36m[Koperator[m[K>(const tuple<_TElements...>& __t,
      |     [01;36m[K^~~~~~~~[m[K
[01m[K/usr/include/c++/13/tuple:1980:5:[m[K [01;36m[Knote: [m[K  template argument deduction/substitution failed:
[01m[K/home/mmcgraw/Projects/balance_bot/src/balance_hw/src/motor_enable_node.cpp:148:13:[m[K [01;36m[Knote: [m[K  ‘[01m[Kstd::_Bind_helper<false, void (MotorEnableNode::*)(std::shared_ptr<balance_hw_interfaces::srv::SetPwm_Request_<std::allocator<void> > >, std::shared_ptr<balance_hw_interfaces::srv::SetPwm_Response_<std::allocator<void> > >), MotorEnableNode*, const std::_Placeholder<1>&, const std::_Placeholder<2>&>::type[m[K’ is not derived from ‘[01m[Kconst std::tuple<_UTypes ...>[m[K’
  148 |             [01;36m[K)[m[K;
      |             [01;36m[K^[m[K
[01m[K/usr/include/c++/13/bits/unique_ptr.h:934:5:[m[K [01;36m[Knote: [m[Kcandidate: ‘[01m[Ktemplate<class _Tp, class _Dp, class _Up, class _Ep> bool std::[01;32m[Koperator>[m[K(const unique_ptr<_Tp, _Dp>&, const unique_ptr<_Up, _Ep>&)[m[K’
  934 |     [01;36m[Koperator[m[K>(const unique_ptr<_Tp, _Dp>& __x,
      |     [01;36m[K^~~~~~~~[m[K
[01m[K/usr/include/c++/13/bits/unique_ptr.h:934:5:[m[K [01;36m[Knote: [m[K  template argument deduction/substitution failed:
[01m[K/home/mmcgraw/Projects/balance_bot/src/balance_hw/src/motor_enable_node.cpp:148:13:[m[K [01;36m[Knote: [m[K  ‘[01m[Kstd::_Bind_helper<false, void (MotorEnableNode::*)(std::shared_ptr<balance_hw_interfaces::srv::SetPwm_Request_<std::allocator<void> > >, std::shared_ptr<balance_hw_interfaces::srv::SetPwm_Response_<std::allocator<void> > >), MotorEnableNode*, const std::_Placeholder<1>&, const std::_Placeholder<2>&>::type[m[K’ is not derived from ‘[01m[Kconst std::unique_ptr<_Up, _Ep>[m[K’
  148 |             [01;36m[K)[m[K;
      |             [01;36m[K^[m[K
[01m[K/usr/include/c++/13/bits/unique_ptr.h:942:5:[m[K [01;36m[Knote: [m[Kcandidate: ‘[01m[Ktemplate<class _Tp, class _Dp> bool std::[01;32m[Koperator>[m[K(const unique_ptr<_Tp, _Dp>&, nullptr_t)[m[K’
  942 |     [01;36m[Koperator[m[K>(const unique_ptr<_Tp, _Dp>& __x, nullptr_t)
      |     [01;36m[K^~~~~~~~[m[K
[01m[K/usr/include/c++/13/bits/unique_ptr.h:942:5:[m[K [01;36m[Knote: [m[K  template argument deduction/substitution failed:
[01m[K/home/mmcgraw/Projects/balance_bot/src/balance_hw/src/motor_enable_node.cpp:148:13:[m[K [01;36m[Knote: [m[K  couldn’t deduce template parameter ‘[01m[K_Tp[m[K’
  148 |             [01;36m[K)[m[K;
      |             [01;36m[K^[m[K
[01m[K/usr/include/c++/13/bits/unique_ptr.h:952:5:[m[K [01;36m[Knote: [m[Kcandidate: ‘[01m[Ktemplate<class _Tp, class _Dp> bool std::[01;32m[Koperator>[m[K(nullptr_t, const unique_ptr<_Tp, _Dp>&)[m[K’
  952 |     [01;36m[Koperator[m[K>(nullptr_t, const unique_ptr<_Tp, _Dp>& __x)
      |     [01;36m[K^~~~~~~~[m[K
[01m[K/usr/include/c++/13/bits/unique_ptr.h:952:5:[m[K [01;36m[Knote: [m[K  template argument deduction/substitution failed:
[01m[K/home/mmcgraw/Projects/balance_bot/src/balance_hw/src/motor_enable_node.cpp:148:13:[m[K [01;36m[Knote: [m[K  ‘[01m[Kstd::_Bind_helper<false, void (MotorEnableNode::*)(std::shared_ptr<balance_hw_interfaces::srv::SetPwm_Request_<std::allocator<void> > >, std::shared_ptr<balance_hw_interfaces::srv::SetPwm_Response_<std::allocator<void> > >), MotorEnableNode*, const std::_Placeholder<1>&, const std::_Placeholder<2>&>::type[m[K’ is not derived from ‘[01m[Kconst std::unique_ptr<_Tp, _Dp>[m[K’
  148 |             [01;36m[K)[m[K;
      |             [01;36m[K^[m[K
In file included from [01m[K/usr/include/c++/13/bits/shared_ptr.h:53[m[K,
                 from [01m[K/usr/include/c++/13/memory:80[m[K:
[01m[K/usr/include/c++/13/bits/shared_ptr_base.h:1883:5:[m[K [01;36m[Knote: [m[Kcandidate: ‘[01m[Ktemplate<class _Tp1, class _Tp2, __gnu_cxx::_Lock_policy _Lp> bool std::[01;32m[Koperator>[m[K(const __shared_ptr<_Tp1, _Lp>&, const __shared_ptr<_Tp2, _Lp>&)[m[K’
 1883 |     [01;36m[Koperator[m[K>(const __shared_ptr<_Tp1, _Lp>& __a,
      |     [01;36m[K^~~~~~~~[m[K
[01m[K/usr/include/c++/13/bits/shared_ptr_base.h:1883:5:[m[K [01;36m[Knote: [m[K  template argument deduction/substitution failed:
[01m[K/home/mmcgraw/Projects/balance_bot/src/balance_hw/src/motor_enable_node.cpp:148:13:[m[K [01;36m[Knote: [m[K  ‘[01m[Kstd::_Bind_helper<false, void (MotorEnableNode::*)(std::shared_ptr<balance_hw_interfaces::srv::SetPwm_Request_<std::allocator<void> > >, std::shared_ptr<balance_hw_interfaces::srv::SetPwm_Response_<std::allocator<void> > >), MotorEnableNode*, const std::_Placeholder<1>&, const std::_Placeholder<2>&>::type[m[K’ is not derived from ‘[01m[Kconst std::__shared_ptr<_Tp2, _Lp>[m[K’
  148 |             [01;36m[K)[m[K;
      |             [01;36m[K^[m[K
[01m[K/usr/include/c++/13/bits/shared_ptr_base.h:1889:5:[m[K [01;36m[Knote: [m[Kcandidate: ‘[01m[Ktemplate<class _Tp, __gnu_cxx::_Lock_policy _Lp> bool std::[01;32m[Koperator>[m[K(const __shared_ptr<_Tp, _Lp>&, nullptr_t)[m[K’
 1889 |     [01;36m[Koperator[m[K>(const __shared_ptr<_Tp, _Lp>& __a, nullptr_t) noexcept
      |     [01;36m[K^~~~~~~~[m[K
[01m[K/usr/include/c++/13/bits/shared_ptr_base.h:1889:5:[m[K [01;36m[Knote: [m[K  template argument deduction/substitution failed:
[01m[K/home/mmcgraw/Projects/balance_bot/src/balance_hw/src/motor_enable_node.cpp:148:13:[m[K [01;36m[Knote: [m[K  couldn’t deduce template parameter ‘[01m[K_Tp[m[K’
  148 |             [01;36m[K)[m[K;
      |             [01;36m[K^[m[K
[01m[K/usr/include/c++/13/bits/shared_ptr_base.h:1894:5:[m[K [01;36m[Knote: [m[Kcandidate: ‘[01m[Ktemplate<class _Tp, __gnu_cxx::_Lock_policy _Lp> bool std::[01;32m[Koperator>[m[K(nullptr_t, const __shared_ptr<_Tp, _Lp>&)[m[K’
 1894 |     [01;36m[Koperator[m[K>(nullptr_t, const __shared_ptr<_Tp, _Lp>& __a) noexcept
      |     [01;36m[K^~~~~~~~[m[K
[01m[K/usr/include/c++/13/bits/shared_ptr_base.h:1894:5:[m[K [01;36m[Knote: [m[K  template argument deduction/substitution failed:
[01m[K/home/mmcgraw/Projects/balance_bot/src/balance_hw/src/motor_enable_node.cpp:148:13:[m[K [01;36m[Knote: [m[K  ‘[01m[Kstd::_Bind_helper<false, void (MotorEnableNode::*)(std::shared_ptr<balance_hw_interfaces::srv::SetPwm_Request_<std::allocator<void> > >, std::shared_ptr<balance_hw_interfaces::srv::SetPwm_Response_<std::allocator<void> > >), MotorEnableNode*, const std::_Placeholder<1>&, const std::_Placeholder<2>&>::type[m[K’ is not derived from ‘[01m[Kconst std::__shared_ptr<_Tp, _Lp>[m[K’
  148 |             [01;36m[K)[m[K;
      |             [01;36m[K^[m[K
[01m[K/usr/include/c++/13/bits/shared_ptr.h:653:5:[m[K [01;36m[Knote: [m[Kcandidate: ‘[01m[Ktemplate<class _Tp, class _Up> bool std::[01;32m[Koperator>[m[K(const shared_ptr<_Tp>&, const shared_ptr<_Tp>&)[m[K’
  653 |     [01;36m[Koperator[m[K>(const shared_ptr<_Tp>& __a, const shared_ptr<_Up>& __b) noexcept
      |     [01;36m[K^~~~~~~~[m[K
[01m[K/usr/include/c++/13/bits/shared_ptr.h:653:5:[m[K [01;36m[Knote: [m[K  template argument deduction/substitution failed:
[01m[K/home/mmcgraw/Projects/balance_bot/src/balance_hw/src/motor_enable_node.cpp:148:13:[m[K [01;36m[Knote: [m[K  ‘[01m[Kstd::_Bind_helper<false, void (MotorEnableNode::*)(std::shared_ptr<balance_hw_interfaces::srv::SetPwm_Request_<std::allocator<void> > >, std::shared_ptr<balance_hw_interfaces::srv::SetPwm_Response_<std::allocator<void> > >), MotorEnableNode*, const std::_Placeholder<1>&, const std::_Placeholder<2>&>::type[m[K’ is not derived from ‘[01m[Kconst std::shared_ptr<_Tp>[m[K’
  148 |             [01;36m[K)[m[K;
      |             [01;36m[K^[m[K
[01m[K/usr/include/c++/13/bits/shared_ptr.h:659:5:[m[K [01;36m[Knote: [m[Kcandidate: ‘[01m[Ktemplate<class _Tp> bool std::[01;32m[Koperator>[m[K(const shared_ptr<_Tp>&, nullptr_t)[m[K’
  659 |     [01;36m[Koperator[m[K>(const shared_ptr<_Tp>& __a, nullptr_t) noexcept
      |     [01;36m[K^~~~~~~~[m[K
[01m[K/usr/include/c++/13/bits/shared_ptr.h:659:5:[m[K [01;36m[Knote: [m[K  template argument deduction/substitution failed:
[01m[K/home/mmcgraw/Projects/balance_bot/src/balance_hw/src/motor_enable_node.cpp:148:13:[m[K [01;36m[Knote: [m[K  couldn’t deduce template parameter ‘[01m[K_Tp[m[K’
  148 |             [01;36m[K)[m[K;
      |             [01;36m[K^[m[K
[01m[K/usr/include/c++/13/bits/shared_ptr.h:665:5:[m[K [01;36m[Knote: [m[Kcandidate: ‘[01m[Ktemplate<class _Tp> bool std::[01;32m[Koperator>[m[K(nullptr_t, const shared_ptr<_Tp>&)[m[K’
  665 |     [01;36m[Koperator[m[K>(nullptr_t, const shared_ptr<_Tp>& __a) noexcept
      |     [01;36m[K^~~~~~~~[m[K
[01m[K/usr/include/c++/13/bits/shared_ptr.h:665:5:[m[K [01;36m[Knote: [m[K  template argument deduction/substitution failed:
[01m[K/home/mmcgraw/Projects/balance_bot/src/balance_hw/src/motor_enable_node.cpp:148:13:[m[K [01;36m[Knote: [m[K  ‘[01m[Kstd::_Bind_helper<false, void (MotorEnableNode::*)(std::shared_ptr<balance_hw_interfaces::srv::SetPwm_Request_<std::allocator<void> > >, std::shared_ptr<balance_hw_interfaces::srv::SetPwm_Response_<std::allocator<void> > >), MotorEnableNode*, const std::_Placeholder<1>&, const std::_Placeholder<2>&>::type[m[K’ is not derived from ‘[01m[Kconst std::shared_ptr<_Tp>[m[K’
  148 |             [01;36m[K)[m[K;
      |             [01;36m[K^[m[K
In file included from [01m[K/usr/include/c++/13/bits/basic_string.h:47[m[K,
                 from [01m[K/usr/include/c++/13/string:54[m[K,
                 from [01m[K/opt/ros/jazzy/include/rclcpp/rclcpp/copy_all_parameter_values.hpp:18[m[K,
                 from [01m[K/opt/ros/jazzy/include/rclcpp/rclcpp/rclcpp.hpp:171[m[K:
[01m[K/usr/include/c++/13/string_view:693:5:[m[K [01;36m[Knote: [m[Kcandidate: ‘[01m[Ktemplate<class _CharT, class _Traits> constexpr bool std::[01;32m[Koperator>[m[K(basic_string_view<_CharT, _Traits>, basic_string_view<_CharT, _Traits>)[m[K’
  693 |     [01;36m[Koperator[m[K> (basic_string_view<_CharT, _Traits> __x,
      |     [01;36m[K^~~~~~~~[m[K
[01m[K/usr/include/c++/13/string_view:693:5:[m[K [01;36m[Knote: [m[K  template argument deduction/substitution failed:
[01m[K/home/mmcgraw/Projects/balance_bot/src/balance_hw/src/motor_enable_node.cpp:148:13:[m[K [01;36m[Knote: [m[K  ‘[01m[Kstd::_Bind<void (MotorEnableNode::*(MotorEnableNode*, std::_Placeholder<1>, std::_Placeholder<2>))(std::shared_ptr<balance_hw_interfaces::srv::SetPwm_Request_<std::allocator<void> > >, std::shared_ptr<balance_hw_interfaces::srv::SetPwm_Response_<std::allocator<void> > >)>[m[K’ is not derived from ‘[01m[Kstd::basic_string_view<_CharT, _Traits>[m[K’
  148 |             [01;36m[K)[m[K;
      |             [01;36m[K^[m[K
[01m[K/usr/include/c++/13/string_view:700:5:[m[K [01;36m[Knote: [m[Kcandidate: ‘[01m[Ktemplate<class _CharT, class _Traits> constexpr bool std::[01;32m[Koperator>[m[K(basic_string_view<_CharT, _Traits>, __type_identity_t<basic_string_view<_CharT, _Traits> >)[m[K’
  700 |     [01;36m[Koperator[m[K> (basic_string_view<_CharT, _Traits> __x,
      |     [01;36m[K^~~~~~~~[m[K
[01m[K/usr/include/c++/13/string_view:700:5:[m[K [01;36m[Knote: [m[K  template argument deduction/substitution failed:
[01m[K/home/mmcgraw/Projects/balance_bot/src/balance_hw/src/motor_enable_node.cpp:148:13:[m[K [01;36m[Knote: [m[K  couldn’t deduce template parameter ‘[01m[K_CharT[m[K’
  148 |             [01;36m[K)[m[K;
      |             [01;36m[K^[m[K
[01m[K/usr/include/c++/13/string_view:708:5:[m[K [01;36m[Knote: [m[Kcandidate: ‘[01m[Ktemplate<class _CharT, class _Traits> constexpr bool std::[01;32m[Koperator>[m[K(__type_identity_t<basic_string_view<_CharT, _Traits> >, basic_string_view<_CharT, _Traits>)[m[K’
  708 |     [01;36m[Koperator[m[K> (__type_identity_t<basic_string_view<_CharT, _Traits>> __x,
      |     [01;36m[K^~~~~~~~[m[K
[01m[K/usr/include/c++/13/string_view:708:5:[m[K [01;36m[Knote: [m[K  template argument deduction/substitution failed:
[01m[K/home/mmcgraw/Projects/balance_bot/src/balance_hw/src/motor_enable_node.cpp:148:13:[m[K [01;36m[Knote: [m[K  ‘[01m[Kstd::_Bind<void (MotorEnableNode::*(MotorEnableNode*, std::_Placeholder<1>, std::_Placeholder<2>))(std::shared_ptr<balance_hw_interfaces::srv::SetPwm_Request_<std::allocator<void> > >, std::shared_ptr<balance_hw_interfaces::srv::SetPwm_Response_<std::allocator<void> > >)>[m[K’ is not derived from ‘[01m[Kstd::basic_string_view<_CharT, _Traits>[m[K’
  148 |             [01;36m[K)[m[K;
      |             [01;36m[K^[m[K
[01m[K/usr/include/c++/13/bits/basic_string.h:3870:5:[m[K [01;36m[Knote: [m[Kcandidate: ‘[01m[Ktemplate<class _CharT, class _Traits, class _Alloc> bool std::[01;32m[Koperator>[m[K(const __cxx11::basic_string<_CharT, _Traits, _Allocator>&, const __cxx11::basic_string<_CharT, _Traits, _Allocator>&)[m[K’
 3870 |     [01;36m[Koperator[m[K>(const basic_string<_CharT, _Traits, _Alloc>& __lhs,
      |     [01;36m[K^~~~~~~~[m[K
[01m[K/usr/include/c++/13/bits/basic_string.h:3870:5:[m[K [01;36m[Knote: [m[K  template argument deduction/substitution failed:
[01m[K/home/mmcgraw/Projects/balance_bot/src/balance_hw/src/motor_enable_node.cpp:148:13:[m[K [01;36m[Knote: [m[K  ‘[01m[Kstd::_Bind_helper<false, void (MotorEnableNode::*)(std::shared_ptr<balance_hw_interfaces::srv::SetPwm_Request_<std::allocator<void> > >, std::shared_ptr<balance_hw_interfaces::srv::SetPwm_Response_<std::allocator<void> > >), MotorEnableNode*, const std::_Placeholder<1>&, const std::_Placeholder<2>&>::type[m[K’ is not derived from ‘[01m[Kconst std::__cxx11::basic_string<_CharT, _Traits, _Allocator>[m[K’
  148 |             [01;36m[K)[m[K;
      |             [01;36m[K^[m[K
[01m[K/usr/include/c++/13/bits/basic_string.h:3884:5:[m[K [01;36m[Knote: [m[Kcandidate: ‘[01m[Ktemplate<class _CharT, class _Traits, class _Alloc> bool std::[01;32m[Koperator>[m[K(const __cxx11::basic_string<_CharT, _Traits, _Allocator>&, const _CharT*)[m[K’
 3884 |     [01;36m[Koperator[m[K>(const basic_string<_CharT, _Traits, _Alloc>& __lhs,
      |     [01;36m[K^~~~~~~~[m[K
[01m[K/usr/include/c++/13/bits/basic_string.h:3884:5:[m[K [01;36m[Knote: [m[K  template argument deduction/substitution failed:
[01m[K/home/mmcgraw/Projects/balance_bot/src/balance_hw/src/motor_enable_node.cpp:148:13:[m[K [01;36m[Knote: [m[K  mismatched types ‘[01m[Kconst _CharT*[m[K’ and ‘[01m[Kstd::_Bind<void (MotorEnableNode::*(MotorEnableNode*, std::_Placeholder<1>, std::_Placeholder<2>))(std::shared_ptr<balance_hw_interfaces::srv::SetPwm_Request_<std::allocator<void> > >, std::shared_ptr<balance_hw_interfaces::srv::SetPwm_Response_<std::allocator<void> > >)>[m[K’
  148 |             [01;36m[K)[m[K;
      |             [01;36m[K^[m[K
[01m[K/usr/include/c++/13/bits/basic_string.h:3897:5:[m[K [01;36m[Knote: [m[Kcandidate: ‘[01m[Ktemplate<class _CharT, class _Traits, class _Alloc> bool std::[01;32m[Koperator>[m[K(const _CharT*, const __cxx11::basic_string<_CharT, _Traits, _Allocator>&)[m[K’
 3897 |     [01;36m[Koperator[m[K>(const _CharT* __lhs,
      |     [01;36m[K^~~~~~~~[m[K
[01m[K/usr/include/c++/13/bits/basic_string.h:3897:5:[m[K [01;36m[Knote: [m[K  template argument deduction/substitution failed:
[01m[K/home/mmcgraw/Projects/balance_bot/src/balance_hw/src/motor_enable_node.cpp:148:13:[m[K [01;36m[Knote: [m[K  ‘[01m[Kstd::_Bind_helper<false, void (MotorEnableNode::*)(std::shared_ptr<balance_hw_interfaces::srv::SetPwm_Request_<std::allocator<void> > >, std::shared_ptr<balance_hw_interfaces::srv::SetPwm_Response_<std::allocator<void> > >), MotorEnableNode*, const std::_Placeholder<1>&, const std::_Placeholder<2>&>::type[m[K’ is not derived from ‘[01m[Kconst std::__cxx11::basic_string<_CharT, _Traits, _Allocator>[m[K’
  148 |             [01;36m[K)[m[K;
      |             [01;36m[K^[m[K
In file included from [01m[K/usr/include/c++/13/vector:66[m[K,
                 from [01m[K/opt/ros/jazzy/include/rclcpp/rclcpp/copy_all_parameter_values.hpp:19[m[K:
[01m[K/usr/include/c++/13/bits/stl_vector.h:2092:5:[m[K [01;36m[Knote: [m[Kcandidate: ‘[01m[Ktemplate<class _Tp, class _Alloc> bool std::[01;32m[Koperator>[m[K(const vector<_Tp, _Alloc>&, const vector<_Tp, _Alloc>&)[m[K’
 2092 |     [01;36m[Koperator[m[K>(const vector<_Tp, _Alloc>& __x, const vector<_Tp, _Alloc>& __y)
      |     [01;36m[K^~~~~~~~[m[K
[01m[K/usr/include/c++/13/bits/stl_vector.h:2092:5:[m[K [01;36m[Knote: [m[K  template argument deduction/substitution failed:
[01m[K/home/mmcgraw/Projects/balance_bot/src/balance_hw/src/motor_enable_node.cpp:148:13:[m[K [01;36m[Knote: [m[K  ‘[01m[Kstd::_Bind_helper<false, void (MotorEnableNode::*)(std::shared_ptr<balance_hw_interfaces::srv::SetPwm_Request_<std::allocator<void> > >, std::shared_ptr<balance_hw_interfaces::srv::SetPwm_Response_<std::allocator<void> > >), MotorEnableNode*, const std::_Placeholder<1>&, const std::_Placeholder<2>&>::type[m[K’ is not derived from ‘[01m[Kconst std::vector<_Tp, _Alloc>[m[K’
  148 |             [01;36m[K)[m[K;
      |             [01;36m[K^[m[K
In file included from [01m[K/opt/ros/jazzy/include/rcl_interfaces/rcl_interfaces/srv/detail/list_parameters__struct.hpp:12[m[K,
                 from [01m[K/opt/ros/jazzy/include/rcl_interfaces/rcl_interfaces/srv/list_parameters.hpp:7[m[K,
                 from [01m[K/opt/ros/jazzy/include/rclcpp/rclcpp/copy_all_parameter_values.hpp:21[m[K:
[01m[K/usr/include/c++/13/array:343:5:[m[K [01;36m[Knote: [m[Kcandidate: ‘[01m[Ktemplate<class _Tp, long unsigned int _Nm> bool std::[01;32m[Koperator>[m[K(const array<_Tp, _Nm>&, const array<_Tp, _Nm>&)[m[K’
  343 |     [01;36m[Koperator[m[K>(const array<_Tp, _Nm>& __one, const array<_Tp, _Nm>& __two)
      |     [01;36m[K^~~~~~~~[m[K
[01m[K/usr/include/c++/13/array:343:5:[m[K [01;36m[Knote: [m[K  template argument deduction/substitution failed:
[01m[K/home/mmcgraw/Projects/balance_bot/src/balance_hw/src/motor_enable_node.cpp:148:13:[m[K [01;36m[Knote: [m[K  ‘[01m[Kstd::_Bind_helper<false, void (MotorEnableNode::*)(std::shared_ptr<balance_hw_interfaces::srv::SetPwm_Request_<std::allocator<void> > >, std::shared_ptr<balance_hw_interfaces::srv::SetPwm_Response_<std::allocator<void> > >), MotorEnableNode*, const std::_Placeholder<1>&, const std::_Placeholder<2>&>::type[m[K’ is not derived from ‘[01m[Kconst std::array<_Tp, _Nm>[m[K’
  148 |             [01;36m[K)[m[K;
      |             [01;36m[K^[m[K
In file included from [01m[K/usr/include/c++/13/set:63[m[K,
                 from [01m[K/opt/ros/jazzy/include/rclcpp/rclcpp/executors/multi_threaded_executor.hpp:21[m[K,
                 from [01m[K/opt/ros/jazzy/include/rclcpp/rclcpp/executors.hpp:21[m[K,
                 from [01m[K/opt/ros/jazzy/include/rclcpp/rclcpp/rclcpp.hpp:172[m[K:
[01m[K/usr/include/c++/13/bits/stl_set.h:1039:5:[m[K [01;36m[Knote: [m[Kcandidate: ‘[01m[Ktemplate<class _Key, class _Compare, class _Alloc> bool std::[01;32m[Koperator>[m[K(const set<_Key, _Compare, _Allocator>&, const set<_Key, _Compare, _Allocator>&)[m[K’
 1039 |     [01;36m[Koperator[m[K>(const set<_Key, _Compare, _Alloc>& __x,
      |     [01;36m[K^~~~~~~~[m[K
[01m[K/usr/include/c++/13/bits/stl_set.h:1039:5:[m[K [01;36m[Knote: [m[K  template argument deduction/substitution failed:
[01m[K/home/mmcgraw/Projects/balance_bot/src/balance_hw/src/motor_enable_node.cpp:148:13:[m[K [01;36m[Knote: [m[K  ‘[01m[Kstd::_Bind_helper<false, void (MotorEnableNode::*)(std::shared_ptr<balance_hw_interfaces::srv::SetPwm_Request_<std::allocator<void> > >, std::shared_ptr<balance_hw_interfaces::srv::SetPwm_Response_<std::allocator<void> > >), MotorEnableNode*, const std::_Placeholder<1>&, const std::_Placeholder<2>&>::type[m[K’ is not derived from ‘[01m[Kconst std::set<_Key, _Compare, _Allocator>[m[K’
  148 |             [01;36m[K)[m[K;
      |             [01;36m[K^[m[K
In file included from [01m[K/usr/include/c++/13/set:64[m[K:
[01m[K/usr/include/c++/13/bits/stl_multiset.h:1025:5:[m[K [01;36m[Knote: [m[Kcandidate: ‘[01m[Ktemplate<class _Key, class _Compare, class _Alloc> bool std::[01;32m[Koperator>[m[K(const multiset<_Key, _Compare, _Allocator>&, const multiset<_Key, _Compare, _Allocator>&)[m[K’
 1025 |     [01;36m[Koperator[m[K>(const multiset<_Key,_Compare,_Alloc>& __x,
      |     [01;36m[K^~~~~~~~[m[K
[01m[K/usr/include/c++/13/bits/stl_multiset.h:1025:5:[m[K [01;36m[Knote: [m[K  template argument deduction/substitution failed:
[01m[K/home/mmcgraw/Projects/balance_bot/src/balance_hw/src/motor_enable_node.cpp:148:13:[m[K [01;36m[Knote: [m[K  ‘[01m[Kstd::_Bind_helper<false, void (MotorEnableNode::*)(std::shared_ptr<balance_hw_interfaces::srv::SetPwm_Request_<std::allocator<void> > >, std::shared_ptr<balance_hw_interfaces::srv::SetPwm_Response_<std::allocator<void> > >), MotorEnableNode*, const std::_Placeholder<1>&, const std::_Placeholder<2>&>::type[m[K’ is not derived from ‘[01m[Kconst std::multiset<_Key, _Compare, _Allocator>[m[K’
  148 |             [01;36m[K)[m[K;
      |             [01;36m[K^[m[K
In file included from [01m[K/usr/include/c++/13/list:65[m[K,
                 from [01m[K/opt/ros/jazzy/include/rclcpp/rclcpp/executor.hpp:23[m[K,
                 from [01m[K/opt/ros/jazzy/include/rclcpp/rclcpp/executors/multi_threaded_executor.hpp:25[m[K:
[01m[K/usr/include/c++/13/bits/stl_list.h:2195:5:[m[K [01;36m[Knote: [m[Kcandidate: ‘[01m[Ktemplate<class _Tp, class _Alloc> bool std::[01;32m[Koperator>[m[K(const __cxx11::list<_Tp, _Alloc>&, const __cxx11::list<_Tp, _Alloc>&)[m[K’
 2195 |     [01;36m[Koperator[m[K>(const list<_Tp, _Alloc>& __x, const list<_Tp, _Alloc>& __y)
      |     [01;36m[K^~~~~~~~[m[K
[01m[K/usr/include/c++/13/bits/stl_list.h:2195:5:[m[K [01;36m[Knote: [m[K  template argument deduction/substitution failed:
[01m[K/home/mmcgraw/Projects/balance_bot/src/balance_hw/src/motor_enable_node.cpp:148:13:[m[K [01;36m[Knote: [m[K  ‘[01m[Kstd::_Bind_helper<false, void (MotorEnableNode::*)(std::shared_ptr<balance_hw_interfaces::srv::SetPwm_Request_<std::allocator<void> > >, std::shared_ptr<balance_hw_interfaces::srv::SetPwm_Response_<std::allocator<void> > >), MotorEnableNode*, const std::_Placeholder<1>&, const std::_Placeholder<2>&>::type[m[K’ is not derived from ‘[01m[Kconst std::__cxx11::list<_Tp, _Alloc>[m[K’
  148 |             [01;36m[K)[m[K;
      |             [01;36m[K^[m[K
In file included from [01m[K/usr/include/c++/13/map:63[m[K,
                 from [01m[K/opt/ros/jazzy/include/rclcpp/rclcpp/executor.hpp:24[m[K:
[01m[K/usr/include/c++/13/bits/stl_map.h:1565:5:[m[K [01;36m[Knote: [m[Kcandidate: ‘[01m[Ktemplate<class _Key, class _Tp, class _Compare, class _Alloc> bool std::[01;32m[Koperator>[m[K(const map<_Key, _Tp, _Compare, _Allocator>&, const map<_Key, _Tp, _Compare, _Allocator>&)[m[K’
 1565 |     [01;36m[Koperator[m[K>(const map<_Key, _Tp, _Compare, _Alloc>& __x,
      |     [01;36m[K^~~~~~~~[m[K
[01m[K/usr/include/c++/13/bits/stl_map.h:1565:5:[m[K [01;36m[Knote: [m[K  template argument deduction/substitution failed:
[01m[K/home/mmcgraw/Projects/balance_bot/src/balance_hw/src/motor_enable_node.cpp:148:13:[m[K [01;36m[Knote: [m[K  ‘[01m[Kstd::_Bind_helper<false, void (MotorEnableNode::*)(std::shared_ptr<balance_hw_interfaces::srv::SetPwm_Request_<std::allocator<void> > >, std::shared_ptr<balance_hw_interfaces::srv::SetPwm_Response_<std::allocator<void> > >), MotorEnableNode*, const std::_Placeholder<1>&, const std::_Placeholder<2>&>::type[m[K’ is not derived from ‘[01m[Kconst std::map<_Key, _Tp, _Compare, _Allocator>[m[K’
  148 |             [01;36m[K)[m[K;
      |             [01;36m[K^[m[K
In file included from [01m[K/usr/include/c++/13/map:64[m[K:
[01m[K/usr/include/c++/13/bits/stl_multimap.h:1186:5:[m[K [01;36m[Knote: [m[Kcandidate: ‘[01m[Ktemplate<class _Key, class _Tp, class _Compare, class _Alloc> bool std::[01;32m[Koperator>[m[K(const multimap<_Key, _Tp, _Compare, _Allocator>&, const multimap<_Key, _Tp, _Compare, _Allocator>&)[m[K’
 1186 |     [01;36m[Koperator[m[K>(const multimap<_Key, _Tp, _Compare, _Alloc>& __x,
      |     [01;36m[K^~~~~~~~[m[K
[01m[K/usr/include/c++/13/bits/stl_multimap.h:1186:5:[m[K [01;36m[Knote: [m[K  template argument deduction/substitution failed:
[01m[K/home/mmcgraw/Projects/balance_bot/src/balance_hw/src/motor_enable_node.cpp:148:13:[m[K [01;36m[Knote: [m[K  ‘[01m[Kstd::_Bind_helper<false, void (MotorEnableNode::*)(std::shared_ptr<balance_hw_interfaces::srv::SetPwm_Request_<std::allocator<void> > >, std::shared_ptr<balance_hw_interfaces::srv::SetPwm_Response_<std::allocator<void> > >), MotorEnableNode*, const std::_Placeholder<1>&, const std::_Placeholder<2>&>::type[m[K’ is not derived from ‘[01m[Kconst std::multimap<_Key, _Tp, _Compare, _Allocator>[m[K’
  148 |             [01;36m[K)[m[K;
      |             [01;36m[K^[m[K
In file included from [01m[K/opt/ros/jazzy/include/rclcpp/rclcpp/client.hpp:23[m[K,
                 from [01m[K/opt/ros/jazzy/include/rclcpp/rclcpp/callback_group.hpp:24[m[K,
                 from [01m[K/opt/ros/jazzy/include/rclcpp/rclcpp/any_executable.hpp:20[m[K,
                 from [01m[K/opt/ros/jazzy/include/rclcpp/rclcpp/memory_strategy.hpp:25[m[K,
                 from [01m[K/opt/ros/jazzy/include/rclcpp/rclcpp/memory_strategies.hpp:18[m[K,
                 from [01m[K/opt/ros/jazzy/include/rclcpp/rclcpp/executor_options.hpp:22[m[K,
                 from [01m[K/opt/ros/jazzy/include/rclcpp/rclcpp/executor.hpp:38[m[K:
[01m[K/usr/include/c++/13/optional:1262:5:[m[K [01;36m[Knote: [m[Kcandidate: ‘[01m[Ktemplate<class _Tp, class _Up> constexpr std::__optional_gt_t<_Tp, _Up> std::[01;32m[Koperator>[m[K(const optional<_Tp>&, const optional<_Up>&)[m[K’
 1262 |     [01;36m[Koperator[m[K>(const optional<_Tp>& __lhs, const optional<_Up>& __rhs)
      |     [01;36m[K^~~~~~~~[m[K
[01m[K/usr/include/c++/13/optional:1262:5:[m[K [01;36m[Knote: [m[K  template argument deduction/substitution failed:
[01m[K/home/mmcgraw/Projects/balance_bot/src/balance_hw/src/motor_enable_node.cpp:148:13:[m[K [01;36m[Knote: [m[K  ‘[01m[Kstd::_Bind_helper<false, void (MotorEnableNode::*)(std::shared_ptr<balance_hw_interfaces::srv::SetPwm_Request_<std::allocator<void> > >, std::shared_ptr<balance_hw_interfaces::srv::SetPwm_Response_<std::allocator<void> > >), MotorEnableNode*, const std::_Placeholder<1>&, const std::_Placeholder<2>&>::type[m[K’ is not derived from ‘[01m[Kconst std::optional<_Up>[m[K’
  148 |             [01;36m[K)[m[K;
      |             [01;36m[K^[m[K
[01m[K/usr/include/c++/13/optional:1332:5:[m[K [01;36m[Knote: [m[Kcandidate: ‘[01m[Ktemplate<class _Tp> constexpr bool std::[01;32m[Koperator>[m[K(const optional<_Tp>&, nullopt_t)[m[K’
 1332 |     [01;36m[Koperator[m[K>(const optional<_Tp>& __lhs, nullopt_t) noexcept
      |     [01;36m[K^~~~~~~~[m[K
[01m[K/usr/include/c++/13/optional:1332:5:[m[K [01;36m[Knote: [m[K  template argument deduction/substitution failed:
[01m[K/home/mmcgraw/Projects/balance_bot/src/balance_hw/src/motor_enable_node.cpp:148:13:[m[K [01;36m[Knote: [m[K  couldn’t deduce template parameter ‘[01m[K_Tp[m[K’
  148 |             [01;36m[K)[m[K;
      |             [01;36m[K^[m[K
[01m[K/usr/include/c++/13/optional:1337:5:[m[K [01;36m[Knote: [m[Kcandidate: ‘[01m[Ktemplate<class _Tp> constexpr bool std::[01;32m[Koperator>[m[K(nullopt_t, const optional<_Tp>&)[m[K’
 1337 |     [01;36m[Koperator[m[K>(nullopt_t, const optional<_Tp>& /* __rhs */) noexcept
      |     [01;36m[K^~~~~~~~[m[K
[01m[K/usr/include/c++/13/optional:1337:5:[m[K [01;36m[Knote: [m[K  template argument deduction/substitution failed:
[01m[K/home/mmcgraw/Projects/balance_bot/src/balance_hw/src/motor_enable_node.cpp:148:13:[m[K [01;36m[Knote: [m[K  ‘[01m[Kstd::_Bind_helper<false, void (MotorEnableNode::*)(std::shared_ptr<balance_hw_interfaces::srv::SetPwm_Request_<std::allocator<void> > >, std::shared_ptr<balance_hw_interfaces::srv::SetPwm_Response_<std::allocator<void> > >), MotorEnableNode*, const std::_Placeholder<1>&, const std::_Placeholder<2>&>::type[m[K’ is not derived from ‘[01m[Kconst std::optional<_Tp>[m[K’
  148 |             [01;36m[K)[m[K;
      |             [01;36m[K^[m[K
[01m[K/usr/include/c++/13/optional:1400:5:[m[K [01;36m[Knote: [m[Kcandidate: ‘[01m[Ktemplate<class _Tp, class _Up> constexpr std::__optional_gt_t<_Tp, _Up> std::[01;32m[Koperator>[m[K(const optional<_Tp>&, const _Up&)[m[K’
 1400 |     [01;36m[Koperator[m[K>(const optional<_Tp>& __lhs, const _Up& __rhs)
      |     [01;36m[K^~~~~~~~[m[K
[01m[K/usr/include/c++/13/optional:1400:5:[m[K [01;36m[Knote: [m[K  template argument deduction/substitution failed:
[01m[K/home/mmcgraw/Projects/balance_bot/src/balance_hw/src/motor_enable_node.cpp:148:13:[m[K [01;36m[Knote: [m[K  couldn’t deduce template parameter ‘[01m[K_Tp[m[K’
  148 |             [01;36m[K)[m[K;
      |             [01;36m[K^[m[K
[01m[K/usr/include/c++/13/optional:1406:5:[m[K [01;36m[Knote: [m[Kcandidate: ‘[01m[Ktemplate<class _Tp, class _Up> constexpr std::__optional_gt_t<_Up, _Tp> std::[01;32m[Koperator>[m[K(const _Up&, const optional<_Tp>&)[m[K’
 1406 |     [01;36m[Koperator[m[K>(const _Up& __lhs, const optional<_Tp>& __rhs)
      |     [01;36m[K^~~~~~~~[m[K
[01m[K/usr/include/c++/13/optional:1406:5:[m[K [01;36m[Knote: [m[K  template argument deduction/substitution failed:
[01m[K/home/mmcgraw/Projects/balance_bot/src/balance_hw/src/motor_enable_node.cpp:148:13:[m[K [01;36m[Knote: [m[K  ‘[01m[Kstd::_Bind_helper<false, void (MotorEnableNode::*)(std::shared_ptr<balance_hw_interfaces::srv::SetPwm_Request_<std::allocator<void> > >, std::shared_ptr<balance_hw_interfaces::srv::SetPwm_Response_<std::allocator<void> > >), MotorEnableNode*, const std::_Placeholder<1>&, const std::_Placeholder<2>&>::type[m[K’ is not derived from ‘[01m[Kconst std::optional<_Tp>[m[K’
  148 |             [01;36m[K)[m[K;
      |             [01;36m[K^[m[K
In file included from [01m[K/opt/ros/jazzy/include/rclcpp/rclcpp/client.hpp:29[m[K:
[01m[K/usr/include/c++/13/variant:1269:3:[m[K [01;36m[Knote: [m[Kcandidate: ‘[01m[Ktemplate<class ... _Types> constexpr bool std::[01;32m[Koperator>[m[K(const variant<_Types ...>&, const variant<_Types ...>&)[m[K’
 1269 |   [01;36m[K_VARIANT_RELATION_FUNCTION_TEMPLATE[m[K(>, greater)
      |   [01;36m[K^~~~~~~~~~~~~~~~~~~~~~~~~~~~~~~~~~~[m[K
[01m[K/usr/include/c++/13/variant:1269:3:[m[K [01;36m[Knote: [m[K  template argument deduction/substitution failed:
[01m[K/home/mmcgraw/Projects/balance_bot/src/balance_hw/src/motor_enable_node.cpp:148:13:[m[K [01;36m[Knote: [m[K  ‘[01m[Kstd::_Bind_helper<false, void (MotorEnableNode::*)(std::shared_ptr<balance_hw_interfaces::srv::SetPwm_Request_<std::allocator<void> > >, std::shared_ptr<balance_hw_interfaces::srv::SetPwm_Response_<std::allocator<void> > >), MotorEnableNode*, const std::_Placeholder<1>&, const std::_Placeholder<2>&>::type[m[K’ is not derived from ‘[01m[Kconst std::variant<_Types ...>[m[K’
  148 |             [01;36m[K)[m[K;
      |             [01;36m[K^[m[K
In file included from [01m[K/usr/include/c++/13/deque:66[m[K,
                 from [01m[K/opt/ros/jazzy/include/rclcpp/rclcpp/executors/executor_entities_collection.hpp:18[m[K,
                 from [01m[K/opt/ros/jazzy/include/rclcpp/rclcpp/executor.hpp:39[m[K:
[01m[K/usr/include/c++/13/bits/stl_deque.h:2345:5:[m[K [01;36m[Knote: [m[Kcandidate: ‘[01m[Ktemplate<class _Tp, class _Alloc> bool std::[01;32m[Koperator>[m[K(const deque<_Tp, _Alloc>&, const deque<_Tp, _Alloc>&)[m[K’
 2345 |     [01;36m[Koperator[m[K>(const deque<_Tp, _Alloc>& __x, const deque<_Tp, _Alloc>& __y)
      |     [01;36m[K^~~~~~~~[m[K
[01m[K/usr/include/c++/13/bits/stl_deque.h:2345:5:[m[K [01;36m[Knote: [m[K  template argument deduction/substitution failed:
[01m[K/home/mmcgraw/Projects/balance_bot/src/balance_hw/src/motor_enable_node.cpp:148:13:[m[K [01;36m[Knote: [m[K  ‘[01m[Kstd::_Bind_helper<false, void (MotorEnableNode::*)(std::shared_ptr<balance_hw_interfaces::srv::SetPwm_Request_<std::allocator<void> > >, std::shared_ptr<balance_hw_interfaces::srv::SetPwm_Response_<std::allocator<void> > >), MotorEnableNode*, const std::_Placeholder<1>&, const std::_Placeholder<2>&>::type[m[K’ is not derived from ‘[01m[Kconst std::deque<_Tp, _Alloc>[m[K’
  148 |             [01;36m[K)[m[K;
      |             [01;36m[K^[m[K
In file included from [01m[K/usr/include/c++/13/queue:66[m[K,
                 from [01m[K/opt/ros/jazzy/include/rclcpp/rclcpp/experimental/executors/events_executor/events_queue.hpp:18[m[K,
                 from [01m[K/opt/ros/jazzy/include/rclcpp/rclcpp/experimental/executors/events_executor/events_executor.hpp:27[m[K,
                 from [01m[K/opt/ros/jazzy/include/rclcpp/rclcpp/executors.hpp:24[m[K:
[01m[K/usr/include/c++/13/bits/stl_queue.h:413:5:[m[K [01;36m[Knote: [m[Kcandidate: ‘[01m[Ktemplate<class _Tp, class _Seq> bool std::[01;32m[Koperator>[m[K(const queue<_Tp, _Seq>&, const queue<_Tp, _Seq>&)[m[K’
  413 |     [01;36m[Koperator[m[K>(const queue<_Tp, _Seq>& __x, const queue<_Tp, _Seq>& __y)
      |     [01;36m[K^~~~~~~~[m[K
[01m[K/usr/include/c++/13/bits/stl_queue.h:413:5:[m[K [01;36m[Knote: [m[K  template argument deduction/substitution failed:
[01m[K/home/mmcgraw/Projects/balance_bot/src/balance_hw/src/motor_enable_node.cpp:148:13:[m[K [01;36m[Knote: [m[K  ‘[01m[Kstd::_Bind_helper<false, void (MotorEnableNode::*)(std::shared_ptr<balance_hw_interfaces::srv::SetPwm_Request_<std::allocator<void> > >, std::shared_ptr<balance_hw_interfaces::srv::SetPwm_Response_<std::allocator<void> > >), MotorEnableNode*, const std::_Placeholder<1>&, const std::_Placeholder<2>&>::type[m[K’ is not derived from ‘[01m[Kconst std::queue<_Tp, _Seq>[m[K’
  148 |             [01;36m[K)[m[K;
      |             [01;36m[K^[m[K
In file included from [01m[K/opt/ros/jazzy/include/rclcpp/rclcpp/executors/multi_threaded_executor.hpp:22[m[K:
[01m[K/usr/include/c++/13/thread:87:3:[m[K [01;36m[Knote: [m[Kcandidate: ‘[01m[Kbool std::[01;32m[Koperator>[m[K(thread::id, thread::id)[m[K’
   87 |   [01;36m[Koperator[m[K>(thread::id __x, thread::id __y) noexcept
      |   [01;36m[K^~~~~~~~[m[K
[01m[K/usr/include/c++/13/thread:87:24:[m[K [01;36m[Knote: [m[K  no known conversion for argument 1 from ‘[01m[K<unresolved overloaded function type>[m[K’ to ‘[01m[Kstd::thread::id[m[K’
   87 |   operator>([01;36m[Kthread::id __x[m[K, thread::id __y) noexcept
      |             [01;36m[K~~~~~~~~~~~^~~[m[K
[01m[K/usr/include/c++/13/variant:1307:18:[m[K [01;36m[Knote: [m[Kcandidate: ‘[01m[Kconstexpr bool std::[01;32m[Koperator>[m[K(monostate, monostate)[m[K’
 1307 |   constexpr bool [01;36m[Koperator[m[K>(monostate, monostate) noexcept { return false; }
      |                  [01;36m[K^~~~~~~~[m[K
[01m[K/usr/include/c++/13/variant:1307:28:[m[K [01;36m[Knote: [m[K  no known conversion for argument 1 from ‘[01m[K<unresolved overloaded function type>[m[K’ to ‘[01m[Kstd::monostate[m[K’
 1307 |   constexpr bool operator>([01;36m[Kmonostate[m[K, monostate) noexcept { return false; }
      |                            [01;36m[K^~~~~~~~~[m[K
gmake[2]: *** [CMakeFiles/motor_enable_node.dir/build.make:76: CMakeFiles/motor_enable_node.dir/src/motor_enable_node.cpp.o] Error 1
gmake[1]: *** [CMakeFiles/Makefile2:137: CMakeFiles/motor_enable_node.dir/all] Error 2
gmake: *** [Makefile:146: all] Error 2
