[0.086s] Invoking command in '/home/mmcgraw/Projects/balance_bot/build/balance_hw': CMAKE_PREFIX_PATH=/home/mmcgraw/Projects/balance_bot/install/balance_hw_interfaces:/home/mmcgraw/Projects/balance_bot/install/balance_hw:/opt/ros/jazzy /usr/bin/cmake --build /home/mmcgraw/Projects/balance_bot/build/balance_hw -- -j4 -l4
[0.260s] -- Found ament_cmake: 2.5.5 (/opt/ros/jazzy/share/ament_cmake/cmake)
[1.257s] -- Found rclcpp: 28.1.16 (/opt/ros/jazzy/share/rclcpp/cmake)
[1.391s] -- Found rosidl_generator_c: 4.6.7 (/opt/ros/jazzy/share/rosidl_generator_c/cmake)
[1.431s] -- Found rosidl_generator_cpp: 4.6.7 (/opt/ros/jazzy/share/rosidl_generator_cpp/cmake)
[1.480s] -- Using all available rosidl_typesupport_c: rosidl_typesupport_fastrtps_c;rosidl_typesupport_introspection_c
[1.536s] -- Using all available rosidl_typesupport_cpp: rosidl_typesupport_fastrtps_cpp;rosidl_typesupport_introspection_cpp
[1.829s] -- Found rmw_implementation_cmake: 7.3.3 (/opt/ros/jazzy/share/rmw_implementation_cmake/cmake)
[1.842s] -- Found rmw_fastrtps_cpp: 8.4.3 (/opt/ros/jazzy/share/rmw_fastrtps_cpp/cmake)
[2.181s] -- Using RMW implementation 'rmw_fastrtps_cpp' as default
[2.522s] -- Found std_msgs: 5.3.6 (/opt/ros/jazzy/share/std_msgs/cmake)
[2.601s] -- Found std_srvs: 5.3.6 (/opt/ros/jazzy/share/std_srvs/cmake)
[2.687s] -- Found balance_hw_interfaces: 0.0.0 (/home/mmcgraw/Projects/balance_bot/install/balance_hw_interfaces/share/balance_hw_interfaces/cmake)
[2.762s] -- Found ament_lint_auto: 0.17.4 (/opt/ros/jazzy/share/ament_lint_auto/cmake)
[3.203s] -- Added test 'cppcheck' to perform static code analysis on C / C++ code
[3.204s] -- Configured cppcheck include dirs: 
[3.204s] -- Configured cppcheck exclude dirs and/or files: 
[3.208s] -- Added test 'lint_cmake' to check CMake code style
[3.216s] -- Added test 'uncrustify' to check C / C++ code style
[3.216s] -- Configured uncrustify additional arguments: 
[3.218s] -- Added test 'xmllint' to check XML markup files
[3.228s] -- Configuring done (3.0s)
[3.331s] -- Generating done (0.1s)
[3.356s] -- Build files have been written to: /home/mmcgraw/Projects/balance_bot/build/balance_hw
[3.645s] [ 50%] [32mBuilding CXX object CMakeFiles/motor_enable_node.dir/src/motor_enable_node.cpp.o[0m
[14.784s] [01m[K/home/mmcgraw/Projects/balance_bot/src/balance_hw/src/motor_enable_node.cpp:181:9:[m[K [01;31m[Kerror: [m[K‘[01m[Krlccpp[m[K’ does not name a type
[14.785s]   181 |         [01;31m[Krlccpp[m[K::Service<SetPwm>::SharedPtr motors_pwm_srv_;
[14.786s]       |         [01;31m[K^~~~~~[m[K
[14.877s] [01m[K/home/mmcgraw/Projects/balance_bot/src/balance_hw/src/motor_enable_node.cpp:[m[K In constructor ‘[01m[KMotorEnableNode::[01;32m[KMotorEnableNode[m[K()[m[K’:
[14.878s] [01m[K/home/mmcgraw/Projects/balance_bot/src/balance_hw/src/motor_enable_node.cpp:145:13:[m[K [01;31m[Kerror: [m[K‘[01m[Kmotors_pwm_srv_[m[K’ was not declared in this scope; did you mean ‘[01m[Kmotors_enable_srv_[m[K’?
[14.878s]   145 |             [01;31m[Kmotors_pwm_srv_[m[K = this->create_service<SetPwm>>(
[14.879s]       |             [01;31m[K^~~~~~~~~~~~~~~[m[K
[14.879s]       |             [32m[Kmotors_enable_srv_[m[K
[14.894s] [01m[K/home/mmcgraw/Projects/balance_bot/src/balance_hw/src/motor_enable_node.cpp:146:17:[m[K [01;35m[Kwarning: [m[Kleft operand of comma operator has no effect [[01;35m[K]8;;https://gcc.gnu.org/onlinedocs/gcc/Warning-Options.html#index-Wunused-value-Wunused-value]8;;[m[K]
[14.894s]   146 |                 [01;35m[K"motors_pwm"[m[K,
[14.895s]       |                 [01;35m[K^~~~~~~~~~~~[m[K
[14.895s] [01m[K/home/mmcgraw/Projects/balance_bot/src/balance_hw/src/motor_enable_node.cpp:145:58:[m[K [01;31m[Kerror: [m[Kno match for ‘[01m[Koperator>[m[K’ (operand types are ‘[01m[K<unresolved overloaded function type>[m[K’ and ‘[01m[Kstd::_Bind_helper<false, void (MotorEnableNode::*)(std::shared_ptr<balance_hw_interfaces::srv::SetPwm_Request_<std::allocator<void> > >, std::shared_ptr<balance_hw_interfaces::srv::SetPwm_Response_<std::allocator<void> > >), MotorEnableNode*, const std::_Placeholder<1>&, const std::_Placeholder<2>&>::type[m[K’)
[14.896s]   145 |             motors_pwm_srv_ = [32m[Kthis->create_service<SetPwm[m[K[01;31m[K>>[m[K[34m[K([m[K
[14.897s]       |                               [32m[K~~~~~~~~~~~~~~~~~~~~~~~~~~~[m[K[01;31m[K^~[m[K[34m[K~[m[K
[14.897s]       |                                     [32m[K|[m[K
[14.898s]       |                                     [32m[K<unresolved overloaded function type>[m[K
[14.898s]   146 | [34m[K                "motors_pwm",[m[K
[14.901s]       |                 [34m[K~~~~~~~~~~~~~[m[K                             
[14.903s]       |                             [34m[K|[m[K
[14.905s]       |                             [34m[Kstd::_Bind_helper<false, void (MotorEnableNode::*)(std::shared_ptr<balance_hw_interfaces::srv::SetPwm_Request_<std::allocator<void> > >, std::shared_ptr<balance_hw_interfaces::srv::SetPwm_Response_<std::allocator<void> > >), MotorEnableNode*, const std::_Placeholder<1>&, const std::_Placeholder<2>&>::type[m[K
[14.906s]   147 | [34m[K                std::bind(&MotorEnableNode::on_motors_pwm, this, _1, _2)[m[K
[14.907s]       |                 [34m[K~~~~~~~~~~~~~~~~~~~~~~~~~~~~~~~~~~~~~~~~~~~~~~~~~~~~~~~~[m[K
[14.909s]   148 | [34m[K            )[m[K;
[14.911s]       |             [34m[K~[m[K                                             
[14.911s] In file included from [01m[K/usr/include/c++/13/bits/stl_tempbuf.h:62[m[K,
[14.912s]                  from [01m[K/usr/include/c++/13/memory:66[m[K,
[14.912s]                  from [01m[K/opt/ros/jazzy/include/rclcpp/rclcpp/rclcpp.hpp:169[m[K,
[14.912s]                  from [01m[K/home/mmcgraw/Projects/balance_bot/src/balance_hw/src/motor_enable_node.cpp:1[m[K:
[14.913s] [01m[K/usr/include/c++/13/bits/stl_pair.h:848:5:[m[K [01;36m[Knote: [m[Kcandidate: ‘[01m[Ktemplate<class _T1, class _T2> constexpr bool std::[01;32m[Koperator>[m[K(const pair<_T1, _T2>&, const pair<_T1, _T2>&)[m[K’
[14.913s]   848 |     [01;36m[Koperator[m[K>(const pair<_T1, _T2>& __x, const pair<_T1, _T2>& __y)
[14.914s]       |     [01;36m[K^~~~~~~~[m[K
[14.914s] [01m[K/usr/include/c++/13/bits/stl_pair.h:848:5:[m[K [01;36m[Knote: [m[K  template argument deduction/substitution failed:
[14.915s] [01m[K/home/mmcgraw/Projects/balance_bot/src/balance_hw/src/motor_enable_node.cpp:148:13:[m[K [01;36m[Knote: [m[K  ‘[01m[Kstd::_Bind_helper<false, void (MotorEnableNode::*)(std::shared_ptr<balance_hw_interfaces::srv::SetPwm_Request_<std::allocator<void> > >, std::shared_ptr<balance_hw_interfaces::srv::SetPwm_Response_<std::allocator<void> > >), MotorEnableNode*, const std::_Placeholder<1>&, const std::_Placeholder<2>&>::type[m[K’ is not derived from ‘[01m[Kconst std::pair<_T1, _T2>[m[K’
[14.915s]   148 |             [01;36m[K)[m[K;
[14.916s]       |             [01;36m[K^[m[K
[14.916s] In file included from [01m[K/usr/include/c++/13/bits/stl_algobase.h:67[m[K,
[14.917s]                  from [01m[K/usr/include/c++/13/bits/stl_uninitialized.h:63[m[K,
[14.917s]                  from [01m[K/usr/include/c++/13/memory:69[m[K:
[14.917s] [01m[K/usr/include/c++/13/bits/stl_iterator.h:469:5:[m[K [01;36m[Knote: [m[Kcandidate: ‘[01m[Ktemplate<class _Iterator> constexpr bool std::[01;32m[Koperator>[m[K(const reverse_iterator<_Iterator>&, const reverse_iterator<_Iterator>&)[m[K’
[14.918s]   469 |     [01;36m[Koperator[m[K>(const reverse_iterator<_Iterator>& __x,
[14.918s]       |     [01;36m[K^~~~~~~~[m[K
[14.919s] [01m[K/usr/include/c++/13/bits/stl_iterator.h:469:5:[m[K [01;36m[Knote: [m[K  template argument deduction/substitution failed:
[14.919s] [01m[K/home/mmcgraw/Projects/balance_bot/src/balance_hw/src/motor_enable_node.cpp:148:13:[m[K [01;36m[Knote: [m[K  ‘[01m[Kstd::_Bind_helper<false, void (MotorEnableNode::*)(std::shared_ptr<balance_hw_interfaces::srv::SetPwm_Request_<std::allocator<void> > >, std::shared_ptr<balance_hw_interfaces::srv::SetPwm_Response_<std::allocator<void> > >), MotorEnableNode*, const std::_Placeholder<1>&, const std::_Placeholder<2>&>::type[m[K’ is not derived from ‘[01m[Kconst std::reverse_iterator<_Iterator>[m[K’
[14.920s]   148 |             [01;36m[K)[m[K;
[14.920s]       |             [01;36m[K^[m[K
[14.921s] [01m[K/usr/include/c++/13/bits/stl_iterator.h:514:5:[m[K [01;36m[Knote: [m[Kcandidate: ‘[01m[Ktemplate<class _IteratorL, class _IteratorR> constexpr bool std::[01;32m[Koperator>[m[K(const reverse_iterator<_Iterator>&, const reverse_iterator<_IteratorR>&)[m[K’
[14.921s]   514 |     [01;36m[Koperator[m[K>(const reverse_iterator<_IteratorL>& __x,
[14.921s]       |     [01;36m[K^~~~~~~~[m[K
[14.922s] [01m[K/usr/include/c++/13/bits/stl_iterator.h:514:5:[m[K [01;36m[Knote: [m[K  template argument deduction/substitution failed:
[14.922s] [01m[K/home/mmcgraw/Projects/balance_bot/src/balance_hw/src/motor_enable_node.cpp:148:13:[m[K [01;36m[Knote: [m[K  ‘[01m[Kstd::_Bind_helper<false, void (MotorEnableNode::*)(std::shared_ptr<balance_hw_interfaces::srv::SetPwm_Request_<std::allocator<void> > >, std::shared_ptr<balance_hw_interfaces::srv::SetPwm_Response_<std::allocator<void> > >), MotorEnableNode*, const std::_Placeholder<1>&, const std::_Placeholder<2>&>::type[m[K’ is not derived from ‘[01m[Kconst std::reverse_iterator<_IteratorR>[m[K’
[14.923s]   148 |             [01;36m[K)[m[K;
[14.923s]       |             [01;36m[K^[m[K
[14.924s] [01m[K/usr/include/c++/13/bits/stl_iterator.h:1725:5:[m[K [01;36m[Knote: [m[Kcandidate: ‘[01m[Ktemplate<class _IteratorL, class _IteratorR> constexpr bool std::[01;32m[Koperator>[m[K(const move_iterator<_IteratorL>&, const move_iterator<_IteratorR>&)[m[K’
[14.924s]  1725 |     [01;36m[Koperator[m[K>(const move_iterator<_IteratorL>& __x,
[14.924s]       |     [01;36m[K^~~~~~~~[m[K
[14.925s] [01m[K/usr/include/c++/13/bits/stl_iterator.h:1725:5:[m[K [01;36m[Knote: [m[K  template argument deduction/substitution failed:
[14.925s] [01m[K/home/mmcgraw/Projects/balance_bot/src/balance_hw/src/motor_enable_node.cpp:148:13:[m[K [01;36m[Knote: [m[K  ‘[01m[Kstd::_Bind_helper<false, void (MotorEnableNode::*)(std::shared_ptr<balance_hw_interfaces::srv::SetPwm_Request_<std::allocator<void> > >, std::shared_ptr<balance_hw_interfaces::srv::SetPwm_Response_<std::allocator<void> > >), MotorEnableNode*, const std::_Placeholder<1>&, const std::_Placeholder<2>&>::type[m[K’ is not derived from ‘[01m[Kconst std::move_iterator<_IteratorR>[m[K’
[14.926s]   148 |             [01;36m[K)[m[K;
[14.926s]       |             [01;36m[K^[m[K
[14.927s] [01m[K/usr/include/c++/13/bits/stl_iterator.h:1784:5:[m[K [01;36m[Knote: [m[Kcandidate: ‘[01m[Ktemplate<class _Iterator> constexpr bool std::[01;32m[Koperator>[m[K(const move_iterator<_IteratorL>&, const move_iterator<_IteratorL>&)[m[K’
[14.928s]  1784 |     [01;36m[Koperator[m[K>(const move_iterator<_Iterator>& __x,
[14.928s]       |     [01;36m[K^~~~~~~~[m[K
[14.929s] [01m[K/usr/include/c++/13/bits/stl_iterator.h:1784:5:[m[K [01;36m[Knote: [m[K  template argument deduction/substitution failed:
[14.929s] [01m[K/home/mmcgraw/Projects/balance_bot/src/balance_hw/src/motor_enable_node.cpp:148:13:[m[K [01;36m[Knote: [m[K  ‘[01m[Kstd::_Bind_helper<false, void (MotorEnableNode::*)(std::shared_ptr<balance_hw_interfaces::srv::SetPwm_Request_<std::allocator<void> > >, std::shared_ptr<balance_hw_interfaces::srv::SetPwm_Response_<std::allocator<void> > >), MotorEnableNode*, const std::_Placeholder<1>&, const std::_Placeholder<2>&>::type[m[K’ is not derived from ‘[01m[Kconst std::move_iterator<_IteratorL>[m[K’
[14.930s]   148 |             [01;36m[K)[m[K;
[14.930s]       |             [01;36m[K^[m[K
[14.931s] In file included from [01m[K/usr/include/c++/13/bits/unique_ptr.h:36[m[K,
[14.932s]                  from [01m[K/usr/include/c++/13/memory:78[m[K:
[14.932s] [01m[K/usr/include/c++/13/tuple:1980:5:[m[K [01;36m[Knote: [m[Kcandidate: ‘[01m[Ktemplate<class ... _TElements, class ... _UElements> constexpr bool std::[01;32m[Koperator>[m[K(const tuple<_UTypes ...>&, const tuple<_UTypes ...>&)[m[K’
[14.933s]  1980 |     [01;36m[Koperator[m[K>(const tuple<_TElements...>& __t,
[14.934s]       |     [01;36m[K^~~~~~~~[m[K
[14.935s] [01m[K/usr/include/c++/13/tuple:1980:5:[m[K [01;36m[Knote: [m[K  template argument deduction/substitution failed:
[14.936s] [01m[K/home/mmcgraw/Projects/balance_bot/src/balance_hw/src/motor_enable_node.cpp:148:13:[m[K [01;36m[Knote: [m[K  ‘[01m[Kstd::_Bind_helper<false, void (MotorEnableNode::*)(std::shared_ptr<balance_hw_interfaces::srv::SetPwm_Request_<std::allocator<void> > >, std::shared_ptr<balance_hw_interfaces::srv::SetPwm_Response_<std::allocator<void> > >), MotorEnableNode*, const std::_Placeholder<1>&, const std::_Placeholder<2>&>::type[m[K’ is not derived from ‘[01m[Kconst std::tuple<_UTypes ...>[m[K’
[14.937s]   148 |             [01;36m[K)[m[K;
[14.938s]       |             [01;36m[K^[m[K
[14.939s] [01m[K/usr/include/c++/13/bits/unique_ptr.h:934:5:[m[K [01;36m[Knote: [m[Kcandidate: ‘[01m[Ktemplate<class _Tp, class _Dp, class _Up, class _Ep> bool std::[01;32m[Koperator>[m[K(const unique_ptr<_Tp, _Dp>&, const unique_ptr<_Up, _Ep>&)[m[K’
[14.940s]   934 |     [01;36m[Koperator[m[K>(const unique_ptr<_Tp, _Dp>& __x,
[14.940s]       |     [01;36m[K^~~~~~~~[m[K
[14.941s] [01m[K/usr/include/c++/13/bits/unique_ptr.h:934:5:[m[K [01;36m[Knote: [m[K  template argument deduction/substitution failed:
[14.942s] [01m[K/home/mmcgraw/Projects/balance_bot/src/balance_hw/src/motor_enable_node.cpp:148:13:[m[K [01;36m[Knote: [m[K  ‘[01m[Kstd::_Bind_helper<false, void (MotorEnableNode::*)(std::shared_ptr<balance_hw_interfaces::srv::SetPwm_Request_<std::allocator<void> > >, std::shared_ptr<balance_hw_interfaces::srv::SetPwm_Response_<std::allocator<void> > >), MotorEnableNode*, const std::_Placeholder<1>&, const std::_Placeholder<2>&>::type[m[K’ is not derived from ‘[01m[Kconst std::unique_ptr<_Up, _Ep>[m[K’
[14.943s]   148 |             [01;36m[K)[m[K;
[14.944s]       |             [01;36m[K^[m[K
[14.945s] [01m[K/usr/include/c++/13/bits/unique_ptr.h:942:5:[m[K [01;36m[Knote: [m[Kcandidate: ‘[01m[Ktemplate<class _Tp, class _Dp> bool std::[01;32m[Koperator>[m[K(const unique_ptr<_Tp, _Dp>&, nullptr_t)[m[K’
[14.945s]   942 |     [01;36m[Koperator[m[K>(const unique_ptr<_Tp, _Dp>& __x, nullptr_t)
[14.946s]       |     [01;36m[K^~~~~~~~[m[K
[14.946s] [01m[K/usr/include/c++/13/bits/unique_ptr.h:942:5:[m[K [01;36m[Knote: [m[K  template argument deduction/substitution failed:
[14.947s] [01m[K/home/mmcgraw/Projects/balance_bot/src/balance_hw/src/motor_enable_node.cpp:148:13:[m[K [01;36m[Knote: [m[K  couldn’t deduce template parameter ‘[01m[K_Tp[m[K’
[14.947s]   148 |             [01;36m[K)[m[K;
[14.948s]       |             [01;36m[K^[m[K
[14.948s] [01m[K/usr/include/c++/13/bits/unique_ptr.h:952:5:[m[K [01;36m[Knote: [m[Kcandidate: ‘[01m[Ktemplate<class _Tp, class _Dp> bool std::[01;32m[Koperator>[m[K(nullptr_t, const unique_ptr<_Tp, _Dp>&)[m[K’
[14.949s]   952 |     [01;36m[Koperator[m[K>(nullptr_t, const unique_ptr<_Tp, _Dp>& __x)
[14.949s]       |     [01;36m[K^~~~~~~~[m[K
[14.949s] [01m[K/usr/include/c++/13/bits/unique_ptr.h:952:5:[m[K [01;36m[Knote: [m[K  template argument deduction/substitution failed:
[14.950s] [01m[K/home/mmcgraw/Projects/balance_bot/src/balance_hw/src/motor_enable_node.cpp:148:13:[m[K [01;36m[Knote: [m[K  ‘[01m[Kstd::_Bind_helper<false, void (MotorEnableNode::*)(std::shared_ptr<balance_hw_interfaces::srv::SetPwm_Request_<std::allocator<void> > >, std::shared_ptr<balance_hw_interfaces::srv::SetPwm_Response_<std::allocator<void> > >), MotorEnableNode*, const std::_Placeholder<1>&, const std::_Placeholder<2>&>::type[m[K’ is not derived from ‘[01m[Kconst std::unique_ptr<_Tp, _Dp>[m[K’
[14.950s]   148 |             [01;36m[K)[m[K;
[14.951s]       |             [01;36m[K^[m[K
[14.951s] In file included from [01m[K/usr/include/c++/13/bits/shared_ptr.h:53[m[K,
[14.952s]                  from [01m[K/usr/include/c++/13/memory:80[m[K:
[14.952s] [01m[K/usr/include/c++/13/bits/shared_ptr_base.h:1883:5:[m[K [01;36m[Knote: [m[Kcandidate: ‘[01m[Ktemplate<class _Tp1, class _Tp2, __gnu_cxx::_Lock_policy _Lp> bool std::[01;32m[Koperator>[m[K(const __shared_ptr<_Tp1, _Lp>&, const __shared_ptr<_Tp2, _Lp>&)[m[K’
[14.953s]  1883 |     [01;36m[Koperator[m[K>(const __shared_ptr<_Tp1, _Lp>& __a,
[14.953s]       |     [01;36m[K^~~~~~~~[m[K
[14.954s] [01m[K/usr/include/c++/13/bits/shared_ptr_base.h:1883:5:[m[K [01;36m[Knote: [m[K  template argument deduction/substitution failed:
[14.954s] [01m[K/home/mmcgraw/Projects/balance_bot/src/balance_hw/src/motor_enable_node.cpp:148:13:[m[K [01;36m[Knote: [m[K  ‘[01m[Kstd::_Bind_helper<false, void (MotorEnableNode::*)(std::shared_ptr<balance_hw_interfaces::srv::SetPwm_Request_<std::allocator<void> > >, std::shared_ptr<balance_hw_interfaces::srv::SetPwm_Response_<std::allocator<void> > >), MotorEnableNode*, const std::_Placeholder<1>&, const std::_Placeholder<2>&>::type[m[K’ is not derived from ‘[01m[Kconst std::__shared_ptr<_Tp2, _Lp>[m[K’
[14.955s]   148 |             [01;36m[K)[m[K;
[14.955s]       |             [01;36m[K^[m[K
[14.955s] [01m[K/usr/include/c++/13/bits/shared_ptr_base.h:1889:5:[m[K [01;36m[Knote: [m[Kcandidate: ‘[01m[Ktemplate<class _Tp, __gnu_cxx::_Lock_policy _Lp> bool std::[01;32m[Koperator>[m[K(const __shared_ptr<_Tp, _Lp>&, nullptr_t)[m[K’
[14.956s]  1889 |     [01;36m[Koperator[m[K>(const __shared_ptr<_Tp, _Lp>& __a, nullptr_t) noexcept
[14.956s]       |     [01;36m[K^~~~~~~~[m[K
[14.957s] [01m[K/usr/include/c++/13/bits/shared_ptr_base.h:1889:5:[m[K [01;36m[Knote: [m[K  template argument deduction/substitution failed:
[14.957s] [01m[K/home/mmcgraw/Projects/balance_bot/src/balance_hw/src/motor_enable_node.cpp:148:13:[m[K [01;36m[Knote: [m[K  couldn’t deduce template parameter ‘[01m[K_Tp[m[K’
[14.958s]   148 |             [01;36m[K)[m[K;
[14.958s]       |             [01;36m[K^[m[K
[14.958s] [01m[K/usr/include/c++/13/bits/shared_ptr_base.h:1894:5:[m[K [01;36m[Knote: [m[Kcandidate: ‘[01m[Ktemplate<class _Tp, __gnu_cxx::_Lock_policy _Lp> bool std::[01;32m[Koperator>[m[K(nullptr_t, const __shared_ptr<_Tp, _Lp>&)[m[K’
[14.959s]  1894 |     [01;36m[Koperator[m[K>(nullptr_t, const __shared_ptr<_Tp, _Lp>& __a) noexcept
[14.959s]       |     [01;36m[K^~~~~~~~[m[K
[14.960s] [01m[K/usr/include/c++/13/bits/shared_ptr_base.h:1894:5:[m[K [01;36m[Knote: [m[K  template argument deduction/substitution failed:
[14.960s] [01m[K/home/mmcgraw/Projects/balance_bot/src/balance_hw/src/motor_enable_node.cpp:148:13:[m[K [01;36m[Knote: [m[K  ‘[01m[Kstd::_Bind_helper<false, void (MotorEnableNode::*)(std::shared_ptr<balance_hw_interfaces::srv::SetPwm_Request_<std::allocator<void> > >, std::shared_ptr<balance_hw_interfaces::srv::SetPwm_Response_<std::allocator<void> > >), MotorEnableNode*, const std::_Placeholder<1>&, const std::_Placeholder<2>&>::type[m[K’ is not derived from ‘[01m[Kconst std::__shared_ptr<_Tp, _Lp>[m[K’
[14.961s]   148 |             [01;36m[K)[m[K;
[14.961s]       |             [01;36m[K^[m[K
[14.962s] [01m[K/usr/include/c++/13/bits/shared_ptr.h:653:5:[m[K [01;36m[Knote: [m[Kcandidate: ‘[01m[Ktemplate<class _Tp, class _Up> bool std::[01;32m[Koperator>[m[K(const shared_ptr<_Tp>&, const shared_ptr<_Tp>&)[m[K’
[14.962s]   653 |     [01;36m[Koperator[m[K>(const shared_ptr<_Tp>& __a, const shared_ptr<_Up>& __b) noexcept
[14.963s]       |     [01;36m[K^~~~~~~~[m[K
[14.963s] [01m[K/usr/include/c++/13/bits/shared_ptr.h:653:5:[m[K [01;36m[Knote: [m[K  template argument deduction/substitution failed:
[14.964s] [01m[K/home/mmcgraw/Projects/balance_bot/src/balance_hw/src/motor_enable_node.cpp:148:13:[m[K [01;36m[Knote: [m[K  ‘[01m[Kstd::_Bind_helper<false, void (MotorEnableNode::*)(std::shared_ptr<balance_hw_interfaces::srv::SetPwm_Request_<std::allocator<void> > >, std::shared_ptr<balance_hw_interfaces::srv::SetPwm_Response_<std::allocator<void> > >), MotorEnableNode*, const std::_Placeholder<1>&, const std::_Placeholder<2>&>::type[m[K’ is not derived from ‘[01m[Kconst std::shared_ptr<_Tp>[m[K’
[14.964s]   148 |             [01;36m[K)[m[K;
[14.965s]       |             [01;36m[K^[m[K
[14.965s] [01m[K/usr/include/c++/13/bits/shared_ptr.h:659:5:[m[K [01;36m[Knote: [m[Kcandidate: ‘[01m[Ktemplate<class _Tp> bool std::[01;32m[Koperator>[m[K(const shared_ptr<_Tp>&, nullptr_t)[m[K’
[14.966s]   659 |     [01;36m[Koperator[m[K>(const shared_ptr<_Tp>& __a, nullptr_t) noexcept
[14.966s]       |     [01;36m[K^~~~~~~~[m[K
[14.966s] [01m[K/usr/include/c++/13/bits/shared_ptr.h:659:5:[m[K [01;36m[Knote: [m[K  template argument deduction/substitution failed:
[14.967s] [01m[K/home/mmcgraw/Projects/balance_bot/src/balance_hw/src/motor_enable_node.cpp:148:13:[m[K [01;36m[Knote: [m[K  couldn’t deduce template parameter ‘[01m[K_Tp[m[K’
[14.967s]   148 |             [01;36m[K)[m[K;
[14.968s]       |             [01;36m[K^[m[K
[14.968s] [01m[K/usr/include/c++/13/bits/shared_ptr.h:665:5:[m[K [01;36m[Knote: [m[Kcandidate: ‘[01m[Ktemplate<class _Tp> bool std::[01;32m[Koperator>[m[K(nullptr_t, const shared_ptr<_Tp>&)[m[K’
[14.969s]   665 |     [01;36m[Koperator[m[K>(nullptr_t, const shared_ptr<_Tp>& __a) noexcept
[14.969s]       |     [01;36m[K^~~~~~~~[m[K
[14.970s] [01m[K/usr/include/c++/13/bits/shared_ptr.h:665:5:[m[K [01;36m[Knote: [m[K  template argument deduction/substitution failed:
[14.970s] [01m[K/home/mmcgraw/Projects/balance_bot/src/balance_hw/src/motor_enable_node.cpp:148:13:[m[K [01;36m[Knote: [m[K  ‘[01m[Kstd::_Bind_helper<false, void (MotorEnableNode::*)(std::shared_ptr<balance_hw_interfaces::srv::SetPwm_Request_<std::allocator<void> > >, std::shared_ptr<balance_hw_interfaces::srv::SetPwm_Response_<std::allocator<void> > >), MotorEnableNode*, const std::_Placeholder<1>&, const std::_Placeholder<2>&>::type[m[K’ is not derived from ‘[01m[Kconst std::shared_ptr<_Tp>[m[K’
[14.970s]   148 |             [01;36m[K)[m[K;
[14.971s]       |             [01;36m[K^[m[K
[14.971s] In file included from [01m[K/usr/include/c++/13/bits/basic_string.h:47[m[K,
[14.972s]                  from [01m[K/usr/include/c++/13/string:54[m[K,
[14.972s]                  from [01m[K/opt/ros/jazzy/include/rclcpp/rclcpp/copy_all_parameter_values.hpp:18[m[K,
[14.973s]                  from [01m[K/opt/ros/jazzy/include/rclcpp/rclcpp/rclcpp.hpp:171[m[K:
[14.973s] [01m[K/usr/include/c++/13/string_view:693:5:[m[K [01;36m[Knote: [m[Kcandidate: ‘[01m[Ktemplate<class _CharT, class _Traits> constexpr bool std::[01;32m[Koperator>[m[K(basic_string_view<_CharT, _Traits>, basic_string_view<_CharT, _Traits>)[m[K’
[14.973s]   693 |     [01;36m[Koperator[m[K> (basic_string_view<_CharT, _Traits> __x,
[14.974s]       |     [01;36m[K^~~~~~~~[m[K
[14.974s] [01m[K/usr/include/c++/13/string_view:693:5:[m[K [01;36m[Knote: [m[K  template argument deduction/substitution failed:
[14.975s] [01m[K/home/mmcgraw/Projects/balance_bot/src/balance_hw/src/motor_enable_node.cpp:148:13:[m[K [01;36m[Knote: [m[K  ‘[01m[Kstd::_Bind<void (MotorEnableNode::*(MotorEnableNode*, std::_Placeholder<1>, std::_Placeholder<2>))(std::shared_ptr<balance_hw_interfaces::srv::SetPwm_Request_<std::allocator<void> > >, std::shared_ptr<balance_hw_interfaces::srv::SetPwm_Response_<std::allocator<void> > >)>[m[K’ is not derived from ‘[01m[Kstd::basic_string_view<_CharT, _Traits>[m[K’
[14.975s]   148 |             [01;36m[K)[m[K;
[14.976s]       |             [01;36m[K^[m[K
[14.976s] [01m[K/usr/include/c++/13/string_view:700:5:[m[K [01;36m[Knote: [m[Kcandidate: ‘[01m[Ktemplate<class _CharT, class _Traits> constexpr bool std::[01;32m[Koperator>[m[K(basic_string_view<_CharT, _Traits>, __type_identity_t<basic_string_view<_CharT, _Traits> >)[m[K’
[14.977s]   700 |     [01;36m[Koperator[m[K> (basic_string_view<_CharT, _Traits> __x,
[14.977s]       |     [01;36m[K^~~~~~~~[m[K
[14.977s] [01m[K/usr/include/c++/13/string_view:700:5:[m[K [01;36m[Knote: [m[K  template argument deduction/substitution failed:
[14.978s] [01m[K/home/mmcgraw/Projects/balance_bot/src/balance_hw/src/motor_enable_node.cpp:148:13:[m[K [01;36m[Knote: [m[K  couldn’t deduce template parameter ‘[01m[K_CharT[m[K’
[14.979s]   148 |             [01;36m[K)[m[K;
[14.979s]       |             [01;36m[K^[m[K
[14.979s] [01m[K/usr/include/c++/13/string_view:708:5:[m[K [01;36m[Knote: [m[Kcandidate: ‘[01m[Ktemplate<class _CharT, class _Traits> constexpr bool std::[01;32m[Koperator>[m[K(__type_identity_t<basic_string_view<_CharT, _Traits> >, basic_string_view<_CharT, _Traits>)[m[K’
[14.980s]   708 |     [01;36m[Koperator[m[K> (__type_identity_t<basic_string_view<_CharT, _Traits>> __x,
[14.980s]       |     [01;36m[K^~~~~~~~[m[K
[14.981s] [01m[K/usr/include/c++/13/string_view:708:5:[m[K [01;36m[Knote: [m[K  template argument deduction/substitution failed:
[14.981s] [01m[K/home/mmcgraw/Projects/balance_bot/src/balance_hw/src/motor_enable_node.cpp:148:13:[m[K [01;36m[Knote: [m[K  ‘[01m[Kstd::_Bind<void (MotorEnableNode::*(MotorEnableNode*, std::_Placeholder<1>, std::_Placeholder<2>))(std::shared_ptr<balance_hw_interfaces::srv::SetPwm_Request_<std::allocator<void> > >, std::shared_ptr<balance_hw_interfaces::srv::SetPwm_Response_<std::allocator<void> > >)>[m[K’ is not derived from ‘[01m[Kstd::basic_string_view<_CharT, _Traits>[m[K’
[14.982s]   148 |             [01;36m[K)[m[K;
[14.982s]       |             [01;36m[K^[m[K
[14.983s] [01m[K/usr/include/c++/13/bits/basic_string.h:3870:5:[m[K [01;36m[Knote: [m[Kcandidate: ‘[01m[Ktemplate<class _CharT, class _Traits, class _Alloc> bool std::[01;32m[Koperator>[m[K(const __cxx11::basic_string<_CharT, _Traits, _Allocator>&, const __cxx11::basic_string<_CharT, _Traits, _Allocator>&)[m[K’
[14.983s]  3870 |     [01;36m[Koperator[m[K>(const basic_string<_CharT, _Traits, _Alloc>& __lhs,
[14.983s]       |     [01;36m[K^~~~~~~~[m[K
[14.984s] [01m[K/usr/include/c++/13/bits/basic_string.h:3870:5:[m[K [01;36m[Knote: [m[K  template argument deduction/substitution failed:
[14.984s] [01m[K/home/mmcgraw/Projects/balance_bot/src/balance_hw/src/motor_enable_node.cpp:148:13:[m[K [01;36m[Knote: [m[K  ‘[01m[Kstd::_Bind_helper<false, void (MotorEnableNode::*)(std::shared_ptr<balance_hw_interfaces::srv::SetPwm_Request_<std::allocator<void> > >, std::shared_ptr<balance_hw_interfaces::srv::SetPwm_Response_<std::allocator<void> > >), MotorEnableNode*, const std::_Placeholder<1>&, const std::_Placeholder<2>&>::type[m[K’ is not derived from ‘[01m[Kconst std::__cxx11::basic_string<_CharT, _Traits, _Allocator>[m[K’
[14.985s]   148 |             [01;36m[K)[m[K;
[14.985s]       |             [01;36m[K^[m[K
[14.986s] [01m[K/usr/include/c++/13/bits/basic_string.h:3884:5:[m[K [01;36m[Knote: [m[Kcandidate: ‘[01m[Ktemplate<class _CharT, class _Traits, class _Alloc> bool std::[01;32m[Koperator>[m[K(const __cxx11::basic_string<_CharT, _Traits, _Allocator>&, const _CharT*)[m[K’
[14.986s]  3884 |     [01;36m[Koperator[m[K>(const basic_string<_CharT, _Traits, _Alloc>& __lhs,
[14.987s]       |     [01;36m[K^~~~~~~~[m[K
[14.987s] [01m[K/usr/include/c++/13/bits/basic_string.h:3884:5:[m[K [01;36m[Knote: [m[K  template argument deduction/substitution failed:
[14.988s] [01m[K/home/mmcgraw/Projects/balance_bot/src/balance_hw/src/motor_enable_node.cpp:148:13:[m[K [01;36m[Knote: [m[K  mismatched types ‘[01m[Kconst _CharT*[m[K’ and ‘[01m[Kstd::_Bind<void (MotorEnableNode::*(MotorEnableNode*, std::_Placeholder<1>, std::_Placeholder<2>))(std::shared_ptr<balance_hw_interfaces::srv::SetPwm_Request_<std::allocator<void> > >, std::shared_ptr<balance_hw_interfaces::srv::SetPwm_Response_<std::allocator<void> > >)>[m[K’
[14.988s]   148 |             [01;36m[K)[m[K;
[14.989s]       |             [01;36m[K^[m[K
[14.989s] [01m[K/usr/include/c++/13/bits/basic_string.h:3897:5:[m[K [01;36m[Knote: [m[Kcandidate: ‘[01m[Ktemplate<class _CharT, class _Traits, class _Alloc> bool std::[01;32m[Koperator>[m[K(const _CharT*, const __cxx11::basic_string<_CharT, _Traits, _Allocator>&)[m[K’
[14.989s]  3897 |     [01;36m[Koperator[m[K>(const _CharT* __lhs,
[14.990s]       |     [01;36m[K^~~~~~~~[m[K
[14.990s] [01m[K/usr/include/c++/13/bits/basic_string.h:3897:5:[m[K [01;36m[Knote: [m[K  template argument deduction/substitution failed:
[14.991s] [01m[K/home/mmcgraw/Projects/balance_bot/src/balance_hw/src/motor_enable_node.cpp:148:13:[m[K [01;36m[Knote: [m[K  ‘[01m[Kstd::_Bind_helper<false, void (MotorEnableNode::*)(std::shared_ptr<balance_hw_interfaces::srv::SetPwm_Request_<std::allocator<void> > >, std::shared_ptr<balance_hw_interfaces::srv::SetPwm_Response_<std::allocator<void> > >), MotorEnableNode*, const std::_Placeholder<1>&, const std::_Placeholder<2>&>::type[m[K’ is not derived from ‘[01m[Kconst std::__cxx11::basic_string<_CharT, _Traits, _Allocator>[m[K’
[14.991s]   148 |             [01;36m[K)[m[K;
[14.992s]       |             [01;36m[K^[m[K
[14.992s] In file included from [01m[K/usr/include/c++/13/vector:66[m[K,
[14.992s]                  from [01m[K/opt/ros/jazzy/include/rclcpp/rclcpp/copy_all_parameter_values.hpp:19[m[K:
[14.993s] [01m[K/usr/include/c++/13/bits/stl_vector.h:2092:5:[m[K [01;36m[Knote: [m[Kcandidate: ‘[01m[Ktemplate<class _Tp, class _Alloc> bool std::[01;32m[Koperator>[m[K(const vector<_Tp, _Alloc>&, const vector<_Tp, _Alloc>&)[m[K’
[14.993s]  2092 |     [01;36m[Koperator[m[K>(const vector<_Tp, _Alloc>& __x, const vector<_Tp, _Alloc>& __y)
[14.994s]       |     [01;36m[K^~~~~~~~[m[K
[14.994s] [01m[K/usr/include/c++/13/bits/stl_vector.h:2092:5:[m[K [01;36m[Knote: [m[K  template argument deduction/substitution failed:
[14.995s] [01m[K/home/mmcgraw/Projects/balance_bot/src/balance_hw/src/motor_enable_node.cpp:148:13:[m[K [01;36m[Knote: [m[K  ‘[01m[Kstd::_Bind_helper<false, void (MotorEnableNode::*)(std::shared_ptr<balance_hw_interfaces::srv::SetPwm_Request_<std::allocator<void> > >, std::shared_ptr<balance_hw_interfaces::srv::SetPwm_Response_<std::allocator<void> > >), MotorEnableNode*, const std::_Placeholder<1>&, const std::_Placeholder<2>&>::type[m[K’ is not derived from ‘[01m[Kconst std::vector<_Tp, _Alloc>[m[K’
[14.995s]   148 |             [01;36m[K)[m[K;
[14.996s]       |             [01;36m[K^[m[K
[14.996s] In file included from [01m[K/opt/ros/jazzy/include/rcl_interfaces/rcl_interfaces/srv/detail/list_parameters__struct.hpp:12[m[K,
[14.997s]                  from [01m[K/opt/ros/jazzy/include/rcl_interfaces/rcl_interfaces/srv/list_parameters.hpp:7[m[K,
[14.997s]                  from [01m[K/opt/ros/jazzy/include/rclcpp/rclcpp/copy_all_parameter_values.hpp:21[m[K:
[14.998s] [01m[K/usr/include/c++/13/array:343:5:[m[K [01;36m[Knote: [m[Kcandidate: ‘[01m[Ktemplate<class _Tp, long unsigned int _Nm> bool std::[01;32m[Koperator>[m[K(const array<_Tp, _Nm>&, const array<_Tp, _Nm>&)[m[K’
[14.998s]   343 |     [01;36m[Koperator[m[K>(const array<_Tp, _Nm>& __one, const array<_Tp, _Nm>& __two)
[14.999s]       |     [01;36m[K^~~~~~~~[m[K
[14.999s] [01m[K/usr/include/c++/13/array:343:5:[m[K [01;36m[Knote: [m[K  template argument deduction/substitution failed:
[15.000s] [01m[K/home/mmcgraw/Projects/balance_bot/src/balance_hw/src/motor_enable_node.cpp:148:13:[m[K [01;36m[Knote: [m[K  ‘[01m[Kstd::_Bind_helper<false, void (MotorEnableNode::*)(std::shared_ptr<balance_hw_interfaces::srv::SetPwm_Request_<std::allocator<void> > >, std::shared_ptr<balance_hw_interfaces::srv::SetPwm_Response_<std::allocator<void> > >), MotorEnableNode*, const std::_Placeholder<1>&, const std::_Placeholder<2>&>::type[m[K’ is not derived from ‘[01m[Kconst std::array<_Tp, _Nm>[m[K’
[15.000s]   148 |             [01;36m[K)[m[K;
[15.001s]       |             [01;36m[K^[m[K
[15.001s] In file included from [01m[K/usr/include/c++/13/set:63[m[K,
[15.002s]                  from [01m[K/opt/ros/jazzy/include/rclcpp/rclcpp/executors/multi_threaded_executor.hpp:21[m[K,
[15.003s]                  from [01m[K/opt/ros/jazzy/include/rclcpp/rclcpp/executors.hpp:21[m[K,
[15.003s]                  from [01m[K/opt/ros/jazzy/include/rclcpp/rclcpp/rclcpp.hpp:172[m[K:
[15.003s] [01m[K/usr/include/c++/13/bits/stl_set.h:1039:5:[m[K [01;36m[Knote: [m[Kcandidate: ‘[01m[Ktemplate<class _Key, class _Compare, class _Alloc> bool std::[01;32m[Koperator>[m[K(const set<_Key, _Compare, _Allocator>&, const set<_Key, _Compare, _Allocator>&)[m[K’
[15.004s]  1039 |     [01;36m[Koperator[m[K>(const set<_Key, _Compare, _Alloc>& __x,
[15.004s]       |     [01;36m[K^~~~~~~~[m[K
[15.005s] [01m[K/usr/include/c++/13/bits/stl_set.h:1039:5:[m[K [01;36m[Knote: [m[K  template argument deduction/substitution failed:
[15.005s] [01m[K/home/mmcgraw/Projects/balance_bot/src/balance_hw/src/motor_enable_node.cpp:148:13:[m[K [01;36m[Knote: [m[K  ‘[01m[Kstd::_Bind_helper<false, void (MotorEnableNode::*)(std::shared_ptr<balance_hw_interfaces::srv::SetPwm_Request_<std::allocator<void> > >, std::shared_ptr<balance_hw_interfaces::srv::SetPwm_Response_<std::allocator<void> > >), MotorEnableNode*, const std::_Placeholder<1>&, const std::_Placeholder<2>&>::type[m[K’ is not derived from ‘[01m[Kconst std::set<_Key, _Compare, _Allocator>[m[K’
[15.006s]   148 |             [01;36m[K)[m[K;
[15.006s]       |             [01;36m[K^[m[K
[15.007s] In file included from [01m[K/usr/include/c++/13/set:64[m[K:
[15.007s] [01m[K/usr/include/c++/13/bits/stl_multiset.h:1025:5:[m[K [01;36m[Knote: [m[Kcandidate: ‘[01m[Ktemplate<class _Key, class _Compare, class _Alloc> bool std::[01;32m[Koperator>[m[K(const multiset<_Key, _Compare, _Allocator>&, const multiset<_Key, _Compare, _Allocator>&)[m[K’
[15.008s]  1025 |     [01;36m[Koperator[m[K>(const multiset<_Key,_Compare,_Alloc>& __x,
[15.008s]       |     [01;36m[K^~~~~~~~[m[K
[15.009s] [01m[K/usr/include/c++/13/bits/stl_multiset.h:1025:5:[m[K [01;36m[Knote: [m[K  template argument deduction/substitution failed:
[15.009s] [01m[K/home/mmcgraw/Projects/balance_bot/src/balance_hw/src/motor_enable_node.cpp:148:13:[m[K [01;36m[Knote: [m[K  ‘[01m[Kstd::_Bind_helper<false, void (MotorEnableNode::*)(std::shared_ptr<balance_hw_interfaces::srv::SetPwm_Request_<std::allocator<void> > >, std::shared_ptr<balance_hw_interfaces::srv::SetPwm_Response_<std::allocator<void> > >), MotorEnableNode*, const std::_Placeholder<1>&, const std::_Placeholder<2>&>::type[m[K’ is not derived from ‘[01m[Kconst std::multiset<_Key, _Compare, _Allocator>[m[K’
[15.010s]   148 |             [01;36m[K)[m[K;
[15.011s]       |             [01;36m[K^[m[K
[15.011s] In file included from [01m[K/usr/include/c++/13/list:65[m[K,
[15.011s]                  from [01m[K/opt/ros/jazzy/include/rclcpp/rclcpp/executor.hpp:23[m[K,
[15.012s]                  from [01m[K/opt/ros/jazzy/include/rclcpp/rclcpp/executors/multi_threaded_executor.hpp:25[m[K:
[15.012s] [01m[K/usr/include/c++/13/bits/stl_list.h:2195:5:[m[K [01;36m[Knote: [m[Kcandidate: ‘[01m[Ktemplate<class _Tp, class _Alloc> bool std::[01;32m[Koperator>[m[K(const __cxx11::list<_Tp, _Alloc>&, const __cxx11::list<_Tp, _Alloc>&)[m[K’
[15.013s]  2195 |     [01;36m[Koperator[m[K>(const list<_Tp, _Alloc>& __x, const list<_Tp, _Alloc>& __y)
[15.013s]       |     [01;36m[K^~~~~~~~[m[K
[15.014s] [01m[K/usr/include/c++/13/bits/stl_list.h:2195:5:[m[K [01;36m[Knote: [m[K  template argument deduction/substitution failed:
[15.014s] [01m[K/home/mmcgraw/Projects/balance_bot/src/balance_hw/src/motor_enable_node.cpp:148:13:[m[K [01;36m[Knote: [m[K  ‘[01m[Kstd::_Bind_helper<false, void (MotorEnableNode::*)(std::shared_ptr<balance_hw_interfaces::srv::SetPwm_Request_<std::allocator<void> > >, std::shared_ptr<balance_hw_interfaces::srv::SetPwm_Response_<std::allocator<void> > >), MotorEnableNode*, const std::_Placeholder<1>&, const std::_Placeholder<2>&>::type[m[K’ is not derived from ‘[01m[Kconst std::__cxx11::list<_Tp, _Alloc>[m[K’
[15.015s]   148 |             [01;36m[K)[m[K;
[15.016s]       |             [01;36m[K^[m[K
[15.021s] In file included from [01m[K/usr/include/c++/13/map:63[m[K,
[15.021s]                  from [01m[K/opt/ros/jazzy/include/rclcpp/rclcpp/executor.hpp:24[m[K:
[15.022s] [01m[K/usr/include/c++/13/bits/stl_map.h:1565:5:[m[K [01;36m[Knote: [m[Kcandidate: ‘[01m[Ktemplate<class _Key, class _Tp, class _Compare, class _Alloc> bool std::[01;32m[Koperator>[m[K(const map<_Key, _Tp, _Compare, _Allocator>&, const map<_Key, _Tp, _Compare, _Allocator>&)[m[K’
[15.022s]  1565 |     [01;36m[Koperator[m[K>(const map<_Key, _Tp, _Compare, _Alloc>& __x,
[15.023s]       |     [01;36m[K^~~~~~~~[m[K
[15.023s] [01m[K/usr/include/c++/13/bits/stl_map.h:1565:5:[m[K [01;36m[Knote: [m[K  template argument deduction/substitution failed:
[15.024s] [01m[K/home/mmcgraw/Projects/balance_bot/src/balance_hw/src/motor_enable_node.cpp:148:13:[m[K [01;36m[Knote: [m[K  ‘[01m[Kstd::_Bind_helper<false, void (MotorEnableNode::*)(std::shared_ptr<balance_hw_interfaces::srv::SetPwm_Request_<std::allocator<void> > >, std::shared_ptr<balance_hw_interfaces::srv::SetPwm_Response_<std::allocator<void> > >), MotorEnableNode*, const std::_Placeholder<1>&, const std::_Placeholder<2>&>::type[m[K’ is not derived from ‘[01m[Kconst std::map<_Key, _Tp, _Compare, _Allocator>[m[K’
[15.025s]   148 |             [01;36m[K)[m[K;
[15.025s]       |             [01;36m[K^[m[K
[15.025s] In file included from [01m[K/usr/include/c++/13/map:64[m[K:
[15.026s] [01m[K/usr/include/c++/13/bits/stl_multimap.h:1186:5:[m[K [01;36m[Knote: [m[Kcandidate: ‘[01m[Ktemplate<class _Key, class _Tp, class _Compare, class _Alloc> bool std::[01;32m[Koperator>[m[K(const multimap<_Key, _Tp, _Compare, _Allocator>&, const multimap<_Key, _Tp, _Compare, _Allocator>&)[m[K’
[15.026s]  1186 |     [01;36m[Koperator[m[K>(const multimap<_Key, _Tp, _Compare, _Alloc>& __x,
[15.027s]       |     [01;36m[K^~~~~~~~[m[K
[15.027s] [01m[K/usr/include/c++/13/bits/stl_multimap.h:1186:5:[m[K [01;36m[Knote: [m[K  template argument deduction/substitution failed:
[15.028s] [01m[K/home/mmcgraw/Projects/balance_bot/src/balance_hw/src/motor_enable_node.cpp:148:13:[m[K [01;36m[Knote: [m[K  ‘[01m[Kstd::_Bind_helper<false, void (MotorEnableNode::*)(std::shared_ptr<balance_hw_interfaces::srv::SetPwm_Request_<std::allocator<void> > >, std::shared_ptr<balance_hw_interfaces::srv::SetPwm_Response_<std::allocator<void> > >), MotorEnableNode*, const std::_Placeholder<1>&, const std::_Placeholder<2>&>::type[m[K’ is not derived from ‘[01m[Kconst std::multimap<_Key, _Tp, _Compare, _Allocator>[m[K’
[15.028s]   148 |             [01;36m[K)[m[K;
[15.029s]       |             [01;36m[K^[m[K
[15.029s] In file included from [01m[K/opt/ros/jazzy/include/rclcpp/rclcpp/client.hpp:23[m[K,
[15.029s]                  from [01m[K/opt/ros/jazzy/include/rclcpp/rclcpp/callback_group.hpp:24[m[K,
[15.030s]                  from [01m[K/opt/ros/jazzy/include/rclcpp/rclcpp/any_executable.hpp:20[m[K,
[15.030s]                  from [01m[K/opt/ros/jazzy/include/rclcpp/rclcpp/memory_strategy.hpp:25[m[K,
[15.031s]                  from [01m[K/opt/ros/jazzy/include/rclcpp/rclcpp/memory_strategies.hpp:18[m[K,
[15.031s]                  from [01m[K/opt/ros/jazzy/include/rclcpp/rclcpp/executor_options.hpp:22[m[K,
[15.032s]                  from [01m[K/opt/ros/jazzy/include/rclcpp/rclcpp/executor.hpp:38[m[K:
[15.032s] [01m[K/usr/include/c++/13/optional:1262:5:[m[K [01;36m[Knote: [m[Kcandidate: ‘[01m[Ktemplate<class _Tp, class _Up> constexpr std::__optional_gt_t<_Tp, _Up> std::[01;32m[Koperator>[m[K(const optional<_Tp>&, const optional<_Up>&)[m[K’
[15.033s]  1262 |     [01;36m[Koperator[m[K>(const optional<_Tp>& __lhs, const optional<_Up>& __rhs)
[15.033s]       |     [01;36m[K^~~~~~~~[m[K
[15.034s] [01m[K/usr/include/c++/13/optional:1262:5:[m[K [01;36m[Knote: [m[K  template argument deduction/substitution failed:
[15.034s] [01m[K/home/mmcgraw/Projects/balance_bot/src/balance_hw/src/motor_enable_node.cpp:148:13:[m[K [01;36m[Knote: [m[K  ‘[01m[Kstd::_Bind_helper<false, void (MotorEnableNode::*)(std::shared_ptr<balance_hw_interfaces::srv::SetPwm_Request_<std::allocator<void> > >, std::shared_ptr<balance_hw_interfaces::srv::SetPwm_Response_<std::allocator<void> > >), MotorEnableNode*, const std::_Placeholder<1>&, const std::_Placeholder<2>&>::type[m[K’ is not derived from ‘[01m[Kconst std::optional<_Up>[m[K’
[15.035s]   148 |             [01;36m[K)[m[K;
[15.035s]       |             [01;36m[K^[m[K
[15.036s] [01m[K/usr/include/c++/13/optional:1332:5:[m[K [01;36m[Knote: [m[Kcandidate: ‘[01m[Ktemplate<class _Tp> constexpr bool std::[01;32m[Koperator>[m[K(const optional<_Tp>&, nullopt_t)[m[K’
[15.036s]  1332 |     [01;36m[Koperator[m[K>(const optional<_Tp>& __lhs, nullopt_t) noexcept
[15.037s]       |     [01;36m[K^~~~~~~~[m[K
[15.037s] [01m[K/usr/include/c++/13/optional:1332:5:[m[K [01;36m[Knote: [m[K  template argument deduction/substitution failed:
[15.038s] [01m[K/home/mmcgraw/Projects/balance_bot/src/balance_hw/src/motor_enable_node.cpp:148:13:[m[K [01;36m[Knote: [m[K  couldn’t deduce template parameter ‘[01m[K_Tp[m[K’
[15.038s]   148 |             [01;36m[K)[m[K;
[15.039s]       |             [01;36m[K^[m[K
[15.039s] [01m[K/usr/include/c++/13/optional:1337:5:[m[K [01;36m[Knote: [m[Kcandidate: ‘[01m[Ktemplate<class _Tp> constexpr bool std::[01;32m[Koperator>[m[K(nullopt_t, const optional<_Tp>&)[m[K’
[15.040s]  1337 |     [01;36m[Koperator[m[K>(nullopt_t, const optional<_Tp>& /* __rhs */) noexcept
[15.040s]       |     [01;36m[K^~~~~~~~[m[K
[15.041s] [01m[K/usr/include/c++/13/optional:1337:5:[m[K [01;36m[Knote: [m[K  template argument deduction/substitution failed:
[15.041s] [01m[K/home/mmcgraw/Projects/balance_bot/src/balance_hw/src/motor_enable_node.cpp:148:13:[m[K [01;36m[Knote: [m[K  ‘[01m[Kstd::_Bind_helper<false, void (MotorEnableNode::*)(std::shared_ptr<balance_hw_interfaces::srv::SetPwm_Request_<std::allocator<void> > >, std::shared_ptr<balance_hw_interfaces::srv::SetPwm_Response_<std::allocator<void> > >), MotorEnableNode*, const std::_Placeholder<1>&, const std::_Placeholder<2>&>::type[m[K’ is not derived from ‘[01m[Kconst std::optional<_Tp>[m[K’
[15.042s]   148 |             [01;36m[K)[m[K;
[15.042s]       |             [01;36m[K^[m[K
[15.043s] [01m[K/usr/include/c++/13/optional:1400:5:[m[K [01;36m[Knote: [m[Kcandidate: ‘[01m[Ktemplate<class _Tp, class _Up> constexpr std::__optional_gt_t<_Tp, _Up> std::[01;32m[Koperator>[m[K(const optional<_Tp>&, const _Up&)[m[K’
[15.043s]  1400 |     [01;36m[Koperator[m[K>(const optional<_Tp>& __lhs, const _Up& __rhs)
[15.044s]       |     [01;36m[K^~~~~~~~[m[K
[15.044s] [01m[K/usr/include/c++/13/optional:1400:5:[m[K [01;36m[Knote: [m[K  template argument deduction/substitution failed:
[15.044s] [01m[K/home/mmcgraw/Projects/balance_bot/src/balance_hw/src/motor_enable_node.cpp:148:13:[m[K [01;36m[Knote: [m[K  couldn’t deduce template parameter ‘[01m[K_Tp[m[K’
[15.045s]   148 |             [01;36m[K)[m[K;
[15.046s]       |             [01;36m[K^[m[K
[15.047s] [01m[K/usr/include/c++/13/optional:1406:5:[m[K [01;36m[Knote: [m[Kcandidate: ‘[01m[Ktemplate<class _Tp, class _Up> constexpr std::__optional_gt_t<_Up, _Tp> std::[01;32m[Koperator>[m[K(const _Up&, const optional<_Tp>&)[m[K’
[15.047s]  1406 |     [01;36m[Koperator[m[K>(const _Up& __lhs, const optional<_Tp>& __rhs)
[15.047s]       |     [01;36m[K^~~~~~~~[m[K
[15.048s] [01m[K/usr/include/c++/13/optional:1406:5:[m[K [01;36m[Knote: [m[K  template argument deduction/substitution failed:
[15.049s] [01m[K/home/mmcgraw/Projects/balance_bot/src/balance_hw/src/motor_enable_node.cpp:148:13:[m[K [01;36m[Knote: [m[K  ‘[01m[Kstd::_Bind_helper<false, void (MotorEnableNode::*)(std::shared_ptr<balance_hw_interfaces::srv::SetPwm_Request_<std::allocator<void> > >, std::shared_ptr<balance_hw_interfaces::srv::SetPwm_Response_<std::allocator<void> > >), MotorEnableNode*, const std::_Placeholder<1>&, const std::_Placeholder<2>&>::type[m[K’ is not derived from ‘[01m[Kconst std::optional<_Tp>[m[K’
[15.049s]   148 |             [01;36m[K)[m[K;
[15.050s]       |             [01;36m[K^[m[K
[15.050s] In file included from [01m[K/opt/ros/jazzy/include/rclcpp/rclcpp/client.hpp:29[m[K:
[15.051s] [01m[K/usr/include/c++/13/variant:1269:3:[m[K [01;36m[Knote: [m[Kcandidate: ‘[01m[Ktemplate<class ... _Types> constexpr bool std::[01;32m[Koperator>[m[K(const variant<_Types ...>&, const variant<_Types ...>&)[m[K’
[15.051s]  1269 |   [01;36m[K_VARIANT_RELATION_FUNCTION_TEMPLATE[m[K(>, greater)
[15.051s]       |   [01;36m[K^~~~~~~~~~~~~~~~~~~~~~~~~~~~~~~~~~~[m[K
[15.052s] [01m[K/usr/include/c++/13/variant:1269:3:[m[K [01;36m[Knote: [m[K  template argument deduction/substitution failed:
[15.052s] [01m[K/home/mmcgraw/Projects/balance_bot/src/balance_hw/src/motor_enable_node.cpp:148:13:[m[K [01;36m[Knote: [m[K  ‘[01m[Kstd::_Bind_helper<false, void (MotorEnableNode::*)(std::shared_ptr<balance_hw_interfaces::srv::SetPwm_Request_<std::allocator<void> > >, std::shared_ptr<balance_hw_interfaces::srv::SetPwm_Response_<std::allocator<void> > >), MotorEnableNode*, const std::_Placeholder<1>&, const std::_Placeholder<2>&>::type[m[K’ is not derived from ‘[01m[Kconst std::variant<_Types ...>[m[K’
[15.053s]   148 |             [01;36m[K)[m[K;
[15.053s]       |             [01;36m[K^[m[K
[15.054s] In file included from [01m[K/usr/include/c++/13/deque:66[m[K,
[15.054s]                  from [01m[K/opt/ros/jazzy/include/rclcpp/rclcpp/executors/executor_entities_collection.hpp:18[m[K,
[15.054s]                  from [01m[K/opt/ros/jazzy/include/rclcpp/rclcpp/executor.hpp:39[m[K:
[15.055s] [01m[K/usr/include/c++/13/bits/stl_deque.h:2345:5:[m[K [01;36m[Knote: [m[Kcandidate: ‘[01m[Ktemplate<class _Tp, class _Alloc> bool std::[01;32m[Koperator>[m[K(const deque<_Tp, _Alloc>&, const deque<_Tp, _Alloc>&)[m[K’
[15.056s]  2345 |     [01;36m[Koperator[m[K>(const deque<_Tp, _Alloc>& __x, const deque<_Tp, _Alloc>& __y)
[15.056s]       |     [01;36m[K^~~~~~~~[m[K
[15.057s] [01m[K/usr/include/c++/13/bits/stl_deque.h:2345:5:[m[K [01;36m[Knote: [m[K  template argument deduction/substitution failed:
[15.057s] [01m[K/home/mmcgraw/Projects/balance_bot/src/balance_hw/src/motor_enable_node.cpp:148:13:[m[K [01;36m[Knote: [m[K  ‘[01m[Kstd::_Bind_helper<false, void (MotorEnableNode::*)(std::shared_ptr<balance_hw_interfaces::srv::SetPwm_Request_<std::allocator<void> > >, std::shared_ptr<balance_hw_interfaces::srv::SetPwm_Response_<std::allocator<void> > >), MotorEnableNode*, const std::_Placeholder<1>&, const std::_Placeholder<2>&>::type[m[K’ is not derived from ‘[01m[Kconst std::deque<_Tp, _Alloc>[m[K’
[15.058s]   148 |             [01;36m[K)[m[K;
[15.058s]       |             [01;36m[K^[m[K
[15.058s] In file included from [01m[K/usr/include/c++/13/queue:66[m[K,
[15.059s]                  from [01m[K/opt/ros/jazzy/include/rclcpp/rclcpp/experimental/executors/events_executor/events_queue.hpp:18[m[K,
[15.059s]                  from [01m[K/opt/ros/jazzy/include/rclcpp/rclcpp/experimental/executors/events_executor/events_executor.hpp:27[m[K,
[15.060s]                  from [01m[K/opt/ros/jazzy/include/rclcpp/rclcpp/executors.hpp:24[m[K:
[15.060s] [01m[K/usr/include/c++/13/bits/stl_queue.h:413:5:[m[K [01;36m[Knote: [m[Kcandidate: ‘[01m[Ktemplate<class _Tp, class _Seq> bool std::[01;32m[Koperator>[m[K(const queue<_Tp, _Seq>&, const queue<_Tp, _Seq>&)[m[K’
[15.061s]   413 |     [01;36m[Koperator[m[K>(const queue<_Tp, _Seq>& __x, const queue<_Tp, _Seq>& __y)
[15.061s]       |     [01;36m[K^~~~~~~~[m[K
[15.062s] [01m[K/usr/include/c++/13/bits/stl_queue.h:413:5:[m[K [01;36m[Knote: [m[K  template argument deduction/substitution failed:
[15.062s] [01m[K/home/mmcgraw/Projects/balance_bot/src/balance_hw/src/motor_enable_node.cpp:148:13:[m[K [01;36m[Knote: [m[K  ‘[01m[Kstd::_Bind_helper<false, void (MotorEnableNode::*)(std::shared_ptr<balance_hw_interfaces::srv::SetPwm_Request_<std::allocator<void> > >, std::shared_ptr<balance_hw_interfaces::srv::SetPwm_Response_<std::allocator<void> > >), MotorEnableNode*, const std::_Placeholder<1>&, const std::_Placeholder<2>&>::type[m[K’ is not derived from ‘[01m[Kconst std::queue<_Tp, _Seq>[m[K’
[15.063s]   148 |             [01;36m[K)[m[K;
[15.063s]       |             [01;36m[K^[m[K
[15.064s] In file included from [01m[K/opt/ros/jazzy/include/rclcpp/rclcpp/executors/multi_threaded_executor.hpp:22[m[K:
[15.064s] [01m[K/usr/include/c++/13/thread:87:3:[m[K [01;36m[Knote: [m[Kcandidate: ‘[01m[Kbool std::[01;32m[Koperator>[m[K(thread::id, thread::id)[m[K’
[15.064s]    87 |   [01;36m[Koperator[m[K>(thread::id __x, thread::id __y) noexcept
[15.065s]       |   [01;36m[K^~~~~~~~[m[K
[15.065s] [01m[K/usr/include/c++/13/thread:87:24:[m[K [01;36m[Knote: [m[K  no known conversion for argument 1 from ‘[01m[K<unresolved overloaded function type>[m[K’ to ‘[01m[Kstd::thread::id[m[K’
[15.066s]    87 |   operator>([01;36m[Kthread::id __x[m[K, thread::id __y) noexcept
[15.066s]       |             [01;36m[K~~~~~~~~~~~^~~[m[K
[15.067s] [01m[K/usr/include/c++/13/variant:1307:18:[m[K [01;36m[Knote: [m[Kcandidate: ‘[01m[Kconstexpr bool std::[01;32m[Koperator>[m[K(monostate, monostate)[m[K’
[15.067s]  1307 |   constexpr bool [01;36m[Koperator[m[K>(monostate, monostate) noexcept { return false; }
[15.067s]       |                  [01;36m[K^~~~~~~~[m[K
[15.068s] [01m[K/usr/include/c++/13/variant:1307:28:[m[K [01;36m[Knote: [m[K  no known conversion for argument 1 from ‘[01m[K<unresolved overloaded function type>[m[K’ to ‘[01m[Kstd::monostate[m[K’
[15.068s]  1307 |   constexpr bool operator>([01;36m[Kmonostate[m[K, monostate) noexcept { return false; }
[15.069s]       |                            [01;36m[K^~~~~~~~~[m[K
[18.861s] gmake[2]: *** [CMakeFiles/motor_enable_node.dir/build.make:76: CMakeFiles/motor_enable_node.dir/src/motor_enable_node.cpp.o] Error 1
[18.862s] gmake[1]: *** [CMakeFiles/Makefile2:137: CMakeFiles/motor_enable_node.dir/all] Error 2
[18.863s] gmake: *** [Makefile:146: all] Error 2
[18.872s] Invoked command in '/home/mmcgraw/Projects/balance_bot/build/balance_hw' returned '2': CMAKE_PREFIX_PATH=/home/mmcgraw/Projects/balance_bot/install/balance_hw_interfaces:/home/mmcgraw/Projects/balance_bot/install/balance_hw:/opt/ros/jazzy /usr/bin/cmake --build /home/mmcgraw/Projects/balance_bot/build/balance_hw -- -j4 -l4
