[01m[K/home/mmcgraw/Projects/balance_bot/src/balance_hw/src/imu.cpp:159:9:[m[K [01;31m[Kerror: [m[Knon-static data member ‘[01m[Kg[m[K’ declared ‘[01m[Kconstexpr[m[K’
  159 |         [01;31m[Kconstexpr[m[K double g{9.807};
      |         [01;31m[K^~~~~~~~~[m[K
[01m[K/home/mmcgraw/Projects/balance_bot/src/balance_hw/src/imu.cpp:160:9:[m[K [01;31m[Kerror: [m[Knon-static data member ‘[01m[Kaccel_lsb_per_g[m[K’ declared ‘[01m[Kconstexpr[m[K’
  160 |         [01;31m[Kconstexpr[m[K double accel_lsb_per_g{16384.0};
      |         [01;31m[K^~~~~~~~~[m[K
[01m[K/home/mmcgraw/Projects/balance_bot/src/balance_hw/src/imu.cpp:161:9:[m[K [01;31m[Kerror: [m[Knon-static data member ‘[01m[Kgyro_lsb_per_dps[m[K’ declared ‘[01m[Kconstexpr[m[K’
  161 |         [01;31m[Kconstexpr[m[K double gyro_lsb_per_dps{131.0};
      |         [01;31m[K^~~~~~~~~[m[K
[01m[K/home/mmcgraw/Projects/balance_bot/src/balance_hw/src/imu.cpp:162:9:[m[K [01;31m[Kerror: [m[Knon-static data member ‘[01m[Kdeg2rad[m[K’ declared ‘[01m[Kconstexpr[m[K’
  162 |         [01;31m[Kconstexpr[m[K double deg2rad{3.14159/180.0};
      |         [01;31m[K^~~~~~~~~[m[K
[01m[K/home/mmcgraw/Projects/balance_bot/src/balance_hw/src/imu.cpp:[m[K In constructor ‘[01m[KIMU_Node::[01;32m[KIMU_Node[m[K()[m[K’:
[01m[K/home/mmcgraw/Projects/balance_bot/src/balance_hw/src/imu.cpp:95:56:[m[K [01;31m[Kerror: [m[K‘[01m[Kax_raw[m[K’ was not declared in this scope
   95 |             const double ax_corr = static_cast<double>([01;31m[Kax_raw[m[K) - bias_ax_;
      |                                                        [01;31m[K^~~~~~[m[K
[01m[K/home/mmcgraw/Projects/balance_bot/src/balance_hw/src/imu.cpp:96:56:[m[K [01;31m[Kerror: [m[K‘[01m[Kay_raw[m[K’ was not declared in this scope
   96 |             const double ay_corr = static_cast<double>([01;31m[Kay_raw[m[K) - bias_ay_;
      |                                                        [01;31m[K^~~~~~[m[K
[01m[K/home/mmcgraw/Projects/balance_bot/src/balance_hw/src/imu.cpp:97:56:[m[K [01;31m[Kerror: [m[K‘[01m[Kaz_raw[m[K’ was not declared in this scope
   97 |             const double az_corr = static_cast<double>([01;31m[Kaz_raw[m[K) - bias_az_;
      |                                                        [01;31m[K^~~~~~[m[K
[01m[K/home/mmcgraw/Projects/balance_bot/src/balance_hw/src/imu.cpp:99:56:[m[K [01;31m[Kerror: [m[K‘[01m[Kgx_raw[m[K’ was not declared in this scope
   99 |             const double gx_corr = static_cast<double>([01;31m[Kgx_raw[m[K) - bias_gx_;
      |                                                        [01;31m[K^~~~~~[m[K
[01m[K/home/mmcgraw/Projects/balance_bot/src/balance_hw/src/imu.cpp:100:56:[m[K [01;31m[Kerror: [m[K‘[01m[Kgy_raw[m[K’ was not declared in this scope
  100 |             const double gy_corr = static_cast<double>([01;31m[Kgy_raw[m[K) - bias_gy_;
      |                                                        [01;31m[K^~~~~~[m[K
[01m[K/home/mmcgraw/Projects/balance_bot/src/balance_hw/src/imu.cpp:101:56:[m[K [01;31m[Kerror: [m[K‘[01m[Kgz_raw[m[K’ was not declared in this scope
  101 |             const double gz_corr = static_cast<double>([01;31m[Kgz_raw[m[K) - bias_gz_;
      |                                                        [01;31m[K^~~~~~[m[K
gmake[2]: *** [CMakeFiles/imu_node.dir/build.make:76: CMakeFiles/imu_node.dir/src/imu.cpp.o] Error 1
gmake[1]: *** [CMakeFiles/Makefile2:165: CMakeFiles/imu_node.dir/all] Error 2
gmake: *** [Makefile:146: all] Error 2
