[0.469s] DEBUG:colcon:Command line arguments: ['/usr/bin/colcon', 'build', '--packages-select', 'balance_hw']
[0.469s] DEBUG:colcon:Parsed command line arguments: Namespace(log_base=None, log_level=None, verb_name='build', build_base='build', install_base='install', merge_install=False, symlink_install=False, test_result_base=None, continue_on_error=False, executor='parallel', parallel_workers=4, event_handlers=None, ignore_user_meta=False, metas=['./colcon.meta'], base_paths=['.'], packages_ignore=None, packages_ignore_regex=None, paths=None, packages_up_to=None, packages_up_to_regex=None, packages_above=None, packages_above_and_dependencies=None, packages_above_depth=None, packages_select_by_dep=None, packages_skip_by_dep=None, packages_skip_up_to=None, packages_select_build_failed=False, packages_skip_build_finished=False, packages_select_test_failures=False, packages_skip_test_passed=False, packages_select=['balance_hw'], packages_skip=None, packages_select_regex=None, packages_skip_regex=None, packages_start=None, packages_end=None, allow_overriding=[], cmake_args=None, cmake_target=None, cmake_target_skip_unavailable=False, cmake_clean_cache=False, cmake_clean_first=False, cmake_force_configure=False, ament_cmake_args=None, catkin_cmake_args=None, catkin_skip_building_tests=False, verb_parser=<colcon_defaults.argument_parser.defaults.DefaultArgumentsDecorator object at 0xffff8b990080>, verb_extension=<colcon_core.verb.build.BuildVerb object at 0xffff8bb3ca10>, main=<bound method BuildVerb.main of <colcon_core.verb.build.BuildVerb object at 0xffff8bb3ca10>>)
[0.651s] Level 1:colcon.colcon_core.package_discovery:discover_packages(colcon_meta) check parameters
[0.651s] Level 1:colcon.colcon_core.package_discovery:discover_packages(recursive) check parameters
[0.651s] Level 1:colcon.colcon_core.package_discovery:discover_packages(ignore) check parameters
[0.651s] Level 1:colcon.colcon_core.package_discovery:discover_packages(path) check parameters
[0.651s] Level 1:colcon.colcon_core.package_discovery:discover_packages(colcon_meta) discover
[0.652s] Level 1:colcon.colcon_core.package_discovery:discover_packages(recursive) discover
[0.652s] INFO:colcon.colcon_core.package_discovery:Crawling recursively for packages in '/home/mmcgraw/Projects/balance_bot'
[0.652s] Level 1:colcon.colcon_core.package_identification:_identify(.) by extensions ['ignore', 'ignore_ament_install']
[0.653s] Level 1:colcon.colcon_core.package_identification:_identify(.) by extension 'ignore'
[0.653s] Level 1:colcon.colcon_core.package_identification:_identify(.) by extension 'ignore_ament_install'
[0.653s] Level 1:colcon.colcon_core.package_identification:_identify(.) by extensions ['colcon_pkg']
[0.653s] Level 1:colcon.colcon_core.package_identification:_identify(.) by extension 'colcon_pkg'
[0.653s] Level 1:colcon.colcon_core.package_identification:_identify(.) by extensions ['colcon_meta']
[0.654s] Level 1:colcon.colcon_core.package_identification:_identify(.) by extension 'colcon_meta'
[0.654s] Level 1:colcon.colcon_core.package_identification:_identify(.) by extensions ['ros']
[0.654s] Level 1:colcon.colcon_core.package_identification:_identify(.) by extension 'ros'
[0.796s] Level 1:colcon.colcon_core.package_identification:_identify(.) by extensions ['cmake', 'python']
[0.797s] Level 1:colcon.colcon_core.package_identification:_identify(.) by extension 'cmake'
[0.797s] Level 1:colcon.colcon_core.package_identification:_identify(.) by extension 'python'
[0.797s] Level 1:colcon.colcon_core.package_identification:_identify(.) by extensions ['python_setup_py']
[0.798s] Level 1:colcon.colcon_core.package_identification:_identify(.) by extension 'python_setup_py'
[0.798s] Level 1:colcon.colcon_core.package_identification:_identify(build) by extensions ['ignore', 'ignore_ament_install']
[0.799s] Level 1:colcon.colcon_core.package_identification:_identify(build) by extension 'ignore'
[0.799s] Level 1:colcon.colcon_core.package_identification:_identify(build) ignored
[0.800s] Level 1:colcon.colcon_core.package_identification:_identify(install) by extensions ['ignore', 'ignore_ament_install']
[0.801s] Level 1:colcon.colcon_core.package_identification:_identify(install) by extension 'ignore'
[0.802s] Level 1:colcon.colcon_core.package_identification:_identify(install) ignored
[0.802s] Level 1:colcon.colcon_core.package_identification:_identify(log) by extensions ['ignore', 'ignore_ament_install']
[0.803s] Level 1:colcon.colcon_core.package_identification:_identify(log) by extension 'ignore'
[0.804s] Level 1:colcon.colcon_core.package_identification:_identify(log) ignored
[0.804s] Level 1:colcon.colcon_core.package_identification:_identify(src) by extensions ['ignore', 'ignore_ament_install']
[0.805s] Level 1:colcon.colcon_core.package_identification:_identify(src) by extension 'ignore'
[0.806s] Level 1:colcon.colcon_core.package_identification:_identify(src) by extension 'ignore_ament_install'
[0.806s] Level 1:colcon.colcon_core.package_identification:_identify(src) by extensions ['colcon_pkg']
[0.807s] Level 1:colcon.colcon_core.package_identification:_identify(src) by extension 'colcon_pkg'
[0.807s] Level 1:colcon.colcon_core.package_identification:_identify(src) by extensions ['colcon_meta']
[0.807s] Level 1:colcon.colcon_core.package_identification:_identify(src) by extension 'colcon_meta'
[0.808s] Level 1:colcon.colcon_core.package_identification:_identify(src) by extensions ['ros']
[0.808s] Level 1:colcon.colcon_core.package_identification:_identify(src) by extension 'ros'
[0.809s] Level 1:colcon.colcon_core.package_identification:_identify(src) by extensions ['cmake', 'python']
[0.809s] Level 1:colcon.colcon_core.package_identification:_identify(src) by extension 'cmake'
[0.809s] Level 1:colcon.colcon_core.package_identification:_identify(src) by extension 'python'
[0.810s] Level 1:colcon.colcon_core.package_identification:_identify(src) by extensions ['python_setup_py']
[0.811s] Level 1:colcon.colcon_core.package_identification:_identify(src) by extension 'python_setup_py'
[0.812s] Level 1:colcon.colcon_core.package_identification:_identify(src/balance_hw) by extensions ['ignore', 'ignore_ament_install']
[0.812s] Level 1:colcon.colcon_core.package_identification:_identify(src/balance_hw) by extension 'ignore'
[0.813s] Level 1:colcon.colcon_core.package_identification:_identify(src/balance_hw) by extension 'ignore_ament_install'
[0.814s] Level 1:colcon.colcon_core.package_identification:_identify(src/balance_hw) by extensions ['colcon_pkg']
[0.814s] Level 1:colcon.colcon_core.package_identification:_identify(src/balance_hw) by extension 'colcon_pkg'
[0.815s] Level 1:colcon.colcon_core.package_identification:_identify(src/balance_hw) by extensions ['colcon_meta']
[0.815s] Level 1:colcon.colcon_core.package_identification:_identify(src/balance_hw) by extension 'colcon_meta'
[0.816s] Level 1:colcon.colcon_core.package_identification:_identify(src/balance_hw) by extensions ['ros']
[0.816s] Level 1:colcon.colcon_core.package_identification:_identify(src/balance_hw) by extension 'ros'
[0.839s] DEBUG:colcon.colcon_core.package_identification:Package 'src/balance_hw' with type 'ros.ament_cmake' and name 'balance_hw'
[0.839s] Level 1:colcon.colcon_core.package_discovery:discover_packages(recursive) using defaults
[0.839s] Level 1:colcon.colcon_core.package_discovery:discover_packages(ignore) discover
[0.839s] Level 1:colcon.colcon_core.package_discovery:discover_packages(ignore) using defaults
[0.839s] Level 1:colcon.colcon_core.package_discovery:discover_packages(path) discover
[0.840s] Level 1:colcon.colcon_core.package_discovery:discover_packages(path) using defaults
[0.932s] Level 1:colcon.colcon_core.package_discovery:discover_packages(prefix_path) check parameters
[0.932s] Level 1:colcon.colcon_core.package_discovery:discover_packages(prefix_path) discover
[0.945s] DEBUG:colcon.colcon_installed_package_information.package_discovery:Found 195 installed packages in /opt/ros/jazzy
[0.948s] Level 1:colcon.colcon_core.package_discovery:discover_packages(prefix_path) using defaults
[1.091s] Level 5:colcon.colcon_core.verb:set package 'balance_hw' build argument 'cmake_args' from command line to 'None'
[1.091s] Level 5:colcon.colcon_core.verb:set package 'balance_hw' build argument 'cmake_target' from command line to 'None'
[1.091s] Level 5:colcon.colcon_core.verb:set package 'balance_hw' build argument 'cmake_target_skip_unavailable' from command line to 'False'
[1.092s] Level 5:colcon.colcon_core.verb:set package 'balance_hw' build argument 'cmake_clean_cache' from command line to 'False'
[1.092s] Level 5:colcon.colcon_core.verb:set package 'balance_hw' build argument 'cmake_clean_first' from command line to 'False'
[1.092s] Level 5:colcon.colcon_core.verb:set package 'balance_hw' build argument 'cmake_force_configure' from command line to 'False'
[1.092s] Level 5:colcon.colcon_core.verb:set package 'balance_hw' build argument 'ament_cmake_args' from command line to 'None'
[1.092s] Level 5:colcon.colcon_core.verb:set package 'balance_hw' build argument 'catkin_cmake_args' from command line to 'None'
[1.092s] Level 5:colcon.colcon_core.verb:set package 'balance_hw' build argument 'catkin_skip_building_tests' from command line to 'False'
[1.092s] DEBUG:colcon.colcon_core.verb:Building package 'balance_hw' with the following arguments: {'ament_cmake_args': None, 'build_base': '/home/mmcgraw/Projects/balance_bot/build/balance_hw', 'catkin_cmake_args': None, 'catkin_skip_building_tests': False, 'cmake_args': None, 'cmake_clean_cache': False, 'cmake_clean_first': False, 'cmake_force_configure': False, 'cmake_target': None, 'cmake_target_skip_unavailable': False, 'install_base': '/home/mmcgraw/Projects/balance_bot/install/balance_hw', 'merge_install': False, 'path': '/home/mmcgraw/Projects/balance_bot/src/balance_hw', 'symlink_install': False, 'test_result_base': None}
[1.093s] INFO:colcon.colcon_core.executor:Executing jobs using 'parallel' executor
[1.096s] DEBUG:colcon.colcon_parallel_executor.executor.parallel:run_until_complete
[1.097s] INFO:colcon.colcon_ros.task.ament_cmake.build:Building ROS package in '/home/mmcgraw/Projects/balance_bot/src/balance_hw' with build type 'ament_cmake'
[1.097s] INFO:colcon.colcon_cmake.task.cmake.build:Building CMake package in '/home/mmcgraw/Projects/balance_bot/src/balance_hw'
[1.105s] INFO:colcon.colcon_core.plugin_system:Skipping extension 'colcon_core.shell.bat': Not used on non-Windows systems
[1.106s] INFO:colcon.colcon_core.shell:Skip shell extension 'powershell' for command environment: Not usable outside of PowerShell
[1.106s] DEBUG:colcon.colcon_core.shell:Skip shell extension 'dsv' for command environment
[1.154s] DEBUG:colcon.colcon_core.event_handler.log_command:Invoking command in '/home/mmcgraw/Projects/balance_bot/build/balance_hw': CMAKE_PREFIX_PATH=/opt/ros/jazzy /usr/bin/cmake --build /home/mmcgraw/Projects/balance_bot/build/balance_hw -- -j4 -l4
[18.521s] DEBUG:colcon.colcon_core.event_handler.log_command:Invoked command in '/home/mmcgraw/Projects/balance_bot/build/balance_hw' returned '2': CMAKE_PREFIX_PATH=/opt/ros/jazzy /usr/bin/cmake --build /home/mmcgraw/Projects/balance_bot/build/balance_hw -- -j4 -l4
[18.523s] Level 1:colcon.colcon_core.environment:create_environment_scripts_only(balance_hw)
[18.815s] Level 1:colcon.colcon_core.environment:checking '/home/mmcgraw/Projects/balance_bot/install/balance_hw' for CMake module files
[18.818s] Level 1:colcon.colcon_core.environment:checking '/home/mmcgraw/Projects/balance_bot/install/balance_hw' for CMake config files
[18.821s] Level 1:colcon.colcon_core.shell:create_environment_hook('balance_hw', 'cmake_prefix_path')
[18.821s] INFO:colcon.colcon_core.shell:Creating environment hook '/home/mmcgraw/Projects/balance_bot/install/balance_hw/share/balance_hw/hook/cmake_prefix_path.ps1'
[18.894s] INFO:colcon.colcon_core.shell:Creating environment descriptor '/home/mmcgraw/Projects/balance_bot/install/balance_hw/share/balance_hw/hook/cmake_prefix_path.dsv'
[19.172s] INFO:colcon.colcon_core.shell:Creating environment hook '/home/mmcgraw/Projects/balance_bot/install/balance_hw/share/balance_hw/hook/cmake_prefix_path.sh'
[19.179s] Level 1:colcon.colcon_core.environment:checking '/home/mmcgraw/Projects/balance_bot/install/balance_hw/lib'
[19.181s] Level 1:colcon.colcon_core.environment:checking '/home/mmcgraw/Projects/balance_bot/install/balance_hw/bin'
[19.181s] Level 1:colcon.colcon_core.environment:checking '/home/mmcgraw/Projects/balance_bot/install/balance_hw/lib/pkgconfig/balance_hw.pc'
[19.183s] Level 1:colcon.colcon_core.environment:checking '/home/mmcgraw/Projects/balance_bot/install/balance_hw/lib/python3.12/site-packages'
[19.186s] Level 1:colcon.colcon_core.environment:checking '/home/mmcgraw/Projects/balance_bot/install/balance_hw/bin'
[19.187s] INFO:colcon.colcon_core.shell:Creating package script '/home/mmcgraw/Projects/balance_bot/install/balance_hw/share/balance_hw/package.ps1'
[19.190s] INFO:colcon.colcon_core.shell:Creating package descriptor '/home/mmcgraw/Projects/balance_bot/install/balance_hw/share/balance_hw/package.dsv'
[19.193s] INFO:colcon.colcon_core.shell:Creating package script '/home/mmcgraw/Projects/balance_bot/install/balance_hw/share/balance_hw/package.sh'
[19.195s] INFO:colcon.colcon_core.shell:Creating package script '/home/mmcgraw/Projects/balance_bot/install/balance_hw/share/balance_hw/package.bash'
[19.199s] INFO:colcon.colcon_core.shell:Creating package script '/home/mmcgraw/Projects/balance_bot/install/balance_hw/share/balance_hw/package.zsh'
[19.202s] Level 1:colcon.colcon_core.environment:create_file_with_runtime_dependencies(/home/mmcgraw/Projects/balance_bot/install/balance_hw/share/colcon-core/packages/balance_hw)
[19.203s] DEBUG:colcon.colcon_parallel_executor.executor.parallel:closing loop
[19.204s] DEBUG:colcon.colcon_parallel_executor.executor.parallel:loop closed
[19.205s] DEBUG:colcon.colcon_parallel_executor.executor.parallel:run_until_complete finished with '2'
[19.206s] DEBUG:colcon.colcon_core.event_reactor:joining thread
[19.228s] INFO:colcon.colcon_core.plugin_system:Skipping extension 'colcon_notification.desktop_notification.notify_send': Could not find 'notify-send'
[19.228s] INFO:colcon.colcon_core.plugin_system:Skipping extension 'colcon_notification.desktop_notification.terminal_notifier': Not used on non-Darwin systems
[19.229s] INFO:colcon.colcon_core.plugin_system:Skipping extension 'colcon_notification.desktop_notification.win32': Not used on non-Windows systems
[19.229s] INFO:colcon.colcon_notification.desktop_notification:Sending desktop notification using 'notify2'
[19.297s] DEBUG:colcon.colcon_notification.desktop_notification.notify2:Failed to initialize notify2: org.freedesktop.DBus.Error.ServiceUnknown: The name org.freedesktop.Notifications was not provided by any .service files
[19.298s] DEBUG:colcon.colcon_core.event_reactor:joined thread
[19.299s] INFO:colcon.colcon_core.shell:Creating prefix script '/home/mmcgraw/Projects/balance_bot/install/local_setup.ps1'
[19.304s] INFO:colcon.colcon_core.shell:Creating prefix util module '/home/mmcgraw/Projects/balance_bot/install/_local_setup_util_ps1.py'
[19.310s] INFO:colcon.colcon_core.shell:Creating prefix chain script '/home/mmcgraw/Projects/balance_bot/install/setup.ps1'
[19.313s] INFO:colcon.colcon_core.shell:Creating prefix script '/home/mmcgraw/Projects/balance_bot/install/local_setup.sh'
[19.316s] INFO:colcon.colcon_core.shell:Creating prefix util module '/home/mmcgraw/Projects/balance_bot/install/_local_setup_util_sh.py'
[19.319s] INFO:colcon.colcon_core.shell:Creating prefix chain script '/home/mmcgraw/Projects/balance_bot/install/setup.sh'
[19.322s] INFO:colcon.colcon_core.shell:Creating prefix script '/home/mmcgraw/Projects/balance_bot/install/local_setup.bash'
[19.325s] INFO:colcon.colcon_core.shell:Creating prefix chain script '/home/mmcgraw/Projects/balance_bot/install/setup.bash'
[19.328s] INFO:colcon.colcon_core.shell:Creating prefix script '/home/mmcgraw/Projects/balance_bot/install/local_setup.zsh'
[19.330s] INFO:colcon.colcon_core.shell:Creating prefix chain script '/home/mmcgraw/Projects/balance_bot/install/setup.zsh'
