[0.056s] Invoking command in '/home/mmcgraw/Projects/balance_bot/build/balance_hw': CMAKE_PREFIX_PATH=${CMAKE_PREFIX_PATH}:/opt/ros/jazzy /usr/bin/cmake --build /home/mmcgraw/Projects/balance_bot/build/balance_hw -- -j4 -l4
[0.368s] [ 50%] [32mBuilding CXX object CMakeFiles/motor_enable_node.dir/src/motor_enable_node.cpp.o[0m
[13.130s] [100%] [32m[1mLinking CXX executable motor_enable_node[0m
[13.785s] [100%] Built target motor_enable_node
[13.837s] Invoked command in '/home/mmcgraw/Projects/balance_bot/build/balance_hw' returned '0': CMAKE_PREFIX_PATH=${CMAKE_PREFIX_PATH}:/opt/ros/jazzy /usr/bin/cmake --build /home/mmcgraw/Projects/balance_bot/build/balance_hw -- -j4 -l4
[13.885s] Invoking command in '/home/mmcgraw/Projects/balance_bot/build/balance_hw': CMAKE_PREFIX_PATH=${CMAKE_PREFIX_PATH}:/opt/ros/jazzy /usr/bin/cmake --install /home/mmcgraw/Projects/balance_bot/build/balance_hw
[13.920s] -- Install configuration: ""
[13.921s] -- Installing: /home/mmcgraw/Projects/balance_bot/install/balance_hw/lib/balance_hw/motor_enable_node
[13.926s] -- Set non-toolchain portion of runtime path of "/home/mmcgraw/Projects/balance_bot/install/balance_hw/lib/balance_hw/motor_enable_node" to ""
[13.927s] -- Up-to-date: /home/mmcgraw/Projects/balance_bot/install/balance_hw/share/balance_hw/config
[13.927s] -- Up-to-date: /home/mmcgraw/Projects/balance_bot/install/balance_hw/share/balance_hw/config/robot.yaml
[13.928s] -- Up-to-date: /home/mmcgraw/Projects/balance_bot/install/balance_hw/share/ament_index/resource_index/package_run_dependencies/balance_hw
[13.928s] -- Up-to-date: /home/mmcgraw/Projects/balance_bot/install/balance_hw/share/ament_index/resource_index/parent_prefix_path/balance_hw
[13.929s] -- Up-to-date: /home/mmcgraw/Projects/balance_bot/install/balance_hw/share/balance_hw/environment/ament_prefix_path.sh
[13.930s] -- Up-to-date: /home/mmcgraw/Projects/balance_bot/install/balance_hw/share/balance_hw/environment/ament_prefix_path.dsv
[13.930s] -- Up-to-date: /home/mmcgraw/Projects/balance_bot/install/balance_hw/share/balance_hw/environment/path.sh
[13.931s] -- Up-to-date: /home/mmcgraw/Projects/balance_bot/install/balance_hw/share/balance_hw/environment/path.dsv
[13.931s] -- Up-to-date: /home/mmcgraw/Projects/balance_bot/install/balance_hw/share/balance_hw/local_setup.bash
[13.932s] -- Up-to-date: /home/mmcgraw/Projects/balance_bot/install/balance_hw/share/balance_hw/local_setup.sh
[13.932s] -- Up-to-date: /home/mmcgraw/Projects/balance_bot/install/balance_hw/share/balance_hw/local_setup.zsh
[13.932s] -- Up-to-date: /home/mmcgraw/Projects/balance_bot/install/balance_hw/share/balance_hw/local_setup.dsv
[13.933s] -- Installing: /home/mmcgraw/Projects/balance_bot/install/balance_hw/share/balance_hw/package.dsv
[13.934s] -- Up-to-date: /home/mmcgraw/Projects/balance_bot/install/balance_hw/share/ament_index/resource_index/packages/balance_hw
[13.934s] -- Up-to-date: /home/mmcgraw/Projects/balance_bot/install/balance_hw/share/balance_hw/cmake/balance_hwConfig.cmake
[13.934s] -- Up-to-date: /home/mmcgraw/Projects/balance_bot/install/balance_hw/share/balance_hw/cmake/balance_hwConfig-version.cmake
[13.935s] -- Up-to-date: /home/mmcgraw/Projects/balance_bot/install/balance_hw/share/balance_hw/package.xml
[13.941s] Invoked command in '/home/mmcgraw/Projects/balance_bot/build/balance_hw' returned '0': CMAKE_PREFIX_PATH=${CMAKE_PREFIX_PATH}:/opt/ros/jazzy /usr/bin/cmake --install /home/mmcgraw/Projects/balance_bot/build/balance_hw
