In file included from [01m[K/opt/ros/jazzy/include/rclcpp/rclcpp/copy_all_parameter_values.hpp:27[m[K,
                 from [01m[K/opt/ros/jazzy/include/rclcpp/rclcpp/rclcpp.hpp:171[m[K,
                 from [01m[K/home/mmcgraw/Projects/balance_bot/src/balance_hw/src/imu.cpp:1[m[K:
[01m[K/home/mmcgraw/Projects/balance_bot/src/balance_hw/src/imu.cpp:[m[K In constructor ‘[01m[KIMU_Node::[01;32m[KIMU_Node[m[K()[m[K’:
[01m[K/home/mmcgraw/Projects/balance_bot/src/balance_hw/src/imu.cpp:22:40:[m[K [01;31m[Kerror: [m[Kno matching function for call to ‘[01m[KIMU_Node::get_logger(int, const char [36], const uint8_t&)[m[K’
   22 |                 RCLCPP_FATAL([01;31m[Kget_logger(0, "Failed to set I2C_SLAVE addr=0x%02X", i2c_addr_)[m[K);
      |                              [01;31m[K~~~~~~~~~~^~~~~~~~~~~~~~~~~~~~~~~~~~~~~~~~~~~~~~~~~~~~~~~~~~~~~[m[K
In file included from [01m[K/opt/ros/jazzy/include/rclcpp/rclcpp/executors/single_threaded_executor.hpp:28[m[K,
                 from [01m[K/opt/ros/jazzy/include/rclcpp/rclcpp/executors.hpp:22[m[K,
                 from [01m[K/opt/ros/jazzy/include/rclcpp/rclcpp/rclcpp.hpp:172[m[K:
[01m[K/opt/ros/jazzy/include/rclcpp/rclcpp/node.hpp:144:3:[m[K [01;36m[Knote: [m[Kcandidate: ‘[01m[Krclcpp::Logger rclcpp::Node::[01;32m[Kget_logger[m[K() const[m[K’
  144 |   [01;36m[Kget_logger[m[K() const;
      |   [01;36m[K^~~~~~~~~~[m[K
[01m[K/opt/ros/jazzy/include/rclcpp/rclcpp/node.hpp:144:3:[m[K [01;36m[Knote: [m[K  candidate expects 0 arguments, 3 provided
[01m[K/home/mmcgraw/Projects/balance_bot/src/balance_hw/src/imu.cpp:22:40:[m[K [01;31m[Kerror: [m[Kno matching function for call to ‘[01m[KIMU_Node::get_logger(int, const char [36], const uint8_t&)[m[K’
   22 |                 RCLCPP_FATAL([01;31m[Kget_logger(0, "Failed to set I2C_SLAVE addr=0x%02X", i2c_addr_)[m[K);
      |                              [01;31m[K~~~~~~~~~~^~~~~~~~~~~~~~~~~~~~~~~~~~~~~~~~~~~~~~~~~~~~~~~~~~~~~[m[K
[01m[K/opt/ros/jazzy/include/rclcpp/rclcpp/node.hpp:144:3:[m[K [01;36m[Knote: [m[Kcandidate: ‘[01m[Krclcpp::Logger rclcpp::Node::[01;32m[Kget_logger[m[K() const[m[K’
  144 |   [01;36m[Kget_logger[m[K() const;
      |   [01;36m[K^~~~~~~~~~[m[K
[01m[K/opt/ros/jazzy/include/rclcpp/rclcpp/node.hpp:144:3:[m[K [01;36m[Knote: [m[K  candidate expects 0 arguments, 3 provided
[01m[K/home/mmcgraw/Projects/balance_bot/src/balance_hw/src/imu.cpp:22:17:[m[K [01;31m[Kerror: [m[Ktemplate argument 1 is invalid
   22 |                 [01;31m[KRCLCPP_FATAL[m[K(get_logger(0, "Failed to set I2C_SLAVE addr=0x%02X", i2c_addr_));
      |                 [01;31m[K^~~~~~~~~~~~[m[K
In file included from [01m[K/opt/ros/jazzy/include/rclcpp/rclcpp/logging.hpp:24[m[K:
[01m[K/home/mmcgraw/Projects/balance_bot/src/balance_hw/src/imu.cpp:22:40:[m[K [01;31m[Kerror: [m[Kno matching function for call to ‘[01m[KIMU_Node::get_logger(int, const char [36], const uint8_t&)[m[K’
   22 |                 RCLCPP_FATAL([01;31m[Kget_logger(0, "Failed to set I2C_SLAVE addr=0x%02X", i2c_addr_)[m[K);
      |                              [01;31m[K~~~~~~~~~~^~~~~~~~~~~~~~~~~~~~~~~~~~~~~~~~~~~~~~~~~~~~~~~~~~~~~[m[K
[01m[K/opt/ros/jazzy/include/rclcpp/rclcpp/node.hpp:144:3:[m[K [01;36m[Knote: [m[Kcandidate: ‘[01m[Krclcpp::Logger rclcpp::Node::[01;32m[Kget_logger[m[K() const[m[K’
  144 |   [01;36m[Kget_logger[m[K() const;
      |   [01;36m[K^~~~~~~~~~[m[K
[01m[K/opt/ros/jazzy/include/rclcpp/rclcpp/node.hpp:144:3:[m[K [01;36m[Knote: [m[K  candidate expects 0 arguments, 3 provided
[01m[K/home/mmcgraw/Projects/balance_bot/src/balance_hw/src/imu.cpp:22:40:[m[K [01;31m[Kerror: [m[Kno matching function for call to ‘[01m[KIMU_Node::get_logger(int, const char [36], const uint8_t&)[m[K’
   22 |                 RCLCPP_FATAL([01;31m[Kget_logger(0, "Failed to set I2C_SLAVE addr=0x%02X", i2c_addr_)[m[K);
      |                              [01;31m[K~~~~~~~~~~^~~~~~~~~~~~~~~~~~~~~~~~~~~~~~~~~~~~~~~~~~~~~~~~~~~~~[m[K
[01m[K/opt/ros/jazzy/include/rclcpp/rclcpp/node.hpp:144:3:[m[K [01;36m[Knote: [m[Kcandidate: ‘[01m[Krclcpp::Logger rclcpp::Node::[01;32m[Kget_logger[m[K() const[m[K’
  144 |   [01;36m[Kget_logger[m[K() const;
      |   [01;36m[K^~~~~~~~~~[m[K
[01m[K/opt/ros/jazzy/include/rclcpp/rclcpp/node.hpp:144:3:[m[K [01;36m[Knote: [m[K  candidate expects 0 arguments, 3 provided
[01m[K/home/mmcgraw/Projects/balance_bot/src/balance_hw/src/imu.cpp:22:17:[m[K [01;31m[Kerror: [m[Kexpected primary-expression before ‘[01m[K)[m[K’ token
   22 |                 [01;31m[KRCLCPP_FATAL[m[K(get_logger(0, "Failed to set I2C_SLAVE addr=0x%02X", i2c_addr_));
      |                 [01;31m[K^~~~~~~~~~~~[m[K
[01m[K/home/mmcgraw/Projects/balance_bot/src/balance_hw/src/imu.cpp:[m[K In destructor ‘[01m[Kvirtual IMU_Node::[01;32m[K~IMU_Node[m[K()[m[K’:
[01m[K/home/mmcgraw/Projects/balance_bot/src/balance_hw/src/imu.cpp:37:25:[m[K [01;31m[Kerror: [m[K‘[01m[Ki2c_fd[m[K’ was not declared in this scope; did you mean ‘[01m[Ki2c_fd_[m[K’?
   37 |                 ::close([01;31m[Ki2c_fd[m[K);
      |                         [01;31m[K^~~~~~[m[K
      |                         [32m[Ki2c_fd_[m[K
gmake[2]: *** [CMakeFiles/imu_node.dir/build.make:76: CMakeFiles/imu_node.dir/src/imu.cpp.o] Error 1
gmake[1]: *** [CMakeFiles/Makefile2:165: CMakeFiles/imu_node.dir/all] Error 2
gmake: *** [Makefile:146: all] Error 2
