[0.067s] Invoking command in '/home/mmcgraw/Projects/balance_bot/build/balance_hw': CMAKE_PREFIX_PATH=/home/mmcgraw/Projects/balance_bot/install/balance_hw_interfaces:/home/mmcgraw/Projects/balance_bot/install/balance_hw:/opt/ros/jazzy /usr/bin/cmake --build /home/mmcgraw/Projects/balance_bot/build/balance_hw -- -j4 -l4
[0.397s] [ 50%] [32mBuilding CXX object CMakeFiles/motor_enable_node.dir/src/motor_enable_node.cpp.o[0m
[21.587s] [01m[K/home/mmcgraw/Projects/balance_bot/src/balance_hw/src/motor_enable_node.cpp:[m[K In lambda function:
[21.588s] [01m[K/home/mmcgraw/Projects/balance_bot/src/balance_hw/src/motor_enable_node.cpp:154:35:[m[K [01;35m[Kwarning: [m[K‘[01m[Kcmd_timeout_ms_[m[K’ is used uninitialized [[01;35m[K]8;;https://gcc.gnu.org/onlinedocs/gcc/Warning-Options.html#index-Wuninitialized-Wuninitialized]8;;[m[K]
[21.588s]   154 |                     const int64_t [01;35m[Kcmd_timeout_ms_[m[K = static_cast<int64_t>(cmd_timeout_ms_) * 1000000LL;
[21.589s]       |                                   [01;35m[K^~~~~~~~~~~~~~~[m[K
[21.590s] [01m[K/home/mmcgraw/Projects/balance_bot/src/balance_hw/src/motor_enable_node.cpp:154:35:[m[K [01;36m[Knote: [m[K‘[01m[Kcmd_timeout_ms_[m[K’ was declared here
[21.590s]   154 |                     const int64_t [01;36m[Kcmd_timeout_ms_[m[K = static_cast<int64_t>(cmd_timeout_ms_) * 1000000LL;
[21.591s]       |                                   [01;36m[K^~~~~~~~~~~~~~~[m[K
[38.753s] [100%] [32m[1mLinking CXX executable motor_enable_node[0m
[40.852s] [100%] Built target motor_enable_node
[40.904s] Invoked command in '/home/mmcgraw/Projects/balance_bot/build/balance_hw' returned '0': CMAKE_PREFIX_PATH=/home/mmcgraw/Projects/balance_bot/install/balance_hw_interfaces:/home/mmcgraw/Projects/balance_bot/install/balance_hw:/opt/ros/jazzy /usr/bin/cmake --build /home/mmcgraw/Projects/balance_bot/build/balance_hw -- -j4 -l4
[40.952s] Invoking command in '/home/mmcgraw/Projects/balance_bot/build/balance_hw': CMAKE_PREFIX_PATH=/home/mmcgraw/Projects/balance_bot/install/balance_hw_interfaces:/home/mmcgraw/Projects/balance_bot/install/balance_hw:/opt/ros/jazzy /usr/bin/cmake --install /home/mmcgraw/Projects/balance_bot/build/balance_hw
[40.987s] -- Install configuration: ""
[40.988s] -- Installing: /home/mmcgraw/Projects/balance_bot/install/balance_hw/lib/balance_hw/motor_enable_node
[41.047s] -- Set non-toolchain portion of runtime path of "/home/mmcgraw/Projects/balance_bot/install/balance_hw/lib/balance_hw/motor_enable_node" to ""
[41.048s] -- Up-to-date: /home/mmcgraw/Projects/balance_bot/install/balance_hw/share/balance_hw/config
[41.049s] -- Up-to-date: /home/mmcgraw/Projects/balance_bot/install/balance_hw/share/balance_hw/config/robot.yaml
[41.049s] -- Up-to-date: /home/mmcgraw/Projects/balance_bot/install/balance_hw/share/ament_index/resource_index/package_run_dependencies/balance_hw
[41.050s] -- Up-to-date: /home/mmcgraw/Projects/balance_bot/install/balance_hw/share/ament_index/resource_index/parent_prefix_path/balance_hw
[41.050s] -- Up-to-date: /home/mmcgraw/Projects/balance_bot/install/balance_hw/share/balance_hw/environment/ament_prefix_path.sh
[41.051s] -- Up-to-date: /home/mmcgraw/Projects/balance_bot/install/balance_hw/share/balance_hw/environment/ament_prefix_path.dsv
[41.051s] -- Up-to-date: /home/mmcgraw/Projects/balance_bot/install/balance_hw/share/balance_hw/environment/path.sh
[41.052s] -- Up-to-date: /home/mmcgraw/Projects/balance_bot/install/balance_hw/share/balance_hw/environment/path.dsv
[41.052s] -- Up-to-date: /home/mmcgraw/Projects/balance_bot/install/balance_hw/share/balance_hw/local_setup.bash
[41.053s] -- Up-to-date: /home/mmcgraw/Projects/balance_bot/install/balance_hw/share/balance_hw/local_setup.sh
[41.053s] -- Up-to-date: /home/mmcgraw/Projects/balance_bot/install/balance_hw/share/balance_hw/local_setup.zsh
[41.054s] -- Up-to-date: /home/mmcgraw/Projects/balance_bot/install/balance_hw/share/balance_hw/local_setup.dsv
[41.054s] -- Installing: /home/mmcgraw/Projects/balance_bot/install/balance_hw/share/balance_hw/package.dsv
[41.055s] -- Up-to-date: /home/mmcgraw/Projects/balance_bot/install/balance_hw/share/ament_index/resource_index/packages/balance_hw
[41.056s] -- Up-to-date: /home/mmcgraw/Projects/balance_bot/install/balance_hw/share/balance_hw/cmake/balance_hwConfig.cmake
[41.056s] -- Up-to-date: /home/mmcgraw/Projects/balance_bot/install/balance_hw/share/balance_hw/cmake/balance_hwConfig-version.cmake
[41.057s] -- Up-to-date: /home/mmcgraw/Projects/balance_bot/install/balance_hw/share/balance_hw/package.xml
[41.062s] Invoked command in '/home/mmcgraw/Projects/balance_bot/build/balance_hw' returned '0': CMAKE_PREFIX_PATH=/home/mmcgraw/Projects/balance_bot/install/balance_hw_interfaces:/home/mmcgraw/Projects/balance_bot/install/balance_hw:/opt/ros/jazzy /usr/bin/cmake --install /home/mmcgraw/Projects/balance_bot/build/balance_hw
