[1.051s] DEBUG:colcon:Command line arguments: ['/usr/bin/colcon', 'build', '--packages-select', 'balance_hw']
[1.051s] DEBUG:colcon:Parsed command line arguments: Namespace(log_base=None, log_level=None, verb_name='build', build_base='build', install_base='install', merge_install=False, symlink_install=False, test_result_base=None, continue_on_error=False, executor='parallel', parallel_workers=4, event_handlers=None, ignore_user_meta=False, metas=['./colcon.meta'], base_paths=['.'], packages_ignore=None, packages_ignore_regex=None, paths=None, packages_up_to=None, packages_up_to_regex=None, packages_above=None, packages_above_and_dependencies=None, packages_above_depth=None, packages_select_by_dep=None, packages_skip_by_dep=None, packages_skip_up_to=None, packages_select_build_failed=False, packages_skip_build_finished=False, packages_select_test_failures=False, packages_skip_test_passed=False, packages_select=['balance_hw'], packages_skip=None, packages_select_regex=None, packages_skip_regex=None, packages_start=None, packages_end=None, allow_overriding=[], cmake_args=None, cmake_target=None, cmake_target_skip_unavailable=False, cmake_clean_cache=False, cmake_clean_first=False, cmake_force_configure=False, ament_cmake_args=None, catkin_cmake_args=None, catkin_skip_building_tests=False, verb_parser=<colcon_defaults.argument_parser.defaults.DefaultArgumentsDecorator object at 0xffff80888410>, verb_extension=<colcon_core.verb.build.BuildVerb object at 0xffff80b80d70>, main=<bound method BuildVerb.main of <colcon_core.verb.build.BuildVerb object at 0xffff80b80d70>>)
[1.371s] Level 1:colcon.colcon_core.package_discovery:discover_packages(colcon_meta) check parameters
[1.372s] Level 1:colcon.colcon_core.package_discovery:discover_packages(recursive) check parameters
[1.372s] Level 1:colcon.colcon_core.package_discovery:discover_packages(ignore) check parameters
[1.372s] Level 1:colcon.colcon_core.package_discovery:discover_packages(path) check parameters
[1.372s] Level 1:colcon.colcon_core.package_discovery:discover_packages(colcon_meta) discover
[1.373s] Level 1:colcon.colcon_core.package_discovery:discover_packages(recursive) discover
[1.373s] INFO:colcon.colcon_core.package_discovery:Crawling recursively for packages in '/home/mmcgraw/Projects/balance_bot'
[1.373s] Level 1:colcon.colcon_core.package_identification:_identify(.) by extensions ['ignore', 'ignore_ament_install']
[1.374s] Level 1:colcon.colcon_core.package_identification:_identify(.) by extension 'ignore'
[1.374s] Level 1:colcon.colcon_core.package_identification:_identify(.) by extension 'ignore_ament_install'
[1.374s] Level 1:colcon.colcon_core.package_identification:_identify(.) by extensions ['colcon_pkg']
[1.375s] Level 1:colcon.colcon_core.package_identification:_identify(.) by extension 'colcon_pkg'
[1.375s] Level 1:colcon.colcon_core.package_identification:_identify(.) by extensions ['colcon_meta']
[1.375s] Level 1:colcon.colcon_core.package_identification:_identify(.) by extension 'colcon_meta'
[1.375s] Level 1:colcon.colcon_core.package_identification:_identify(.) by extensions ['ros']
[1.375s] Level 1:colcon.colcon_core.package_identification:_identify(.) by extension 'ros'
[1.540s] Level 1:colcon.colcon_core.package_identification:_identify(.) by extensions ['cmake', 'python']
[1.541s] Level 1:colcon.colcon_core.package_identification:_identify(.) by extension 'cmake'
[1.541s] Level 1:colcon.colcon_core.package_identification:_identify(.) by extension 'python'
[1.541s] Level 1:colcon.colcon_core.package_identification:_identify(.) by extensions ['python_setup_py']
[1.541s] Level 1:colcon.colcon_core.package_identification:_identify(.) by extension 'python_setup_py'
[1.542s] Level 1:colcon.colcon_core.package_identification:_identify(build) by extensions ['ignore', 'ignore_ament_install']
[1.542s] Level 1:colcon.colcon_core.package_identification:_identify(build) by extension 'ignore'
[1.542s] Level 1:colcon.colcon_core.package_identification:_identify(build) ignored
[1.543s] Level 1:colcon.colcon_core.package_identification:_identify(install) by extensions ['ignore', 'ignore_ament_install']
[1.544s] Level 1:colcon.colcon_core.package_identification:_identify(install) by extension 'ignore'
[1.544s] Level 1:colcon.colcon_core.package_identification:_identify(install) ignored
[1.545s] Level 1:colcon.colcon_core.package_identification:_identify(log) by extensions ['ignore', 'ignore_ament_install']
[1.545s] Level 1:colcon.colcon_core.package_identification:_identify(log) by extension 'ignore'
[1.545s] Level 1:colcon.colcon_core.package_identification:_identify(log) ignored
[1.546s] Level 1:colcon.colcon_core.package_identification:_identify(src) by extensions ['ignore', 'ignore_ament_install']
[1.546s] Level 1:colcon.colcon_core.package_identification:_identify(src) by extension 'ignore'
[1.546s] Level 1:colcon.colcon_core.package_identification:_identify(src) by extension 'ignore_ament_install'
[1.547s] Level 1:colcon.colcon_core.package_identification:_identify(src) by extensions ['colcon_pkg']
[1.547s] Level 1:colcon.colcon_core.package_identification:_identify(src) by extension 'colcon_pkg'
[1.547s] Level 1:colcon.colcon_core.package_identification:_identify(src) by extensions ['colcon_meta']
[1.547s] Level 1:colcon.colcon_core.package_identification:_identify(src) by extension 'colcon_meta'
[1.547s] Level 1:colcon.colcon_core.package_identification:_identify(src) by extensions ['ros']
[1.547s] Level 1:colcon.colcon_core.package_identification:_identify(src) by extension 'ros'
[1.548s] Level 1:colcon.colcon_core.package_identification:_identify(src) by extensions ['cmake', 'python']
[1.548s] Level 1:colcon.colcon_core.package_identification:_identify(src) by extension 'cmake'
[1.548s] Level 1:colcon.colcon_core.package_identification:_identify(src) by extension 'python'
[1.548s] Level 1:colcon.colcon_core.package_identification:_identify(src) by extensions ['python_setup_py']
[1.548s] Level 1:colcon.colcon_core.package_identification:_identify(src) by extension 'python_setup_py'
[1.549s] Level 1:colcon.colcon_core.package_identification:_identify(src/balance_hw) by extensions ['ignore', 'ignore_ament_install']
[1.549s] Level 1:colcon.colcon_core.package_identification:_identify(src/balance_hw) by extension 'ignore'
[1.549s] Level 1:colcon.colcon_core.package_identification:_identify(src/balance_hw) by extension 'ignore_ament_install'
[1.550s] Level 1:colcon.colcon_core.package_identification:_identify(src/balance_hw) by extensions ['colcon_pkg']
[1.550s] Level 1:colcon.colcon_core.package_identification:_identify(src/balance_hw) by extension 'colcon_pkg'
[1.550s] Level 1:colcon.colcon_core.package_identification:_identify(src/balance_hw) by extensions ['colcon_meta']
[1.550s] Level 1:colcon.colcon_core.package_identification:_identify(src/balance_hw) by extension 'colcon_meta'
[1.550s] Level 1:colcon.colcon_core.package_identification:_identify(src/balance_hw) by extensions ['ros']
[1.550s] Level 1:colcon.colcon_core.package_identification:_identify(src/balance_hw) by extension 'ros'
[1.575s] DEBUG:colcon.colcon_core.package_identification:Package 'src/balance_hw' with type 'ros.ament_cmake' and name 'balance_hw'
[1.576s] Level 1:colcon.colcon_core.package_identification:_identify(src/balance_hw_interfaces) by extensions ['ignore', 'ignore_ament_install']
[1.576s] Level 1:colcon.colcon_core.package_identification:_identify(src/balance_hw_interfaces) by extension 'ignore'
[1.577s] Level 1:colcon.colcon_core.package_identification:_identify(src/balance_hw_interfaces) by extension 'ignore_ament_install'
[1.577s] Level 1:colcon.colcon_core.package_identification:_identify(src/balance_hw_interfaces) by extensions ['colcon_pkg']
[1.578s] Level 1:colcon.colcon_core.package_identification:_identify(src/balance_hw_interfaces) by extension 'colcon_pkg'
[1.578s] Level 1:colcon.colcon_core.package_identification:_identify(src/balance_hw_interfaces) by extensions ['colcon_meta']
[1.578s] Level 1:colcon.colcon_core.package_identification:_identify(src/balance_hw_interfaces) by extension 'colcon_meta'
[1.579s] Level 1:colcon.colcon_core.package_identification:_identify(src/balance_hw_interfaces) by extensions ['ros']
[1.579s] Level 1:colcon.colcon_core.package_identification:_identify(src/balance_hw_interfaces) by extension 'ros'
[1.581s] DEBUG:colcon.colcon_core.package_identification:Package 'src/balance_hw_interfaces' with type 'ros.ament_cmake' and name 'balance_hw_interfaces'
[1.582s] Level 1:colcon.colcon_core.package_discovery:discover_packages(recursive) using defaults
[1.582s] Level 1:colcon.colcon_core.package_discovery:discover_packages(ignore) discover
[1.582s] Level 1:colcon.colcon_core.package_discovery:discover_packages(ignore) using defaults
[1.582s] Level 1:colcon.colcon_core.package_discovery:discover_packages(path) discover
[1.583s] Level 1:colcon.colcon_core.package_discovery:discover_packages(path) using defaults
[1.703s] INFO:colcon.colcon_core.package_selection:Skipping not selected package 'balance_hw_interfaces' in 'src/balance_hw_interfaces'
[1.706s] Level 1:colcon.colcon_core.package_discovery:discover_packages(prefix_path) check parameters
[1.707s] Level 1:colcon.colcon_core.package_discovery:discover_packages(prefix_path) discover
[1.728s] DEBUG:colcon.colcon_installed_package_information.package_discovery:Found 196 installed packages in /opt/ros/jazzy
[1.731s] Level 1:colcon.colcon_core.package_discovery:discover_packages(prefix_path) using defaults
[1.885s] Level 5:colcon.colcon_core.verb:set package 'balance_hw' build argument 'cmake_args' from command line to 'None'
[1.886s] Level 5:colcon.colcon_core.verb:set package 'balance_hw' build argument 'cmake_target' from command line to 'None'
[1.886s] Level 5:colcon.colcon_core.verb:set package 'balance_hw' build argument 'cmake_target_skip_unavailable' from command line to 'False'
[1.886s] Level 5:colcon.colcon_core.verb:set package 'balance_hw' build argument 'cmake_clean_cache' from command line to 'False'
[1.886s] Level 5:colcon.colcon_core.verb:set package 'balance_hw' build argument 'cmake_clean_first' from command line to 'False'
[1.886s] Level 5:colcon.colcon_core.verb:set package 'balance_hw' build argument 'cmake_force_configure' from command line to 'False'
[1.886s] Level 5:colcon.colcon_core.verb:set package 'balance_hw' build argument 'ament_cmake_args' from command line to 'None'
[1.886s] Level 5:colcon.colcon_core.verb:set package 'balance_hw' build argument 'catkin_cmake_args' from command line to 'None'
[1.886s] Level 5:colcon.colcon_core.verb:set package 'balance_hw' build argument 'catkin_skip_building_tests' from command line to 'False'
[1.886s] DEBUG:colcon.colcon_core.verb:Building package 'balance_hw' with the following arguments: {'ament_cmake_args': None, 'build_base': '/home/mmcgraw/Projects/balance_bot/build/balance_hw', 'catkin_cmake_args': None, 'catkin_skip_building_tests': False, 'cmake_args': None, 'cmake_clean_cache': False, 'cmake_clean_first': False, 'cmake_force_configure': False, 'cmake_target': None, 'cmake_target_skip_unavailable': False, 'install_base': '/home/mmcgraw/Projects/balance_bot/install/balance_hw', 'merge_install': False, 'path': '/home/mmcgraw/Projects/balance_bot/src/balance_hw', 'symlink_install': False, 'test_result_base': None}
[1.887s] INFO:colcon.colcon_core.executor:Executing jobs using 'parallel' executor
[1.890s] DEBUG:colcon.colcon_parallel_executor.executor.parallel:run_until_complete
[1.891s] INFO:colcon.colcon_ros.task.ament_cmake.build:Building ROS package in '/home/mmcgraw/Projects/balance_bot/src/balance_hw' with build type 'ament_cmake'
[1.891s] INFO:colcon.colcon_cmake.task.cmake.build:Building CMake package in '/home/mmcgraw/Projects/balance_bot/src/balance_hw'
[1.916s] INFO:colcon.colcon_core.plugin_system:Skipping extension 'colcon_core.shell.bat': Not used on non-Windows systems
[1.918s] INFO:colcon.colcon_core.shell:Skip shell extension 'powershell' for command environment: Not usable outside of PowerShell
[1.918s] DEBUG:colcon.colcon_core.shell:Skip shell extension 'dsv' for command environment
[1.987s] DEBUG:colcon.colcon_core.event_handler.log_command:Invoking command in '/home/mmcgraw/Projects/balance_bot/build/balance_hw': AMENT_PREFIX_PATH=/home/mmcgraw/Projects/balance_bot/install/balance_hw_interfaces:${AMENT_PREFIX_PATH} CMAKE_PREFIX_PATH=/home/mmcgraw/Projects/balance_bot/install/balance_hw_interfaces:/opt/ros/jazzy LD_LIBRARY_PATH=/home/mmcgraw/Projects/balance_bot/install/balance_hw_interfaces/lib:${LD_LIBRARY_PATH} PYTHONPATH=/home/mmcgraw/Projects/balance_bot/install/balance_hw_interfaces/lib/python3.12/site-packages:${PYTHONPATH} /usr/bin/cmake --build /home/mmcgraw/Projects/balance_bot/build/balance_hw -- -j4 -l4
[20.288s] DEBUG:colcon.colcon_core.event_handler.log_command:Invoked command in '/home/mmcgraw/Projects/balance_bot/build/balance_hw' returned '2': AMENT_PREFIX_PATH=/home/mmcgraw/Projects/balance_bot/install/balance_hw_interfaces:${AMENT_PREFIX_PATH} CMAKE_PREFIX_PATH=/home/mmcgraw/Projects/balance_bot/install/balance_hw_interfaces:/opt/ros/jazzy LD_LIBRARY_PATH=/home/mmcgraw/Projects/balance_bot/install/balance_hw_interfaces/lib:${LD_LIBRARY_PATH} PYTHONPATH=/home/mmcgraw/Projects/balance_bot/install/balance_hw_interfaces/lib/python3.12/site-packages:${PYTHONPATH} /usr/bin/cmake --build /home/mmcgraw/Projects/balance_bot/build/balance_hw -- -j4 -l4
[20.289s] Level 1:colcon.colcon_core.environment:create_environment_scripts_only(balance_hw)
[20.318s] Level 1:colcon.colcon_core.environment:checking '/home/mmcgraw/Projects/balance_bot/install/balance_hw' for CMake module files
[20.324s] Level 1:colcon.colcon_core.environment:checking '/home/mmcgraw/Projects/balance_bot/install/balance_hw' for CMake config files
[20.327s] Level 1:colcon.colcon_core.shell:create_environment_hook('balance_hw', 'cmake_prefix_path')
[20.328s] INFO:colcon.colcon_core.shell:Creating environment hook '/home/mmcgraw/Projects/balance_bot/install/balance_hw/share/balance_hw/hook/cmake_prefix_path.ps1'
[20.337s] INFO:colcon.colcon_core.shell:Creating environment descriptor '/home/mmcgraw/Projects/balance_bot/install/balance_hw/share/balance_hw/hook/cmake_prefix_path.dsv'
[20.345s] INFO:colcon.colcon_core.shell:Creating environment hook '/home/mmcgraw/Projects/balance_bot/install/balance_hw/share/balance_hw/hook/cmake_prefix_path.sh'
[20.357s] Level 1:colcon.colcon_core.environment:checking '/home/mmcgraw/Projects/balance_bot/install/balance_hw/lib'
[20.358s] Level 1:colcon.colcon_core.environment:checking '/home/mmcgraw/Projects/balance_bot/install/balance_hw/bin'
[20.359s] Level 1:colcon.colcon_core.environment:checking '/home/mmcgraw/Projects/balance_bot/install/balance_hw/lib/pkgconfig/balance_hw.pc'
[20.360s] Level 1:colcon.colcon_core.environment:checking '/home/mmcgraw/Projects/balance_bot/install/balance_hw/lib/python3.12/site-packages'
[20.362s] Level 1:colcon.colcon_core.environment:checking '/home/mmcgraw/Projects/balance_bot/install/balance_hw/bin'
[20.363s] INFO:colcon.colcon_core.shell:Creating package script '/home/mmcgraw/Projects/balance_bot/install/balance_hw/share/balance_hw/package.ps1'
[20.368s] INFO:colcon.colcon_core.shell:Creating package descriptor '/home/mmcgraw/Projects/balance_bot/install/balance_hw/share/balance_hw/package.dsv'
[20.377s] INFO:colcon.colcon_core.shell:Creating package script '/home/mmcgraw/Projects/balance_bot/install/balance_hw/share/balance_hw/package.sh'
[20.386s] INFO:colcon.colcon_core.shell:Creating package script '/home/mmcgraw/Projects/balance_bot/install/balance_hw/share/balance_hw/package.bash'
[20.397s] INFO:colcon.colcon_core.shell:Creating package script '/home/mmcgraw/Projects/balance_bot/install/balance_hw/share/balance_hw/package.zsh'
[20.408s] Level 1:colcon.colcon_core.environment:create_file_with_runtime_dependencies(/home/mmcgraw/Projects/balance_bot/install/balance_hw/share/colcon-core/packages/balance_hw)
[20.424s] DEBUG:colcon.colcon_parallel_executor.executor.parallel:closing loop
[20.425s] DEBUG:colcon.colcon_parallel_executor.executor.parallel:loop closed
[20.426s] DEBUG:colcon.colcon_parallel_executor.executor.parallel:run_until_complete finished with '2'
[20.426s] DEBUG:colcon.colcon_core.event_reactor:joining thread
[20.455s] INFO:colcon.colcon_core.plugin_system:Skipping extension 'colcon_notification.desktop_notification.notify_send': Could not find 'notify-send'
[20.455s] INFO:colcon.colcon_core.plugin_system:Skipping extension 'colcon_notification.desktop_notification.terminal_notifier': Not used on non-Darwin systems
[20.456s] INFO:colcon.colcon_core.plugin_system:Skipping extension 'colcon_notification.desktop_notification.win32': Not used on non-Windows systems
[20.456s] INFO:colcon.colcon_notification.desktop_notification:Sending desktop notification using 'notify2'
[20.507s] DEBUG:colcon.colcon_notification.desktop_notification.notify2:Failed to initialize notify2: org.freedesktop.DBus.Error.ServiceUnknown: The name org.freedesktop.Notifications was not provided by any .service files
[20.508s] DEBUG:colcon.colcon_core.event_reactor:joined thread
[20.509s] INFO:colcon.colcon_core.shell:Creating prefix script '/home/mmcgraw/Projects/balance_bot/install/local_setup.ps1'
[20.513s] INFO:colcon.colcon_core.shell:Creating prefix util module '/home/mmcgraw/Projects/balance_bot/install/_local_setup_util_ps1.py'
[20.525s] INFO:colcon.colcon_core.shell:Creating prefix chain script '/home/mmcgraw/Projects/balance_bot/install/setup.ps1'
[20.541s] INFO:colcon.colcon_core.shell:Creating prefix script '/home/mmcgraw/Projects/balance_bot/install/local_setup.sh'
[20.551s] INFO:colcon.colcon_core.shell:Creating prefix util module '/home/mmcgraw/Projects/balance_bot/install/_local_setup_util_sh.py'
[20.557s] INFO:colcon.colcon_core.shell:Creating prefix chain script '/home/mmcgraw/Projects/balance_bot/install/setup.sh'
[20.566s] INFO:colcon.colcon_core.shell:Creating prefix script '/home/mmcgraw/Projects/balance_bot/install/local_setup.bash'
[20.575s] INFO:colcon.colcon_core.shell:Creating prefix chain script '/home/mmcgraw/Projects/balance_bot/install/setup.bash'
[20.585s] INFO:colcon.colcon_core.shell:Creating prefix script '/home/mmcgraw/Projects/balance_bot/install/local_setup.zsh'
[20.594s] INFO:colcon.colcon_core.shell:Creating prefix chain script '/home/mmcgraw/Projects/balance_bot/install/setup.zsh'
