-- The C compiler identification is GNU 13.3.0
-- The CXX compiler identification is GNU 13.3.0
-- Detecting C compiler ABI info
-- Detecting C compiler ABI info - done
-- Check for working C compiler: /usr/bin/cc - skipped
-- Detecting C compile features
-- Detecting C compile features - done
-- Detecting CXX compiler ABI info
-- Detecting CXX compiler ABI info - done
-- Check for working CXX compiler: /usr/bin/c++ - skipped
-- Detecting CXX compile features
-- Detecting CXX compile features - done
-- Found ament_cmake: 2.5.5 (/opt/ros/jazzy/share/ament_cmake/cmake)
-- Found Python3: /usr/bin/python3 (found version "3.12.3") found components: Interpreter 
-- Found rosidl_default_generators: 1.6.0 (/opt/ros/jazzy/share/rosidl_default_generators/cmake)
-- Using all available rosidl_typesupport_c: rosidl_typesupport_fastrtps_c;rosidl_typesupport_introspection_c
-- Using all available rosidl_typesupport_cpp: rosidl_typesupport_fastrtps_cpp;rosidl_typesupport_introspection_cpp
-- Found rosidl_adapter: 4.6.7 (/opt/ros/jazzy/share/rosidl_adapter/cmake)
-- Found ament_cmake_ros: 0.12.0 (/opt/ros/jazzy/share/ament_cmake_ros/cmake)
-- Using all available rosidl_typesupport_c: rosidl_typesupport_fastrtps_c;rosidl_typesupport_introspection_c
-- Using all available rosidl_typesupport_cpp: rosidl_typesupport_fastrtps_cpp;rosidl_typesupport_introspection_cpp
-- Found python_cmake_module: 0.11.1 (/opt/ros/jazzy/share/python_cmake_module/cmake)
-- Found PythonExtra: /usr/bin/python3  
-- Found Python3: /usr/bin/python3 (found version "3.12.3") found components: Interpreter Development NumPy Development.Module Development.Embed 
-- Found ament_lint_auto: 0.17.4 (/opt/ros/jazzy/share/ament_lint_auto/cmake)
-- Added test 'lint_cmake' to check CMake code style
-- Added test 'xmllint' to check XML markup files
-- Configuring done (16.1s)
-- Generating done (0.2s)
-- Build files have been written to: /home/mmcgraw/Projects/balance_bot/build/balance_hw_interfaces
[  2%] [34m[1mGenerating type hashes for ROS interfaces[0m
[  2%] Built target ament_cmake_python_copy_balance_hw_interfaces
[  2%] Built target balance_hw_interfaces__rosidl_generator_type_description
running egg_info
creating balance_hw_interfaces.egg-info
[  5%] [34m[1mGenerating C code for ROS interfaces[0m
[  8%] [34m[1mGenerating C++ code for ROS interfaces[0m
writing balance_hw_interfaces.egg-info/PKG-INFO
writing dependency_links to balance_hw_interfaces.egg-info/dependency_links.txt
writing top-level names to balance_hw_interfaces.egg-info/top_level.txt
writing manifest file 'balance_hw_interfaces.egg-info/SOURCES.txt'
reading manifest file 'balance_hw_interfaces.egg-info/SOURCES.txt'
writing manifest file 'balance_hw_interfaces.egg-info/SOURCES.txt'
[  8%] Built target ament_cmake_python_build_balance_hw_interfaces_egg
[  8%] Built target balance_hw_interfaces__cpp
[ 11%] [32mBuilding C object CMakeFiles/balance_hw_interfaces__rosidl_generator_c.dir/rosidl_generator_c/balance_hw_interfaces/srv/detail/set_direction__description.c.o[0m
[ 14%] [32mBuilding C object CMakeFiles/balance_hw_interfaces__rosidl_generator_c.dir/rosidl_generator_c/balance_hw_interfaces/srv/detail/set_direction__functions.c.o[0m
[ 17%] [32mBuilding C object CMakeFiles/balance_hw_interfaces__rosidl_generator_c.dir/rosidl_generator_c/balance_hw_interfaces/srv/detail/set_direction__type_support.c.o[0m
[ 20%] [32m[1mLinking C shared library libbalance_hw_interfaces__rosidl_generator_c.so[0m
[ 20%] Built target balance_hw_interfaces__rosidl_generator_c
[ 23%] [34m[1mGenerating C++ type support dispatch for ROS interfaces[0m
[ 26%] [34m[1mGenerating C type support for eProsima Fast-RTPS[0m
[ 29%] [34m[1mGenerating C type support dispatch for ROS interfaces[0m
[ 32%] [34m[1mGenerating C introspection for ROS interfaces[0m
[ 35%] [32mBuilding CXX object CMakeFiles/balance_hw_interfaces__rosidl_typesupport_c.dir/rosidl_typesupport_c/balance_hw_interfaces/srv/set_direction__type_support.cpp.o[0m
[ 38%] [32mBuilding CXX object CMakeFiles/balance_hw_interfaces__rosidl_typesupport_cpp.dir/rosidl_typesupport_cpp/balance_hw_interfaces/srv/set_direction__type_support.cpp.o[0m
[ 41%] [32mBuilding C object CMakeFiles/balance_hw_interfaces__rosidl_typesupport_introspection_c.dir/rosidl_typesupport_introspection_c/balance_hw_interfaces/srv/detail/set_direction__type_support.c.o[0m
[ 44%] [32m[1mLinking CXX shared library libbalance_hw_interfaces__rosidl_typesupport_c.so[0m
[ 47%] [32mBuilding CXX object CMakeFiles/balance_hw_interfaces__rosidl_typesupport_fastrtps_c.dir/rosidl_typesupport_fastrtps_c/balance_hw_interfaces/srv/detail/set_direction__type_support_c.cpp.o[0m
[ 50%] [32m[1mLinking C shared library libbalance_hw_interfaces__rosidl_typesupport_introspection_c.so[0m
[ 50%] Built target balance_hw_interfaces__rosidl_typesupport_c
[ 52%] [34m[1mGenerating C++ type support for eProsima Fast-RTPS[0m
[ 52%] Built target balance_hw_interfaces__rosidl_typesupport_introspection_c
[ 55%] [34m[1mGenerating C++ introspection for ROS interfaces[0m
[ 58%] [32mBuilding CXX object CMakeFiles/balance_hw_interfaces__rosidl_typesupport_introspection_cpp.dir/rosidl_typesupport_introspection_cpp/balance_hw_interfaces/srv/detail/set_direction__type_support.cpp.o[0m
[ 61%] [32mBuilding CXX object CMakeFiles/balance_hw_interfaces__rosidl_typesupport_fastrtps_cpp.dir/rosidl_typesupport_fastrtps_cpp/balance_hw_interfaces/srv/detail/dds_fastrtps/set_direction__type_support.cpp.o[0m
[ 64%] [32m[1mLinking CXX shared library libbalance_hw_interfaces__rosidl_typesupport_cpp.so[0m
[ 64%] Built target balance_hw_interfaces__rosidl_typesupport_cpp
[ 67%] [32m[1mLinking CXX shared library libbalance_hw_interfaces__rosidl_typesupport_fastrtps_c.so[0m
[ 67%] Built target balance_hw_interfaces__rosidl_typesupport_fastrtps_c
[ 70%] [32m[1mLinking CXX shared library libbalance_hw_interfaces__rosidl_typesupport_introspection_cpp.so[0m
[ 70%] Built target balance_hw_interfaces__rosidl_typesupport_introspection_cpp
[ 73%] [32m[1mLinking CXX shared library libbalance_hw_interfaces__rosidl_typesupport_fastrtps_cpp.so[0m
[ 73%] Built target balance_hw_interfaces__rosidl_typesupport_fastrtps_cpp
[ 73%] Built target balance_hw_interfaces
[ 76%] [34m[1mGenerating Python code for ROS interfaces[0m
[ 76%] Built target balance_hw_interfaces__py
[ 79%] [32mBuilding C object CMakeFiles/balance_hw_interfaces__rosidl_generator_py.dir/rosidl_generator_py/balance_hw_interfaces/srv/_set_direction_s.c.o[0m
[ 82%] [32m[1mLinking C shared library libbalance_hw_interfaces__rosidl_generator_py.so[0m
[ 82%] Built target balance_hw_interfaces__rosidl_generator_py
[ 85%] [32mBuilding C object CMakeFiles/balance_hw_interfaces_s__rosidl_typesupport_introspection_c.dir/rosidl_generator_py/balance_hw_interfaces/_balance_hw_interfaces_s.ep.rosidl_typesupport_introspection_c.c.o[0m
[ 88%] [32mBuilding C object CMakeFiles/balance_hw_interfaces_s__rosidl_typesupport_fastrtps_c.dir/rosidl_generator_py/balance_hw_interfaces/_balance_hw_interfaces_s.ep.rosidl_typesupport_fastrtps_c.c.o[0m
[ 91%] [32mBuilding C object CMakeFiles/balance_hw_interfaces_s__rosidl_typesupport_c.dir/rosidl_generator_py/balance_hw_interfaces/_balance_hw_interfaces_s.ep.rosidl_typesupport_c.c.o[0m
[ 94%] [32m[1mLinking C shared module rosidl_generator_py/balance_hw_interfaces/balance_hw_interfaces_s__rosidl_typesupport_c.so[0m
[ 97%] [32m[1mLinking C shared module rosidl_generator_py/balance_hw_interfaces/balance_hw_interfaces_s__rosidl_typesupport_introspection_c.so[0m
[100%] [32m[1mLinking C shared module rosidl_generator_py/balance_hw_interfaces/balance_hw_interfaces_s__rosidl_typesupport_fastrtps_c.so[0m
[100%] Built target balance_hw_interfaces_s__rosidl_typesupport_c
[100%] Built target balance_hw_interfaces_s__rosidl_typesupport_introspection_c
[100%] Built target balance_hw_interfaces_s__rosidl_typesupport_fastrtps_c
-- Install configuration: ""
-- Installing: /home/mmcgraw/Projects/balance_bot/install/balance_hw_interfaces/share/ament_index/resource_index/rosidl_interfaces/balance_hw_interfaces
-- Installing: /home/mmcgraw/Projects/balance_bot/install/balance_hw_interfaces/share/balance_hw_interfaces/srv/SetDirection.json
-- Installing: /home/mmcgraw/Projects/balance_bot/install/balance_hw_interfaces/include/balance_hw_interfaces/balance_hw_interfaces
-- Installing: /home/mmcgraw/Projects/balance_bot/install/balance_hw_interfaces/include/balance_hw_interfaces/balance_hw_interfaces/srv
-- Installing: /home/mmcgraw/Projects/balance_bot/install/balance_hw_interfaces/include/balance_hw_interfaces/balance_hw_interfaces/srv/set_direction.h
-- Installing: /home/mmcgraw/Projects/balance_bot/install/balance_hw_interfaces/include/balance_hw_interfaces/balance_hw_interfaces/srv/detail
-- Installing: /home/mmcgraw/Projects/balance_bot/install/balance_hw_interfaces/include/balance_hw_interfaces/balance_hw_interfaces/srv/detail/set_direction__type_support.c
-- Installing: /home/mmcgraw/Projects/balance_bot/install/balance_hw_interfaces/include/balance_hw_interfaces/balance_hw_interfaces/srv/detail/set_direction__description.c
-- Installing: /home/mmcgraw/Projects/balance_bot/install/balance_hw_interfaces/include/balance_hw_interfaces/balance_hw_interfaces/srv/detail/set_direction__type_support.h
-- Installing: /home/mmcgraw/Projects/balance_bot/install/balance_hw_interfaces/include/balance_hw_interfaces/balance_hw_interfaces/srv/detail/set_direction__struct.h
-- Installing: /home/mmcgraw/Projects/balance_bot/install/balance_hw_interfaces/include/balance_hw_interfaces/balance_hw_interfaces/srv/detail/set_direction__functions.c
-- Installing: /home/mmcgraw/Projects/balance_bot/install/balance_hw_interfaces/include/balance_hw_interfaces/balance_hw_interfaces/srv/detail/set_direction__functions.h
-- Installing: /home/mmcgraw/Projects/balance_bot/install/balance_hw_interfaces/include/balance_hw_interfaces/balance_hw_interfaces/msg
-- Installing: /home/mmcgraw/Projects/balance_bot/install/balance_hw_interfaces/include/balance_hw_interfaces/balance_hw_interfaces/msg/rosidl_generator_c__visibility_control.h
-- Installing: /home/mmcgraw/Projects/balance_bot/install/balance_hw_interfaces/share/balance_hw_interfaces/environment/library_path.sh
-- Installing: /home/mmcgraw/Projects/balance_bot/install/balance_hw_interfaces/share/balance_hw_interfaces/environment/library_path.dsv
-- Installing: /home/mmcgraw/Projects/balance_bot/install/balance_hw_interfaces/lib/libbalance_hw_interfaces__rosidl_generator_c.so
-- Set non-toolchain portion of runtime path of "/home/mmcgraw/Projects/balance_bot/install/balance_hw_interfaces/lib/libbalance_hw_interfaces__rosidl_generator_c.so" to ""
-- Up-to-date: /home/mmcgraw/Projects/balance_bot/install/balance_hw_interfaces/include/balance_hw_interfaces/balance_hw_interfaces
-- Up-to-date: /home/mmcgraw/Projects/balance_bot/install/balance_hw_interfaces/include/balance_hw_interfaces/balance_hw_interfaces/srv
-- Up-to-date: /home/mmcgraw/Projects/balance_bot/install/balance_hw_interfaces/include/balance_hw_interfaces/balance_hw_interfaces/srv/detail
-- Installing: /home/mmcgraw/Projects/balance_bot/install/balance_hw_interfaces/include/balance_hw_interfaces/balance_hw_interfaces/srv/detail/set_direction__rosidl_typesupport_fastrtps_c.h
-- Up-to-date: /home/mmcgraw/Projects/balance_bot/install/balance_hw_interfaces/include/balance_hw_interfaces/balance_hw_interfaces/msg
-- Installing: /home/mmcgraw/Projects/balance_bot/install/balance_hw_interfaces/include/balance_hw_interfaces/balance_hw_interfaces/msg/rosidl_typesupport_fastrtps_c__visibility_control.h
-- Installing: /home/mmcgraw/Projects/balance_bot/install/balance_hw_interfaces/lib/libbalance_hw_interfaces__rosidl_typesupport_fastrtps_c.so
-- Set non-toolchain portion of runtime path of "/home/mmcgraw/Projects/balance_bot/install/balance_hw_interfaces/lib/libbalance_hw_interfaces__rosidl_typesupport_fastrtps_c.so" to ""
-- Up-to-date: /home/mmcgraw/Projects/balance_bot/install/balance_hw_interfaces/include/balance_hw_interfaces/balance_hw_interfaces
-- Up-to-date: /home/mmcgraw/Projects/balance_bot/install/balance_hw_interfaces/include/balance_hw_interfaces/balance_hw_interfaces/srv
-- Up-to-date: /home/mmcgraw/Projects/balance_bot/install/balance_hw_interfaces/include/balance_hw_interfaces/balance_hw_interfaces/srv/detail
-- Installing: /home/mmcgraw/Projects/balance_bot/install/balance_hw_interfaces/include/balance_hw_interfaces/balance_hw_interfaces/srv/detail/set_direction__type_support.c
-- Installing: /home/mmcgraw/Projects/balance_bot/install/balance_hw_interfaces/include/balance_hw_interfaces/balance_hw_interfaces/srv/detail/set_direction__rosidl_typesupport_introspection_c.h
-- Up-to-date: /home/mmcgraw/Projects/balance_bot/install/balance_hw_interfaces/include/balance_hw_interfaces/balance_hw_interfaces/msg
-- Installing: /home/mmcgraw/Projects/balance_bot/install/balance_hw_interfaces/include/balance_hw_interfaces/balance_hw_interfaces/msg/rosidl_typesupport_introspection_c__visibility_control.h
-- Installing: /home/mmcgraw/Projects/balance_bot/install/balance_hw_interfaces/lib/libbalance_hw_interfaces__rosidl_typesupport_introspection_c.so
-- Set non-toolchain portion of runtime path of "/home/mmcgraw/Projects/balance_bot/install/balance_hw_interfaces/lib/libbalance_hw_interfaces__rosidl_typesupport_introspection_c.so" to ""
-- Installing: /home/mmcgraw/Projects/balance_bot/install/balance_hw_interfaces/lib/libbalance_hw_interfaces__rosidl_typesupport_c.so
-- Set non-toolchain portion of runtime path of "/home/mmcgraw/Projects/balance_bot/install/balance_hw_interfaces/lib/libbalance_hw_interfaces__rosidl_typesupport_c.so" to ""
-- Up-to-date: /home/mmcgraw/Projects/balance_bot/install/balance_hw_interfaces/include/balance_hw_interfaces/balance_hw_interfaces
-- Up-to-date: /home/mmcgraw/Projects/balance_bot/install/balance_hw_interfaces/include/balance_hw_interfaces/balance_hw_interfaces/srv
-- Installing: /home/mmcgraw/Projects/balance_bot/install/balance_hw_interfaces/include/balance_hw_interfaces/balance_hw_interfaces/srv/set_direction.hpp
-- Up-to-date: /home/mmcgraw/Projects/balance_bot/install/balance_hw_interfaces/include/balance_hw_interfaces/balance_hw_interfaces/srv/detail
-- Installing: /home/mmcgraw/Projects/balance_bot/install/balance_hw_interfaces/include/balance_hw_interfaces/balance_hw_interfaces/srv/detail/set_direction__traits.hpp
-- Installing: /home/mmcgraw/Projects/balance_bot/install/balance_hw_interfaces/include/balance_hw_interfaces/balance_hw_interfaces/srv/detail/set_direction__type_support.hpp
-- Installing: /home/mmcgraw/Projects/balance_bot/install/balance_hw_interfaces/include/balance_hw_interfaces/balance_hw_interfaces/srv/detail/set_direction__builder.hpp
-- Installing: /home/mmcgraw/Projects/balance_bot/install/balance_hw_interfaces/include/balance_hw_interfaces/balance_hw_interfaces/srv/detail/set_direction__struct.hpp
-- Up-to-date: /home/mmcgraw/Projects/balance_bot/install/balance_hw_interfaces/include/balance_hw_interfaces/balance_hw_interfaces/msg
-- Installing: /home/mmcgraw/Projects/balance_bot/install/balance_hw_interfaces/include/balance_hw_interfaces/balance_hw_interfaces/msg/rosidl_generator_cpp__visibility_control.hpp
-- Up-to-date: /home/mmcgraw/Projects/balance_bot/install/balance_hw_interfaces/include/balance_hw_interfaces/balance_hw_interfaces
-- Up-to-date: /home/mmcgraw/Projects/balance_bot/install/balance_hw_interfaces/include/balance_hw_interfaces/balance_hw_interfaces/srv
-- Up-to-date: /home/mmcgraw/Projects/balance_bot/install/balance_hw_interfaces/include/balance_hw_interfaces/balance_hw_interfaces/srv/detail
-- Installing: /home/mmcgraw/Projects/balance_bot/install/balance_hw_interfaces/include/balance_hw_interfaces/balance_hw_interfaces/srv/detail/set_direction__rosidl_typesupport_fastrtps_cpp.hpp
-- Installing: /home/mmcgraw/Projects/balance_bot/install/balance_hw_interfaces/include/balance_hw_interfaces/balance_hw_interfaces/srv/detail/dds_fastrtps
-- Up-to-date: /home/mmcgraw/Projects/balance_bot/install/balance_hw_interfaces/include/balance_hw_interfaces/balance_hw_interfaces/msg
-- Installing: /home/mmcgraw/Projects/balance_bot/install/balance_hw_interfaces/include/balance_hw_interfaces/balance_hw_interfaces/msg/rosidl_typesupport_fastrtps_cpp__visibility_control.h
-- Installing: /home/mmcgraw/Projects/balance_bot/install/balance_hw_interfaces/lib/libbalance_hw_interfaces__rosidl_typesupport_fastrtps_cpp.so
-- Set non-toolchain portion of runtime path of "/home/mmcgraw/Projects/balance_bot/install/balance_hw_interfaces/lib/libbalance_hw_interfaces__rosidl_typesupport_fastrtps_cpp.so" to ""
-- Up-to-date: /home/mmcgraw/Projects/balance_bot/install/balance_hw_interfaces/include/balance_hw_interfaces/balance_hw_interfaces
-- Up-to-date: /home/mmcgraw/Projects/balance_bot/install/balance_hw_interfaces/include/balance_hw_interfaces/balance_hw_interfaces/srv
-- Up-to-date: /home/mmcgraw/Projects/balance_bot/install/balance_hw_interfaces/include/balance_hw_interfaces/balance_hw_interfaces/srv/detail
-- Installing: /home/mmcgraw/Projects/balance_bot/install/balance_hw_interfaces/include/balance_hw_interfaces/balance_hw_interfaces/srv/detail/set_direction__type_support.cpp
-- Installing: /home/mmcgraw/Projects/balance_bot/install/balance_hw_interfaces/include/balance_hw_interfaces/balance_hw_interfaces/srv/detail/set_direction__rosidl_typesupport_introspection_cpp.hpp
-- Installing: /home/mmcgraw/Projects/balance_bot/install/balance_hw_interfaces/lib/libbalance_hw_interfaces__rosidl_typesupport_introspection_cpp.so
-- Set non-toolchain portion of runtime path of "/home/mmcgraw/Projects/balance_bot/install/balance_hw_interfaces/lib/libbalance_hw_interfaces__rosidl_typesupport_introspection_cpp.so" to ""
-- Installing: /home/mmcgraw/Projects/balance_bot/install/balance_hw_interfaces/lib/libbalance_hw_interfaces__rosidl_typesupport_cpp.so
-- Set non-toolchain portion of runtime path of "/home/mmcgraw/Projects/balance_bot/install/balance_hw_interfaces/lib/libbalance_hw_interfaces__rosidl_typesupport_cpp.so" to ""
-- Installing: /home/mmcgraw/Projects/balance_bot/install/balance_hw_interfaces/share/balance_hw_interfaces/environment/pythonpath.sh
-- Installing: /home/mmcgraw/Projects/balance_bot/install/balance_hw_interfaces/share/balance_hw_interfaces/environment/pythonpath.dsv
-- Installing: /home/mmcgraw/Projects/balance_bot/install/balance_hw_interfaces/lib/python3.12/site-packages/balance_hw_interfaces-0.0.0-py3.12.egg-info
-- Installing: /home/mmcgraw/Projects/balance_bot/install/balance_hw_interfaces/lib/python3.12/site-packages/balance_hw_interfaces-0.0.0-py3.12.egg-info/dependency_links.txt
-- Installing: /home/mmcgraw/Projects/balance_bot/install/balance_hw_interfaces/lib/python3.12/site-packages/balance_hw_interfaces-0.0.0-py3.12.egg-info/PKG-INFO
-- Installing: /home/mmcgraw/Projects/balance_bot/install/balance_hw_interfaces/lib/python3.12/site-packages/balance_hw_interfaces-0.0.0-py3.12.egg-info/top_level.txt
-- Installing: /home/mmcgraw/Projects/balance_bot/install/balance_hw_interfaces/lib/python3.12/site-packages/balance_hw_interfaces-0.0.0-py3.12.egg-info/SOURCES.txt
-- Installing: /home/mmcgraw/Projects/balance_bot/install/balance_hw_interfaces/lib/python3.12/site-packages/balance_hw_interfaces
-- Installing: /home/mmcgraw/Projects/balance_bot/install/balance_hw_interfaces/lib/python3.12/site-packages/balance_hw_interfaces/srv
-- Installing: /home/mmcgraw/Projects/balance_bot/install/balance_hw_interfaces/lib/python3.12/site-packages/balance_hw_interfaces/srv/_set_direction_s.c
-- Installing: /home/mmcgraw/Projects/balance_bot/install/balance_hw_interfaces/lib/python3.12/site-packages/balance_hw_interfaces/srv/_set_direction.py
-- Installing: /home/mmcgraw/Projects/balance_bot/install/balance_hw_interfaces/lib/python3.12/site-packages/balance_hw_interfaces/srv/__init__.py
-- Installing: /home/mmcgraw/Projects/balance_bot/install/balance_hw_interfaces/lib/python3.12/site-packages/balance_hw_interfaces/balance_hw_interfaces_s__rosidl_typesupport_fastrtps_c.so
-- Installing: /home/mmcgraw/Projects/balance_bot/install/balance_hw_interfaces/lib/python3.12/site-packages/balance_hw_interfaces/_balance_hw_interfaces_s.ep.rosidl_typesupport_fastrtps_c.c
-- Installing: /home/mmcgraw/Projects/balance_bot/install/balance_hw_interfaces/lib/python3.12/site-packages/balance_hw_interfaces/_balance_hw_interfaces_s.ep.rosidl_typesupport_c.c
-- Installing: /home/mmcgraw/Projects/balance_bot/install/balance_hw_interfaces/lib/python3.12/site-packages/balance_hw_interfaces/balance_hw_interfaces_s__rosidl_typesupport_introspection_c.so
-- Installing: /home/mmcgraw/Projects/balance_bot/install/balance_hw_interfaces/lib/python3.12/site-packages/balance_hw_interfaces/balance_hw_interfaces_s__rosidl_typesupport_c.so
-- Installing: /home/mmcgraw/Projects/balance_bot/install/balance_hw_interfaces/lib/python3.12/site-packages/balance_hw_interfaces/__init__.py
-- Installing: /home/mmcgraw/Projects/balance_bot/install/balance_hw_interfaces/lib/python3.12/site-packages/balance_hw_interfaces/_balance_hw_interfaces_s.ep.rosidl_typesupport_introspection_c.c
Listing '/home/mmcgraw/Projects/balance_bot/install/balance_hw_interfaces/lib/python3.12/site-packages/balance_hw_interfaces'...
Compiling '/home/mmcgraw/Projects/balance_bot/install/balance_hw_interfaces/lib/python3.12/site-packages/balance_hw_interfaces/__init__.py'...
Listing '/home/mmcgraw/Projects/balance_bot/install/balance_hw_interfaces/lib/python3.12/site-packages/balance_hw_interfaces/srv'...
Compiling '/home/mmcgraw/Projects/balance_bot/install/balance_hw_interfaces/lib/python3.12/site-packages/balance_hw_interfaces/srv/__init__.py'...
Compiling '/home/mmcgraw/Projects/balance_bot/install/balance_hw_interfaces/lib/python3.12/site-packages/balance_hw_interfaces/srv/_set_direction.py'...
-- Installing: /home/mmcgraw/Projects/balance_bot/install/balance_hw_interfaces/lib/python3.12/site-packages/balance_hw_interfaces/balance_hw_interfaces_s__rosidl_typesupport_fastrtps_c.so
-- Set non-toolchain portion of runtime path of "/home/mmcgraw/Projects/balance_bot/install/balance_hw_interfaces/lib/python3.12/site-packages/balance_hw_interfaces/balance_hw_interfaces_s__rosidl_typesupport_fastrtps_c.so" to ""
-- Installing: /home/mmcgraw/Projects/balance_bot/install/balance_hw_interfaces/lib/python3.12/site-packages/balance_hw_interfaces/balance_hw_interfaces_s__rosidl_typesupport_introspection_c.so
-- Set non-toolchain portion of runtime path of "/home/mmcgraw/Projects/balance_bot/install/balance_hw_interfaces/lib/python3.12/site-packages/balance_hw_interfaces/balance_hw_interfaces_s__rosidl_typesupport_introspection_c.so" to ""
-- Installing: /home/mmcgraw/Projects/balance_bot/install/balance_hw_interfaces/lib/python3.12/site-packages/balance_hw_interfaces/balance_hw_interfaces_s__rosidl_typesupport_c.so
-- Set non-toolchain portion of runtime path of "/home/mmcgraw/Projects/balance_bot/install/balance_hw_interfaces/lib/python3.12/site-packages/balance_hw_interfaces/balance_hw_interfaces_s__rosidl_typesupport_c.so" to ""
-- Installing: /home/mmcgraw/Projects/balance_bot/install/balance_hw_interfaces/lib/libbalance_hw_interfaces__rosidl_generator_py.so
-- Set non-toolchain portion of runtime path of "/home/mmcgraw/Projects/balance_bot/install/balance_hw_interfaces/lib/libbalance_hw_interfaces__rosidl_generator_py.so" to ""
-- Installing: /home/mmcgraw/Projects/balance_bot/install/balance_hw_interfaces/share/balance_hw_interfaces/srv/SetDirection.idl
-- Installing: /home/mmcgraw/Projects/balance_bot/install/balance_hw_interfaces/share/balance_hw_interfaces/srv/SetDirection.srv
-- Installing: /home/mmcgraw/Projects/balance_bot/install/balance_hw_interfaces/share/ament_index/resource_index/package_run_dependencies/balance_hw_interfaces
-- Installing: /home/mmcgraw/Projects/balance_bot/install/balance_hw_interfaces/share/ament_index/resource_index/parent_prefix_path/balance_hw_interfaces
-- Installing: /home/mmcgraw/Projects/balance_bot/install/balance_hw_interfaces/share/balance_hw_interfaces/environment/ament_prefix_path.sh
-- Installing: /home/mmcgraw/Projects/balance_bot/install/balance_hw_interfaces/share/balance_hw_interfaces/environment/ament_prefix_path.dsv
-- Installing: /home/mmcgraw/Projects/balance_bot/install/balance_hw_interfaces/share/balance_hw_interfaces/environment/path.sh
-- Installing: /home/mmcgraw/Projects/balance_bot/install/balance_hw_interfaces/share/balance_hw_interfaces/environment/path.dsv
-- Installing: /home/mmcgraw/Projects/balance_bot/install/balance_hw_interfaces/share/balance_hw_interfaces/local_setup.bash
-- Installing: /home/mmcgraw/Projects/balance_bot/install/balance_hw_interfaces/share/balance_hw_interfaces/local_setup.sh
-- Installing: /home/mmcgraw/Projects/balance_bot/install/balance_hw_interfaces/share/balance_hw_interfaces/local_setup.zsh
-- Installing: /home/mmcgraw/Projects/balance_bot/install/balance_hw_interfaces/share/balance_hw_interfaces/local_setup.dsv
-- Installing: /home/mmcgraw/Projects/balance_bot/install/balance_hw_interfaces/share/balance_hw_interfaces/package.dsv
-- Installing: /home/mmcgraw/Projects/balance_bot/install/balance_hw_interfaces/share/ament_index/resource_index/packages/balance_hw_interfaces
-- Installing: /home/mmcgraw/Projects/balance_bot/install/balance_hw_interfaces/share/balance_hw_interfaces/cmake/export_balance_hw_interfaces__rosidl_generator_cExport.cmake
-- Installing: /home/mmcgraw/Projects/balance_bot/install/balance_hw_interfaces/share/balance_hw_interfaces/cmake/export_balance_hw_interfaces__rosidl_generator_cExport-noconfig.cmake
-- Installing: /home/mmcgraw/Projects/balance_bot/install/balance_hw_interfaces/share/balance_hw_interfaces/cmake/export_balance_hw_interfaces__rosidl_typesupport_fastrtps_cExport.cmake
-- Installing: /home/mmcgraw/Projects/balance_bot/install/balance_hw_interfaces/share/balance_hw_interfaces/cmake/export_balance_hw_interfaces__rosidl_typesupport_fastrtps_cExport-noconfig.cmake
-- Installing: /home/mmcgraw/Projects/balance_bot/install/balance_hw_interfaces/share/balance_hw_interfaces/cmake/balance_hw_interfaces__rosidl_typesupport_introspection_cExport.cmake
-- Installing: /home/mmcgraw/Projects/balance_bot/install/balance_hw_interfaces/share/balance_hw_interfaces/cmake/balance_hw_interfaces__rosidl_typesupport_introspection_cExport-noconfig.cmake
-- Installing: /home/mmcgraw/Projects/balance_bot/install/balance_hw_interfaces/share/balance_hw_interfaces/cmake/balance_hw_interfaces__rosidl_typesupport_cExport.cmake
-- Installing: /home/mmcgraw/Projects/balance_bot/install/balance_hw_interfaces/share/balance_hw_interfaces/cmake/balance_hw_interfaces__rosidl_typesupport_cExport-noconfig.cmake
-- Installing: /home/mmcgraw/Projects/balance_bot/install/balance_hw_interfaces/share/balance_hw_interfaces/cmake/export_balance_hw_interfaces__rosidl_generator_cppExport.cmake
-- Installing: /home/mmcgraw/Projects/balance_bot/install/balance_hw_interfaces/share/balance_hw_interfaces/cmake/export_balance_hw_interfaces__rosidl_typesupport_fastrtps_cppExport.cmake
-- Installing: /home/mmcgraw/Projects/balance_bot/install/balance_hw_interfaces/share/balance_hw_interfaces/cmake/export_balance_hw_interfaces__rosidl_typesupport_fastrtps_cppExport-noconfig.cmake
-- Installing: /home/mmcgraw/Projects/balance_bot/install/balance_hw_interfaces/share/balance_hw_interfaces/cmake/balance_hw_interfaces__rosidl_typesupport_introspection_cppExport.cmake
-- Installing: /home/mmcgraw/Projects/balance_bot/install/balance_hw_interfaces/share/balance_hw_interfaces/cmake/balance_hw_interfaces__rosidl_typesupport_introspection_cppExport-noconfig.cmake
-- Installing: /home/mmcgraw/Projects/balance_bot/install/balance_hw_interfaces/share/balance_hw_interfaces/cmake/balance_hw_interfaces__rosidl_typesupport_cppExport.cmake
-- Installing: /home/mmcgraw/Projects/balance_bot/install/balance_hw_interfaces/share/balance_hw_interfaces/cmake/balance_hw_interfaces__rosidl_typesupport_cppExport-noconfig.cmake
-- Installing: /home/mmcgraw/Projects/balance_bot/install/balance_hw_interfaces/share/balance_hw_interfaces/cmake/export_balance_hw_interfaces__rosidl_generator_pyExport.cmake
-- Installing: /home/mmcgraw/Projects/balance_bot/install/balance_hw_interfaces/share/balance_hw_interfaces/cmake/export_balance_hw_interfaces__rosidl_generator_pyExport-noconfig.cmake
-- Installing: /home/mmcgraw/Projects/balance_bot/install/balance_hw_interfaces/share/balance_hw_interfaces/cmake/rosidl_cmake-extras.cmake
-- Installing: /home/mmcgraw/Projects/balance_bot/install/balance_hw_interfaces/share/balance_hw_interfaces/cmake/ament_cmake_export_dependencies-extras.cmake
-- Installing: /home/mmcgraw/Projects/balance_bot/install/balance_hw_interfaces/share/balance_hw_interfaces/cmake/ament_cmake_export_include_directories-extras.cmake
-- Installing: /home/mmcgraw/Projects/balance_bot/install/balance_hw_interfaces/share/balance_hw_interfaces/cmake/ament_cmake_export_libraries-extras.cmake
-- Installing: /home/mmcgraw/Projects/balance_bot/install/balance_hw_interfaces/share/balance_hw_interfaces/cmake/ament_cmake_export_targets-extras.cmake
-- Installing: /home/mmcgraw/Projects/balance_bot/install/balance_hw_interfaces/share/balance_hw_interfaces/cmake/rosidl_cmake_export_typesupport_targets-extras.cmake
-- Installing: /home/mmcgraw/Projects/balance_bot/install/balance_hw_interfaces/share/balance_hw_interfaces/cmake/rosidl_cmake_export_typesupport_libraries-extras.cmake
-- Installing: /home/mmcgraw/Projects/balance_bot/install/balance_hw_interfaces/share/balance_hw_interfaces/cmake/balance_hw_interfacesConfig.cmake
-- Installing: /home/mmcgraw/Projects/balance_bot/install/balance_hw_interfaces/share/balance_hw_interfaces/cmake/balance_hw_interfacesConfig-version.cmake
-- Installing: /home/mmcgraw/Projects/balance_bot/install/balance_hw_interfaces/share/balance_hw_interfaces/package.xml
