[0.071s] Invoking command in '/home/mmcgraw/Projects/balance_bot/build/balance_hw_interfaces': CMAKE_PREFIX_PATH=/opt/ros/jazzy /usr/bin/cmake /home/mmcgraw/Projects/balance_bot/src/balance_hw_interfaces -DCMAKE_INSTALL_PREFIX=/home/mmcgraw/Projects/balance_bot/install/balance_hw_interfaces
[0.837s] -- The C compiler identification is GNU 13.3.0
[1.482s] -- The CXX compiler identification is GNU 13.3.0
[1.594s] -- Detecting C compiler ABI info
[2.123s] -- Detecting C compiler ABI info - done
[2.160s] -- Check for working C compiler: /usr/bin/cc - skipped
[2.164s] -- Detecting C compile features
[2.167s] -- Detecting C compile features - done
[2.223s] -- Detecting CXX compiler ABI info
[2.731s] -- Detecting CXX compiler ABI info - done
[2.768s] -- Check for working CXX compiler: /usr/bin/c++ - skipped
[2.769s] -- Detecting CXX compile features
[2.771s] -- Detecting CXX compile features - done
[2.805s] -- Found ament_cmake: 2.5.5 (/opt/ros/jazzy/share/ament_cmake/cmake)
[3.497s] -- Found Python3: /usr/bin/python3 (found version "3.12.3") found components: Interpreter 
[4.211s] -- Found rosidl_default_generators: 1.6.0 (/opt/ros/jazzy/share/rosidl_default_generators/cmake)
[4.264s] -- Using all available rosidl_typesupport_c: rosidl_typesupport_fastrtps_c;rosidl_typesupport_introspection_c
[4.710s] -- Using all available rosidl_typesupport_cpp: rosidl_typesupport_fastrtps_cpp;rosidl_typesupport_introspection_cpp
[5.079s] -- Found rosidl_adapter: 4.6.7 (/opt/ros/jazzy/share/rosidl_adapter/cmake)
[7.992s] -- Found ament_cmake_ros: 0.12.0 (/opt/ros/jazzy/share/ament_cmake_ros/cmake)
[10.056s] -- Using all available rosidl_typesupport_c: rosidl_typesupport_fastrtps_c;rosidl_typesupport_introspection_c
[12.678s] -- Using all available rosidl_typesupport_cpp: rosidl_typesupport_fastrtps_cpp;rosidl_typesupport_introspection_cpp
[12.707s] -- Found python_cmake_module: 0.11.1 (/opt/ros/jazzy/share/python_cmake_module/cmake)
[13.328s] -- Found PythonExtra: /usr/bin/python3  
[15.804s] -- Found Python3: /usr/bin/python3 (found version "3.12.3") found components: Interpreter Development NumPy Development.Module Development.Embed 
[15.983s] -- Found ament_lint_auto: 0.17.4 (/opt/ros/jazzy/share/ament_lint_auto/cmake)
[16.212s] -- Added test 'lint_cmake' to check CMake code style
[16.224s] -- Added test 'xmllint' to check XML markup files
[16.250s] -- Configuring done (16.1s)
[16.468s] -- Generating done (0.2s)
[16.521s] -- Build files have been written to: /home/mmcgraw/Projects/balance_bot/build/balance_hw_interfaces
[16.559s] Invoked command in '/home/mmcgraw/Projects/balance_bot/build/balance_hw_interfaces' returned '0': CMAKE_PREFIX_PATH=/opt/ros/jazzy /usr/bin/cmake /home/mmcgraw/Projects/balance_bot/src/balance_hw_interfaces -DCMAKE_INSTALL_PREFIX=/home/mmcgraw/Projects/balance_bot/install/balance_hw_interfaces
[16.566s] Invoking command in '/home/mmcgraw/Projects/balance_bot/build/balance_hw_interfaces': CMAKE_PREFIX_PATH=/opt/ros/jazzy /usr/bin/cmake --build /home/mmcgraw/Projects/balance_bot/build/balance_hw_interfaces -- -j4 -l4
[16.860s] [  2%] [34m[1mGenerating type hashes for ROS interfaces[0m
[16.902s] [  2%] Built target ament_cmake_python_copy_balance_hw_interfaces
[17.878s] [  2%] Built target balance_hw_interfaces__rosidl_generator_type_description
[17.918s] running egg_info
[17.925s] creating balance_hw_interfaces.egg-info
[17.933s] [  5%] [34m[1mGenerating C code for ROS interfaces[0m
[17.988s] [  8%] [34m[1mGenerating C++ code for ROS interfaces[0m
[18.035s] writing balance_hw_interfaces.egg-info/PKG-INFO
[18.036s] writing dependency_links to balance_hw_interfaces.egg-info/dependency_links.txt
[18.038s] writing top-level names to balance_hw_interfaces.egg-info/top_level.txt
[18.039s] writing manifest file 'balance_hw_interfaces.egg-info/SOURCES.txt'
[18.420s] reading manifest file 'balance_hw_interfaces.egg-info/SOURCES.txt'
[18.422s] writing manifest file 'balance_hw_interfaces.egg-info/SOURCES.txt'
[18.588s] [  8%] Built target ament_cmake_python_build_balance_hw_interfaces_egg
[19.427s] [  8%] Built target balance_hw_interfaces__cpp
[19.551s] [ 11%] [32mBuilding C object CMakeFiles/balance_hw_interfaces__rosidl_generator_c.dir/rosidl_generator_c/balance_hw_interfaces/srv/detail/set_direction__description.c.o[0m
[19.556s] [ 14%] [32mBuilding C object CMakeFiles/balance_hw_interfaces__rosidl_generator_c.dir/rosidl_generator_c/balance_hw_interfaces/srv/detail/set_direction__functions.c.o[0m
[19.557s] [ 17%] [32mBuilding C object CMakeFiles/balance_hw_interfaces__rosidl_generator_c.dir/rosidl_generator_c/balance_hw_interfaces/srv/detail/set_direction__type_support.c.o[0m
[20.028s] [ 20%] [32m[1mLinking C shared library libbalance_hw_interfaces__rosidl_generator_c.so[0m
[20.235s] [ 20%] Built target balance_hw_interfaces__rosidl_generator_c
[20.292s] [ 23%] [34m[1mGenerating C++ type support dispatch for ROS interfaces[0m
[20.302s] [ 26%] [34m[1mGenerating C type support for eProsima Fast-RTPS[0m
[20.308s] [ 29%] [34m[1mGenerating C type support dispatch for ROS interfaces[0m
[20.352s] [ 32%] [34m[1mGenerating C introspection for ROS interfaces[0m
[21.643s] [ 35%] [32mBuilding CXX object CMakeFiles/balance_hw_interfaces__rosidl_typesupport_c.dir/rosidl_typesupport_c/balance_hw_interfaces/srv/set_direction__type_support.cpp.o[0m
[21.827s] [ 38%] [32mBuilding CXX object CMakeFiles/balance_hw_interfaces__rosidl_typesupport_cpp.dir/rosidl_typesupport_cpp/balance_hw_interfaces/srv/set_direction__type_support.cpp.o[0m
[22.004s] [ 41%] [32mBuilding C object CMakeFiles/balance_hw_interfaces__rosidl_typesupport_introspection_c.dir/rosidl_typesupport_introspection_c/balance_hw_interfaces/srv/detail/set_direction__type_support.c.o[0m
[22.080s] [ 44%] [32m[1mLinking CXX shared library libbalance_hw_interfaces__rosidl_typesupport_c.so[0m
[22.211s] [ 47%] [32mBuilding CXX object CMakeFiles/balance_hw_interfaces__rosidl_typesupport_fastrtps_c.dir/rosidl_typesupport_fastrtps_c/balance_hw_interfaces/srv/detail/set_direction__type_support_c.cpp.o[0m
[22.326s] [ 50%] [32m[1mLinking C shared library libbalance_hw_interfaces__rosidl_typesupport_introspection_c.so[0m
[22.335s] [ 50%] Built target balance_hw_interfaces__rosidl_typesupport_c
[22.402s] [ 52%] [34m[1mGenerating C++ type support for eProsima Fast-RTPS[0m
[22.567s] [ 52%] Built target balance_hw_interfaces__rosidl_typesupport_introspection_c
[22.628s] [ 55%] [34m[1mGenerating C++ introspection for ROS interfaces[0m
[24.258s] [ 58%] [32mBuilding CXX object CMakeFiles/balance_hw_interfaces__rosidl_typesupport_introspection_cpp.dir/rosidl_typesupport_introspection_cpp/balance_hw_interfaces/srv/detail/set_direction__type_support.cpp.o[0m
[24.330s] [ 61%] [32mBuilding CXX object CMakeFiles/balance_hw_interfaces__rosidl_typesupport_fastrtps_cpp.dir/rosidl_typesupport_fastrtps_cpp/balance_hw_interfaces/srv/detail/dds_fastrtps/set_direction__type_support.cpp.o[0m
[25.059s] [ 64%] [32m[1mLinking CXX shared library libbalance_hw_interfaces__rosidl_typesupport_cpp.so[0m
[25.540s] [ 64%] Built target balance_hw_interfaces__rosidl_typesupport_cpp
[25.945s] [ 67%] [32m[1mLinking CXX shared library libbalance_hw_interfaces__rosidl_typesupport_fastrtps_c.so[0m
[26.380s] [ 67%] Built target balance_hw_interfaces__rosidl_typesupport_fastrtps_c
[26.992s] [ 70%] [32m[1mLinking CXX shared library libbalance_hw_interfaces__rosidl_typesupport_introspection_cpp.so[0m
[27.586s] [ 70%] Built target balance_hw_interfaces__rosidl_typesupport_introspection_cpp
[27.921s] [ 73%] [32m[1mLinking CXX shared library libbalance_hw_interfaces__rosidl_typesupport_fastrtps_cpp.so[0m
[28.283s] [ 73%] Built target balance_hw_interfaces__rosidl_typesupport_fastrtps_cpp
[28.383s] [ 73%] Built target balance_hw_interfaces
[28.483s] [ 76%] [34m[1mGenerating Python code for ROS interfaces[0m
[30.094s] [ 76%] Built target balance_hw_interfaces__py
[30.191s] [ 79%] [32mBuilding C object CMakeFiles/balance_hw_interfaces__rosidl_generator_py.dir/rosidl_generator_py/balance_hw_interfaces/srv/_set_direction_s.c.o[0m
[31.123s] [ 82%] [32m[1mLinking C shared library libbalance_hw_interfaces__rosidl_generator_py.so[0m
[31.360s] [ 82%] Built target balance_hw_interfaces__rosidl_generator_py
[31.466s] [ 85%] [32mBuilding C object CMakeFiles/balance_hw_interfaces_s__rosidl_typesupport_introspection_c.dir/rosidl_generator_py/balance_hw_interfaces/_balance_hw_interfaces_s.ep.rosidl_typesupport_introspection_c.c.o[0m
[31.467s] [ 88%] [32mBuilding C object CMakeFiles/balance_hw_interfaces_s__rosidl_typesupport_fastrtps_c.dir/rosidl_generator_py/balance_hw_interfaces/_balance_hw_interfaces_s.ep.rosidl_typesupport_fastrtps_c.c.o[0m
[31.469s] [ 91%] [32mBuilding C object CMakeFiles/balance_hw_interfaces_s__rosidl_typesupport_c.dir/rosidl_generator_py/balance_hw_interfaces/_balance_hw_interfaces_s.ep.rosidl_typesupport_c.c.o[0m
[32.032s] [ 94%] [32m[1mLinking C shared module rosidl_generator_py/balance_hw_interfaces/balance_hw_interfaces_s__rosidl_typesupport_c.so[0m
[32.050s] [ 97%] [32m[1mLinking C shared module rosidl_generator_py/balance_hw_interfaces/balance_hw_interfaces_s__rosidl_typesupport_introspection_c.so[0m
[32.119s] [100%] [32m[1mLinking C shared module rosidl_generator_py/balance_hw_interfaces/balance_hw_interfaces_s__rosidl_typesupport_fastrtps_c.so[0m
[32.212s] [100%] Built target balance_hw_interfaces_s__rosidl_typesupport_c
[32.228s] [100%] Built target balance_hw_interfaces_s__rosidl_typesupport_introspection_c
[32.296s] [100%] Built target balance_hw_interfaces_s__rosidl_typesupport_fastrtps_c
[32.350s] Invoked command in '/home/mmcgraw/Projects/balance_bot/build/balance_hw_interfaces' returned '0': CMAKE_PREFIX_PATH=/opt/ros/jazzy /usr/bin/cmake --build /home/mmcgraw/Projects/balance_bot/build/balance_hw_interfaces -- -j4 -l4
[32.394s] Invoking command in '/home/mmcgraw/Projects/balance_bot/build/balance_hw_interfaces': CMAKE_PREFIX_PATH=/opt/ros/jazzy /usr/bin/cmake --install /home/mmcgraw/Projects/balance_bot/build/balance_hw_interfaces
[32.432s] -- Install configuration: ""
[32.433s] -- Installing: /home/mmcgraw/Projects/balance_bot/install/balance_hw_interfaces/share/ament_index/resource_index/rosidl_interfaces/balance_hw_interfaces
[32.435s] -- Installing: /home/mmcgraw/Projects/balance_bot/install/balance_hw_interfaces/share/balance_hw_interfaces/srv/SetDirection.json
[32.436s] -- Installing: /home/mmcgraw/Projects/balance_bot/install/balance_hw_interfaces/include/balance_hw_interfaces/balance_hw_interfaces
[32.437s] -- Installing: /home/mmcgraw/Projects/balance_bot/install/balance_hw_interfaces/include/balance_hw_interfaces/balance_hw_interfaces/srv
[32.438s] -- Installing: /home/mmcgraw/Projects/balance_bot/install/balance_hw_interfaces/include/balance_hw_interfaces/balance_hw_interfaces/srv/set_direction.h
[32.439s] -- Installing: /home/mmcgraw/Projects/balance_bot/install/balance_hw_interfaces/include/balance_hw_interfaces/balance_hw_interfaces/srv/detail
[32.440s] -- Installing: /home/mmcgraw/Projects/balance_bot/install/balance_hw_interfaces/include/balance_hw_interfaces/balance_hw_interfaces/srv/detail/set_direction__type_support.c
[32.441s] -- Installing: /home/mmcgraw/Projects/balance_bot/install/balance_hw_interfaces/include/balance_hw_interfaces/balance_hw_interfaces/srv/detail/set_direction__description.c
[32.442s] -- Installing: /home/mmcgraw/Projects/balance_bot/install/balance_hw_interfaces/include/balance_hw_interfaces/balance_hw_interfaces/srv/detail/set_direction__type_support.h
[32.444s] -- Installing: /home/mmcgraw/Projects/balance_bot/install/balance_hw_interfaces/include/balance_hw_interfaces/balance_hw_interfaces/srv/detail/set_direction__struct.h
[32.445s] -- Installing: /home/mmcgraw/Projects/balance_bot/install/balance_hw_interfaces/include/balance_hw_interfaces/balance_hw_interfaces/srv/detail/set_direction__functions.c
[32.446s] -- Installing: /home/mmcgraw/Projects/balance_bot/install/balance_hw_interfaces/include/balance_hw_interfaces/balance_hw_interfaces/srv/detail/set_direction__functions.h
[32.448s] -- Installing: /home/mmcgraw/Projects/balance_bot/install/balance_hw_interfaces/include/balance_hw_interfaces/balance_hw_interfaces/msg
[32.448s] -- Installing: /home/mmcgraw/Projects/balance_bot/install/balance_hw_interfaces/include/balance_hw_interfaces/balance_hw_interfaces/msg/rosidl_generator_c__visibility_control.h
[32.450s] -- Installing: /home/mmcgraw/Projects/balance_bot/install/balance_hw_interfaces/share/balance_hw_interfaces/environment/library_path.sh
[32.451s] -- Installing: /home/mmcgraw/Projects/balance_bot/install/balance_hw_interfaces/share/balance_hw_interfaces/environment/library_path.dsv
[32.453s] -- Installing: /home/mmcgraw/Projects/balance_bot/install/balance_hw_interfaces/lib/libbalance_hw_interfaces__rosidl_generator_c.so
[32.457s] -- Set non-toolchain portion of runtime path of "/home/mmcgraw/Projects/balance_bot/install/balance_hw_interfaces/lib/libbalance_hw_interfaces__rosidl_generator_c.so" to ""
[32.457s] -- Up-to-date: /home/mmcgraw/Projects/balance_bot/install/balance_hw_interfaces/include/balance_hw_interfaces/balance_hw_interfaces
[32.458s] -- Up-to-date: /home/mmcgraw/Projects/balance_bot/install/balance_hw_interfaces/include/balance_hw_interfaces/balance_hw_interfaces/srv
[32.458s] -- Up-to-date: /home/mmcgraw/Projects/balance_bot/install/balance_hw_interfaces/include/balance_hw_interfaces/balance_hw_interfaces/srv/detail
[32.458s] -- Installing: /home/mmcgraw/Projects/balance_bot/install/balance_hw_interfaces/include/balance_hw_interfaces/balance_hw_interfaces/srv/detail/set_direction__rosidl_typesupport_fastrtps_c.h
[32.460s] -- Up-to-date: /home/mmcgraw/Projects/balance_bot/install/balance_hw_interfaces/include/balance_hw_interfaces/balance_hw_interfaces/msg
[32.460s] -- Installing: /home/mmcgraw/Projects/balance_bot/install/balance_hw_interfaces/include/balance_hw_interfaces/balance_hw_interfaces/msg/rosidl_typesupport_fastrtps_c__visibility_control.h
[32.462s] -- Installing: /home/mmcgraw/Projects/balance_bot/install/balance_hw_interfaces/lib/libbalance_hw_interfaces__rosidl_typesupport_fastrtps_c.so
[32.465s] -- Set non-toolchain portion of runtime path of "/home/mmcgraw/Projects/balance_bot/install/balance_hw_interfaces/lib/libbalance_hw_interfaces__rosidl_typesupport_fastrtps_c.so" to ""
[32.466s] -- Up-to-date: /home/mmcgraw/Projects/balance_bot/install/balance_hw_interfaces/include/balance_hw_interfaces/balance_hw_interfaces
[32.467s] -- Up-to-date: /home/mmcgraw/Projects/balance_bot/install/balance_hw_interfaces/include/balance_hw_interfaces/balance_hw_interfaces/srv
[32.467s] -- Up-to-date: /home/mmcgraw/Projects/balance_bot/install/balance_hw_interfaces/include/balance_hw_interfaces/balance_hw_interfaces/srv/detail
[32.468s] -- Installing: /home/mmcgraw/Projects/balance_bot/install/balance_hw_interfaces/include/balance_hw_interfaces/balance_hw_interfaces/srv/detail/set_direction__type_support.c
[32.469s] -- Installing: /home/mmcgraw/Projects/balance_bot/install/balance_hw_interfaces/include/balance_hw_interfaces/balance_hw_interfaces/srv/detail/set_direction__rosidl_typesupport_introspection_c.h
[32.470s] -- Up-to-date: /home/mmcgraw/Projects/balance_bot/install/balance_hw_interfaces/include/balance_hw_interfaces/balance_hw_interfaces/msg
[32.471s] -- Installing: /home/mmcgraw/Projects/balance_bot/install/balance_hw_interfaces/include/balance_hw_interfaces/balance_hw_interfaces/msg/rosidl_typesupport_introspection_c__visibility_control.h
[32.472s] -- Installing: /home/mmcgraw/Projects/balance_bot/install/balance_hw_interfaces/lib/libbalance_hw_interfaces__rosidl_typesupport_introspection_c.so
[32.476s] -- Set non-toolchain portion of runtime path of "/home/mmcgraw/Projects/balance_bot/install/balance_hw_interfaces/lib/libbalance_hw_interfaces__rosidl_typesupport_introspection_c.so" to ""
[32.476s] -- Installing: /home/mmcgraw/Projects/balance_bot/install/balance_hw_interfaces/lib/libbalance_hw_interfaces__rosidl_typesupport_c.so
[32.479s] -- Set non-toolchain portion of runtime path of "/home/mmcgraw/Projects/balance_bot/install/balance_hw_interfaces/lib/libbalance_hw_interfaces__rosidl_typesupport_c.so" to ""
[32.480s] -- Up-to-date: /home/mmcgraw/Projects/balance_bot/install/balance_hw_interfaces/include/balance_hw_interfaces/balance_hw_interfaces
[32.480s] -- Up-to-date: /home/mmcgraw/Projects/balance_bot/install/balance_hw_interfaces/include/balance_hw_interfaces/balance_hw_interfaces/srv
[32.481s] -- Installing: /home/mmcgraw/Projects/balance_bot/install/balance_hw_interfaces/include/balance_hw_interfaces/balance_hw_interfaces/srv/set_direction.hpp
[32.482s] -- Up-to-date: /home/mmcgraw/Projects/balance_bot/install/balance_hw_interfaces/include/balance_hw_interfaces/balance_hw_interfaces/srv/detail
[32.482s] -- Installing: /home/mmcgraw/Projects/balance_bot/install/balance_hw_interfaces/include/balance_hw_interfaces/balance_hw_interfaces/srv/detail/set_direction__traits.hpp
[32.484s] -- Installing: /home/mmcgraw/Projects/balance_bot/install/balance_hw_interfaces/include/balance_hw_interfaces/balance_hw_interfaces/srv/detail/set_direction__type_support.hpp
[32.485s] -- Installing: /home/mmcgraw/Projects/balance_bot/install/balance_hw_interfaces/include/balance_hw_interfaces/balance_hw_interfaces/srv/detail/set_direction__builder.hpp
[32.486s] -- Installing: /home/mmcgraw/Projects/balance_bot/install/balance_hw_interfaces/include/balance_hw_interfaces/balance_hw_interfaces/srv/detail/set_direction__struct.hpp
[32.487s] -- Up-to-date: /home/mmcgraw/Projects/balance_bot/install/balance_hw_interfaces/include/balance_hw_interfaces/balance_hw_interfaces/msg
[32.488s] -- Installing: /home/mmcgraw/Projects/balance_bot/install/balance_hw_interfaces/include/balance_hw_interfaces/balance_hw_interfaces/msg/rosidl_generator_cpp__visibility_control.hpp
[32.489s] -- Up-to-date: /home/mmcgraw/Projects/balance_bot/install/balance_hw_interfaces/include/balance_hw_interfaces/balance_hw_interfaces
[32.490s] -- Up-to-date: /home/mmcgraw/Projects/balance_bot/install/balance_hw_interfaces/include/balance_hw_interfaces/balance_hw_interfaces/srv
[32.490s] -- Up-to-date: /home/mmcgraw/Projects/balance_bot/install/balance_hw_interfaces/include/balance_hw_interfaces/balance_hw_interfaces/srv/detail
[32.491s] -- Installing: /home/mmcgraw/Projects/balance_bot/install/balance_hw_interfaces/include/balance_hw_interfaces/balance_hw_interfaces/srv/detail/set_direction__rosidl_typesupport_fastrtps_cpp.hpp
[32.492s] -- Installing: /home/mmcgraw/Projects/balance_bot/install/balance_hw_interfaces/include/balance_hw_interfaces/balance_hw_interfaces/srv/detail/dds_fastrtps
[32.493s] -- Up-to-date: /home/mmcgraw/Projects/balance_bot/install/balance_hw_interfaces/include/balance_hw_interfaces/balance_hw_interfaces/msg
[32.493s] -- Installing: /home/mmcgraw/Projects/balance_bot/install/balance_hw_interfaces/include/balance_hw_interfaces/balance_hw_interfaces/msg/rosidl_typesupport_fastrtps_cpp__visibility_control.h
[32.495s] -- Installing: /home/mmcgraw/Projects/balance_bot/install/balance_hw_interfaces/lib/libbalance_hw_interfaces__rosidl_typesupport_fastrtps_cpp.so
[32.499s] -- Set non-toolchain portion of runtime path of "/home/mmcgraw/Projects/balance_bot/install/balance_hw_interfaces/lib/libbalance_hw_interfaces__rosidl_typesupport_fastrtps_cpp.so" to ""
[32.500s] -- Up-to-date: /home/mmcgraw/Projects/balance_bot/install/balance_hw_interfaces/include/balance_hw_interfaces/balance_hw_interfaces
[32.501s] -- Up-to-date: /home/mmcgraw/Projects/balance_bot/install/balance_hw_interfaces/include/balance_hw_interfaces/balance_hw_interfaces/srv
[32.501s] -- Up-to-date: /home/mmcgraw/Projects/balance_bot/install/balance_hw_interfaces/include/balance_hw_interfaces/balance_hw_interfaces/srv/detail
[32.502s] -- Installing: /home/mmcgraw/Projects/balance_bot/install/balance_hw_interfaces/include/balance_hw_interfaces/balance_hw_interfaces/srv/detail/set_direction__type_support.cpp
[32.503s] -- Installing: /home/mmcgraw/Projects/balance_bot/install/balance_hw_interfaces/include/balance_hw_interfaces/balance_hw_interfaces/srv/detail/set_direction__rosidl_typesupport_introspection_cpp.hpp
[32.504s] -- Installing: /home/mmcgraw/Projects/balance_bot/install/balance_hw_interfaces/lib/libbalance_hw_interfaces__rosidl_typesupport_introspection_cpp.so
[32.508s] -- Set non-toolchain portion of runtime path of "/home/mmcgraw/Projects/balance_bot/install/balance_hw_interfaces/lib/libbalance_hw_interfaces__rosidl_typesupport_introspection_cpp.so" to ""
[32.509s] -- Installing: /home/mmcgraw/Projects/balance_bot/install/balance_hw_interfaces/lib/libbalance_hw_interfaces__rosidl_typesupport_cpp.so
[32.512s] -- Set non-toolchain portion of runtime path of "/home/mmcgraw/Projects/balance_bot/install/balance_hw_interfaces/lib/libbalance_hw_interfaces__rosidl_typesupport_cpp.so" to ""
[32.513s] -- Installing: /home/mmcgraw/Projects/balance_bot/install/balance_hw_interfaces/share/balance_hw_interfaces/environment/pythonpath.sh
[32.514s] -- Installing: /home/mmcgraw/Projects/balance_bot/install/balance_hw_interfaces/share/balance_hw_interfaces/environment/pythonpath.dsv
[32.515s] -- Installing: /home/mmcgraw/Projects/balance_bot/install/balance_hw_interfaces/lib/python3.12/site-packages/balance_hw_interfaces-0.0.0-py3.12.egg-info
[32.516s] -- Installing: /home/mmcgraw/Projects/balance_bot/install/balance_hw_interfaces/lib/python3.12/site-packages/balance_hw_interfaces-0.0.0-py3.12.egg-info/dependency_links.txt
[32.517s] -- Installing: /home/mmcgraw/Projects/balance_bot/install/balance_hw_interfaces/lib/python3.12/site-packages/balance_hw_interfaces-0.0.0-py3.12.egg-info/PKG-INFO
[32.518s] -- Installing: /home/mmcgraw/Projects/balance_bot/install/balance_hw_interfaces/lib/python3.12/site-packages/balance_hw_interfaces-0.0.0-py3.12.egg-info/top_level.txt
[32.520s] -- Installing: /home/mmcgraw/Projects/balance_bot/install/balance_hw_interfaces/lib/python3.12/site-packages/balance_hw_interfaces-0.0.0-py3.12.egg-info/SOURCES.txt
[32.521s] -- Installing: /home/mmcgraw/Projects/balance_bot/install/balance_hw_interfaces/lib/python3.12/site-packages/balance_hw_interfaces
[32.522s] -- Installing: /home/mmcgraw/Projects/balance_bot/install/balance_hw_interfaces/lib/python3.12/site-packages/balance_hw_interfaces/srv
[32.522s] -- Installing: /home/mmcgraw/Projects/balance_bot/install/balance_hw_interfaces/lib/python3.12/site-packages/balance_hw_interfaces/srv/_set_direction_s.c
[32.524s] -- Installing: /home/mmcgraw/Projects/balance_bot/install/balance_hw_interfaces/lib/python3.12/site-packages/balance_hw_interfaces/srv/_set_direction.py
[32.525s] -- Installing: /home/mmcgraw/Projects/balance_bot/install/balance_hw_interfaces/lib/python3.12/site-packages/balance_hw_interfaces/srv/__init__.py
[32.526s] -- Installing: /home/mmcgraw/Projects/balance_bot/install/balance_hw_interfaces/lib/python3.12/site-packages/balance_hw_interfaces/balance_hw_interfaces_s__rosidl_typesupport_fastrtps_c.so
[32.528s] -- Installing: /home/mmcgraw/Projects/balance_bot/install/balance_hw_interfaces/lib/python3.12/site-packages/balance_hw_interfaces/_balance_hw_interfaces_s.ep.rosidl_typesupport_fastrtps_c.c
[32.530s] -- Installing: /home/mmcgraw/Projects/balance_bot/install/balance_hw_interfaces/lib/python3.12/site-packages/balance_hw_interfaces/_balance_hw_interfaces_s.ep.rosidl_typesupport_c.c
[32.531s] -- Installing: /home/mmcgraw/Projects/balance_bot/install/balance_hw_interfaces/lib/python3.12/site-packages/balance_hw_interfaces/balance_hw_interfaces_s__rosidl_typesupport_introspection_c.so
[32.533s] -- Installing: /home/mmcgraw/Projects/balance_bot/install/balance_hw_interfaces/lib/python3.12/site-packages/balance_hw_interfaces/balance_hw_interfaces_s__rosidl_typesupport_c.so
[32.535s] -- Installing: /home/mmcgraw/Projects/balance_bot/install/balance_hw_interfaces/lib/python3.12/site-packages/balance_hw_interfaces/__init__.py
[32.536s] -- Installing: /home/mmcgraw/Projects/balance_bot/install/balance_hw_interfaces/lib/python3.12/site-packages/balance_hw_interfaces/_balance_hw_interfaces_s.ep.rosidl_typesupport_introspection_c.c
[32.984s] Listing '/home/mmcgraw/Projects/balance_bot/install/balance_hw_interfaces/lib/python3.12/site-packages/balance_hw_interfaces'...
[32.985s] Compiling '/home/mmcgraw/Projects/balance_bot/install/balance_hw_interfaces/lib/python3.12/site-packages/balance_hw_interfaces/__init__.py'...
[32.987s] Listing '/home/mmcgraw/Projects/balance_bot/install/balance_hw_interfaces/lib/python3.12/site-packages/balance_hw_interfaces/srv'...
[32.988s] Compiling '/home/mmcgraw/Projects/balance_bot/install/balance_hw_interfaces/lib/python3.12/site-packages/balance_hw_interfaces/srv/__init__.py'...
[32.989s] Compiling '/home/mmcgraw/Projects/balance_bot/install/balance_hw_interfaces/lib/python3.12/site-packages/balance_hw_interfaces/srv/_set_direction.py'...
[33.016s] -- Installing: /home/mmcgraw/Projects/balance_bot/install/balance_hw_interfaces/lib/python3.12/site-packages/balance_hw_interfaces/balance_hw_interfaces_s__rosidl_typesupport_fastrtps_c.so
[33.019s] -- Set non-toolchain portion of runtime path of "/home/mmcgraw/Projects/balance_bot/install/balance_hw_interfaces/lib/python3.12/site-packages/balance_hw_interfaces/balance_hw_interfaces_s__rosidl_typesupport_fastrtps_c.so" to ""
[33.021s] -- Installing: /home/mmcgraw/Projects/balance_bot/install/balance_hw_interfaces/lib/python3.12/site-packages/balance_hw_interfaces/balance_hw_interfaces_s__rosidl_typesupport_introspection_c.so
[33.025s] -- Set non-toolchain portion of runtime path of "/home/mmcgraw/Projects/balance_bot/install/balance_hw_interfaces/lib/python3.12/site-packages/balance_hw_interfaces/balance_hw_interfaces_s__rosidl_typesupport_introspection_c.so" to ""
[33.027s] -- Installing: /home/mmcgraw/Projects/balance_bot/install/balance_hw_interfaces/lib/python3.12/site-packages/balance_hw_interfaces/balance_hw_interfaces_s__rosidl_typesupport_c.so
[33.031s] -- Set non-toolchain portion of runtime path of "/home/mmcgraw/Projects/balance_bot/install/balance_hw_interfaces/lib/python3.12/site-packages/balance_hw_interfaces/balance_hw_interfaces_s__rosidl_typesupport_c.so" to ""
[33.032s] -- Installing: /home/mmcgraw/Projects/balance_bot/install/balance_hw_interfaces/lib/libbalance_hw_interfaces__rosidl_generator_py.so
[33.036s] -- Set non-toolchain portion of runtime path of "/home/mmcgraw/Projects/balance_bot/install/balance_hw_interfaces/lib/libbalance_hw_interfaces__rosidl_generator_py.so" to ""
[33.036s] -- Installing: /home/mmcgraw/Projects/balance_bot/install/balance_hw_interfaces/share/balance_hw_interfaces/srv/SetDirection.idl
[33.037s] -- Installing: /home/mmcgraw/Projects/balance_bot/install/balance_hw_interfaces/share/balance_hw_interfaces/srv/SetDirection.srv
[33.039s] -- Installing: /home/mmcgraw/Projects/balance_bot/install/balance_hw_interfaces/share/ament_index/resource_index/package_run_dependencies/balance_hw_interfaces
[33.041s] -- Installing: /home/mmcgraw/Projects/balance_bot/install/balance_hw_interfaces/share/ament_index/resource_index/parent_prefix_path/balance_hw_interfaces
[33.042s] -- Installing: /home/mmcgraw/Projects/balance_bot/install/balance_hw_interfaces/share/balance_hw_interfaces/environment/ament_prefix_path.sh
[33.044s] -- Installing: /home/mmcgraw/Projects/balance_bot/install/balance_hw_interfaces/share/balance_hw_interfaces/environment/ament_prefix_path.dsv
[33.045s] -- Installing: /home/mmcgraw/Projects/balance_bot/install/balance_hw_interfaces/share/balance_hw_interfaces/environment/path.sh
[33.046s] -- Installing: /home/mmcgraw/Projects/balance_bot/install/balance_hw_interfaces/share/balance_hw_interfaces/environment/path.dsv
[33.048s] -- Installing: /home/mmcgraw/Projects/balance_bot/install/balance_hw_interfaces/share/balance_hw_interfaces/local_setup.bash
[33.049s] -- Installing: /home/mmcgraw/Projects/balance_bot/install/balance_hw_interfaces/share/balance_hw_interfaces/local_setup.sh
[33.051s] -- Installing: /home/mmcgraw/Projects/balance_bot/install/balance_hw_interfaces/share/balance_hw_interfaces/local_setup.zsh
[33.052s] -- Installing: /home/mmcgraw/Projects/balance_bot/install/balance_hw_interfaces/share/balance_hw_interfaces/local_setup.dsv
[33.053s] -- Installing: /home/mmcgraw/Projects/balance_bot/install/balance_hw_interfaces/share/balance_hw_interfaces/package.dsv
[33.055s] -- Installing: /home/mmcgraw/Projects/balance_bot/install/balance_hw_interfaces/share/ament_index/resource_index/packages/balance_hw_interfaces
[33.057s] -- Installing: /home/mmcgraw/Projects/balance_bot/install/balance_hw_interfaces/share/balance_hw_interfaces/cmake/export_balance_hw_interfaces__rosidl_generator_cExport.cmake
[33.058s] -- Installing: /home/mmcgraw/Projects/balance_bot/install/balance_hw_interfaces/share/balance_hw_interfaces/cmake/export_balance_hw_interfaces__rosidl_generator_cExport-noconfig.cmake
[33.060s] -- Installing: /home/mmcgraw/Projects/balance_bot/install/balance_hw_interfaces/share/balance_hw_interfaces/cmake/export_balance_hw_interfaces__rosidl_typesupport_fastrtps_cExport.cmake
[33.062s] -- Installing: /home/mmcgraw/Projects/balance_bot/install/balance_hw_interfaces/share/balance_hw_interfaces/cmake/export_balance_hw_interfaces__rosidl_typesupport_fastrtps_cExport-noconfig.cmake
[33.063s] -- Installing: /home/mmcgraw/Projects/balance_bot/install/balance_hw_interfaces/share/balance_hw_interfaces/cmake/balance_hw_interfaces__rosidl_typesupport_introspection_cExport.cmake
[33.065s] -- Installing: /home/mmcgraw/Projects/balance_bot/install/balance_hw_interfaces/share/balance_hw_interfaces/cmake/balance_hw_interfaces__rosidl_typesupport_introspection_cExport-noconfig.cmake
[33.067s] -- Installing: /home/mmcgraw/Projects/balance_bot/install/balance_hw_interfaces/share/balance_hw_interfaces/cmake/balance_hw_interfaces__rosidl_typesupport_cExport.cmake
[33.068s] -- Installing: /home/mmcgraw/Projects/balance_bot/install/balance_hw_interfaces/share/balance_hw_interfaces/cmake/balance_hw_interfaces__rosidl_typesupport_cExport-noconfig.cmake
[33.070s] -- Installing: /home/mmcgraw/Projects/balance_bot/install/balance_hw_interfaces/share/balance_hw_interfaces/cmake/export_balance_hw_interfaces__rosidl_generator_cppExport.cmake
[33.072s] -- Installing: /home/mmcgraw/Projects/balance_bot/install/balance_hw_interfaces/share/balance_hw_interfaces/cmake/export_balance_hw_interfaces__rosidl_typesupport_fastrtps_cppExport.cmake
[33.073s] -- Installing: /home/mmcgraw/Projects/balance_bot/install/balance_hw_interfaces/share/balance_hw_interfaces/cmake/export_balance_hw_interfaces__rosidl_typesupport_fastrtps_cppExport-noconfig.cmake
[33.075s] -- Installing: /home/mmcgraw/Projects/balance_bot/install/balance_hw_interfaces/share/balance_hw_interfaces/cmake/balance_hw_interfaces__rosidl_typesupport_introspection_cppExport.cmake
[33.076s] -- Installing: /home/mmcgraw/Projects/balance_bot/install/balance_hw_interfaces/share/balance_hw_interfaces/cmake/balance_hw_interfaces__rosidl_typesupport_introspection_cppExport-noconfig.cmake
[33.078s] -- Installing: /home/mmcgraw/Projects/balance_bot/install/balance_hw_interfaces/share/balance_hw_interfaces/cmake/balance_hw_interfaces__rosidl_typesupport_cppExport.cmake
[33.080s] -- Installing: /home/mmcgraw/Projects/balance_bot/install/balance_hw_interfaces/share/balance_hw_interfaces/cmake/balance_hw_interfaces__rosidl_typesupport_cppExport-noconfig.cmake
[33.082s] -- Installing: /home/mmcgraw/Projects/balance_bot/install/balance_hw_interfaces/share/balance_hw_interfaces/cmake/export_balance_hw_interfaces__rosidl_generator_pyExport.cmake
[33.083s] -- Installing: /home/mmcgraw/Projects/balance_bot/install/balance_hw_interfaces/share/balance_hw_interfaces/cmake/export_balance_hw_interfaces__rosidl_generator_pyExport-noconfig.cmake
[33.085s] -- Installing: /home/mmcgraw/Projects/balance_bot/install/balance_hw_interfaces/share/balance_hw_interfaces/cmake/rosidl_cmake-extras.cmake
[33.086s] -- Installing: /home/mmcgraw/Projects/balance_bot/install/balance_hw_interfaces/share/balance_hw_interfaces/cmake/ament_cmake_export_dependencies-extras.cmake
[33.088s] -- Installing: /home/mmcgraw/Projects/balance_bot/install/balance_hw_interfaces/share/balance_hw_interfaces/cmake/ament_cmake_export_include_directories-extras.cmake
[33.089s] -- Installing: /home/mmcgraw/Projects/balance_bot/install/balance_hw_interfaces/share/balance_hw_interfaces/cmake/ament_cmake_export_libraries-extras.cmake
[33.090s] -- Installing: /home/mmcgraw/Projects/balance_bot/install/balance_hw_interfaces/share/balance_hw_interfaces/cmake/ament_cmake_export_targets-extras.cmake
[33.092s] -- Installing: /home/mmcgraw/Projects/balance_bot/install/balance_hw_interfaces/share/balance_hw_interfaces/cmake/rosidl_cmake_export_typesupport_targets-extras.cmake
[33.093s] -- Installing: /home/mmcgraw/Projects/balance_bot/install/balance_hw_interfaces/share/balance_hw_interfaces/cmake/rosidl_cmake_export_typesupport_libraries-extras.cmake
[33.095s] -- Installing: /home/mmcgraw/Projects/balance_bot/install/balance_hw_interfaces/share/balance_hw_interfaces/cmake/balance_hw_interfacesConfig.cmake
[33.096s] -- Installing: /home/mmcgraw/Projects/balance_bot/install/balance_hw_interfaces/share/balance_hw_interfaces/cmake/balance_hw_interfacesConfig-version.cmake
[33.098s] -- Installing: /home/mmcgraw/Projects/balance_bot/install/balance_hw_interfaces/share/balance_hw_interfaces/package.xml
[33.106s] Invoked command in '/home/mmcgraw/Projects/balance_bot/build/balance_hw_interfaces' returned '0': CMAKE_PREFIX_PATH=/opt/ros/jazzy /usr/bin/cmake --install /home/mmcgraw/Projects/balance_bot/build/balance_hw_interfaces
