-- Found ament_cmake: 2.5.5 (/opt/ros/jazzy/share/ament_cmake/cmake)
-- Found rclcpp: 28.1.16 (/opt/ros/jazzy/share/rclcpp/cmake)
-- Found rosidl_generator_c: 4.6.7 (/opt/ros/jazzy/share/rosidl_generator_c/cmake)
-- Found rosidl_generator_cpp: 4.6.7 (/opt/ros/jazzy/share/rosidl_generator_cpp/cmake)
-- Using all available rosidl_typesupport_c: rosidl_typesupport_fastrtps_c;rosidl_typesupport_introspection_c
-- Using all available rosidl_typesupport_cpp: rosidl_typesupport_fastrtps_cpp;rosidl_typesupport_introspection_cpp
-- Found rmw_implementation_cmake: 7.3.3 (/opt/ros/jazzy/share/rmw_implementation_cmake/cmake)
-- Found rmw_fastrtps_cpp: 8.4.3 (/opt/ros/jazzy/share/rmw_fastrtps_cpp/cmake)
-- Using RMW implementation 'rmw_fastrtps_cpp' as default
-- Found std_msgs: 5.3.6 (/opt/ros/jazzy/share/std_msgs/cmake)
-- Found std_srvs: 5.3.6 (/opt/ros/jazzy/share/std_srvs/cmake)
-- Found balance_hw_interfaces: 0.0.0 (/home/mmcgraw/Projects/balance_bot/install/balance_hw_interfaces/share/balance_hw_interfaces/cmake)
-- Found ament_lint_auto: 0.17.4 (/opt/ros/jazzy/share/ament_lint_auto/cmake)
-- Added test 'cppcheck' to perform static code analysis on C / C++ code
-- Configured cppcheck include dirs: 
-- Configured cppcheck exclude dirs and/or files: 
-- Added test 'lint_cmake' to check CMake code style
-- Added test 'uncrustify' to check C / C++ code style
-- Configured uncrustify additional arguments: 
-- Added test 'xmllint' to check XML markup files
-- Configuring done (2.6s)
-- Generating done (0.1s)
-- Build files have been written to: /home/mmcgraw/Projects/balance_bot/build/balance_hw
[ 50%] [32mBuilding CXX object CMakeFiles/motor_enable_node.dir/src/motor_enable_node.cpp.o[0m
[01m[K/home/mmcgraw/Projects/balance_bot/src/balance_hw/src/motor_enable_node.cpp:[m[K In member function ‘[01m[Kvoid MotorEnableNode::[01;32m[Kon_motors_direction[m[K(std::shared_ptr<balance_hw_interfaces::srv::SetDirection_Request_<std::allocator<void> > >, std::shared_ptr<balance_hw_interfaces::srv::SetDirection_Response_<std::allocator<void> > >)[m[K’:
[01m[K/home/mmcgraw/Projects/balance_bot/src/balance_hw/src/motor_enable_node.cpp:201:45:[m[K [01;31m[Kerror: [m[K‘[01m[Kusing std::__shared_ptr_access<balance_hw_interfaces::srv::SetDirection_Request_<std::allocator<void> >, __gnu_cxx::_S_atomic, false, false>::element_type = struct balance_hw_interfaces::srv::SetDirection_Request_<std::allocator<void> >[m[K’ {aka ‘[01m[Kstruct balance_hw_interfaces::srv::SetDirection_Request_<std::allocator<void> >[m[K’} has no member named ‘[01m[Kdata[m[K’
  201 |                 const auto direction = req->[01;31m[Kdata[m[K;
      |                                             [01;31m[K^~~~[m[K
gmake[2]: *** [CMakeFiles/motor_enable_node.dir/build.make:76: CMakeFiles/motor_enable_node.dir/src/motor_enable_node.cpp.o] Error 1
gmake[1]: *** [CMakeFiles/Makefile2:137: CMakeFiles/motor_enable_node.dir/all] Error 2
gmake: *** [Makefile:146: all] Error 2
