[0.070s] Invoking command in '/home/mmcgraw/Projects/balance_bot/build/balance_hw': CMAKE_PREFIX_PATH=${CMAKE_PREFIX_PATH}:/opt/ros/jazzy /usr/bin/cmake --build /home/mmcgraw/Projects/balance_bot/build/balance_hw -- -j4 -l4
[0.199s] -- Found ament_cmake: 2.5.5 (/opt/ros/jazzy/share/ament_cmake/cmake)
[1.176s] -- Found rclcpp: 28.1.16 (/opt/ros/jazzy/share/rclcpp/cmake)
[1.302s] -- Found rosidl_generator_c: 4.6.7 (/opt/ros/jazzy/share/rosidl_generator_c/cmake)
[1.343s] -- Found rosidl_generator_cpp: 4.6.7 (/opt/ros/jazzy/share/rosidl_generator_cpp/cmake)
[1.391s] -- Using all available rosidl_typesupport_c: rosidl_typesupport_fastrtps_c;rosidl_typesupport_introspection_c
[1.447s] -- Using all available rosidl_typesupport_cpp: rosidl_typesupport_fastrtps_cpp;rosidl_typesupport_introspection_cpp
[1.683s] -- Found rmw_implementation_cmake: 7.3.3 (/opt/ros/jazzy/share/rmw_implementation_cmake/cmake)
[1.689s] -- Found rmw_fastrtps_cpp: 8.4.3 (/opt/ros/jazzy/share/rmw_fastrtps_cpp/cmake)
[1.940s] -- Using RMW implementation 'rmw_fastrtps_cpp' as default
[2.163s] -- Found std_msgs: 5.3.6 (/opt/ros/jazzy/share/std_msgs/cmake)
[2.211s] -- Found std_srvs: 5.3.6 (/opt/ros/jazzy/share/std_srvs/cmake)
[2.268s] -- Found balance_hw_interfaces: 0.0.0 (/home/mmcgraw/Projects/balance_bot/install/balance_hw_interfaces/share/balance_hw_interfaces/cmake)
[2.323s] -- Found ament_lint_auto: 0.17.4 (/opt/ros/jazzy/share/ament_lint_auto/cmake)
[2.768s] -- Added test 'cppcheck' to perform static code analysis on C / C++ code
[2.768s] -- Configured cppcheck include dirs: 
[2.769s] -- Configured cppcheck exclude dirs and/or files: 
[2.773s] -- Added test 'lint_cmake' to check CMake code style
[2.780s] -- Added test 'uncrustify' to check C / C++ code style
[2.781s] -- Configured uncrustify additional arguments: 
[2.782s] -- Added test 'xmllint' to check XML markup files
[2.791s] -- Configuring done (2.6s)
[2.882s] -- Generating done (0.1s)
[2.903s] -- Build files have been written to: /home/mmcgraw/Projects/balance_bot/build/balance_hw
[3.210s] [ 50%] [32mBuilding CXX object CMakeFiles/motor_enable_node.dir/src/motor_enable_node.cpp.o[0m
[13.769s] [01m[K/home/mmcgraw/Projects/balance_bot/src/balance_hw/src/motor_enable_node.cpp:[m[K In member function ‘[01m[Kvoid MotorEnableNode::[01;32m[Kon_motors_direction[m[K(std::shared_ptr<balance_hw_interfaces::srv::SetDirection_Request_<std::allocator<void> > >, std::shared_ptr<balance_hw_interfaces::srv::SetDirection_Response_<std::allocator<void> > >)[m[K’:
[13.769s] [01m[K/home/mmcgraw/Projects/balance_bot/src/balance_hw/src/motor_enable_node.cpp:201:45:[m[K [01;31m[Kerror: [m[K‘[01m[Kusing std::__shared_ptr_access<balance_hw_interfaces::srv::SetDirection_Request_<std::allocator<void> >, __gnu_cxx::_S_atomic, false, false>::element_type = struct balance_hw_interfaces::srv::SetDirection_Request_<std::allocator<void> >[m[K’ {aka ‘[01m[Kstruct balance_hw_interfaces::srv::SetDirection_Request_<std::allocator<void> >[m[K’} has no member named ‘[01m[Kdata[m[K’
[13.770s]   201 |                 const auto direction = req->[01;31m[Kdata[m[K;
[13.770s]       |                                             [01;31m[K^~~~[m[K
[17.547s] gmake[2]: *** [CMakeFiles/motor_enable_node.dir/build.make:76: CMakeFiles/motor_enable_node.dir/src/motor_enable_node.cpp.o] Error 1
[17.548s] gmake[1]: *** [CMakeFiles/Makefile2:137: CMakeFiles/motor_enable_node.dir/all] Error 2
[17.549s] gmake: *** [Makefile:146: all] Error 2
[17.558s] Invoked command in '/home/mmcgraw/Projects/balance_bot/build/balance_hw' returned '2': CMAKE_PREFIX_PATH=${CMAKE_PREFIX_PATH}:/opt/ros/jazzy /usr/bin/cmake --build /home/mmcgraw/Projects/balance_bot/build/balance_hw -- -j4 -l4
