[0.415s] DEBUG:colcon:Command line arguments: ['/usr/bin/colcon', 'build', '--packages-select', 'balance_hw']
[0.416s] DEBUG:colcon:Parsed command line arguments: Namespace(log_base=None, log_level=None, verb_name='build', build_base='build', install_base='install', merge_install=False, symlink_install=False, test_result_base=None, continue_on_error=False, executor='parallel', parallel_workers=4, event_handlers=None, ignore_user_meta=False, metas=['./colcon.meta'], base_paths=['.'], packages_ignore=None, packages_ignore_regex=None, paths=None, packages_up_to=None, packages_up_to_regex=None, packages_above=None, packages_above_and_dependencies=None, packages_above_depth=None, packages_select_by_dep=None, packages_skip_by_dep=None, packages_skip_up_to=None, packages_select_build_failed=False, packages_skip_build_finished=False, packages_select_test_failures=False, packages_skip_test_passed=False, packages_select=['balance_hw'], packages_skip=None, packages_select_regex=None, packages_skip_regex=None, packages_start=None, packages_end=None, allow_overriding=[], cmake_args=None, cmake_target=None, cmake_target_skip_unavailable=False, cmake_clean_cache=False, cmake_clean_first=False, cmake_force_configure=False, ament_cmake_args=None, catkin_cmake_args=None, catkin_skip_building_tests=False, verb_parser=<colcon_defaults.argument_parser.defaults.DefaultArgumentsDecorator object at 0xffffa7d645f0>, verb_extension=<colcon_core.verb.build.BuildVerb object at 0xffffa7f0d0d0>, main=<bound method BuildVerb.main of <colcon_core.verb.build.BuildVerb object at 0xffffa7f0d0d0>>)
[0.585s] Level 1:colcon.colcon_core.package_discovery:discover_packages(colcon_meta) check parameters
[0.585s] Level 1:colcon.colcon_core.package_discovery:discover_packages(recursive) check parameters
[0.586s] Level 1:colcon.colcon_core.package_discovery:discover_packages(ignore) check parameters
[0.586s] Level 1:colcon.colcon_core.package_discovery:discover_packages(path) check parameters
[0.586s] Level 1:colcon.colcon_core.package_discovery:discover_packages(colcon_meta) discover
[0.586s] Level 1:colcon.colcon_core.package_discovery:discover_packages(recursive) discover
[0.586s] INFO:colcon.colcon_core.package_discovery:Crawling recursively for packages in '/home/mmcgraw/Projects/balance_bot'
[0.587s] Level 1:colcon.colcon_core.package_identification:_identify(.) by extensions ['ignore', 'ignore_ament_install']
[0.587s] Level 1:colcon.colcon_core.package_identification:_identify(.) by extension 'ignore'
[0.587s] Level 1:colcon.colcon_core.package_identification:_identify(.) by extension 'ignore_ament_install'
[0.588s] Level 1:colcon.colcon_core.package_identification:_identify(.) by extensions ['colcon_pkg']
[0.588s] Level 1:colcon.colcon_core.package_identification:_identify(.) by extension 'colcon_pkg'
[0.588s] Level 1:colcon.colcon_core.package_identification:_identify(.) by extensions ['colcon_meta']
[0.589s] Level 1:colcon.colcon_core.package_identification:_identify(.) by extension 'colcon_meta'
[0.589s] Level 1:colcon.colcon_core.package_identification:_identify(.) by extensions ['ros']
[0.589s] Level 1:colcon.colcon_core.package_identification:_identify(.) by extension 'ros'
[0.696s] Level 1:colcon.colcon_core.package_identification:_identify(.) by extensions ['cmake', 'python']
[0.697s] Level 1:colcon.colcon_core.package_identification:_identify(.) by extension 'cmake'
[0.697s] Level 1:colcon.colcon_core.package_identification:_identify(.) by extension 'python'
[0.697s] Level 1:colcon.colcon_core.package_identification:_identify(.) by extensions ['python_setup_py']
[0.697s] Level 1:colcon.colcon_core.package_identification:_identify(.) by extension 'python_setup_py'
[0.698s] Level 1:colcon.colcon_core.package_identification:_identify(build) by extensions ['ignore', 'ignore_ament_install']
[0.698s] Level 1:colcon.colcon_core.package_identification:_identify(build) by extension 'ignore'
[0.698s] Level 1:colcon.colcon_core.package_identification:_identify(build) ignored
[0.699s] Level 1:colcon.colcon_core.package_identification:_identify(install) by extensions ['ignore', 'ignore_ament_install']
[0.699s] Level 1:colcon.colcon_core.package_identification:_identify(install) by extension 'ignore'
[0.700s] Level 1:colcon.colcon_core.package_identification:_identify(install) ignored
[0.700s] Level 1:colcon.colcon_core.package_identification:_identify(log) by extensions ['ignore', 'ignore_ament_install']
[0.701s] Level 1:colcon.colcon_core.package_identification:_identify(log) by extension 'ignore'
[0.701s] Level 1:colcon.colcon_core.package_identification:_identify(log) ignored
[0.701s] Level 1:colcon.colcon_core.package_identification:_identify(src) by extensions ['ignore', 'ignore_ament_install']
[0.702s] Level 1:colcon.colcon_core.package_identification:_identify(src) by extension 'ignore'
[0.702s] Level 1:colcon.colcon_core.package_identification:_identify(src) by extension 'ignore_ament_install'
[0.702s] Level 1:colcon.colcon_core.package_identification:_identify(src) by extensions ['colcon_pkg']
[0.702s] Level 1:colcon.colcon_core.package_identification:_identify(src) by extension 'colcon_pkg'
[0.702s] Level 1:colcon.colcon_core.package_identification:_identify(src) by extensions ['colcon_meta']
[0.703s] Level 1:colcon.colcon_core.package_identification:_identify(src) by extension 'colcon_meta'
[0.703s] Level 1:colcon.colcon_core.package_identification:_identify(src) by extensions ['ros']
[0.703s] Level 1:colcon.colcon_core.package_identification:_identify(src) by extension 'ros'
[0.703s] Level 1:colcon.colcon_core.package_identification:_identify(src) by extensions ['cmake', 'python']
[0.703s] Level 1:colcon.colcon_core.package_identification:_identify(src) by extension 'cmake'
[0.704s] Level 1:colcon.colcon_core.package_identification:_identify(src) by extension 'python'
[0.704s] Level 1:colcon.colcon_core.package_identification:_identify(src) by extensions ['python_setup_py']
[0.704s] Level 1:colcon.colcon_core.package_identification:_identify(src) by extension 'python_setup_py'
[0.704s] Level 1:colcon.colcon_core.package_identification:_identify(src/balance_hw) by extensions ['ignore', 'ignore_ament_install']
[0.705s] Level 1:colcon.colcon_core.package_identification:_identify(src/balance_hw) by extension 'ignore'
[0.705s] Level 1:colcon.colcon_core.package_identification:_identify(src/balance_hw) by extension 'ignore_ament_install'
[0.705s] Level 1:colcon.colcon_core.package_identification:_identify(src/balance_hw) by extensions ['colcon_pkg']
[0.705s] Level 1:colcon.colcon_core.package_identification:_identify(src/balance_hw) by extension 'colcon_pkg'
[0.705s] Level 1:colcon.colcon_core.package_identification:_identify(src/balance_hw) by extensions ['colcon_meta']
[0.706s] Level 1:colcon.colcon_core.package_identification:_identify(src/balance_hw) by extension 'colcon_meta'
[0.706s] Level 1:colcon.colcon_core.package_identification:_identify(src/balance_hw) by extensions ['ros']
[0.706s] Level 1:colcon.colcon_core.package_identification:_identify(src/balance_hw) by extension 'ros'
[0.719s] DEBUG:colcon.colcon_core.package_identification:Package 'src/balance_hw' with type 'ros.ament_cmake' and name 'balance_hw'
[0.720s] Level 1:colcon.colcon_core.package_identification:_identify(src/balance_hw_interfaces) by extensions ['ignore', 'ignore_ament_install']
[0.721s] Level 1:colcon.colcon_core.package_identification:_identify(src/balance_hw_interfaces) by extension 'ignore'
[0.721s] Level 1:colcon.colcon_core.package_identification:_identify(src/balance_hw_interfaces) by extension 'ignore_ament_install'
[0.721s] Level 1:colcon.colcon_core.package_identification:_identify(src/balance_hw_interfaces) by extensions ['colcon_pkg']
[0.722s] Level 1:colcon.colcon_core.package_identification:_identify(src/balance_hw_interfaces) by extension 'colcon_pkg'
[0.722s] Level 1:colcon.colcon_core.package_identification:_identify(src/balance_hw_interfaces) by extensions ['colcon_meta']
[0.722s] Level 1:colcon.colcon_core.package_identification:_identify(src/balance_hw_interfaces) by extension 'colcon_meta'
[0.722s] Level 1:colcon.colcon_core.package_identification:_identify(src/balance_hw_interfaces) by extensions ['ros']
[0.723s] Level 1:colcon.colcon_core.package_identification:_identify(src/balance_hw_interfaces) by extension 'ros'
[0.725s] DEBUG:colcon.colcon_core.package_identification:Package 'src/balance_hw_interfaces' with type 'ros.ament_cmake' and name 'balance_hw_interfaces'
[0.725s] Level 1:colcon.colcon_core.package_discovery:discover_packages(recursive) using defaults
[0.725s] Level 1:colcon.colcon_core.package_discovery:discover_packages(ignore) discover
[0.725s] Level 1:colcon.colcon_core.package_discovery:discover_packages(ignore) using defaults
[0.725s] Level 1:colcon.colcon_core.package_discovery:discover_packages(path) discover
[0.726s] Level 1:colcon.colcon_core.package_discovery:discover_packages(path) using defaults
[0.791s] INFO:colcon.colcon_core.package_selection:Skipping not selected package 'balance_hw_interfaces' in 'src/balance_hw_interfaces'
[0.793s] Level 1:colcon.colcon_core.package_discovery:discover_packages(prefix_path) check parameters
[0.793s] Level 1:colcon.colcon_core.package_discovery:discover_packages(prefix_path) discover
[0.801s] DEBUG:colcon.colcon_installed_package_information.package_discovery:Found 2 installed packages in /home/mmcgraw/Projects/balance_bot/install
[0.808s] DEBUG:colcon.colcon_installed_package_information.package_discovery:Found 196 installed packages in /opt/ros/jazzy
[0.811s] Level 1:colcon.colcon_core.package_discovery:discover_packages(prefix_path) using defaults
[0.941s] Level 5:colcon.colcon_core.verb:set package 'balance_hw' build argument 'cmake_args' from command line to 'None'
[0.942s] Level 5:colcon.colcon_core.verb:set package 'balance_hw' build argument 'cmake_target' from command line to 'None'
[0.942s] Level 5:colcon.colcon_core.verb:set package 'balance_hw' build argument 'cmake_target_skip_unavailable' from command line to 'False'
[0.942s] Level 5:colcon.colcon_core.verb:set package 'balance_hw' build argument 'cmake_clean_cache' from command line to 'False'
[0.942s] Level 5:colcon.colcon_core.verb:set package 'balance_hw' build argument 'cmake_clean_first' from command line to 'False'
[0.942s] Level 5:colcon.colcon_core.verb:set package 'balance_hw' build argument 'cmake_force_configure' from command line to 'False'
[0.942s] Level 5:colcon.colcon_core.verb:set package 'balance_hw' build argument 'ament_cmake_args' from command line to 'None'
[0.942s] Level 5:colcon.colcon_core.verb:set package 'balance_hw' build argument 'catkin_cmake_args' from command line to 'None'
[0.942s] Level 5:colcon.colcon_core.verb:set package 'balance_hw' build argument 'catkin_skip_building_tests' from command line to 'False'
[0.943s] DEBUG:colcon.colcon_core.verb:Building package 'balance_hw' with the following arguments: {'ament_cmake_args': None, 'build_base': '/home/mmcgraw/Projects/balance_bot/build/balance_hw', 'catkin_cmake_args': None, 'catkin_skip_building_tests': False, 'cmake_args': None, 'cmake_clean_cache': False, 'cmake_clean_first': False, 'cmake_force_configure': False, 'cmake_target': None, 'cmake_target_skip_unavailable': False, 'install_base': '/home/mmcgraw/Projects/balance_bot/install/balance_hw', 'merge_install': False, 'path': '/home/mmcgraw/Projects/balance_bot/src/balance_hw', 'symlink_install': False, 'test_result_base': None}
[0.943s] INFO:colcon.colcon_core.executor:Executing jobs using 'parallel' executor
[0.946s] DEBUG:colcon.colcon_parallel_executor.executor.parallel:run_until_complete
[0.947s] INFO:colcon.colcon_ros.task.ament_cmake.build:Building ROS package in '/home/mmcgraw/Projects/balance_bot/src/balance_hw' with build type 'ament_cmake'
[0.948s] INFO:colcon.colcon_cmake.task.cmake.build:Building CMake package in '/home/mmcgraw/Projects/balance_bot/src/balance_hw'
[0.956s] INFO:colcon.colcon_core.plugin_system:Skipping extension 'colcon_core.shell.bat': Not used on non-Windows systems
[0.957s] INFO:colcon.colcon_core.shell:Skip shell extension 'powershell' for command environment: Not usable outside of PowerShell
[0.957s] DEBUG:colcon.colcon_core.shell:Skip shell extension 'dsv' for command environment
[1.017s] DEBUG:colcon.colcon_core.event_handler.log_command:Invoking command in '/home/mmcgraw/Projects/balance_bot/build/balance_hw': CMAKE_PREFIX_PATH=/home/mmcgraw/Projects/balance_bot/install/balance_hw_interfaces:/home/mmcgraw/Projects/balance_bot/install/balance_hw:/opt/ros/jazzy /usr/bin/cmake --build /home/mmcgraw/Projects/balance_bot/build/balance_hw -- -j4 -l4
[1.377s] DEBUG:colcon.colcon_core.event_handler.log_command:Invoked command in '/home/mmcgraw/Projects/balance_bot/build/balance_hw' returned '0': CMAKE_PREFIX_PATH=/home/mmcgraw/Projects/balance_bot/install/balance_hw_interfaces:/home/mmcgraw/Projects/balance_bot/install/balance_hw:/opt/ros/jazzy /usr/bin/cmake --build /home/mmcgraw/Projects/balance_bot/build/balance_hw -- -j4 -l4
[1.425s] DEBUG:colcon.colcon_core.event_handler.log_command:Invoking command in '/home/mmcgraw/Projects/balance_bot/build/balance_hw': CMAKE_PREFIX_PATH=/home/mmcgraw/Projects/balance_bot/install/balance_hw_interfaces:/home/mmcgraw/Projects/balance_bot/install/balance_hw:/opt/ros/jazzy /usr/bin/cmake --install /home/mmcgraw/Projects/balance_bot/build/balance_hw
[1.477s] Level 1:colcon.colcon_core.environment:create_environment_scripts_only(balance_hw)
[1.479s] DEBUG:colcon.colcon_core.event_handler.log_command:Invoked command in '/home/mmcgraw/Projects/balance_bot/build/balance_hw' returned '0': CMAKE_PREFIX_PATH=/home/mmcgraw/Projects/balance_bot/install/balance_hw_interfaces:/home/mmcgraw/Projects/balance_bot/install/balance_hw:/opt/ros/jazzy /usr/bin/cmake --install /home/mmcgraw/Projects/balance_bot/build/balance_hw
[1.488s] Level 1:colcon.colcon_core.environment:checking '/home/mmcgraw/Projects/balance_bot/install/balance_hw' for CMake module files
[1.491s] Level 1:colcon.colcon_core.environment:checking '/home/mmcgraw/Projects/balance_bot/install/balance_hw' for CMake config files
[1.493s] Level 1:colcon.colcon_core.shell:create_environment_hook('balance_hw', 'cmake_prefix_path')
[1.494s] INFO:colcon.colcon_core.shell:Creating environment hook '/home/mmcgraw/Projects/balance_bot/install/balance_hw/share/balance_hw/hook/cmake_prefix_path.ps1'
[1.496s] INFO:colcon.colcon_core.shell:Creating environment descriptor '/home/mmcgraw/Projects/balance_bot/install/balance_hw/share/balance_hw/hook/cmake_prefix_path.dsv'
[1.500s] INFO:colcon.colcon_core.shell:Creating environment hook '/home/mmcgraw/Projects/balance_bot/install/balance_hw/share/balance_hw/hook/cmake_prefix_path.sh'
[1.503s] Level 1:colcon.colcon_core.environment:checking '/home/mmcgraw/Projects/balance_bot/install/balance_hw/lib'
[1.504s] Level 1:colcon.colcon_core.environment:checking '/home/mmcgraw/Projects/balance_bot/install/balance_hw/bin'
[1.504s] Level 1:colcon.colcon_core.environment:checking '/home/mmcgraw/Projects/balance_bot/install/balance_hw/lib/pkgconfig/balance_hw.pc'
[1.505s] Level 1:colcon.colcon_core.environment:checking '/home/mmcgraw/Projects/balance_bot/install/balance_hw/lib/python3.12/site-packages'
[1.507s] Level 1:colcon.colcon_core.environment:checking '/home/mmcgraw/Projects/balance_bot/install/balance_hw/bin'
[1.508s] INFO:colcon.colcon_core.shell:Creating package script '/home/mmcgraw/Projects/balance_bot/install/balance_hw/share/balance_hw/package.ps1'
[1.511s] INFO:colcon.colcon_core.shell:Creating package descriptor '/home/mmcgraw/Projects/balance_bot/install/balance_hw/share/balance_hw/package.dsv'
[1.513s] INFO:colcon.colcon_core.shell:Creating package script '/home/mmcgraw/Projects/balance_bot/install/balance_hw/share/balance_hw/package.sh'
[1.516s] INFO:colcon.colcon_core.shell:Creating package script '/home/mmcgraw/Projects/balance_bot/install/balance_hw/share/balance_hw/package.bash'
[1.519s] INFO:colcon.colcon_core.shell:Creating package script '/home/mmcgraw/Projects/balance_bot/install/balance_hw/share/balance_hw/package.zsh'
[1.522s] Level 1:colcon.colcon_core.environment:create_file_with_runtime_dependencies(/home/mmcgraw/Projects/balance_bot/install/balance_hw/share/colcon-core/packages/balance_hw)
[1.524s] Level 1:colcon.colcon_core.environment:create_environment_scripts_only(balance_hw)
[1.525s] Level 1:colcon.colcon_core.environment:checking '/home/mmcgraw/Projects/balance_bot/install/balance_hw' for CMake module files
[1.528s] Level 1:colcon.colcon_core.environment:checking '/home/mmcgraw/Projects/balance_bot/install/balance_hw' for CMake config files
[1.530s] Level 1:colcon.colcon_core.shell:create_environment_hook('balance_hw', 'cmake_prefix_path')
[1.531s] INFO:colcon.colcon_core.shell:Creating environment hook '/home/mmcgraw/Projects/balance_bot/install/balance_hw/share/balance_hw/hook/cmake_prefix_path.ps1'
[1.533s] INFO:colcon.colcon_core.shell:Creating environment descriptor '/home/mmcgraw/Projects/balance_bot/install/balance_hw/share/balance_hw/hook/cmake_prefix_path.dsv'
[1.536s] INFO:colcon.colcon_core.shell:Creating environment hook '/home/mmcgraw/Projects/balance_bot/install/balance_hw/share/balance_hw/hook/cmake_prefix_path.sh'
[1.539s] Level 1:colcon.colcon_core.environment:checking '/home/mmcgraw/Projects/balance_bot/install/balance_hw/lib'
[1.539s] Level 1:colcon.colcon_core.environment:checking '/home/mmcgraw/Projects/balance_bot/install/balance_hw/bin'
[1.540s] Level 1:colcon.colcon_core.environment:checking '/home/mmcgraw/Projects/balance_bot/install/balance_hw/lib/pkgconfig/balance_hw.pc'
[1.541s] Level 1:colcon.colcon_core.environment:checking '/home/mmcgraw/Projects/balance_bot/install/balance_hw/lib/python3.12/site-packages'
[1.542s] Level 1:colcon.colcon_core.environment:checking '/home/mmcgraw/Projects/balance_bot/install/balance_hw/bin'
[1.543s] INFO:colcon.colcon_core.shell:Creating package script '/home/mmcgraw/Projects/balance_bot/install/balance_hw/share/balance_hw/package.ps1'
[1.546s] INFO:colcon.colcon_core.shell:Creating package descriptor '/home/mmcgraw/Projects/balance_bot/install/balance_hw/share/balance_hw/package.dsv'
[1.549s] INFO:colcon.colcon_core.shell:Creating package script '/home/mmcgraw/Projects/balance_bot/install/balance_hw/share/balance_hw/package.sh'
[1.551s] INFO:colcon.colcon_core.shell:Creating package script '/home/mmcgraw/Projects/balance_bot/install/balance_hw/share/balance_hw/package.bash'
[1.553s] INFO:colcon.colcon_core.shell:Creating package script '/home/mmcgraw/Projects/balance_bot/install/balance_hw/share/balance_hw/package.zsh'
[1.555s] Level 1:colcon.colcon_core.environment:create_file_with_runtime_dependencies(/home/mmcgraw/Projects/balance_bot/install/balance_hw/share/colcon-core/packages/balance_hw)
[1.556s] DEBUG:colcon.colcon_parallel_executor.executor.parallel:closing loop
[1.557s] DEBUG:colcon.colcon_parallel_executor.executor.parallel:loop closed
[1.558s] DEBUG:colcon.colcon_parallel_executor.executor.parallel:run_until_complete finished with '0'
[1.560s] DEBUG:colcon.colcon_core.event_reactor:joining thread
[1.580s] INFO:colcon.colcon_core.plugin_system:Skipping extension 'colcon_notification.desktop_notification.notify_send': Could not find 'notify-send'
[1.581s] INFO:colcon.colcon_core.plugin_system:Skipping extension 'colcon_notification.desktop_notification.terminal_notifier': Not used on non-Darwin systems
[1.581s] INFO:colcon.colcon_core.plugin_system:Skipping extension 'colcon_notification.desktop_notification.win32': Not used on non-Windows systems
[1.581s] INFO:colcon.colcon_notification.desktop_notification:Sending desktop notification using 'notify2'
[1.584s] DEBUG:colcon.colcon_notification.desktop_notification.notify2:Failed to initialize notify2: org.freedesktop.DBus.Error.ServiceUnknown: The name org.freedesktop.Notifications was not provided by any .service files
[1.585s] DEBUG:colcon.colcon_core.event_reactor:joined thread
[1.585s] INFO:colcon.colcon_core.shell:Creating prefix script '/home/mmcgraw/Projects/balance_bot/install/local_setup.ps1'
[1.588s] INFO:colcon.colcon_core.shell:Creating prefix util module '/home/mmcgraw/Projects/balance_bot/install/_local_setup_util_ps1.py'
[1.594s] INFO:colcon.colcon_core.shell:Creating prefix chain script '/home/mmcgraw/Projects/balance_bot/install/setup.ps1'
[1.599s] INFO:colcon.colcon_core.shell:Creating prefix script '/home/mmcgraw/Projects/balance_bot/install/local_setup.sh'
[1.601s] INFO:colcon.colcon_core.shell:Creating prefix util module '/home/mmcgraw/Projects/balance_bot/install/_local_setup_util_sh.py'
[1.604s] INFO:colcon.colcon_core.shell:Creating prefix chain script '/home/mmcgraw/Projects/balance_bot/install/setup.sh'
[1.608s] INFO:colcon.colcon_core.shell:Creating prefix script '/home/mmcgraw/Projects/balance_bot/install/local_setup.bash'
[1.610s] INFO:colcon.colcon_core.shell:Creating prefix chain script '/home/mmcgraw/Projects/balance_bot/install/setup.bash'
[1.614s] INFO:colcon.colcon_core.shell:Creating prefix script '/home/mmcgraw/Projects/balance_bot/install/local_setup.zsh'
[1.617s] INFO:colcon.colcon_core.shell:Creating prefix chain script '/home/mmcgraw/Projects/balance_bot/install/setup.zsh'
